[ 2015-10-26T20:45:31+08:00 ] ::1 /thcmf/index.php?g=&m=AdminPost&a=add_post
INFO: [ app_begin ] --START--
INFO: Run Behavior\ReadHtmlCacheBehavior [ RunTime:0.001128s ]
INFO: Run Behavior\CheckLangBehavior [ RunTime:0.001789s ]
INFO: [ app_begin ] --END-- [ RunTime:0.003678s ]
SQL: SHOW COLUMNS FROM `sp_users` [ RunTime:0.0148s ]
SQL: SELECT * FROM `sp_users` WHERE ( id=1 ) LIMIT 1   [ RunTime:0.0005s ]
SQL: SHOW COLUMNS FROM `sp_posts` [ RunTime:0.0122s ]
SQL: SHOW COLUMNS FROM `sp_terms` [ RunTime:0.0130s ]
SQL: SHOW COLUMNS FROM `sp_term_relationships` [ RunTime:0.0115s ]
NOTIC: [8] Undefined index: ac_start E:\wamp\www\thcmf\application\Portal\Controller\AdminPostController.class.php 第 50 行.
NOTIC: [8] Undefined index: ac_end E:\wamp\www\thcmf\application\Portal\Controller\AdminPostController.class.php 第 51 行.
NOTIC: [8] Undefined variable: reet E:\wamp\www\thcmf\application\Portal\Controller\AdminPostController.class.php 第 52 行.
NOTIC: [8] Undefined variable: acet E:\wamp\www\thcmf\application\Portal\Controller\AdminPostController.class.php 第 52 行.
NOTIC: [8] Undefined variable: reet E:\wamp\www\thcmf\application\Portal\Controller\AdminPostController.class.php 第 53 行.
NOTIC: [8] Undefined variable: acet E:\wamp\www\thcmf\application\Portal\Controller\AdminPostController.class.php 第 53 行.
SQL: INSERT INTO `sp_posts` (`post_modified`,`post_status`,`istop`,`recommended`,`post_title`,`ac_start`,`ac_end`,`duration`,`post_address`,`post_keywords`,`post_source`,`post_excerpt`,`post_content`,`post_date`,`post_author`,`quality`,`smeta`) VALUES ('2015-10-26 20:44:27','1','0','0','支教','2011-12-10','2011-12-54','40','支教地区','','','','<p>123123</p>','2015-10-26 20:45:31','1','1,3,4,5','{\"thumb\":\"562e206499372.jpg\"}') [ RunTime:0.0372s ]
SQL: INSERT INTO `sp_term_relationships` (`term_id`,`object_id`) VALUES ('5','2') [ RunTime:0.0005s ]

[ 2015-10-26T20:46:59+08:00 ] ::1 /thcmf/index.php?g=&m=AdminPost&a=add_post
INFO: [ app_begin ] --START--
INFO: Run Behavior\ReadHtmlCacheBehavior [ RunTime:0.001191s ]
INFO: Run Behavior\CheckLangBehavior [ RunTime:0.001765s ]
INFO: [ app_begin ] --END-- [ RunTime:0.004043s ]
SQL: SHOW COLUMNS FROM `sp_users` [ RunTime:0.0167s ]
SQL: SELECT * FROM `sp_users` WHERE ( id=1 ) LIMIT 1   [ RunTime:0.0006s ]
SQL: SHOW COLUMNS FROM `sp_posts` [ RunTime:0.0133s ]
SQL: SHOW COLUMNS FROM `sp_terms` [ RunTime:0.0151s ]
SQL: SHOW COLUMNS FROM `sp_term_relationships` [ RunTime:0.0120s ]
NOTIC: [8] Undefined index: ac_start E:\wamp\www\thcmf\application\Portal\Controller\AdminPostController.class.php 第 50 行.
NOTIC: [8] Undefined index: ac_end E:\wamp\www\thcmf\application\Portal\Controller\AdminPostController.class.php 第 51 行.
NOTIC: [8] Undefined variable: reet E:\wamp\www\thcmf\application\Portal\Controller\AdminPostController.class.php 第 52 行.
NOTIC: [8] Undefined variable: acet E:\wamp\www\thcmf\application\Portal\Controller\AdminPostController.class.php 第 52 行.
NOTIC: [8] Undefined variable: reet E:\wamp\www\thcmf\application\Portal\Controller\AdminPostController.class.php 第 53 行.
NOTIC: [8] Undefined variable: acet E:\wamp\www\thcmf\application\Portal\Controller\AdminPostController.class.php 第 53 行.
SQL: INSERT INTO `sp_posts` (`post_modified`,`post_status`,`istop`,`recommended`,`post_title`,`ac_start`,`ac_end`,`duration`,`post_address`,`post_keywords`,`post_source`,`post_excerpt`,`post_content`,`post_date`,`post_author`,`quality`,`smeta`) VALUES ('2015-10-26 20:45:48','1','0','0','环保','2015-10-26','2015-10-28','60','环保地区','','','','<p>123123</p>','2015-10-26 20:46:59','1','1,5,6,8,9','{\"thumb\":\"562e20b9db21f.jpg\"}') [ RunTime:0.0006s ]
SQL: INSERT INTO `sp_term_relationships` (`term_id`,`object_id`) VALUES ('6','3') [ RunTime:0.0003s ]

