[ 2015-11-12T12:10:14+08:00 ] ::1 /thcmf/index.php?g=&m=AdminTerm&a=add_post
INFO: [ app_begin ] --START--
INFO: Run Behavior\ReadHtmlCacheBehavior [ RunTime:0.001176s ]
INFO: Run Behavior\CheckLangBehavior [ RunTime:0.002384s ]
INFO: [ app_begin ] --END-- [ RunTime:0.004854s ]
SQL: SHOW COLUMNS FROM `sp_users` [ RunTime:0.0296s ]
SQL: SELECT * FROM `sp_users` WHERE ( id=1 ) LIMIT 1   [ RunTime:0.0005s ]
SQL: SHOW COLUMNS FROM `sp_terms` [ RunTime:0.0177s ]
SQL: INSERT INTO `sp_terms` (`parent`,`name`,`description`,`taxonomy`,`seo_title`,`seo_keywords`,`seo_description`,`list_tpl`,`one_tpl`) VALUES ('0','支教','','article','','','','list','article') [ RunTime:0.0599s ]
SQL: UPDATE `sp_terms` SET `path`='0-1' WHERE ( term_id=1 ) [ RunTime:0.0005s ]

[ 2015-11-12T12:10:42+08:00 ] ::1 /thcmf/index.php?g=&m=AdminTerm&a=add_post
INFO: [ app_begin ] --START--
INFO: Run Behavior\ReadHtmlCacheBehavior [ RunTime:0.000945s ]
INFO: Run Behavior\CheckLangBehavior [ RunTime:0.001547s ]
INFO: [ app_begin ] --END-- [ RunTime:0.003410s ]
SQL: SHOW COLUMNS FROM `sp_users` [ RunTime:0.0206s ]
SQL: SELECT * FROM `sp_users` WHERE ( id=1 ) LIMIT 1   [ RunTime:0.0006s ]
SQL: SHOW COLUMNS FROM `sp_terms` [ RunTime:0.0182s ]

[ 2015-11-12T12:10:52+08:00 ] ::1 /thcmf/index.php?g=&m=AdminTerm&a=add_post
INFO: [ app_begin ] --START--
INFO: Run Behavior\ReadHtmlCacheBehavior [ RunTime:0.001104s ]
INFO: Run Behavior\CheckLangBehavior [ RunTime:0.003644s ]
INFO: [ app_begin ] --END-- [ RunTime:0.006023s ]
SQL: SHOW COLUMNS FROM `sp_users` [ RunTime:0.0258s ]
SQL: SELECT * FROM `sp_users` WHERE ( id=1 ) LIMIT 1   [ RunTime:0.0006s ]
SQL: SHOW COLUMNS FROM `sp_terms` [ RunTime:0.0187s ]
SQL: INSERT INTO `sp_terms` (`parent`,`name`,`description`,`taxonomy`,`seo_title`,`seo_keywords`,`seo_description`,`list_tpl`,`one_tpl`) VALUES ('0','敬老','','article','','','','recruit_list','recruit') [ RunTime:0.0401s ]
SQL: UPDATE `sp_terms` SET `path`='0-2' WHERE ( term_id=2 ) [ RunTime:0.0005s ]

[ 2015-11-12T12:11:09+08:00 ] ::1 /thcmf/index.php?g=&m=AdminTerm&a=edit_post
INFO: [ app_begin ] --START--
INFO: Run Behavior\ReadHtmlCacheBehavior [ RunTime:0.000731s ]
INFO: Run Behavior\CheckLangBehavior [ RunTime:0.001148s ]
INFO: [ app_begin ] --END-- [ RunTime:0.002613s ]
SQL: SHOW COLUMNS FROM `sp_users` [ RunTime:0.0232s ]
SQL: SELECT * FROM `sp_users` WHERE ( id=1 ) LIMIT 1   [ RunTime:0.0007s ]
SQL: SHOW COLUMNS FROM `sp_terms` [ RunTime:0.0177s ]
SQL: UPDATE `sp_terms` SET `parent`='0',`name`='支教',`description`='',`taxonomy`='article',`seo_title`='',`seo_keywords`='',`seo_description`='',`list_tpl`='recruit_list',`one_tpl`='recruit' WHERE `term_id` = '1' [ RunTime:0.0007s ]
SQL: UPDATE `sp_terms` SET `path`='0-1' WHERE ( term_id=1 ) [ RunTime:0.0003s ]

[ 2015-11-12T12:11:30+08:00 ] ::1 /thcmf/index.php?g=&m=AdminTerm&a=edit_post
INFO: [ app_begin ] --START--
INFO: Run Behavior\ReadHtmlCacheBehavior [ RunTime:0.000785s ]
INFO: Run Behavior\CheckLangBehavior [ RunTime:0.001539s ]
INFO: [ app_begin ] --END-- [ RunTime:0.003118s ]
SQL: SHOW COLUMNS FROM `sp_users` [ RunTime:0.0193s ]
SQL: SELECT * FROM `sp_users` WHERE ( id=1 ) LIMIT 1   [ RunTime:0.0006s ]
SQL: SHOW COLUMNS FROM `sp_terms` [ RunTime:0.0188s ]
SQL: UPDATE `sp_terms` SET `parent`='0',`name`='支教',`description`='',`taxonomy`='article',`seo_title`='',`seo_keywords`='',`seo_description`='',`list_tpl`='index',`one_tpl`='recruit' WHERE `term_id` = '1' [ RunTime:0.0007s ]
SQL: UPDATE `sp_terms` SET `path`='0-1' WHERE ( term_id=1 ) [ RunTime:0.0005s ]

[ 2015-11-12T13:37:03+08:00 ] ::1 /thcmf/index.php?g=&m=AdminTerm&a=edit_post
INFO: [ app_begin ] --START--
INFO: Run Behavior\ReadHtmlCacheBehavior [ RunTime:0.000783s ]
INFO: Run Behavior\CheckLangBehavior [ RunTime:0.001261s ]
INFO: [ app_begin ] --END-- [ RunTime:0.002817s ]
SQL: SHOW COLUMNS FROM `sp_users` [ RunTime:0.0178s ]
SQL: SELECT * FROM `sp_users` WHERE ( id=1 ) LIMIT 1   [ RunTime:0.0006s ]
SQL: SHOW COLUMNS FROM `sp_terms` [ RunTime:0.0154s ]
SQL: UPDATE `sp_terms` SET `parent`='0',`name`='新闻中心',`description`='',`taxonomy`='article',`seo_title`='',`seo_keywords`='',`seo_description`='',`list_tpl`='new_list',`one_tpl`='new' WHERE `term_id` = '1' [ RunTime:0.0439s ]
SQL: UPDATE `sp_terms` SET `path`='0-1' WHERE ( term_id=1 ) [ RunTime:0.0004s ]

[ 2015-11-12T13:38:29+08:00 ] ::1 /thcmf/index.php?g=&m=AdminTerm&a=edit_post
INFO: [ app_begin ] --START--
INFO: Run Behavior\ReadHtmlCacheBehavior [ RunTime:0.000763s ]
INFO: Run Behavior\CheckLangBehavior [ RunTime:0.001336s ]
INFO: [ app_begin ] --END-- [ RunTime:0.002822s ]
SQL: SHOW COLUMNS FROM `sp_users` [ RunTime:0.0220s ]
SQL: SELECT * FROM `sp_users` WHERE ( id=1 ) LIMIT 1   [ RunTime:0.0007s ]
SQL: SHOW COLUMNS FROM `sp_terms` [ RunTime:0.0160s ]
SQL: UPDATE `sp_terms` SET `parent`='0',`name`='招募',`description`='',`taxonomy`='article',`seo_title`='',`seo_keywords`='',`seo_description`='',`list_tpl`='index',`one_tpl`='recruit' WHERE `term_id` = '2' [ RunTime:0.0007s ]
SQL: UPDATE `sp_terms` SET `path`='0-2' WHERE ( term_id=2 ) [ RunTime:0.0003s ]

[ 2015-11-12T13:39:37+08:00 ] ::1 /thcmf/index.php?g=&m=AdminTerm&a=add_post
INFO: [ app_begin ] --START--
INFO: Run Behavior\ReadHtmlCacheBehavior [ RunTime:0.001175s ]
INFO: Run Behavior\CheckLangBehavior [ RunTime:0.001810s ]
INFO: [ app_begin ] --END-- [ RunTime:0.003982s ]
SQL: SHOW COLUMNS FROM `sp_users` [ RunTime:0.0245s ]
SQL: SELECT * FROM `sp_users` WHERE ( id=1 ) LIMIT 1   [ RunTime:0.0006s ]
SQL: SHOW COLUMNS FROM `sp_terms` [ RunTime:0.0151s ]
SQL: INSERT INTO `sp_terms` (`parent`,`name`,`description`,`taxonomy`,`seo_title`,`seo_keywords`,`seo_description`,`list_tpl`,`one_tpl`) VALUES ('0','招募','','article','','','','index','recruit') [ RunTime:0.0177s ]
SQL: UPDATE `sp_terms` SET `path`='0-3' WHERE ( term_id=3 ) [ RunTime:0.0005s ]

[ 2015-11-12T13:39:43+08:00 ] ::1 /thcmf/index.php?g=&m=AdminTerm&a=add_post
INFO: [ app_begin ] --START--
INFO: Run Behavior\ReadHtmlCacheBehavior [ RunTime:0.000768s ]
INFO: Run Behavior\CheckLangBehavior [ RunTime:0.001188s ]
INFO: [ app_begin ] --END-- [ RunTime:0.002681s ]
SQL: SHOW COLUMNS FROM `sp_users` [ RunTime:0.0179s ]
SQL: SELECT * FROM `sp_users` WHERE ( id=1 ) LIMIT 1   [ RunTime:0.0005s ]
SQL: SHOW COLUMNS FROM `sp_terms` [ RunTime:0.0127s ]
SQL: INSERT INTO `sp_terms` (`parent`,`name`,`description`,`taxonomy`,`seo_title`,`seo_keywords`,`seo_description`,`list_tpl`,`one_tpl`) VALUES ('0','1','','article','','','','list','article') [ RunTime:0.0005s ]
SQL: UPDATE `sp_terms` SET `path`='0-4' WHERE ( term_id=4 ) [ RunTime:0.0005s ]

[ 2015-11-12T13:39:47+08:00 ] ::1 /thcmf/index.php?g=&m=AdminTerm&a=add_post
INFO: [ app_begin ] --START--
INFO: Run Behavior\ReadHtmlCacheBehavior [ RunTime:0.001103s ]
INFO: Run Behavior\CheckLangBehavior [ RunTime:0.001843s ]
INFO: [ app_begin ] --END-- [ RunTime:0.003839s ]
SQL: SHOW COLUMNS FROM `sp_users` [ RunTime:0.0198s ]
SQL: SELECT * FROM `sp_users` WHERE ( id=1 ) LIMIT 1   [ RunTime:0.0006s ]
SQL: SHOW COLUMNS FROM `sp_terms` [ RunTime:0.0170s ]
SQL: INSERT INTO `sp_terms` (`parent`,`name`,`description`,`taxonomy`,`seo_title`,`seo_keywords`,`seo_description`,`list_tpl`,`one_tpl`) VALUES ('0','2','','article','','','','list','article') [ RunTime:0.0006s ]
SQL: UPDATE `sp_terms` SET `path`='0-5' WHERE ( term_id=5 ) [ RunTime:0.0283s ]

[ 2015-11-12T13:39:52+08:00 ] ::1 /thcmf/index.php?g=&m=AdminTerm&a=add_post
INFO: [ app_begin ] --START--
INFO: Run Behavior\ReadHtmlCacheBehavior [ RunTime:0.000744s ]
INFO: Run Behavior\CheckLangBehavior [ RunTime:0.001588s ]
INFO: [ app_begin ] --END-- [ RunTime:0.003045s ]
SQL: SHOW COLUMNS FROM `sp_users` [ RunTime:0.0168s ]
SQL: SELECT * FROM `sp_users` WHERE ( id=1 ) LIMIT 1   [ RunTime:0.0006s ]
SQL: SHOW COLUMNS FROM `sp_terms` [ RunTime:0.0142s ]
SQL: INSERT INTO `sp_terms` (`parent`,`name`,`description`,`taxonomy`,`seo_title`,`seo_keywords`,`seo_description`,`list_tpl`,`one_tpl`) VALUES ('0','3','','article','','','','list','article') [ RunTime:0.0007s ]
SQL: UPDATE `sp_terms` SET `path`='0-6' WHERE ( term_id=6 ) [ RunTime:0.0005s ]

[ 2015-11-12T13:39:56+08:00 ] ::1 /thcmf/index.php?g=&m=AdminTerm&a=add_post
INFO: [ app_begin ] --START--
INFO: Run Behavior\ReadHtmlCacheBehavior [ RunTime:0.000812s ]
INFO: Run Behavior\CheckLangBehavior [ RunTime:0.001722s ]
INFO: [ app_begin ] --END-- [ RunTime:0.003366s ]
SQL: SHOW COLUMNS FROM `sp_users` [ RunTime:0.0199s ]
SQL: SELECT * FROM `sp_users` WHERE ( id=1 ) LIMIT 1   [ RunTime:0.0005s ]
SQL: SHOW COLUMNS FROM `sp_terms` [ RunTime:0.0132s ]
SQL: INSERT INTO `sp_terms` (`parent`,`name`,`description`,`taxonomy`,`seo_title`,`seo_keywords`,`seo_description`,`list_tpl`,`one_tpl`) VALUES ('0','6','','article','','','','list','article') [ RunTime:0.0005s ]
SQL: UPDATE `sp_terms` SET `path`='0-7' WHERE ( term_id=7 ) [ RunTime:0.0004s ]

[ 2015-11-12T13:40:11+08:00 ] ::1 /thcmf/index.php?g=&m=AdminTerm&a=edit_post
INFO: [ app_begin ] --START--
INFO: Run Behavior\ReadHtmlCacheBehavior [ RunTime:0.000762s ]
INFO: Run Behavior\CheckLangBehavior [ RunTime:0.001243s ]
INFO: [ app_begin ] --END-- [ RunTime:0.002686s ]
SQL: SHOW COLUMNS FROM `sp_users` [ RunTime:0.0188s ]
SQL: SELECT * FROM `sp_users` WHERE ( id=1 ) LIMIT 1   [ RunTime:0.0005s ]
SQL: SHOW COLUMNS FROM `sp_terms` [ RunTime:0.0155s ]
SQL: UPDATE `sp_terms` SET `parent`='0',`name`='志愿者之声',`description`='',`taxonomy`='article',`seo_title`='',`seo_keywords`='',`seo_description`='',`list_tpl`='list',`one_tpl`='article' WHERE `term_id` = '7' [ RunTime:0.0005s ]
SQL: UPDATE `sp_terms` SET `path`='0-7' WHERE ( term_id=7 ) [ RunTime:0.0003s ]

[ 2015-11-12T13:40:20+08:00 ] ::1 /thcmf/index.php?g=&m=AdminTerm&a=add_post
INFO: [ app_begin ] --START--
INFO: Run Behavior\ReadHtmlCacheBehavior [ RunTime:0.000729s ]
INFO: Run Behavior\CheckLangBehavior [ RunTime:0.001160s ]
INFO: [ app_begin ] --END-- [ RunTime:0.002571s ]
SQL: SHOW COLUMNS FROM `sp_users` [ RunTime:0.0199s ]
SQL: SELECT * FROM `sp_users` WHERE ( id=1 ) LIMIT 1   [ RunTime:0.0005s ]
SQL: SHOW COLUMNS FROM `sp_terms` [ RunTime:0.0146s ]
SQL: INSERT INTO `sp_terms` (`parent`,`name`,`description`,`taxonomy`,`seo_title`,`seo_keywords`,`seo_description`,`list_tpl`,`one_tpl`) VALUES ('0','志愿者之家','','article','','','','list','article') [ RunTime:0.0005s ]
SQL: UPDATE `sp_terms` SET `path`='0-8' WHERE ( term_id=8 ) [ RunTime:0.0004s ]

[ 2015-11-12T13:40:28+08:00 ] ::1 /thcmf/index.php?g=&m=AdminTerm&a=add_post
INFO: [ app_begin ] --START--
INFO: Run Behavior\ReadHtmlCacheBehavior [ RunTime:0.000748s ]
INFO: Run Behavior\CheckLangBehavior [ RunTime:0.001188s ]
INFO: [ app_begin ] --END-- [ RunTime:0.002657s ]
SQL: SHOW COLUMNS FROM `sp_users` [ RunTime:0.0204s ]
SQL: SELECT * FROM `sp_users` WHERE ( id=1 ) LIMIT 1   [ RunTime:0.0005s ]
SQL: SHOW COLUMNS FROM `sp_terms` [ RunTime:0.0139s ]
SQL: INSERT INTO `sp_terms` (`parent`,`name`,`description`,`taxonomy`,`seo_title`,`seo_keywords`,`seo_description`,`list_tpl`,`one_tpl`) VALUES ('3','敬老','','article','','','','list','article') [ RunTime:0.0005s ]
SQL: SELECT * FROM `sp_terms` WHERE ( term_id=3 ) LIMIT 1   [ RunTime:0.0004s ]
SQL: UPDATE `sp_terms` SET `path`='0-3-9' WHERE ( term_id=9 ) [ RunTime:0.0005s ]

[ 2015-11-12T13:40:36+08:00 ] ::1 /thcmf/index.php?g=&m=AdminTerm&a=add_post
INFO: [ app_begin ] --START--
INFO: Run Behavior\ReadHtmlCacheBehavior [ RunTime:0.001372s ]
INFO: Run Behavior\CheckLangBehavior [ RunTime:0.002340s ]
INFO: [ app_begin ] --END-- [ RunTime:0.004912s ]
SQL: SHOW COLUMNS FROM `sp_users` [ RunTime:0.0210s ]
SQL: SELECT * FROM `sp_users` WHERE ( id=1 ) LIMIT 1   [ RunTime:0.0006s ]
SQL: SHOW COLUMNS FROM `sp_terms` [ RunTime:0.0146s ]
SQL: INSERT INTO `sp_terms` (`parent`,`name`,`description`,`taxonomy`,`seo_title`,`seo_keywords`,`seo_description`,`list_tpl`,`one_tpl`) VALUES ('3','支教','','article','','','','list','article') [ RunTime:0.0007s ]
SQL: SELECT * FROM `sp_terms` WHERE ( term_id=3 ) LIMIT 1   [ RunTime:0.0005s ]
SQL: UPDATE `sp_terms` SET `path`='0-3-10' WHERE ( term_id=10 ) [ RunTime:0.0004s ]

[ 2015-11-12T13:40:46+08:00 ] ::1 /thcmf/index.php?g=&m=AdminTerm&a=edit_post
INFO: [ app_begin ] --START--
INFO: Run Behavior\ReadHtmlCacheBehavior [ RunTime:0.000743s ]
INFO: Run Behavior\CheckLangBehavior [ RunTime:0.001156s ]
INFO: [ app_begin ] --END-- [ RunTime:0.002572s ]
SQL: SHOW COLUMNS FROM `sp_users` [ RunTime:0.0187s ]
SQL: SELECT * FROM `sp_users` WHERE ( id=1 ) LIMIT 1   [ RunTime:0.0006s ]
SQL: SHOW COLUMNS FROM `sp_terms` [ RunTime:0.0148s ]
SQL: UPDATE `sp_terms` SET `parent`='3',`name`='敬老',`description`='',`taxonomy`='article',`seo_title`='',`seo_keywords`='',`seo_description`='',`list_tpl`='recruit',`one_tpl`='index' WHERE `term_id` = '9' [ RunTime:0.0008s ]
SQL: SELECT * FROM `sp_terms` WHERE ( term_id=3 ) LIMIT 1   [ RunTime:0.0004s ]
SQL: UPDATE `sp_terms` SET `path`='0-3-9' WHERE ( term_id=9 ) [ RunTime:0.0004s ]

[ 2015-11-12T13:41:44+08:00 ] ::1 /thcmf/index.php?g=&m=AdminTerm&a=edit_post
INFO: [ app_begin ] --START--
INFO: Run Behavior\ReadHtmlCacheBehavior [ RunTime:0.001314s ]
INFO: Run Behavior\CheckLangBehavior [ RunTime:0.002301s ]
INFO: [ app_begin ] --END-- [ RunTime:0.005163s ]
SQL: SHOW COLUMNS FROM `sp_users` [ RunTime:0.0184s ]
SQL: SELECT * FROM `sp_users` WHERE ( id=1 ) LIMIT 1   [ RunTime:0.0008s ]
SQL: SHOW COLUMNS FROM `sp_terms` [ RunTime:0.0126s ]
SQL: UPDATE `sp_terms` SET `parent`='3',`name`='敬老',`description`='',`taxonomy`='article',`seo_title`='',`seo_keywords`='',`seo_description`='',`list_tpl`='recruit_list_all',`one_tpl`='recruit' WHERE `term_id` = '9' [ RunTime:0.0009s ]
SQL: SELECT * FROM `sp_terms` WHERE ( term_id=3 ) LIMIT 1   [ RunTime:0.0005s ]
SQL: UPDATE `sp_terms` SET `path`='0-3-9' WHERE ( term_id=9 ) [ RunTime:0.0003s ]

[ 2015-11-12T13:42:00+08:00 ] ::1 /thcmf/index.php?g=&m=AdminTerm&a=edit_post
INFO: [ app_begin ] --START--
INFO: Run Behavior\ReadHtmlCacheBehavior [ RunTime:0.000724s ]
INFO: Run Behavior\CheckLangBehavior [ RunTime:0.001112s ]
INFO: [ app_begin ] --END-- [ RunTime:0.002536s ]
SQL: SHOW COLUMNS FROM `sp_users` [ RunTime:0.0152s ]
SQL: SELECT * FROM `sp_users` WHERE ( id=1 ) LIMIT 1   [ RunTime:0.0006s ]
SQL: SHOW COLUMNS FROM `sp_terms` [ RunTime:0.0132s ]
SQL: UPDATE `sp_terms` SET `parent`='0',`name`='招募',`description`='',`taxonomy`='article',`seo_title`='',`seo_keywords`='',`seo_description`='',`list_tpl`='recruit_list_all',`one_tpl`='recruit' WHERE `term_id` = '3' [ RunTime:0.0005s ]
SQL: UPDATE `sp_terms` SET `path`='0-3' WHERE ( term_id=3 ) [ RunTime:0.0003s ]

[ 2015-11-12T13:43:21+08:00 ] ::1 /thcmf/index.php?g=&m=AdminPost&a=add_post
INFO: [ app_begin ] --START--
INFO: Run Behavior\ReadHtmlCacheBehavior [ RunTime:0.014085s ]
INFO: Run Behavior\CheckLangBehavior [ RunTime:0.011727s ]
INFO: [ app_begin ] --END-- [ RunTime:0.026963s ]
SQL: SHOW COLUMNS FROM `sp_users` [ RunTime:0.0162s ]
SQL: SELECT * FROM `sp_users` WHERE ( id=1 ) LIMIT 1   [ RunTime:0.0006s ]
SQL: SHOW COLUMNS FROM `sp_posts` [ RunTime:0.0121s ]
SQL: SHOW COLUMNS FROM `sp_terms` [ RunTime:0.0192s ]
SQL: SHOW COLUMNS FROM `sp_term_relationships` [ RunTime:0.0129s ]
NOTIC: [8] Undefined index: ac_start E:\wamp\www\thcmf\application\Portal\Controller\AdminPostController.class.php 第 50 行.
NOTIC: [8] Undefined index: ac_end E:\wamp\www\thcmf\application\Portal\Controller\AdminPostController.class.php 第 51 行.
NOTIC: [8] Undefined variable: reet E:\wamp\www\thcmf\application\Portal\Controller\AdminPostController.class.php 第 52 行.
NOTIC: [8] Undefined variable: acet E:\wamp\www\thcmf\application\Portal\Controller\AdminPostController.class.php 第 52 行.
NOTIC: [8] Undefined variable: reet E:\wamp\www\thcmf\application\Portal\Controller\AdminPostController.class.php 第 53 行.
NOTIC: [8] Undefined variable: acet E:\wamp\www\thcmf\application\Portal\Controller\AdminPostController.class.php 第 53 行.
SQL: INSERT INTO `sp_posts` (`post_modified`,`post_status`,`istop`,`recommended`,`post_title`,`ac_start`,`ac_end`,`duration`,`post_address`,`post_keywords`,`post_source`,`post_excerpt`,`post_content`,`post_date`,`post_author`,`quality`,`smeta`) VALUES ('2015-11-12 13:42:22','1','0','0','吃兔肉','2015-11-20','2015-11-30','40','大活','','','','<p>阿道夫</p>','2015-11-12 13:43:21','1','1,3,4','{\"thumb\":\"564426cb50bea.png\"}') [ RunTime:0.0113s ]
SQL: INSERT INTO `sp_term_relationships` (`term_id`,`object_id`) VALUES ('9','1') [ RunTime:0.0378s ]

[ 2015-11-12T23:31:46+08:00 ] ::1 /thcmf/index.php?g=&m=AdminPost&a=add_post
INFO: [ app_begin ] --START--
INFO: Run Behavior\ReadHtmlCacheBehavior [ RunTime:0.003508s ]
INFO: Run Behavior\CheckLangBehavior [ RunTime:0.004796s ]
INFO: [ app_begin ] --END-- [ RunTime:0.009948s ]
SQL: SHOW COLUMNS FROM `sp_users` [ RunTime:0.0176s ]
SQL: SELECT * FROM `sp_users` WHERE ( id=1 ) LIMIT 1   [ RunTime:0.0006s ]
SQL: SHOW COLUMNS FROM `sp_posts` [ RunTime:0.0142s ]
SQL: SHOW COLUMNS FROM `sp_terms` [ RunTime:0.0169s ]
SQL: SHOW COLUMNS FROM `sp_term_relationships` [ RunTime:0.0146s ]
NOTIC: [8] Undefined index: ac_start E:\wamp\www\thcmf\application\Portal\Controller\AdminPostController.class.php 第 50 行.
NOTIC: [8] Undefined index: ac_end E:\wamp\www\thcmf\application\Portal\Controller\AdminPostController.class.php 第 51 行.
NOTIC: [8] Undefined variable: reet E:\wamp\www\thcmf\application\Portal\Controller\AdminPostController.class.php 第 52 行.
NOTIC: [8] Undefined variable: acet E:\wamp\www\thcmf\application\Portal\Controller\AdminPostController.class.php 第 52 行.
NOTIC: [8] Undefined variable: reet E:\wamp\www\thcmf\application\Portal\Controller\AdminPostController.class.php 第 53 行.
NOTIC: [8] Undefined variable: acet E:\wamp\www\thcmf\application\Portal\Controller\AdminPostController.class.php 第 53 行.
SQL: INSERT INTO `sp_posts` (`post_modified`,`post_status`,`istop`,`recommended`,`post_title`,`ac_start`,`ac_end`,`duration`,`post_address`,`post_keywords`,`post_source`,`post_excerpt`,`post_content`,`post_date`,`post_author`,`quality`,`smeta`) VALUES ('2015-11-12 23:30:50','1','0','0','吃老兔肉','2015-11-15','2015-11-20','30','大活','','','吃兔肉吃兔肉','<p>哈哈哈哈哈</p>','2015-11-12 23:31:46','1','1,5,6','{\"thumb\":\"5644b0e06a0a4.png\"}') [ RunTime:0.2601s ]
SQL: INSERT INTO `sp_term_relationships` (`term_id`,`object_id`) VALUES ('10','2') [ RunTime:0.0008s ]

