[ 2015-10-11T16:57:52+08:00 ] ::1 /thcmf/index.php?g=&m=AdminPost&a=add_post
INFO: [ app_begin ] --START--
INFO: Run Behavior\ReadHtmlCacheBehavior [ RunTime:0.001094s ]
INFO: Run Behavior\CheckLangBehavior [ RunTime:0.001639s ]
INFO: [ app_begin ] --END-- [ RunTime:0.003463s ]
SQL: SHOW COLUMNS FROM `sp_users` [ RunTime:0.0149s ]
SQL: SELECT * FROM `sp_users` WHERE ( id=1 ) LIMIT 1   [ RunTime:0.0005s ]
SQL: SHOW COLUMNS FROM `sp_posts` [ RunTime:0.0111s ]
SQL: SHOW COLUMNS FROM `sp_terms` [ RunTime:0.0124s ]
SQL: SHOW COLUMNS FROM `sp_term_relationships` [ RunTime:0.0106s ]
NOTIC: [8] Undefined index: ac_start E:\wamp\www\thcmf\application\Portal\Controller\AdminPostController.class.php 第 51 行.
NOTIC: [8] Undefined index: ac_end E:\wamp\www\thcmf\application\Portal\Controller\AdminPostController.class.php 第 52 行.
NOTIC: [8] Undefined variable: reet E:\wamp\www\thcmf\application\Portal\Controller\AdminPostController.class.php 第 53 行.
NOTIC: [8] Undefined variable: acet E:\wamp\www\thcmf\application\Portal\Controller\AdminPostController.class.php 第 53 行.
NOTIC: [8] Undefined variable: reet E:\wamp\www\thcmf\application\Portal\Controller\AdminPostController.class.php 第 54 行.
NOTIC: [8] Undefined variable: acet E:\wamp\www\thcmf\application\Portal\Controller\AdminPostController.class.php 第 54 行.
SQL: INSERT INTO `sp_posts` (`post_modified`,`post_status`,`istop`,`recommended`,`post_title`,`ac_start`,`ac_end`,`duration`,`post_address`,`post_keywords`,`post_source`,`post_excerpt`,`post_content`,`post_date`,`post_author`,`smeta`) VALUES ('2015-10-11 16:47:35','1','0','0','123','2015-00-00','9999-00-99','42','地址','','','摘要','<p>内容</p>','2015-10-11 16:57:52','1','{\"thumb\":\"\"}') [ RunTime:0.0428s ]
SQL: INSERT INTO `sp_term_relationships` (`term_id`,`object_id`) VALUES ('4','40') [ RunTime:0.0003s ]

[ 2015-10-11T17:09:21+08:00 ] ::1 /thcmf/index.php?g=&m=AdminPost&a=add_post
INFO: [ app_begin ] --START--
INFO: Run Behavior\ReadHtmlCacheBehavior [ RunTime:0.001374s ]
INFO: Run Behavior\CheckLangBehavior [ RunTime:0.001819s ]
INFO: [ app_begin ] --END-- [ RunTime:0.004189s ]
SQL: SHOW COLUMNS FROM `sp_users` [ RunTime:0.0138s ]
SQL: SELECT * FROM `sp_users` WHERE ( id=1 ) LIMIT 1   [ RunTime:0.0005s ]
SQL: SHOW COLUMNS FROM `sp_posts` [ RunTime:0.0129s ]
SQL: SHOW COLUMNS FROM `sp_terms` [ RunTime:0.0120s ]
SQL: SHOW COLUMNS FROM `sp_term_relationships` [ RunTime:0.0108s ]
NOTIC: [8] Undefined index: ac_start E:\wamp\www\thcmf\application\Portal\Controller\AdminPostController.class.php 第 51 行.
NOTIC: [8] Undefined index: ac_end E:\wamp\www\thcmf\application\Portal\Controller\AdminPostController.class.php 第 52 行.
NOTIC: [8] Undefined variable: reet E:\wamp\www\thcmf\application\Portal\Controller\AdminPostController.class.php 第 53 行.
NOTIC: [8] Undefined variable: acet E:\wamp\www\thcmf\application\Portal\Controller\AdminPostController.class.php 第 53 行.
NOTIC: [8] Undefined variable: reet E:\wamp\www\thcmf\application\Portal\Controller\AdminPostController.class.php 第 54 行.
NOTIC: [8] Undefined variable: acet E:\wamp\www\thcmf\application\Portal\Controller\AdminPostController.class.php 第 54 行.
SQL: INSERT INTO `sp_posts` (`post_modified`,`post_status`,`istop`,`recommended`,`post_title`,`ac_start`,`ac_end`,`duration`,`post_address`,`post_keywords`,`post_source`,`post_excerpt`,`post_content`,`post_date`,`post_author`,`smeta`) VALUES ('2015-10-11 16:58:05','1','0','0','123','123','123','123','123','','','','<p>1</p>','2015-10-11 17:09:21','1','{\"thumb\":\"\"}') [ RunTime:0.0006s ]
SQL: INSERT INTO `sp_term_relationships` (`term_id`,`object_id`) VALUES ('3','41') [ RunTime:0.0003s ]

[ 2015-10-11T17:10:44+08:00 ] ::1 /thcmf/index.php?g=&m=AdminPost&a=add_post
INFO: [ app_begin ] --START--
INFO: Run Behavior\ReadHtmlCacheBehavior [ RunTime:0.001099s ]
INFO: Run Behavior\CheckLangBehavior [ RunTime:0.001723s ]
INFO: [ app_begin ] --END-- [ RunTime:0.003716s ]
SQL: SHOW COLUMNS FROM `sp_users` [ RunTime:0.0262s ]
SQL: SELECT * FROM `sp_users` WHERE ( id=1 ) LIMIT 1   [ RunTime:0.0005s ]
SQL: SHOW COLUMNS FROM `sp_posts` [ RunTime:0.0170s ]
SQL: SHOW COLUMNS FROM `sp_terms` [ RunTime:0.0163s ]
SQL: SHOW COLUMNS FROM `sp_term_relationships` [ RunTime:0.0114s ]
NOTIC: [8] Undefined index: ac_start E:\wamp\www\thcmf\application\Portal\Controller\AdminPostController.class.php 第 52 行.
NOTIC: [8] Undefined index: ac_end E:\wamp\www\thcmf\application\Portal\Controller\AdminPostController.class.php 第 53 行.
NOTIC: [8] Undefined variable: reet E:\wamp\www\thcmf\application\Portal\Controller\AdminPostController.class.php 第 54 行.
NOTIC: [8] Undefined variable: acet E:\wamp\www\thcmf\application\Portal\Controller\AdminPostController.class.php 第 54 行.
NOTIC: [8] Undefined variable: reet E:\wamp\www\thcmf\application\Portal\Controller\AdminPostController.class.php 第 55 行.
NOTIC: [8] Undefined variable: acet E:\wamp\www\thcmf\application\Portal\Controller\AdminPostController.class.php 第 55 行.
INFO: [ app_end ] --START--
INFO: Run Behavior\ShowPageTraceBehavior [ RunTime:0.001213s ]
INFO: [ app_end ] --END-- [ RunTime:0.001367s ]

[ 2015-10-11T17:12:02+08:00 ] ::1 /thcmf/index.php?g=&m=AdminPost&a=add_post
INFO: [ app_begin ] --START--
INFO: Run Behavior\ReadHtmlCacheBehavior [ RunTime:0.000949s ]
INFO: Run Behavior\CheckLangBehavior [ RunTime:0.001490s ]
INFO: [ app_begin ] --END-- [ RunTime:0.003193s ]
SQL: SHOW COLUMNS FROM `sp_users` [ RunTime:0.0144s ]
SQL: SELECT * FROM `sp_users` WHERE ( id=1 ) LIMIT 1   [ RunTime:0.0005s ]
SQL: SHOW COLUMNS FROM `sp_posts` [ RunTime:0.0116s ]
SQL: SHOW COLUMNS FROM `sp_terms` [ RunTime:0.0136s ]
SQL: SHOW COLUMNS FROM `sp_term_relationships` [ RunTime:0.0108s ]
NOTIC: [8] Undefined index: ac_start E:\wamp\www\thcmf\application\Portal\Controller\AdminPostController.class.php 第 51 行.
NOTIC: [8] Undefined index: ac_end E:\wamp\www\thcmf\application\Portal\Controller\AdminPostController.class.php 第 52 行.
NOTIC: [8] Undefined variable: reet E:\wamp\www\thcmf\application\Portal\Controller\AdminPostController.class.php 第 53 行.
NOTIC: [8] Undefined variable: acet E:\wamp\www\thcmf\application\Portal\Controller\AdminPostController.class.php 第 53 行.
NOTIC: [8] Undefined variable: reet E:\wamp\www\thcmf\application\Portal\Controller\AdminPostController.class.php 第 54 行.
NOTIC: [8] Undefined variable: acet E:\wamp\www\thcmf\application\Portal\Controller\AdminPostController.class.php 第 54 行.
NOTIC: [8] Undefined index: post_content E:\wamp\www\thcmf\application\Portal\Controller\AdminPostController.class.php 第 60 行.
INFO: [ app_end ] --START--
INFO: Run Behavior\ShowPageTraceBehavior [ RunTime:0.001131s ]
INFO: [ app_end ] --END-- [ RunTime:0.001328s ]

[ 2015-10-11T17:15:56+08:00 ] ::1 /thcmf/index.php?g=&m=AdminPost&a=add_post
INFO: [ app_begin ] --START--
INFO: Run Behavior\ReadHtmlCacheBehavior [ RunTime:0.001063s ]
INFO: Run Behavior\CheckLangBehavior [ RunTime:0.001646s ]
INFO: [ app_begin ] --END-- [ RunTime:0.003429s ]
SQL: SHOW COLUMNS FROM `sp_users` [ RunTime:0.0143s ]
SQL: SELECT * FROM `sp_users` WHERE ( id=1 ) LIMIT 1   [ RunTime:0.0005s ]
SQL: SHOW COLUMNS FROM `sp_posts` [ RunTime:0.0164s ]
SQL: SHOW COLUMNS FROM `sp_terms` [ RunTime:0.0124s ]
SQL: SHOW COLUMNS FROM `sp_term_relationships` [ RunTime:0.0108s ]
NOTIC: [8] Undefined index: ac_start E:\wamp\www\thcmf\application\Portal\Controller\AdminPostController.class.php 第 50 行.
NOTIC: [8] Undefined index: ac_end E:\wamp\www\thcmf\application\Portal\Controller\AdminPostController.class.php 第 51 行.
NOTIC: [8] Undefined variable: reet E:\wamp\www\thcmf\application\Portal\Controller\AdminPostController.class.php 第 52 行.
NOTIC: [8] Undefined variable: acet E:\wamp\www\thcmf\application\Portal\Controller\AdminPostController.class.php 第 52 行.
NOTIC: [8] Undefined variable: reet E:\wamp\www\thcmf\application\Portal\Controller\AdminPostController.class.php 第 53 行.
NOTIC: [8] Undefined variable: acet E:\wamp\www\thcmf\application\Portal\Controller\AdminPostController.class.php 第 53 行.
INFO: [ app_end ] --START--
INFO: Run Behavior\ShowPageTraceBehavior [ RunTime:0.001364s ]
INFO: [ app_end ] --END-- [ RunTime:0.001550s ]

[ 2015-10-11T17:31:10+08:00 ] ::1 /thcmf/index.php?g=&m=AdminPost&a=add_post
INFO: [ app_begin ] --START--
INFO: Run Behavior\ReadHtmlCacheBehavior [ RunTime:0.000897s ]
INFO: Run Behavior\CheckLangBehavior [ RunTime:0.001449s ]
INFO: [ app_begin ] --END-- [ RunTime:0.003074s ]
SQL: SHOW COLUMNS FROM `sp_users` [ RunTime:0.0139s ]
SQL: SELECT * FROM `sp_users` WHERE ( id=1 ) LIMIT 1   [ RunTime:0.0006s ]
SQL: SHOW COLUMNS FROM `sp_posts` [ RunTime:0.0108s ]
SQL: SHOW COLUMNS FROM `sp_terms` [ RunTime:0.0131s ]
SQL: SHOW COLUMNS FROM `sp_term_relationships` [ RunTime:0.0111s ]
NOTIC: [8] Undefined index: ac_start E:\wamp\www\thcmf\application\Portal\Controller\AdminPostController.class.php 第 50 行.
NOTIC: [8] Undefined index: ac_end E:\wamp\www\thcmf\application\Portal\Controller\AdminPostController.class.php 第 51 行.
NOTIC: [8] Undefined variable: reet E:\wamp\www\thcmf\application\Portal\Controller\AdminPostController.class.php 第 52 行.
NOTIC: [8] Undefined variable: acet E:\wamp\www\thcmf\application\Portal\Controller\AdminPostController.class.php 第 52 行.
NOTIC: [8] Undefined variable: reet E:\wamp\www\thcmf\application\Portal\Controller\AdminPostController.class.php 第 53 行.
NOTIC: [8] Undefined variable: acet E:\wamp\www\thcmf\application\Portal\Controller\AdminPostController.class.php 第 53 行.
INFO: [ app_end ] --START--
INFO: Run Behavior\ShowPageTraceBehavior [ RunTime:0.001184s ]
INFO: [ app_end ] --END-- [ RunTime:0.001427s ]

[ 2015-10-11T17:37:13+08:00 ] ::1 /thcmf/index.php?g=&m=AdminPost&a=add_post
INFO: [ app_begin ] --START--
INFO: Run Behavior\ReadHtmlCacheBehavior [ RunTime:0.001056s ]
INFO: Run Behavior\CheckLangBehavior [ RunTime:0.001566s ]
INFO: [ app_begin ] --END-- [ RunTime:0.003333s ]
SQL: SHOW COLUMNS FROM `sp_users` [ RunTime:0.0145s ]
SQL: SELECT * FROM `sp_users` WHERE ( id=1 ) LIMIT 1   [ RunTime:0.0005s ]
SQL: SHOW COLUMNS FROM `sp_posts` [ RunTime:0.0116s ]
SQL: SHOW COLUMNS FROM `sp_terms` [ RunTime:0.0134s ]
SQL: SHOW COLUMNS FROM `sp_term_relationships` [ RunTime:0.0128s ]
NOTIC: [8] Undefined index: ac_start E:\wamp\www\thcmf\application\Portal\Controller\AdminPostController.class.php 第 50 行.
NOTIC: [8] Undefined index: ac_end E:\wamp\www\thcmf\application\Portal\Controller\AdminPostController.class.php 第 51 行.
NOTIC: [8] Undefined variable: reet E:\wamp\www\thcmf\application\Portal\Controller\AdminPostController.class.php 第 52 行.
NOTIC: [8] Undefined variable: acet E:\wamp\www\thcmf\application\Portal\Controller\AdminPostController.class.php 第 52 行.
NOTIC: [8] Undefined variable: reet E:\wamp\www\thcmf\application\Portal\Controller\AdminPostController.class.php 第 53 行.
NOTIC: [8] Undefined variable: acet E:\wamp\www\thcmf\application\Portal\Controller\AdminPostController.class.php 第 53 行.
INFO: [ app_end ] --START--
INFO: Run Behavior\ShowPageTraceBehavior [ RunTime:0.001231s ]
INFO: [ app_end ] --END-- [ RunTime:0.001407s ]

[ 2015-10-11T17:39:43+08:00 ] ::1 /thcmf/index.php?g=&m=AdminPost&a=add_post
INFO: [ app_begin ] --START--
INFO: Run Behavior\ReadHtmlCacheBehavior [ RunTime:0.000950s ]
INFO: Run Behavior\CheckLangBehavior [ RunTime:0.002023s ]
INFO: [ app_begin ] --END-- [ RunTime:0.003750s ]
SQL: SHOW COLUMNS FROM `sp_users` [ RunTime:0.0136s ]
SQL: SELECT * FROM `sp_users` WHERE ( id=1 ) LIMIT 1   [ RunTime:0.0005s ]
SQL: SHOW COLUMNS FROM `sp_posts` [ RunTime:0.0143s ]
SQL: SHOW COLUMNS FROM `sp_terms` [ RunTime:0.0115s ]
SQL: SHOW COLUMNS FROM `sp_term_relationships` [ RunTime:0.0107s ]
NOTIC: [8] Undefined index: ac_start E:\wamp\www\thcmf\application\Portal\Controller\AdminPostController.class.php 第 50 行.
NOTIC: [8] Undefined index: ac_end E:\wamp\www\thcmf\application\Portal\Controller\AdminPostController.class.php 第 51 行.
NOTIC: [8] Undefined variable: reet E:\wamp\www\thcmf\application\Portal\Controller\AdminPostController.class.php 第 52 行.
NOTIC: [8] Undefined variable: acet E:\wamp\www\thcmf\application\Portal\Controller\AdminPostController.class.php 第 52 行.
NOTIC: [8] Undefined variable: reet E:\wamp\www\thcmf\application\Portal\Controller\AdminPostController.class.php 第 53 行.
NOTIC: [8] Undefined variable: acet E:\wamp\www\thcmf\application\Portal\Controller\AdminPostController.class.php 第 53 行.
INFO: [ app_end ] --START--
INFO: Run Behavior\ShowPageTraceBehavior [ RunTime:0.001071s ]
INFO: [ app_end ] --END-- [ RunTime:0.001231s ]

[ 2015-10-11T17:40:44+08:00 ] ::1 /thcmf/index.php?g=&m=AdminPost&a=add_post
INFO: [ app_begin ] --START--
INFO: Run Behavior\ReadHtmlCacheBehavior [ RunTime:0.001068s ]
INFO: Run Behavior\CheckLangBehavior [ RunTime:0.001636s ]
INFO: [ app_begin ] --END-- [ RunTime:0.003438s ]
SQL: SHOW COLUMNS FROM `sp_users` [ RunTime:0.0140s ]
SQL: SELECT * FROM `sp_users` WHERE ( id=1 ) LIMIT 1   [ RunTime:0.0006s ]
SQL: SHOW COLUMNS FROM `sp_posts` [ RunTime:0.0113s ]
SQL: SHOW COLUMNS FROM `sp_terms` [ RunTime:0.0116s ]
SQL: SHOW COLUMNS FROM `sp_term_relationships` [ RunTime:0.0107s ]
NOTIC: [8] Undefined index: ac_start E:\wamp\www\thcmf\application\Portal\Controller\AdminPostController.class.php 第 50 行.
NOTIC: [8] Undefined index: ac_end E:\wamp\www\thcmf\application\Portal\Controller\AdminPostController.class.php 第 51 行.
NOTIC: [8] Undefined variable: reet E:\wamp\www\thcmf\application\Portal\Controller\AdminPostController.class.php 第 52 行.
NOTIC: [8] Undefined variable: acet E:\wamp\www\thcmf\application\Portal\Controller\AdminPostController.class.php 第 52 行.
NOTIC: [8] Undefined variable: reet E:\wamp\www\thcmf\application\Portal\Controller\AdminPostController.class.php 第 53 行.
NOTIC: [8] Undefined variable: acet E:\wamp\www\thcmf\application\Portal\Controller\AdminPostController.class.php 第 53 行.
INFO: [ app_end ] --START--
INFO: Run Behavior\ShowPageTraceBehavior [ RunTime:0.001175s ]
INFO: [ app_end ] --END-- [ RunTime:0.001332s ]

