[ 2015-10-15T10:55:44+08:00 ] ::1 /thcmf/index.php?g=&m=AdminPost&a=delete&term=&tid=68
INFO: [ app_begin ] --START--
INFO: Run Behavior\ReadHtmlCacheBehavior [ RunTime:0.000923s ]
INFO: Run Behavior\CheckLangBehavior [ RunTime:0.001539s ]
INFO: [ app_begin ] --END-- [ RunTime:0.003174s ]
SQL: SHOW COLUMNS FROM `sp_users` [ RunTime:0.0130s ]
SQL: SELECT * FROM `sp_users` WHERE ( id=1 ) LIMIT 1   [ RunTime:0.0005s ]
SQL: SHOW COLUMNS FROM `sp_posts` [ RunTime:0.0116s ]
SQL: SHOW COLUMNS FROM `sp_terms` [ RunTime:0.0109s ]
SQL: SHOW COLUMNS FROM `sp_term_relationships` [ RunTime:0.0099s ]
SQL: UPDATE `sp_term_relationships` SET `status`='0' WHERE ( tid=68 ) [ RunTime:0.0004s ]

[ 2015-10-15T10:55:47+08:00 ] ::1 /thcmf/index.php?g=&m=AdminPost&a=delete&term=&tid=68
INFO: [ app_begin ] --START--
INFO: Run Behavior\ReadHtmlCacheBehavior [ RunTime:0.001008s ]
INFO: Run Behavior\CheckLangBehavior [ RunTime:0.001581s ]
INFO: [ app_begin ] --END-- [ RunTime:0.003339s ]
SQL: SHOW COLUMNS FROM `sp_users` [ RunTime:0.0133s ]
SQL: SELECT * FROM `sp_users` WHERE ( id=1 ) LIMIT 1   [ RunTime:0.0005s ]
SQL: SHOW COLUMNS FROM `sp_posts` [ RunTime:0.0104s ]
SQL: SHOW COLUMNS FROM `sp_terms` [ RunTime:0.0108s ]
SQL: SHOW COLUMNS FROM `sp_term_relationships` [ RunTime:0.0097s ]
SQL: UPDATE `sp_term_relationships` SET `status`='0' WHERE ( tid=68 ) [ RunTime:0.0003s ]

[ 2015-10-15T11:00:43+08:00 ] ::1 /thcmf/index.php?g=&m=AdminPost&a=clean
INFO: [ app_begin ] --START--
INFO: Run Behavior\ReadHtmlCacheBehavior [ RunTime:0.000749s ]
INFO: Run Behavior\CheckLangBehavior [ RunTime:0.001592s ]
INFO: [ app_begin ] --END-- [ RunTime:0.003068s ]
SQL: SHOW COLUMNS FROM `sp_users` [ RunTime:0.0145s ]
SQL: SELECT * FROM `sp_users` WHERE ( id=1 ) LIMIT 1   [ RunTime:0.0005s ]
SQL: SHOW COLUMNS FROM `sp_posts` [ RunTime:0.0119s ]
SQL: SHOW COLUMNS FROM `sp_terms` [ RunTime:0.0118s ]
SQL: SHOW COLUMNS FROM `sp_term_relationships` [ RunTime:0.0099s ]
SQL: DELETE FROM `sp_term_relationships` WHERE ( tid in (68,67,66,65,64,63,62,61,60,59) ) [ RunTime:0.0005s ]
SQL: SELECT COUNT(*) AS tp_count FROM `sp_term_relationships` WHERE `object_id` = 42 LIMIT 1   [ RunTime:0.0003s ]
SQL: DELETE FROM `sp_posts` WHERE `id` = 42 [ RunTime:0.0377s ]
SQL: SELECT COUNT(*) AS tp_count FROM `sp_term_relationships` WHERE `object_id` = 41 LIMIT 1   [ RunTime:0.0003s ]
SQL: DELETE FROM `sp_posts` WHERE `id` = 41 [ RunTime:0.0003s ]
SQL: SELECT COUNT(*) AS tp_count FROM `sp_term_relationships` WHERE `object_id` = 40 LIMIT 1   [ RunTime:0.0002s ]
SQL: DELETE FROM `sp_posts` WHERE `id` = 40 [ RunTime:0.0003s ]
SQL: SELECT COUNT(*) AS tp_count FROM `sp_term_relationships` WHERE `object_id` = 39 LIMIT 1   [ RunTime:0.0002s ]
SQL: DELETE FROM `sp_posts` WHERE `id` = 39 [ RunTime:0.0003s ]
SQL: SELECT COUNT(*) AS tp_count FROM `sp_term_relationships` WHERE `object_id` = 38 LIMIT 1   [ RunTime:0.0002s ]
SQL: DELETE FROM `sp_posts` WHERE `id` = 38 [ RunTime:0.0003s ]
SQL: SELECT COUNT(*) AS tp_count FROM `sp_term_relationships` WHERE `object_id` = 37 LIMIT 1   [ RunTime:0.0002s ]
SQL: DELETE FROM `sp_posts` WHERE `id` = 37 [ RunTime:0.0003s ]
SQL: SELECT COUNT(*) AS tp_count FROM `sp_term_relationships` WHERE `object_id` = 36 LIMIT 1   [ RunTime:0.0002s ]
SQL: DELETE FROM `sp_posts` WHERE `id` = 36 [ RunTime:0.0003s ]
SQL: SELECT COUNT(*) AS tp_count FROM `sp_term_relationships` WHERE `object_id` = 35 LIMIT 1   [ RunTime:0.0003s ]
SQL: DELETE FROM `sp_posts` WHERE `id` = 35 [ RunTime:0.0004s ]
SQL: SELECT COUNT(*) AS tp_count FROM `sp_term_relationships` WHERE `object_id` = 34 LIMIT 1   [ RunTime:0.0002s ]
SQL: DELETE FROM `sp_posts` WHERE `id` = 34 [ RunTime:0.0003s ]
SQL: SELECT COUNT(*) AS tp_count FROM `sp_term_relationships` WHERE `object_id` = 33 LIMIT 1   [ RunTime:0.0002s ]
SQL: DELETE FROM `sp_posts` WHERE `id` = 33 [ RunTime:0.0003s ]

[ 2015-10-15T11:02:06+08:00 ] ::1 /thcmf/index.php?g=&m=AdminPost&a=add_post
INFO: [ app_begin ] --START--
INFO: Run Behavior\ReadHtmlCacheBehavior [ RunTime:0.000910s ]
INFO: Run Behavior\CheckLangBehavior [ RunTime:0.001543s ]
INFO: [ app_begin ] --END-- [ RunTime:0.003152s ]
SQL: SHOW COLUMNS FROM `sp_users` [ RunTime:0.0132s ]
SQL: SELECT * FROM `sp_users` WHERE ( id=1 ) LIMIT 1   [ RunTime:0.0005s ]
SQL: SHOW COLUMNS FROM `sp_posts` [ RunTime:0.0108s ]
SQL: SHOW COLUMNS FROM `sp_terms` [ RunTime:0.0117s ]
SQL: SHOW COLUMNS FROM `sp_term_relationships` [ RunTime:0.0107s ]
NOTIC: [8] Undefined index: ac_start E:\wamp\www\thcmf\application\Portal\Controller\AdminPostController.class.php 第 50 行.
NOTIC: [8] Undefined index: ac_end E:\wamp\www\thcmf\application\Portal\Controller\AdminPostController.class.php 第 51 行.
NOTIC: [8] Undefined variable: reet E:\wamp\www\thcmf\application\Portal\Controller\AdminPostController.class.php 第 52 行.
NOTIC: [8] Undefined variable: acet E:\wamp\www\thcmf\application\Portal\Controller\AdminPostController.class.php 第 52 行.
NOTIC: [8] Undefined variable: reet E:\wamp\www\thcmf\application\Portal\Controller\AdminPostController.class.php 第 53 行.
NOTIC: [8] Undefined variable: acet E:\wamp\www\thcmf\application\Portal\Controller\AdminPostController.class.php 第 53 行.
SQL: INSERT INTO `sp_posts` (`post_modified`,`post_status`,`istop`,`recommended`,`post_title`,`ac_start`,`ac_end`,`duration`,`post_address`,`post_keywords`,`post_source`,`post_excerpt`,`post_content`,`post_date`,`post_author`,`quality`,`smeta`) VALUES ('2015-10-15 11:01:14','1','0','0','敬老','2010-11-14','1012-14-16','45','敬老院','','','','<p>敬老内容</p>','2015-10-15 11:02:06','1','1,3,4,5','{\"thumb\":\"561f172ba4ab3.jpg\"}') [ RunTime:0.0005s ]
SQL: INSERT INTO `sp_term_relationships` (`term_id`,`object_id`) VALUES ('4','43') [ RunTime:0.0004s ]

[ 2015-10-15T13:01:14+08:00 ] ::1 /thcmf/index.php?g=&m=AdminPost&a=delete
INFO: [ app_begin ] --START--
INFO: Run Behavior\ReadHtmlCacheBehavior [ RunTime:0.001646s ]
INFO: Run Behavior\CheckLangBehavior [ RunTime:0.002347s ]
INFO: [ app_begin ] --END-- [ RunTime:0.004857s ]
SQL: SHOW COLUMNS FROM `sp_users` [ RunTime:0.0141s ]
SQL: SELECT * FROM `sp_users` WHERE ( id=1 ) LIMIT 1   [ RunTime:0.0005s ]
SQL: SHOW COLUMNS FROM `sp_posts` [ RunTime:0.0113s ]
SQL: SHOW COLUMNS FROM `sp_terms` [ RunTime:0.0114s ]
SQL: SHOW COLUMNS FROM `sp_term_relationships` [ RunTime:0.0101s ]
SQL: UPDATE `sp_term_relationships` SET `status`='0' WHERE ( tid in (69) ) [ RunTime:0.0005s ]

[ 2015-10-15T14:39:45+08:00 ] ::1 /thcmf/index.php?g=&m=AdminPost&a=add_post
INFO: [ app_begin ] --START--
INFO: Run Behavior\ReadHtmlCacheBehavior [ RunTime:0.000985s ]
INFO: Run Behavior\CheckLangBehavior [ RunTime:0.001500s ]
INFO: [ app_begin ] --END-- [ RunTime:0.003199s ]
SQL: SHOW COLUMNS FROM `sp_users` [ RunTime:0.0140s ]
SQL: SELECT * FROM `sp_users` WHERE ( id=26 ) LIMIT 1   [ RunTime:0.0005s ]
SQL: SHOW COLUMNS FROM `sp_role_user` [ RunTime:0.0131s ]
SQL: SELECT `role_id` FROM sp_role_user a INNER JOIN sp_role as b on a.role_id =b.id  WHERE `user_id` = '26' AND `status` = 1  [ RunTime:0.0005s ]
SQL: SHOW COLUMNS FROM `sp_auth_access` [ RunTime:0.0127s ]
SQL: SELECT * FROM sp_auth_access a INNER JOIN sp_auth_rule as b on a.rule_name =b.name  WHERE a.role_id IN ('2') AND b.name IN ('portal/adminpost/add_post')  [ RunTime:0.0006s ]
SQL: SHOW COLUMNS FROM `sp_posts` [ RunTime:0.0125s ]
SQL: SHOW COLUMNS FROM `sp_terms` [ RunTime:0.0154s ]
SQL: SHOW COLUMNS FROM `sp_term_relationships` [ RunTime:0.0121s ]
NOTIC: [8] Undefined index: ac_start E:\wamp\www\thcmf\application\Portal\Controller\AdminPostController.class.php 第 50 行.
NOTIC: [8] Undefined index: ac_end E:\wamp\www\thcmf\application\Portal\Controller\AdminPostController.class.php 第 51 行.
NOTIC: [8] Undefined variable: reet E:\wamp\www\thcmf\application\Portal\Controller\AdminPostController.class.php 第 52 行.
NOTIC: [8] Undefined variable: acet E:\wamp\www\thcmf\application\Portal\Controller\AdminPostController.class.php 第 52 行.
NOTIC: [8] Undefined variable: reet E:\wamp\www\thcmf\application\Portal\Controller\AdminPostController.class.php 第 53 行.
NOTIC: [8] Undefined variable: acet E:\wamp\www\thcmf\application\Portal\Controller\AdminPostController.class.php 第 53 行.
SQL: INSERT INTO `sp_posts` (`post_modified`,`post_status`,`istop`,`recommended`,`post_title`,`ac_start`,`ac_end`,`duration`,`post_address`,`post_keywords`,`post_source`,`post_excerpt`,`post_content`,`post_date`,`post_author`,`quality`,`smeta`) VALUES ('2015-10-15 14:38:43','1','0','0','敬老1','2015-11-07','2017-11-31','50','敬老院','','','','<p>内容<br/></p>','2015-10-15 14:39:45','26','1,3,4','{\"thumb\":\"561f4a2e6edb6.jpg\"}') [ RunTime:0.0008s ]
SQL: INSERT INTO `sp_term_relationships` (`term_id`,`object_id`) VALUES ('4','44') [ RunTime:0.0004s ]

[ 2015-10-15T14:57:55+08:00 ] ::1 /thcmf/index.php?g=&m=AdminPost&a=restore&term=&id=69
INFO: [ app_begin ] --START--
INFO: Run Behavior\ReadHtmlCacheBehavior [ RunTime:0.001103s ]
INFO: Run Behavior\CheckLangBehavior [ RunTime:0.001655s ]
INFO: [ app_begin ] --END-- [ RunTime:0.003624s ]
SQL: SHOW COLUMNS FROM `sp_users` [ RunTime:0.0132s ]
SQL: SELECT * FROM `sp_users` WHERE ( id=1 ) LIMIT 1   [ RunTime:0.0005s ]
SQL: SHOW COLUMNS FROM `sp_posts` [ RunTime:0.0107s ]
SQL: SHOW COLUMNS FROM `sp_terms` [ RunTime:0.0117s ]
SQL: SHOW COLUMNS FROM `sp_term_relationships` [ RunTime:0.0106s ]
SQL: UPDATE `sp_term_relationships` SET `status`='1' WHERE `tid` = 69 [ RunTime:0.0004s ]

[ 2015-10-15T15:57:24+08:00 ] ::1 /thcmf/index.php?g=&m=AdminPost&a=delete&term=&tid=70
INFO: [ app_begin ] --START--
INFO: Run Behavior\ReadHtmlCacheBehavior [ RunTime:0.001078s ]
INFO: Run Behavior\CheckLangBehavior [ RunTime:0.001786s ]
INFO: [ app_begin ] --END-- [ RunTime:0.003592s ]
SQL: SHOW COLUMNS FROM `sp_users` [ RunTime:0.0181s ]
SQL: SELECT * FROM `sp_users` WHERE ( id=26 ) LIMIT 1   [ RunTime:0.0013s ]
SQL: SHOW COLUMNS FROM `sp_role_user` [ RunTime:0.0257s ]
SQL: SELECT `role_id` FROM sp_role_user a INNER JOIN sp_role as b on a.role_id =b.id  WHERE `user_id` = '26' AND `status` = 1  [ RunTime:0.0021s ]
SQL: SHOW COLUMNS FROM `sp_auth_access` [ RunTime:0.0198s ]
SQL: SELECT * FROM sp_auth_access a INNER JOIN sp_auth_rule as b on a.rule_name =b.name  WHERE a.role_id IN ('2') AND b.name IN ('portal/adminpost/delete')  [ RunTime:0.0012s ]

[ 2015-10-15T15:58:08+08:00 ] ::1 /thcmf/index.php?g=&m=AdminPost&a=delete&term=&tid=70
INFO: [ app_begin ] --START--
INFO: Run Behavior\ReadHtmlCacheBehavior [ RunTime:0.000935s ]
INFO: Run Behavior\CheckLangBehavior [ RunTime:0.001377s ]
INFO: [ app_begin ] --END-- [ RunTime:0.003035s ]
SQL: SHOW COLUMNS FROM `sp_users` [ RunTime:0.0131s ]
SQL: SELECT * FROM `sp_users` WHERE ( id=26 ) LIMIT 1   [ RunTime:0.0005s ]
SQL: SHOW COLUMNS FROM `sp_role_user` [ RunTime:0.0117s ]
SQL: SELECT `role_id` FROM sp_role_user a INNER JOIN sp_role as b on a.role_id =b.id  WHERE `user_id` = '26' AND `status` = 1  [ RunTime:0.0004s ]
SQL: SHOW COLUMNS FROM `sp_auth_access` [ RunTime:0.0106s ]
SQL: SELECT * FROM sp_auth_access a INNER JOIN sp_auth_rule as b on a.rule_name =b.name  WHERE a.role_id IN ('2') AND b.name IN ('portal/adminpost/delete')  [ RunTime:0.0006s ]
SQL: SHOW COLUMNS FROM `sp_posts` [ RunTime:0.0105s ]
SQL: SHOW COLUMNS FROM `sp_terms` [ RunTime:0.0112s ]
SQL: SHOW COLUMNS FROM `sp_term_relationships` [ RunTime:0.0107s ]
SQL: UPDATE `sp_term_relationships` SET `status`='0' WHERE ( tid=70 ) [ RunTime:0.0005s ]

[ 2015-10-15T15:58:45+08:00 ] ::1 /thcmf/index.php?g=&m=AdminPost&a=restore&term=&id=70
INFO: [ app_begin ] --START--
INFO: Run Behavior\ReadHtmlCacheBehavior [ RunTime:0.000952s ]
INFO: Run Behavior\CheckLangBehavior [ RunTime:0.001391s ]
INFO: [ app_begin ] --END-- [ RunTime:0.003054s ]
SQL: SHOW COLUMNS FROM `sp_users` [ RunTime:0.0135s ]
SQL: SELECT * FROM `sp_users` WHERE ( id=26 ) LIMIT 1   [ RunTime:0.0005s ]
SQL: SHOW COLUMNS FROM `sp_role_user` [ RunTime:0.0123s ]
SQL: SELECT `role_id` FROM sp_role_user a INNER JOIN sp_role as b on a.role_id =b.id  WHERE `user_id` = '26' AND `status` = 1  [ RunTime:0.0005s ]
SQL: SHOW COLUMNS FROM `sp_auth_access` [ RunTime:0.0105s ]
SQL: SELECT * FROM sp_auth_access a INNER JOIN sp_auth_rule as b on a.rule_name =b.name  WHERE a.role_id IN ('2') AND b.name IN ('portal/adminpost/restore')  [ RunTime:0.0006s ]
SQL: SHOW COLUMNS FROM `sp_posts` [ RunTime:0.0109s ]
SQL: SHOW COLUMNS FROM `sp_terms` [ RunTime:0.0115s ]
SQL: SHOW COLUMNS FROM `sp_term_relationships` [ RunTime:0.0099s ]
SQL: UPDATE `sp_term_relationships` SET `status`='1' WHERE `tid` = 70 [ RunTime:0.0004s ]

[ 2015-10-15T15:59:15+08:00 ] ::1 /thcmf/index.php?g=&m=AdminPost&a=clean&term=&tid=70&id=44
INFO: [ app_begin ] --START--
INFO: Run Behavior\ReadHtmlCacheBehavior [ RunTime:0.000969s ]
INFO: Run Behavior\CheckLangBehavior [ RunTime:0.001374s ]
INFO: [ app_begin ] --END-- [ RunTime:0.003078s ]
SQL: SHOW COLUMNS FROM `sp_users` [ RunTime:0.0135s ]
SQL: SELECT * FROM `sp_users` WHERE ( id=1 ) LIMIT 1   [ RunTime:0.0005s ]
SQL: SHOW COLUMNS FROM `sp_posts` [ RunTime:0.0103s ]
SQL: SHOW COLUMNS FROM `sp_terms` [ RunTime:0.0108s ]
SQL: SHOW COLUMNS FROM `sp_term_relationships` [ RunTime:0.0099s ]
SQL: DELETE FROM `sp_term_relationships` WHERE ( tid = 70 ) [ RunTime:0.0003s ]
SQL: SELECT COUNT(*) AS tp_count FROM `sp_term_relationships` WHERE `object_id` = 44 LIMIT 1   [ RunTime:0.0002s ]
SQL: DELETE FROM `sp_posts` WHERE ( id=44 ) [ RunTime:0.0004s ]

[ 2015-10-15T15:59:32+08:00 ] ::1 /thcmf/index.php?g=&m=AdminPost&a=delete&term=&tid=69
INFO: [ app_begin ] --START--
INFO: Run Behavior\ReadHtmlCacheBehavior [ RunTime:0.000978s ]
INFO: Run Behavior\CheckLangBehavior [ RunTime:0.001457s ]
INFO: [ app_begin ] --END-- [ RunTime:0.003446s ]
SQL: SHOW COLUMNS FROM `sp_users` [ RunTime:0.0137s ]
SQL: SELECT * FROM `sp_users` WHERE ( id=1 ) LIMIT 1   [ RunTime:0.0005s ]
SQL: SHOW COLUMNS FROM `sp_posts` [ RunTime:0.0107s ]
SQL: SHOW COLUMNS FROM `sp_terms` [ RunTime:0.0113s ]
SQL: SHOW COLUMNS FROM `sp_term_relationships` [ RunTime:0.0099s ]
SQL: UPDATE `sp_term_relationships` SET `status`='0' WHERE ( tid=69 ) [ RunTime:0.0004s ]

[ 2015-10-15T18:55:31+08:00 ] ::1 /thcmf/index.php?g=&m=AdminPost&a=restore&term=&id=69
INFO: [ app_begin ] --START--
INFO: Run Behavior\ReadHtmlCacheBehavior [ RunTime:0.001449s ]
INFO: Run Behavior\CheckLangBehavior [ RunTime:0.001868s ]
INFO: [ app_begin ] --END-- [ RunTime:0.004239s ]
SQL: SHOW COLUMNS FROM `sp_users` [ RunTime:0.0150s ]
SQL: SELECT * FROM `sp_users` WHERE ( id=1 ) LIMIT 1   [ RunTime:0.0005s ]
SQL: SHOW COLUMNS FROM `sp_posts` [ RunTime:0.0108s ]
SQL: SHOW COLUMNS FROM `sp_terms` [ RunTime:0.0125s ]
SQL: SHOW COLUMNS FROM `sp_term_relationships` [ RunTime:0.0106s ]
SQL: UPDATE `sp_term_relationships` SET `status`='1' WHERE `tid` = 69 [ RunTime:0.0005s ]

[ 2015-10-15T18:55:38+08:00 ] ::1 /thcmf/index.php?g=&m=AdminPost&a=restore&term=&id=69
INFO: [ app_begin ] --START--
INFO: Run Behavior\ReadHtmlCacheBehavior [ RunTime:0.001103s ]
INFO: Run Behavior\CheckLangBehavior [ RunTime:0.001664s ]
INFO: [ app_begin ] --END-- [ RunTime:0.003531s ]
SQL: SHOW COLUMNS FROM `sp_users` [ RunTime:0.0146s ]
SQL: SELECT * FROM `sp_users` WHERE ( id=1 ) LIMIT 1   [ RunTime:0.0005s ]
SQL: SHOW COLUMNS FROM `sp_posts` [ RunTime:0.0109s ]
SQL: SHOW COLUMNS FROM `sp_terms` [ RunTime:0.0127s ]
SQL: SHOW COLUMNS FROM `sp_term_relationships` [ RunTime:0.0132s ]
SQL: UPDATE `sp_term_relationships` SET `status`='1' WHERE `tid` = 69 [ RunTime:0.0004s ]

