[ 2015-10-28T18:53:05+08:00 ] ::1 /thcmf/index.php?g=recruit&m=recruit&a=post
NOTIC: D方法实例化没找到模型类Common\Model\RecruitModel

[ 2015-10-28T18:53:16+08:00 ] ::1 /thcmf/index.php?g=recruit&m=recruit&a=post
NOTIC: D方法实例化没找到模型类Common\Model\RecruitModel

[ 2015-10-28T18:53:38+08:00 ] ::1 /thcmf/index.php?g=recruit&m=recruit&a=index
NOTIC: D方法实例化没找到模型类Common\Model\RecruitModel
ERR: 模板不存在:tpl/simplebootx/Recruit/index.html

[ 2015-10-28T19:06:14+08:00 ] ::1 /thcmf/index.php?g=recruit&m=recruit&a=index
NOTIC: D方法实例化没找到模型类Common\Model\RecruitModel

[ 2015-10-28T19:07:22+08:00 ] ::1 /thcmf/index.php?g=recruit&m=recruit&a=index
NOTIC: D方法实例化没找到模型类Common\Model\RecruitModel

[ 2015-10-28T19:08:24+08:00 ] ::1 /thcmf/index.php?g=recruit&m=recruit&a=index
NOTIC: D方法实例化没找到模型类Common\Model\RecruitModel

[ 2015-10-28T19:14:48+08:00 ] ::1 /thcmf/index.php?g=recruit&m=recruit&a=index
NOTIC: D方法实例化没找到模型类Common\Model\RecruitModel
ERR: SQLSTATE[23000]: Integrity constraint violation: 1052 Column 'tid' in field list is ambiguous

[ 2015-10-28T19:15:19+08:00 ] ::1 /thcmf/index.php?g=recruit&m=recruit&a=index
NOTIC: D方法实例化没找到模型类Common\Model\RecruitModel
ERR: SQLSTATE[23000]: Integrity constraint violation: 1052 Column 'id' in where clause is ambiguous

[ 2015-10-28T19:15:56+08:00 ] ::1 /thcmf/index.php?g=recruit&m=recruit&a=index
NOTIC: D方法实例化没找到模型类Common\Model\RecruitModel
ERR: SQLSTATE[23000]: Integrity constraint violation: 1052 Column 'id' in where clause is ambiguous

[ 2015-10-28T19:17:17+08:00 ] ::1 /thcmf/index.php?g=recruit&m=recruit&a=index
NOTIC: D方法实例化没找到模型类Common\Model\RecruitModel
ERR: SQLSTATE[23000]: Integrity constraint violation: 1052 Column 'id' in where clause is ambiguous

[ 2015-10-28T19:17:18+08:00 ] ::1 /thcmf/index.php?g=recruit&m=recruit&a=index
NOTIC: D方法实例化没找到模型类Common\Model\RecruitModel
ERR: SQLSTATE[23000]: Integrity constraint violation: 1052 Column 'id' in where clause is ambiguous

[ 2015-10-28T19:18:20+08:00 ] ::1 /thcmf/index.php?g=recruit&m=recruit&a=index
NOTIC: D方法实例化没找到模型类Common\Model\RecruitModel
ERR: Think\Controller:asign方法不存在！

[ 2015-10-28T19:18:46+08:00 ] ::1 /thcmf/index.php?g=recruit&m=recruit&a=index
NOTIC: D方法实例化没找到模型类Common\Model\RecruitModel

[ 2015-10-28T19:19:01+08:00 ] ::1 /thcmf/index.php?g=recruit&m=recruit&a=index
NOTIC: D方法实例化没找到模型类Common\Model\RecruitModel

[ 2015-10-28T19:19:36+08:00 ] ::1 /thcmf/index.php?g=recruit&m=recruit&a=index&id=3
NOTIC: D方法实例化没找到模型类Common\Model\RecruitModel

[ 2015-10-28T19:19:40+08:00 ] ::1 /thcmf/index.php?g=recruit&m=recruit&a=index&id=3
NOTIC: D方法实例化没找到模型类Common\Model\RecruitModel

[ 2015-10-28T19:19:51+08:00 ] ::1 /thcmf/index.php?g=recruit&m=recruit&a=index&id=3
NOTIC: D方法实例化没找到模型类Common\Model\RecruitModel

[ 2015-10-28T19:20:19+08:00 ] ::1 /thcmf/index.php?g=recruit&m=recruit&a=index&id=3
NOTIC: D方法实例化没找到模型类Common\Model\RecruitModel

[ 2015-10-28T19:20:34+08:00 ] ::1 /thcmf/index.php?g=recruit&m=recruit&a=index&id=3
NOTIC: D方法实例化没找到模型类Common\Model\RecruitModel

[ 2015-10-28T19:20:56+08:00 ] ::1 /thcmf/index.php?g=recruit&m=recruit&a=index&id=3
NOTIC: D方法实例化没找到模型类Common\Model\RecruitModel

[ 2015-10-28T19:27:44+08:00 ] ::1 /thcmf/index.php?g=recruit&m=recruit&a=index&id=3
NOTIC: D方法实例化没找到模型类Common\Model\RecruitModel
ERR: SQLSTATE[42S22]: Column not found: 1054 Unknown column 're.term_id' in 'on clause'

[ 2015-10-28T19:29:14+08:00 ] ::1 /thcmf/index.php?g=recruit&m=recruit&a=index&id=3
NOTIC: D方法实例化没找到模型类Common\Model\RecruitModel

[ 2015-10-28T19:30:41+08:00 ] ::1 /thcmf/index.php?g=recruit&m=recruit&a=index&id=3
NOTIC: D方法实例化没找到模型类Common\Model\RecruitModel

[ 2015-10-28T19:31:38+08:00 ] ::1 /thcmf/index.php?g=recruit&m=recruit&a=index&id=3
NOTIC: D方法实例化没找到模型类Common\Model\RecruitModel

[ 2015-10-28T19:33:09+08:00 ] ::1 /thcmf/index.php?g=recruit&m=recruit&a=index&id=3
NOTIC: D方法实例化没找到模型类Common\Model\RecruitModel
ERR: SQLSTATE[42S22]: Column not found: 1054 Unknown column 'parent' in 'where clause'

[ 2015-10-28T19:33:35+08:00 ] ::1 /thcmf/index.php?g=recruit&m=recruit&a=index&id=3
NOTIC: D方法实例化没找到模型类Common\Model\RecruitModel

[ 2015-10-28T19:33:48+08:00 ] ::1 /thcmf/index.php?g=recruit&m=recruit&a=index&id=3
NOTIC: D方法实例化没找到模型类Common\Model\RecruitModel

[ 2015-10-28T19:42:46+08:00 ] ::1 /thcmf/index.php?g=recruit&m=recruit&a=index&id=3
NOTIC: D方法实例化没找到模型类Common\Model\RecruitModel

[ 2015-10-28T19:42:58+08:00 ] ::1 /thcmf/index.php?g=recruit&m=recruit&a=index&id=3
NOTIC: D方法实例化没找到模型类Common\Model\RecruitModel

[ 2015-10-28T19:43:30+08:00 ] ::1 /thcmf/index.php?g=recruit&m=recruit&a=index&id=3
NOTIC: D方法实例化没找到模型类Common\Model\RecruitModel

[ 2015-10-28T19:44:05+08:00 ] ::1 /thcmf/index.php?g=recruit&m=recruit&a=index&id=3
NOTIC: D方法实例化没找到模型类Common\Model\RecruitModel

[ 2015-10-28T19:44:36+08:00 ] ::1 /thcmf/index.php?g=Recruit&m=article&a=index&id=75
ERR: 无法加载控制器:Article

[ 2015-10-28T19:45:04+08:00 ] ::1 /thcmf/index.php?g=recruit&m=recruit&a=index&id=3
NOTIC: D方法实例化没找到模型类Common\Model\RecruitModel

[ 2015-10-28T19:45:08+08:00 ] ::1 /thcmf/index.php?g=recruit&m=recruit&a=post
NOTIC: D方法实例化没找到模型类Common\Model\RecruitModel

[ 2015-10-28T19:47:41+08:00 ] ::1 /thcmf/index.php?g=recruit&m=recruit&a=index&id=3
NOTIC: D方法实例化没找到模型类Common\Model\RecruitModel

[ 2015-10-28T19:48:10+08:00 ] ::1 /thcmf/index.php?g=recruit&m=recruit&a=index&id=3
NOTIC: D方法实例化没找到模型类Common\Model\RecruitModel

[ 2015-10-28T19:50:37+08:00 ] ::1 /thcmf/index.php?g=recruit&m=recruit&a=index&id=3
NOTIC: D方法实例化没找到模型类Common\Model\RecruitModel

[ 2015-10-28T19:50:59+08:00 ] ::1 /thcmf/index.php?g=recruit&m=recruit&a=index&id=3
NOTIC: D方法实例化没找到模型类Common\Model\RecruitModel
ERR: SQLSTATE[42S22]: Column not found: 1054 Unknown column 're.status' in 'field list'

[ 2015-10-28T19:50:59+08:00 ] ::1 /thcmf/index.php?g=recruit&m=recruit&a=index&id=3
NOTIC: D方法实例化没找到模型类Common\Model\RecruitModel
ERR: SQLSTATE[42S22]: Column not found: 1054 Unknown column 're.status' in 'field list'

[ 2015-10-28T19:51:14+08:00 ] ::1 /thcmf/index.php?g=recruit&m=recruit&a=index&id=3
NOTIC: D方法实例化没找到模型类Common\Model\RecruitModel

[ 2015-10-28T19:52:20+08:00 ] ::1 /thcmf/index.php?g=recruit&m=recruit&a=index&id=3
NOTIC: D方法实例化没找到模型类Common\Model\RecruitModel

[ 2015-10-28T19:53:45+08:00 ] ::1 /thcmf/index.php?g=recruit&m=recruit&a=index&id=3
NOTIC: D方法实例化没找到模型类Common\Model\RecruitModel

[ 2015-10-28T19:59:33+08:00 ] ::1 /thcmf/index.php?g=recruit&m=recruit&a=index&id=3
NOTIC: D方法实例化没找到模型类Common\Model\RecruitModel

[ 2015-10-28T19:59:48+08:00 ] ::1 /thcmf/index.php?g=recruit&m=recruit&a=index&id=3
NOTIC: D方法实例化没找到模型类Common\Model\RecruitModel

[ 2015-10-28T20:00:29+08:00 ] ::1 /thcmf/index.php?g=recruit&m=recruit&a=index&id=3
NOTIC: D方法实例化没找到模型类Common\Model\RecruitModel

[ 2015-10-28T20:00:37+08:00 ] ::1 /thcmf/index.php?g=recruit&m=recruit&a=index&id=3
NOTIC: D方法实例化没找到模型类Common\Model\RecruitModel
ERR: SQLSTATE[42000]: Syntax error or access violation: 1064 You have an error in your SQL syntax; check the manual that corresponds to your MySQL server version for the right syntax to use near 'full JOIN sp_term_relationships tr on po.id = tr.object_id full JOIN sp_recruit ' at line 1

[ 2015-10-28T20:02:11+08:00 ] ::1 /thcmf/index.php?g=recruit&m=recruit&a=index&id=3
NOTIC: D方法实例化没找到模型类Common\Model\RecruitModel
ERR: SQLSTATE[42000]: Syntax error or access violation: 1064 You have an error in your SQL syntax; check the manual that corresponds to your MySQL server version for the right syntax to use near 'FULL JOIN sp_term_relationships tr on po.id = tr.object_id FULL JOIN sp_recruit ' at line 1

[ 2015-10-28T20:02:23+08:00 ] ::1 /thcmf/index.php?g=recruit&m=recruit&a=index&id=3
NOTIC: D方法实例化没找到模型类Common\Model\RecruitModel

[ 2015-10-28T20:04:15+08:00 ] ::1 /thcmf/index.php?g=recruit&m=recruit&a=index&id=3
NOTIC: D方法实例化没找到模型类Common\Model\RecruitModel
ERR: SQLSTATE[42000]: Syntax error or access violation: 1064 You have an error in your SQL syntax; check the manual that corresponds to your MySQL server version for the right syntax to use near 'FULL JOIN sp_term_relationships tr on po.id = tr.object_id FULL JOIN sp_recruit ' at line 1

[ 2015-10-28T20:29:47+08:00 ] ::1 /thcmf/index.php?g=recruit&m=recruit&a=index&id=3
NOTIC: D方法实例化没找到模型类Common\Model\RecruitModel

[ 2015-10-28T20:38:47+08:00 ] ::1 /thcmf/index.php?g=recruit&m=recruit&a=index&id=3
NOTIC: D方法实例化没找到模型类Common\Model\RecruitModel
ERR: SQLSTATE[42S22]: Column not found: 1054 Unknown column 're.status' in 'field list'

[ 2015-10-28T20:38:58+08:00 ] ::1 /thcmf/index.php?g=recruit&m=recruit&a=index&id=3
NOTIC: D方法实例化没找到模型类Common\Model\RecruitModel

[ 2015-10-28T20:39:08+08:00 ] ::1 /thcmf/index.php?g=recruit&m=recruit&a=index&id=3
NOTIC: D方法实例化没找到模型类Common\Model\RecruitModel

[ 2015-10-28T20:39:29+08:00 ] ::1 /thcmf/index.php?g=recruit&m=recruit&a=index&id=3
NOTIC: D方法实例化没找到模型类Common\Model\RecruitModel

[ 2015-10-28T20:39:35+08:00 ] ::1 /thcmf/index.php?g=recruit&m=recruit&a=index&id=3
NOTIC: D方法实例化没找到模型类Common\Model\RecruitModel
ERR: SQLSTATE[42S22]: Column not found: 1054 Unknown column 're.status' in 'field list'

[ 2015-10-28T20:39:57+08:00 ] ::1 /thcmf/index.php?g=recruit&m=recruit&a=index&id=3
NOTIC: D方法实例化没找到模型类Common\Model\RecruitModel
ERR: SQLSTATE[23000]: Integrity constraint violation: 1052 Column 'status' in field list is ambiguous

