[ 2015-11-01T01:38:32+08:00 ] ::1 /thcmf/index.php?g=recruit&m=recruit&time_limit=4,5
NOTIC: D方法实例化没找到模型类Common\Model\RecruitModel

[ 2015-11-01T01:39:27+08:00 ] ::1 /thcmf/index.php?g=recruit&m=recruit&time_limit=4,5
NOTIC: D方法实例化没找到模型类Common\Model\RecruitModel

[ 2015-11-01T15:47:27+08:00 ] ::1 /thcmf/index.php?g=recruit&m=recruit&time_limit=4,5
NOTIC: D方法实例化没找到模型类Common\Model\RecruitModel

[ 2015-11-01T15:49:03+08:00 ] ::1 /thcmf/index.php?g=recruit&m=recruit&time_limit=4,5
NOTIC: D方法实例化没找到模型类Common\Model\RecruitModel
ERR: SQLSTATE[42000]: Syntax error or access violation: 1064 You have an error in your SQL syntax; check the manual that corresponds to your MySQL server version for the right syntax to use near 'like ) AND (  %4,5% )' at line 1

[ 2015-11-01T15:53:44+08:00 ] ::1 /thcmf/index.php?g=recruit&m=recruit&time_limit=4,5
NOTIC: D方法实例化没找到模型类Common\Model\RecruitModel

[ 2015-11-01T15:55:13+08:00 ] ::1 /thcmf/index.php?g=recruit&m=recruit&time_limit=4,5
NOTIC: D方法实例化没找到模型类Common\Model\RecruitModel
ERR: SQLSTATE[42000]: Syntax error or access violation: 1064 You have an error in your SQL syntax; check the manual that corresponds to your MySQL server version for the right syntax to use near 'like ) AND (  (  %4,5% ) )' at line 1

[ 2015-11-01T16:02:49+08:00 ] ::1 /thcmf/index.php?g=recruit&m=recruit&time_limit=4,5
NOTIC: D方法实例化没找到模型类Common\Model\RecruitModel
ERR: SQLSTATE[42000]: Syntax error or access violation: 1064 You have an error in your SQL syntax; check the manual that corresponds to your MySQL server version for the right syntax to use near 'like ) AND (  (  %4,5% ) )' at line 1

[ 2015-11-01T16:03:25+08:00 ] ::1 /thcmf/index.php?g=recruit&m=recruit&time_limit=4,5
NOTIC: D方法实例化没找到模型类Common\Model\RecruitModel

[ 2015-11-01T16:04:09+08:00 ] ::1 /thcmf/index.php?g=recruit&m=recruit&time_limit=4,5
NOTIC: D方法实例化没找到模型类Common\Model\RecruitModel

[ 2015-11-01T16:04:15+08:00 ] ::1 /thcmf/index.php?g=recruit&m=recruit&time_limit=3
NOTIC: D方法实例化没找到模型类Common\Model\RecruitModel

[ 2015-11-01T16:04:43+08:00 ] ::1 /thcmf/index.php?g=recruit&m=recruit&time_limit=1,2
NOTIC: D方法实例化没找到模型类Common\Model\RecruitModel

[ 2015-11-01T16:05:11+08:00 ] ::1 /thcmf/index.php?g=recruit&m=recruit&time_limit=1,2
NOTIC: D方法实例化没找到模型类Common\Model\RecruitModel

[ 2015-11-01T16:05:35+08:00 ] ::1 /thcmf/index.php?g=recruit&m=recruit&time_limit=1,2&term=3
NOTIC: D方法实例化没找到模型类Common\Model\RecruitModel

[ 2015-11-01T16:05:40+08:00 ] ::1 /thcmf/index.php?g=recruit&m=recruit&time_limit=1,2&term=4
NOTIC: D方法实例化没找到模型类Common\Model\RecruitModel

[ 2015-11-01T16:13:41+08:00 ] ::1 /thcmf/index.php?g=recruit&m=recruit&time_limit=1,2&term=6
NOTIC: D方法实例化没找到模型类Common\Model\RecruitModel

[ 2015-11-01T16:13:45+08:00 ] ::1 /thcmf/index.php?g=recruit&m=recruit&time_limit=1&term=6
NOTIC: D方法实例化没找到模型类Common\Model\RecruitModel

[ 2015-11-01T16:14:57+08:00 ] ::1 /thcmf/index.php?g=recruit&m=recruit&time_limit=1&term=6
NOTIC: D方法实例化没找到模型类Common\Model\RecruitModel

[ 2015-11-01T16:17:24+08:00 ] ::1 /thcmf/index.php?g=recruit&m=recruit&time_limit=1&term=6
NOTIC: D方法实例化没找到模型类Common\Model\RecruitModel

[ 2015-11-01T16:17:33+08:00 ] ::1 /thcmf/index.php?g=recruit&m=recruit&time_limit=1&term=6
NOTIC: D方法实例化没找到模型类Common\Model\RecruitModel

[ 2015-11-01T16:30:03+08:00 ] ::1 /thcmf/index.php?g=Recruit&m=Recruit&a=index&id=3
NOTIC: D方法实例化没找到模型类Common\Model\RecruitModel

[ 2015-11-01T16:30:03+08:00 ] ::1 /thcmf/index.php?g=recruit&m=recruit&time_limit=1&term=6&ajax=1&select=test
INFO: [ app_begin ] --START--
INFO: Run Behavior\ReadHtmlCacheBehavior [ RunTime:0.020981s ]
INFO: Run Behavior\CheckLangBehavior [ RunTime:0.028032s ]
INFO: [ app_begin ] --END-- [ RunTime:0.067514s ]
SQL: SHOW COLUMNS FROM `sp_users` [ RunTime:0.0304s ]
SQL: SELECT `user_status` FROM `sp_users` WHERE `id` = '1' LIMIT 1   [ RunTime:0.0005s ]
NOTIC: D方法实例化没找到模型类Common\Model\RecruitModel
SQL: SHOW COLUMNS FROM `sp_recruit` [ RunTime:0.0173s ]
SQL: SHOW COLUMNS FROM `sp_posts` [ RunTime:0.0220s ]
SQL: SHOW COLUMNS FROM `sp_term_relationships` [ RunTime:0.0171s ]
SQL: SHOW COLUMNS FROM `sp_terms` [ RunTime:0.0248s ]
NOTIC: [8] Undefined index: time_type E:\wamp\www\thcmf\application\Recruit\Controller\RecruitController.class.php 第 27 行.
NOTIC: [8] Undefined variable: time_status E:\wamp\www\thcmf\application\Recruit\Controller\RecruitController.class.php 第 33 行.
SQL: SELECT `object_id`,tr.tid,`object_id`,`post_title`,`post_address`,`post_date`,`ac_start`,`ac_end`,`smeta`,`post_hits`,`post_like` FROM sp_posts po INNER JOIN sp_term_relationships tr on po.id = tr.object_id INNER JOIN sp_terms t on tr.term_id = t.term_id  WHERE `quality` LIKE '%1%' AND t.term_id LIKE '%6%' AND `active_status` LIKE '%%'  [ RunTime:0.0009s ]
SQL: SELECT * FROM `sp_terms` WHERE ( parent=3 )  [ RunTime:0.0006s ]
INFO: [ view_parse ] --START--
INFO: [ template_filter ] --START--
INFO: Run Behavior\ContentReplaceBehavior [ RunTime:0.000585s ]
INFO: [ template_filter ] --END-- [ RunTime:0.000881s ]
NOTIC: [8] Undefined variable: name E:\wamp\www\thcmf\data\runtime\Cache\Recruit\4010720ce5459aebc7c3f96ba0ffd551.php 第 6 行.
NOTIC: [8] Undefined variable: seo_title E:\wamp\www\thcmf\data\runtime\Cache\Recruit\4010720ce5459aebc7c3f96ba0ffd551.php 第 6 行.
NOTIC: [8] Undefined variable: seo_keywords E:\wamp\www\thcmf\data\runtime\Cache\Recruit\4010720ce5459aebc7c3f96ba0ffd551.php 第 7 行.
NOTIC: [8] Undefined variable: seo_description E:\wamp\www\thcmf\data\runtime\Cache\Recruit\4010720ce5459aebc7c3f96ba0ffd551.php 第 8 行.
SQL: SHOW COLUMNS FROM `sp_nav` [ RunTime:0.0300s ]
SQL: SHOW COLUMNS FROM `sp_nav_cat` [ RunTime:0.0209s ]
SQL: SELECT * FROM `sp_nav_cat` WHERE ( active=1 ) LIMIT 1   [ RunTime:0.0003s ]
SQL: SELECT * FROM `sp_nav` WHERE ( cid=1 and status=1 ) ORDER BY `listorder` ASC  [ RunTime:0.0004s ]
NOTIC: [8] Undefined index: user_login E:\wamp\www\thcmf\data\runtime\Cache\Recruit\4010720ce5459aebc7c3f96ba0ffd551.php 第 167 行.
NOTIC: [8] Undefined index: time_width E:\wamp\www\thcmf\data\runtime\Cache\Recruit\4010720ce5459aebc7c3f96ba0ffd551.php 第 170 行.
NOTIC: [8] Undefined index: active_status E:\wamp\www\thcmf\data\runtime\Cache\Recruit\4010720ce5459aebc7c3f96ba0ffd551.php 第 171 行.
NOTIC: [8] Undefined variable: status E:\wamp\www\thcmf\data\runtime\Cache\Recruit\4010720ce5459aebc7c3f96ba0ffd551.php 第 171 行.
NOTIC: [8] Undefined index: join_count E:\wamp\www\thcmf\data\runtime\Cache\Recruit\4010720ce5459aebc7c3f96ba0ffd551.php 第 175 行.
NOTIC: [8] Undefined index: page E:\wamp\www\thcmf\data\runtime\Cache\Recruit\4010720ce5459aebc7c3f96ba0ffd551.php 第 181 行.
NOTIC: [8] Use of undefined constant recruit - assumed 'recruit' E:\wamp\www\thcmf\data\runtime\Cache\Recruit\4010720ce5459aebc7c3f96ba0ffd551.php 第 183 行.
NOTIC: [8] Use of undefined constant recruit - assumed 'recruit' E:\wamp\www\thcmf\data\runtime\Cache\Recruit\4010720ce5459aebc7c3f96ba0ffd551.php 第 183 行.
NOTIC: [2] Division by zero E:\wamp\www\thcmf\data\runtime\Cache\Recruit\4010720ce5459aebc7c3f96ba0ffd551.php 第 183 行.
NOTIC: [8] Use of undefined constant listIndex - assumed 'listIndex' E:\wamp\www\thcmf\data\runtime\Cache\Recruit\4010720ce5459aebc7c3f96ba0ffd551.php 第 183 行.
NOTIC: [2] Division by zero E:\wamp\www\thcmf\data\runtime\Cache\Recruit\4010720ce5459aebc7c3f96ba0ffd551.php 第 183 行.
SQL: SHOW COLUMNS FROM `sp_links` [ RunTime:0.0135s ]
SQL: SELECT * FROM `sp_links` WHERE ( link_status=1 ) ORDER BY listorder ASC  [ RunTime:0.0004s ]
INFO: Run Behavior\ParseTemplateBehavior [ RunTime:0.330287s ]
INFO: [ view_parse ] --END-- [ RunTime:0.330575s ]
INFO: [ view_filter ] --START--
INFO: Run Behavior\WriteHtmlCacheBehavior [ RunTime:0.001175s ]
INFO: Run Common\Behavior\TmplStripSpaceBehavior [ RunTime:0.000733s ]
INFO: [ view_filter ] --END-- [ RunTime:0.002189s ]
INFO: [ app_end ] --START--
INFO: Run Behavior\ShowPageTraceBehavior [ RunTime:0.001194s ]
INFO: [ app_end ] --END-- [ RunTime:0.001355s ]

[ 2015-11-01T16:32:00+08:00 ] ::1 /thcmf/index.php?g=Recruit&m=Recruit&a=index&id=3
NOTIC: D方法实例化没找到模型类Common\Model\RecruitModel

[ 2015-11-01T21:57:23+08:00 ] ::1 /thcmf/index.php?g=Recruit&m=Recruit&a=index&id=3
NOTIC: D方法实例化没找到模型类Common\Model\RecruitModel

[ 2015-11-01T22:14:38+08:00 ] ::1 /thcmf/index.php?g=Recruit&m=Recruit&a=index&time_limit=2&time_type=1&term_type=test&time_limit=&active_status=
INFO: [ app_begin ] --START--
INFO: Run Behavior\ReadHtmlCacheBehavior [ RunTime:0.001687s ]
INFO: Run Behavior\CheckLangBehavior [ RunTime:0.002019s ]
INFO: [ app_begin ] --END-- [ RunTime:0.004948s ]
SQL: SHOW COLUMNS FROM `sp_users` [ RunTime:0.0201s ]
SQL: SELECT `user_status` FROM `sp_users` WHERE `id` = '1' LIMIT 1   [ RunTime:0.0004s ]
NOTIC: D方法实例化没找到模型类Common\Model\RecruitModel
SQL: SHOW COLUMNS FROM `sp_recruit` [ RunTime:0.0131s ]
SQL: SHOW COLUMNS FROM `sp_posts` [ RunTime:0.0155s ]
SQL: SHOW COLUMNS FROM `sp_term_relationships` [ RunTime:0.0119s ]
SQL: SHOW COLUMNS FROM `sp_terms` [ RunTime:0.0153s ]
NOTIC: [8] Undefined index: term E:\wamp\www\thcmf\application\Recruit\Controller\RecruitController.class.php 第 28 行.
NOTIC: [8] Undefined variable: time_status E:\wamp\www\thcmf\application\Recruit\Controller\RecruitController.class.php 第 33 行.
SQL: SELECT `object_id`,tr.tid,`object_id`,`post_title`,`post_address`,`post_date`,`ac_start`,`ac_end`,`smeta`,`post_hits`,`post_like` FROM sp_posts po INNER JOIN sp_term_relationships tr on po.id = tr.object_id INNER JOIN sp_terms t on tr.term_id = t.term_id  WHERE `quality` LIKE '%%' AND t.term_id LIKE '%%' AND `active_status` LIKE '%%'  [ RunTime:0.0007s ]
SQL: SELECT * FROM `sp_terms` WHERE ( parent=3 )  [ RunTime:0.0004s ]
INFO: [ view_parse ] --START--
INFO: [ template_filter ] --START--
INFO: Run Behavior\ContentReplaceBehavior [ RunTime:0.000361s ]
INFO: [ template_filter ] --END-- [ RunTime:0.000534s ]
NOTIC: [8] Undefined index: ajax E:\wamp\www\thcmf\data\runtime\Cache\Recruit\4010720ce5459aebc7c3f96ba0ffd551.php 第 1 行.
NOTIC: [8] Undefined variable: name E:\wamp\www\thcmf\data\runtime\Cache\Recruit\4010720ce5459aebc7c3f96ba0ffd551.php 第 6 行.
NOTIC: [8] Undefined variable: seo_title E:\wamp\www\thcmf\data\runtime\Cache\Recruit\4010720ce5459aebc7c3f96ba0ffd551.php 第 6 行.
NOTIC: [8] Undefined variable: seo_keywords E:\wamp\www\thcmf\data\runtime\Cache\Recruit\4010720ce5459aebc7c3f96ba0ffd551.php 第 7 行.
NOTIC: [8] Undefined variable: seo_description E:\wamp\www\thcmf\data\runtime\Cache\Recruit\4010720ce5459aebc7c3f96ba0ffd551.php 第 8 行.
SQL: SHOW COLUMNS FROM `sp_nav` [ RunTime:0.0246s ]
SQL: SHOW COLUMNS FROM `sp_nav_cat` [ RunTime:0.0172s ]
SQL: SELECT * FROM `sp_nav_cat` WHERE ( active=1 ) LIMIT 1   [ RunTime:0.0004s ]
SQL: SELECT * FROM `sp_nav` WHERE ( cid=1 and status=1 ) ORDER BY `listorder` ASC  [ RunTime:0.0005s ]
NOTIC: [8] Undefined index: user_login E:\wamp\www\thcmf\data\runtime\Cache\Recruit\4010720ce5459aebc7c3f96ba0ffd551.php 第 167 行.
NOTIC: [8] Undefined index: time_width E:\wamp\www\thcmf\data\runtime\Cache\Recruit\4010720ce5459aebc7c3f96ba0ffd551.php 第 170 行.
NOTIC: [8] Undefined index: active_status E:\wamp\www\thcmf\data\runtime\Cache\Recruit\4010720ce5459aebc7c3f96ba0ffd551.php 第 171 行.
NOTIC: [8] Undefined variable: status E:\wamp\www\thcmf\data\runtime\Cache\Recruit\4010720ce5459aebc7c3f96ba0ffd551.php 第 171 行.
NOTIC: [8] Undefined index: join_count E:\wamp\www\thcmf\data\runtime\Cache\Recruit\4010720ce5459aebc7c3f96ba0ffd551.php 第 175 行.
NOTIC: [8] Undefined index: user_login E:\wamp\www\thcmf\data\runtime\Cache\Recruit\4010720ce5459aebc7c3f96ba0ffd551.php 第 167 行.
NOTIC: [8] Undefined index: time_width E:\wamp\www\thcmf\data\runtime\Cache\Recruit\4010720ce5459aebc7c3f96ba0ffd551.php 第 170 行.
NOTIC: [8] Undefined index: active_status E:\wamp\www\thcmf\data\runtime\Cache\Recruit\4010720ce5459aebc7c3f96ba0ffd551.php 第 171 行.
NOTIC: [8] Undefined variable: status E:\wamp\www\thcmf\data\runtime\Cache\Recruit\4010720ce5459aebc7c3f96ba0ffd551.php 第 171 行.
NOTIC: [8] Undefined index: join_count E:\wamp\www\thcmf\data\runtime\Cache\Recruit\4010720ce5459aebc7c3f96ba0ffd551.php 第 175 行.
NOTIC: [8] Undefined index: user_login E:\wamp\www\thcmf\data\runtime\Cache\Recruit\4010720ce5459aebc7c3f96ba0ffd551.php 第 167 行.
NOTIC: [8] Undefined index: time_width E:\wamp\www\thcmf\data\runtime\Cache\Recruit\4010720ce5459aebc7c3f96ba0ffd551.php 第 170 行.
NOTIC: [8] Undefined index: active_status E:\wamp\www\thcmf\data\runtime\Cache\Recruit\4010720ce5459aebc7c3f96ba0ffd551.php 第 171 行.
NOTIC: [8] Undefined variable: status E:\wamp\www\thcmf\data\runtime\Cache\Recruit\4010720ce5459aebc7c3f96ba0ffd551.php 第 171 行.
NOTIC: [8] Undefined index: join_count E:\wamp\www\thcmf\data\runtime\Cache\Recruit\4010720ce5459aebc7c3f96ba0ffd551.php 第 175 行.
NOTIC: [8] Undefined index: user_login E:\wamp\www\thcmf\data\runtime\Cache\Recruit\4010720ce5459aebc7c3f96ba0ffd551.php 第 167 行.
NOTIC: [8] Undefined index: time_width E:\wamp\www\thcmf\data\runtime\Cache\Recruit\4010720ce5459aebc7c3f96ba0ffd551.php 第 170 行.
NOTIC: [8] Undefined index: active_status E:\wamp\www\thcmf\data\runtime\Cache\Recruit\4010720ce5459aebc7c3f96ba0ffd551.php 第 171 行.
NOTIC: [8] Undefined variable: status E:\wamp\www\thcmf\data\runtime\Cache\Recruit\4010720ce5459aebc7c3f96ba0ffd551.php 第 171 行.
NOTIC: [8] Undefined index: join_count E:\wamp\www\thcmf\data\runtime\Cache\Recruit\4010720ce5459aebc7c3f96ba0ffd551.php 第 175 行.
NOTIC: [8] Undefined index: page E:\wamp\www\thcmf\data\runtime\Cache\Recruit\4010720ce5459aebc7c3f96ba0ffd551.php 第 181 行.
NOTIC: [8] Use of undefined constant recruit - assumed 'recruit' E:\wamp\www\thcmf\data\runtime\Cache\Recruit\4010720ce5459aebc7c3f96ba0ffd551.php 第 183 行.
NOTIC: [8] Use of undefined constant recruit - assumed 'recruit' E:\wamp\www\thcmf\data\runtime\Cache\Recruit\4010720ce5459aebc7c3f96ba0ffd551.php 第 183 行.
NOTIC: [2] Division by zero E:\wamp\www\thcmf\data\runtime\Cache\Recruit\4010720ce5459aebc7c3f96ba0ffd551.php 第 183 行.
NOTIC: [8] Use of undefined constant listIndex - assumed 'listIndex' E:\wamp\www\thcmf\data\runtime\Cache\Recruit\4010720ce5459aebc7c3f96ba0ffd551.php 第 183 行.
NOTIC: [2] Division by zero E:\wamp\www\thcmf\data\runtime\Cache\Recruit\4010720ce5459aebc7c3f96ba0ffd551.php 第 183 行.
SQL: SHOW COLUMNS FROM `sp_links` [ RunTime:0.0127s ]
SQL: SELECT * FROM `sp_links` WHERE ( link_status=1 ) ORDER BY listorder ASC  [ RunTime:0.0005s ]
INFO: Run Behavior\ParseTemplateBehavior [ RunTime:0.282529s ]
INFO: [ view_parse ] --END-- [ RunTime:0.282716s ]
INFO: [ view_filter ] --START--
INFO: Run Behavior\WriteHtmlCacheBehavior [ RunTime:0.000909s ]
INFO: Run Common\Behavior\TmplStripSpaceBehavior [ RunTime:0.000740s ]
INFO: [ view_filter ] --END-- [ RunTime:0.001875s ]
INFO: [ app_end ] --START--
INFO: Run Behavior\ShowPageTraceBehavior [ RunTime:0.001169s ]
INFO: [ app_end ] --END-- [ RunTime:0.001319s ]

[ 2015-11-01T22:15:28+08:00 ] ::1 /thcmf/index.php?g=Recruit&m=Recruit&a=index&id=3
NOTIC: D方法实例化没找到模型类Common\Model\RecruitModel

[ 2015-11-01T22:15:35+08:00 ] ::1 /thcmf/index.php?g=Recruit&m=Recruit&a=index&time_limit=1&time_type=1&term_type=test&time_limit=&active_status=
INFO: [ app_begin ] --START--
INFO: Run Behavior\ReadHtmlCacheBehavior [ RunTime:0.001101s ]
INFO: Run Behavior\CheckLangBehavior [ RunTime:0.002138s ]
INFO: [ app_begin ] --END-- [ RunTime:0.004092s ]
SQL: SHOW COLUMNS FROM `sp_users` [ RunTime:0.0149s ]
SQL: SELECT `user_status` FROM `sp_users` WHERE `id` = '1' LIMIT 1   [ RunTime:0.0003s ]
NOTIC: D方法实例化没找到模型类Common\Model\RecruitModel
SQL: SHOW COLUMNS FROM `sp_recruit` [ RunTime:0.0138s ]
SQL: SHOW COLUMNS FROM `sp_posts` [ RunTime:0.0122s ]
SQL: SHOW COLUMNS FROM `sp_term_relationships` [ RunTime:0.0154s ]
SQL: SHOW COLUMNS FROM `sp_terms` [ RunTime:0.0125s ]
NOTIC: [8] Undefined index: term E:\wamp\www\thcmf\application\Recruit\Controller\RecruitController.class.php 第 28 行.
NOTIC: [8] Undefined variable: time_status E:\wamp\www\thcmf\application\Recruit\Controller\RecruitController.class.php 第 33 行.
SQL: SELECT `object_id`,tr.tid,`object_id`,`post_title`,`post_address`,`post_date`,`ac_start`,`ac_end`,`smeta`,`post_hits`,`post_like` FROM sp_posts po INNER JOIN sp_term_relationships tr on po.id = tr.object_id INNER JOIN sp_terms t on tr.term_id = t.term_id  WHERE `quality` LIKE '%%' AND t.term_id LIKE '%%' AND `active_status` LIKE '%%'  [ RunTime:0.0007s ]
SQL: SELECT * FROM `sp_terms` WHERE ( parent=3 )  [ RunTime:0.0004s ]
INFO: [ view_parse ] --START--
INFO: [ template_filter ] --START--
INFO: Run Behavior\ContentReplaceBehavior [ RunTime:0.000348s ]
INFO: [ template_filter ] --END-- [ RunTime:0.000529s ]
NOTIC: [8] Undefined index: ajax E:\wamp\www\thcmf\data\runtime\Cache\Recruit\4010720ce5459aebc7c3f96ba0ffd551.php 第 1 行.
NOTIC: [8] Undefined variable: name E:\wamp\www\thcmf\data\runtime\Cache\Recruit\4010720ce5459aebc7c3f96ba0ffd551.php 第 6 行.
NOTIC: [8] Undefined variable: seo_title E:\wamp\www\thcmf\data\runtime\Cache\Recruit\4010720ce5459aebc7c3f96ba0ffd551.php 第 6 行.
NOTIC: [8] Undefined variable: seo_keywords E:\wamp\www\thcmf\data\runtime\Cache\Recruit\4010720ce5459aebc7c3f96ba0ffd551.php 第 7 行.
NOTIC: [8] Undefined variable: seo_description E:\wamp\www\thcmf\data\runtime\Cache\Recruit\4010720ce5459aebc7c3f96ba0ffd551.php 第 8 行.
SQL: SHOW COLUMNS FROM `sp_nav` [ RunTime:0.0243s ]
SQL: SHOW COLUMNS FROM `sp_nav_cat` [ RunTime:0.0167s ]
SQL: SELECT * FROM `sp_nav_cat` WHERE ( active=1 ) LIMIT 1   [ RunTime:0.0004s ]
SQL: SELECT * FROM `sp_nav` WHERE ( cid=1 and status=1 ) ORDER BY `listorder` ASC  [ RunTime:0.0005s ]
NOTIC: [8] Undefined variable: posts E:\wamp\www\thcmf\data\runtime\Cache\Recruit\4010720ce5459aebc7c3f96ba0ffd551.php 第 152 行.
NOTIC: [8] Undefined variable: posts E:\wamp\www\thcmf\data\runtime\Cache\Recruit\4010720ce5459aebc7c3f96ba0ffd551.php 第 181 行.
NOTIC: [8] Use of undefined constant recruit - assumed 'recruit' E:\wamp\www\thcmf\data\runtime\Cache\Recruit\4010720ce5459aebc7c3f96ba0ffd551.php 第 183 行.
NOTIC: [8] Use of undefined constant recruit - assumed 'recruit' E:\wamp\www\thcmf\data\runtime\Cache\Recruit\4010720ce5459aebc7c3f96ba0ffd551.php 第 183 行.
NOTIC: [2] Division by zero E:\wamp\www\thcmf\data\runtime\Cache\Recruit\4010720ce5459aebc7c3f96ba0ffd551.php 第 183 行.
NOTIC: [8] Use of undefined constant listIndex - assumed 'listIndex' E:\wamp\www\thcmf\data\runtime\Cache\Recruit\4010720ce5459aebc7c3f96ba0ffd551.php 第 183 行.
NOTIC: [2] Division by zero E:\wamp\www\thcmf\data\runtime\Cache\Recruit\4010720ce5459aebc7c3f96ba0ffd551.php 第 183 行.
SQL: SHOW COLUMNS FROM `sp_links` [ RunTime:0.0116s ]
SQL: SELECT * FROM `sp_links` WHERE ( link_status=1 ) ORDER BY listorder ASC  [ RunTime:0.0004s ]
INFO: Run Behavior\ParseTemplateBehavior [ RunTime:0.262065s ]
INFO: [ view_parse ] --END-- [ RunTime:0.262236s ]
INFO: [ view_filter ] --START--
INFO: Run Behavior\WriteHtmlCacheBehavior [ RunTime:0.000759s ]
INFO: Run Common\Behavior\TmplStripSpaceBehavior [ RunTime:0.000750s ]
INFO: [ view_filter ] --END-- [ RunTime:0.001744s ]
INFO: [ app_end ] --START--
INFO: Run Behavior\ShowPageTraceBehavior [ RunTime:0.001018s ]
INFO: [ app_end ] --END-- [ RunTime:0.001166s ]

[ 2015-11-01T22:16:52+08:00 ] ::1 /thcmf/index.php?g=Recruit&m=Recruit&a=index&id=3
NOTIC: D方法实例化没找到模型类Common\Model\RecruitModel

[ 2015-11-01T22:16:55+08:00 ] ::1 /thcmf/index.php?g=Recruit&m=Recruit&a=index&time_limit=1&time_type=&term_type=&time_limit=&active_status=
INFO: [ app_begin ] --START--
INFO: Run Behavior\ReadHtmlCacheBehavior [ RunTime:0.000811s ]
INFO: Run Behavior\CheckLangBehavior [ RunTime:0.001347s ]
INFO: [ app_begin ] --END-- [ RunTime:0.003002s ]
SQL: SHOW COLUMNS FROM `sp_users` [ RunTime:0.0185s ]
SQL: SELECT `user_status` FROM `sp_users` WHERE `id` = '1' LIMIT 1   [ RunTime:0.0003s ]
NOTIC: D方法实例化没找到模型类Common\Model\RecruitModel
SQL: SHOW COLUMNS FROM `sp_recruit` [ RunTime:0.0145s ]
SQL: SHOW COLUMNS FROM `sp_posts` [ RunTime:0.0126s ]
SQL: SHOW COLUMNS FROM `sp_term_relationships` [ RunTime:0.0119s ]
SQL: SHOW COLUMNS FROM `sp_terms` [ RunTime:0.0139s ]
NOTIC: [8] Undefined index: term E:\wamp\www\thcmf\application\Recruit\Controller\RecruitController.class.php 第 28 行.
NOTIC: [8] Undefined variable: time_status E:\wamp\www\thcmf\application\Recruit\Controller\RecruitController.class.php 第 30 行.
NOTIC: [8] Undefined variable: where E:\wamp\www\thcmf\application\Recruit\Controller\RecruitController.class.php 第 40 行.
SQL: SELECT `object_id`,tr.tid,`object_id`,`post_title`,`post_address`,`post_date`,`ac_start`,`ac_end`,`smeta`,`post_hits`,`post_like` FROM sp_posts po INNER JOIN sp_term_relationships tr on po.id = tr.object_id INNER JOIN sp_terms t on tr.term_id = t.term_id   [ RunTime:0.0007s ]
SQL: SELECT * FROM `sp_terms` WHERE ( parent=3 )  [ RunTime:0.0005s ]
INFO: [ view_parse ] --START--
INFO: [ template_filter ] --START--
INFO: Run Behavior\ContentReplaceBehavior [ RunTime:0.000343s ]
INFO: [ template_filter ] --END-- [ RunTime:0.000534s ]
NOTIC: [8] Undefined index: ajax E:\wamp\www\thcmf\data\runtime\Cache\Recruit\4010720ce5459aebc7c3f96ba0ffd551.php 第 1 行.
NOTIC: [8] Undefined variable: name E:\wamp\www\thcmf\data\runtime\Cache\Recruit\4010720ce5459aebc7c3f96ba0ffd551.php 第 6 行.
NOTIC: [8] Undefined variable: seo_title E:\wamp\www\thcmf\data\runtime\Cache\Recruit\4010720ce5459aebc7c3f96ba0ffd551.php 第 6 行.
NOTIC: [8] Undefined variable: seo_keywords E:\wamp\www\thcmf\data\runtime\Cache\Recruit\4010720ce5459aebc7c3f96ba0ffd551.php 第 7 行.
NOTIC: [8] Undefined variable: seo_description E:\wamp\www\thcmf\data\runtime\Cache\Recruit\4010720ce5459aebc7c3f96ba0ffd551.php 第 8 行.
SQL: SHOW COLUMNS FROM `sp_nav` [ RunTime:0.0246s ]
SQL: SHOW COLUMNS FROM `sp_nav_cat` [ RunTime:0.0191s ]
SQL: SELECT * FROM `sp_nav_cat` WHERE ( active=1 ) LIMIT 1   [ RunTime:0.0004s ]
SQL: SELECT * FROM `sp_nav` WHERE ( cid=1 and status=1 ) ORDER BY `listorder` ASC  [ RunTime:0.0007s ]
NOTIC: [8] Undefined variable: posts E:\wamp\www\thcmf\data\runtime\Cache\Recruit\4010720ce5459aebc7c3f96ba0ffd551.php 第 152 行.
NOTIC: [8] Undefined variable: posts E:\wamp\www\thcmf\data\runtime\Cache\Recruit\4010720ce5459aebc7c3f96ba0ffd551.php 第 181 行.
NOTIC: [8] Use of undefined constant recruit - assumed 'recruit' E:\wamp\www\thcmf\data\runtime\Cache\Recruit\4010720ce5459aebc7c3f96ba0ffd551.php 第 183 行.
NOTIC: [8] Use of undefined constant recruit - assumed 'recruit' E:\wamp\www\thcmf\data\runtime\Cache\Recruit\4010720ce5459aebc7c3f96ba0ffd551.php 第 183 行.
NOTIC: [2] Division by zero E:\wamp\www\thcmf\data\runtime\Cache\Recruit\4010720ce5459aebc7c3f96ba0ffd551.php 第 183 行.
NOTIC: [8] Use of undefined constant listIndex - assumed 'listIndex' E:\wamp\www\thcmf\data\runtime\Cache\Recruit\4010720ce5459aebc7c3f96ba0ffd551.php 第 183 行.
NOTIC: [2] Division by zero E:\wamp\www\thcmf\data\runtime\Cache\Recruit\4010720ce5459aebc7c3f96ba0ffd551.php 第 183 行.
SQL: SHOW COLUMNS FROM `sp_links` [ RunTime:0.0140s ]
SQL: SELECT * FROM `sp_links` WHERE ( link_status=1 ) ORDER BY listorder ASC  [ RunTime:0.0004s ]
INFO: Run Behavior\ParseTemplateBehavior [ RunTime:0.269380s ]
INFO: [ view_parse ] --END-- [ RunTime:0.269542s ]
INFO: [ view_filter ] --START--
INFO: Run Behavior\WriteHtmlCacheBehavior [ RunTime:0.000722s ]
INFO: Run Common\Behavior\TmplStripSpaceBehavior [ RunTime:0.000680s ]
INFO: [ view_filter ] --END-- [ RunTime:0.001629s ]
INFO: [ app_end ] --START--
INFO: Run Behavior\ShowPageTraceBehavior [ RunTime:0.001003s ]
INFO: [ app_end ] --END-- [ RunTime:0.001151s ]

[ 2015-11-01T22:17:37+08:00 ] ::1 /thcmf/index.php?g=Recruit&m=Recruit&a=index&id=3
NOTIC: D方法实例化没找到模型类Common\Model\RecruitModel

[ 2015-11-01T22:18:18+08:00 ] ::1 /thcmf/index.php?g=Recruit&m=Recruit&a=index&id=3
NOTIC: D方法实例化没找到模型类Common\Model\RecruitModel

[ 2015-11-01T22:39:59+08:00 ] ::1 /thcmf/index.php?g=Recruit&m=Recruit&a=index&id=3
NOTIC: D方法实例化没找到模型类Common\Model\RecruitModel

[ 2015-11-01T22:41:05+08:00 ] ::1 /thcmf/index.php?g=Recruit&m=Recruit&a=index&id=3
NOTIC: D方法实例化没找到模型类Common\Model\RecruitModel

[ 2015-11-01T22:42:48+08:00 ] ::1 /thcmf/index.php?g=Recruit&m=Recruit&a=index&id=3
NOTIC: D方法实例化没找到模型类Common\Model\RecruitModel

[ 2015-11-01T22:43:14+08:00 ] ::1 /thcmf/index.php?g=Recruit&m=Recruit&a=index&id=3
NOTIC: D方法实例化没找到模型类Common\Model\RecruitModel

[ 2015-11-01T22:43:41+08:00 ] ::1 /thcmf/index.php?g=Recruit&m=Recruit&a=index&id=3
NOTIC: D方法实例化没找到模型类Common\Model\RecruitModel

[ 2015-11-01T22:43:51+08:00 ] ::1 /thcmf/index.php?g=Recruit&m=Recruit&a=index
NOTIC: D方法实例化没找到模型类Common\Model\RecruitModel

[ 2015-11-01T23:38:22+08:00 ] ::1 /thcmf/index.php?g=Recruit&m=Recruit&a=index
NOTIC: D方法实例化没找到模型类Common\Model\RecruitModel

[ 2015-11-01T23:38:58+08:00 ] ::1 /thcmf/index.php?g=Recruit&m=Recruit&a=index
NOTIC: D方法实例化没找到模型类Common\Model\RecruitModel

[ 2015-11-01T23:39:07+08:00 ] ::1 /thcmf/index.php?g=recruit&m=recruit&a=listIndex&time_limit=1&time_type=&term_type=&time_limit=&active_status=
INFO: [ app_begin ] --START--
INFO: Run Behavior\ReadHtmlCacheBehavior [ RunTime:0.002264s ]
INFO: Run Behavior\CheckLangBehavior [ RunTime:0.002608s ]
INFO: [ app_begin ] --END-- [ RunTime:0.006116s ]
SQL: SHOW COLUMNS FROM `sp_users` [ RunTime:0.0165s ]
SQL: SELECT `user_status` FROM `sp_users` WHERE `id` = '1' LIMIT 1   [ RunTime:0.0004s ]
NOTIC: D方法实例化没找到模型类Common\Model\RecruitModel
SQL: SHOW COLUMNS FROM `sp_recruit` [ RunTime:0.0136s ]
SQL: SHOW COLUMNS FROM `sp_posts` [ RunTime:0.0129s ]
SQL: SHOW COLUMNS FROM `sp_term_relationships` [ RunTime:0.0119s ]
SQL: SHOW COLUMNS FROM `sp_terms` [ RunTime:0.0142s ]
NOTIC: [8] Undefined index: term E:\wamp\www\thcmf\application\Recruit\Controller\RecruitController.class.php 第 28 行.
NOTIC: [8] Undefined variable: time_status E:\wamp\www\thcmf\application\Recruit\Controller\RecruitController.class.php 第 30 行.
NOTIC: [8] Undefined variable: where E:\wamp\www\thcmf\application\Recruit\Controller\RecruitController.class.php 第 40 行.
SQL: SELECT `object_id`,tr.tid,`object_id`,`post_title`,`post_address`,`post_date`,`ac_start`,`ac_end`,`smeta`,`post_hits`,`post_like` FROM sp_posts po INNER JOIN sp_term_relationships tr on po.id = tr.object_id INNER JOIN sp_terms t on tr.term_id = t.term_id   [ RunTime:0.0006s ]
INFO: [ app_end ] --START--
INFO: Run Behavior\ShowPageTraceBehavior [ RunTime:0.001183s ]
INFO: [ app_end ] --END-- [ RunTime:0.001350s ]

