[ 2015-10-13T12:56:19+08:00 ] ::1 /thcmf/index.php?g=Recruit&m=Recruitadmin&a=index&menuid=163
NOTIC: D方法实例化没找到模型类Common\Model\RecruitModel

[ 2015-10-13T13:04:24+08:00 ] ::1 /thcmf/index.php?g=recruit&m=recruit&a=post
NOTIC: D方法实例化没找到模型类Common\Model\RecruitModel

[ 2015-10-13T13:04:32+08:00 ] ::1 /thcmf/index.php?g=Recruit&m=Recruitadmin&a=index&menuid=163
NOTIC: D方法实例化没找到模型类Common\Model\RecruitModel

[ 2015-10-13T13:04:42+08:00 ] ::1 /thcmf/index.php?g=Recruit&m=Recruitadmin&a=member&id=68
NOTIC: D方法实例化没找到模型类Common\Model\RecruitModel

[ 2015-10-13T13:04:47+08:00 ] ::1 /thcmf/index.php?g=Recruit&m=Recruitadmin&a=member&id=61
NOTIC: D方法实例化没找到模型类Common\Model\RecruitModel

[ 2015-10-13T13:04:54+08:00 ] ::1 /thcmf/index.php?g=Recruit&m=Recruitadmin&a=not_check
NOTIC: D方法实例化没找到模型类Common\Model\RecruitModel

[ 2015-10-13T13:04:56+08:00 ] ::1 /thcmf/index.php?g=Recruit&m=Recruitadmin&a=check&check=1
INFO: [ app_begin ] --START--
INFO: Run Behavior\ReadHtmlCacheBehavior [ RunTime:0.000792s ]
INFO: Run Behavior\CheckLangBehavior [ RunTime:0.001247s ]
INFO: [ app_begin ] --END-- [ RunTime:0.002801s ]
SQL: SHOW COLUMNS FROM `sp_users` [ RunTime:0.0158s ]
SQL: SELECT * FROM `sp_users` WHERE ( id=1 ) LIMIT 1   [ RunTime:0.0005s ]
NOTIC: D方法实例化没找到模型类Common\Model\RecruitModel
SQL: SHOW COLUMNS FROM `sp_recruit` [ RunTime:0.0127s ]
SQL: SHOW COLUMNS FROM `sp_posts` [ RunTime:0.0125s ]
SQL: SHOW COLUMNS FROM `sp_term_relationships` [ RunTime:0.0113s ]
SQL: SHOW COLUMNS FROM `sp_users` [ RunTime:0.0094s ]

[ 2015-10-13T13:05:06+08:00 ] ::1 /thcmf/index.php?g=Recruit&m=Recruitadmin&a=not_check
NOTIC: D方法实例化没找到模型类Common\Model\RecruitModel

[ 2015-10-13T13:05:09+08:00 ] ::1 /thcmf/index.php?g=Recruit&m=Recruitadmin&a=check&check=1
INFO: [ app_begin ] --START--
INFO: Run Behavior\ReadHtmlCacheBehavior [ RunTime:0.001311s ]
INFO: Run Behavior\CheckLangBehavior [ RunTime:0.001873s ]
INFO: [ app_begin ] --END-- [ RunTime:0.004243s ]
SQL: SHOW COLUMNS FROM `sp_users` [ RunTime:0.0170s ]
SQL: SELECT * FROM `sp_users` WHERE ( id=1 ) LIMIT 1   [ RunTime:0.0006s ]
NOTIC: D方法实例化没找到模型类Common\Model\RecruitModel
SQL: SHOW COLUMNS FROM `sp_recruit` [ RunTime:0.0139s ]
SQL: SHOW COLUMNS FROM `sp_posts` [ RunTime:0.0133s ]
SQL: SHOW COLUMNS FROM `sp_term_relationships` [ RunTime:0.0141s ]
SQL: SHOW COLUMNS FROM `sp_users` [ RunTime:0.0097s ]

[ 2015-10-13T13:05:33+08:00 ] ::1 /thcmf/index.php?g=Recruit&m=Recruitadmin&a=index
NOTIC: D方法实例化没找到模型类Common\Model\RecruitModel

[ 2015-10-13T13:06:05+08:00 ] ::1 /thcmf/index.php?g=Recruit&m=Recruitadmin&a=not_check
NOTIC: D方法实例化没找到模型类Common\Model\RecruitModel

[ 2015-10-13T13:06:08+08:00 ] ::1 /thcmf/index.php?g=Recruit&m=Recruitadmin&a=index
NOTIC: D方法实例化没找到模型类Common\Model\RecruitModel

