[ 2015-10-19T20:12:12+08:00 ] ::1 /thcmf/index.php?g=Recruit&m=Recruitadmin&a=index&menuid=163
NOTIC: D方法实例化没找到模型类Common\Model\RecruitModel

[ 2015-10-19T20:12:15+08:00 ] ::1 /thcmf/index.php?g=Recruit&m=Recruitadmin&a=active_status&active_start=1&id=46
NOTIC: D方法实例化没找到模型类Common\Model\RecruitModel

[ 2015-10-19T20:28:43+08:00 ] ::1 /thcmf/index.php?g=Recruit&m=Recruitadmin&a=index&menuid=163
NOTIC: D方法实例化没找到模型类Common\Model\RecruitModel

[ 2015-10-19T20:28:57+08:00 ] ::1 /thcmf/index.php?g=Recruit&m=Recruitadmin&a=active_status&active_start=1
INFO: [ app_begin ] --START--
INFO: Run Behavior\ReadHtmlCacheBehavior [ RunTime:0.001093s ]
INFO: Run Behavior\CheckLangBehavior [ RunTime:0.001813s ]
INFO: [ app_begin ] --END-- [ RunTime:0.003653s ]
SQL: SHOW COLUMNS FROM `sp_users` [ RunTime:0.0140s ]
SQL: SELECT * FROM `sp_users` WHERE ( id=1 ) LIMIT 1   [ RunTime:0.0005s ]
NOTIC: D方法实例化没找到模型类Common\Model\RecruitModel
SQL: SHOW COLUMNS FROM `sp_recruit` [ RunTime:0.0100s ]
SQL: SHOW COLUMNS FROM `sp_posts` [ RunTime:0.0105s ]
SQL: SHOW COLUMNS FROM `sp_term_relationships` [ RunTime:0.0098s ]
SQL: SHOW COLUMNS FROM `sp_users` [ RunTime:0.0081s ]

[ 2015-10-19T20:29:56+08:00 ] ::1 /thcmf/index.php?g=Recruit&m=Recruitadmin&a=index&menuid=163
NOTIC: D方法实例化没找到模型类Common\Model\RecruitModel

[ 2015-10-19T20:29:59+08:00 ] ::1 /thcmf/index.php?g=Recruit&m=Recruitadmin&a=active_status&active_start=1
INFO: [ app_begin ] --START--
INFO: Run Behavior\ReadHtmlCacheBehavior [ RunTime:0.001195s ]
INFO: Run Behavior\CheckLangBehavior [ RunTime:0.001797s ]
INFO: [ app_begin ] --END-- [ RunTime:0.003812s ]
SQL: SHOW COLUMNS FROM `sp_users` [ RunTime:0.0142s ]
SQL: SELECT * FROM `sp_users` WHERE ( id=1 ) LIMIT 1   [ RunTime:0.0005s ]
NOTIC: D方法实例化没找到模型类Common\Model\RecruitModel
SQL: SHOW COLUMNS FROM `sp_recruit` [ RunTime:0.0105s ]
SQL: SHOW COLUMNS FROM `sp_posts` [ RunTime:0.0109s ]
SQL: SHOW COLUMNS FROM `sp_term_relationships` [ RunTime:0.0098s ]
SQL: SHOW COLUMNS FROM `sp_users` [ RunTime:0.0084s ]

[ 2015-10-19T20:30:45+08:00 ] ::1 /thcmf/index.php?g=Recruit&m=Recruitadmin&a=index&menuid=163
NOTIC: D方法实例化没找到模型类Common\Model\RecruitModel

[ 2015-10-19T20:30:49+08:00 ] ::1 /thcmf/index.php?g=Recruit&m=Recruitadmin&a=active_status&active_start=1
INFO: [ app_begin ] --START--
INFO: Run Behavior\ReadHtmlCacheBehavior [ RunTime:0.001061s ]
INFO: Run Behavior\CheckLangBehavior [ RunTime:0.001732s ]
INFO: [ app_begin ] --END-- [ RunTime:0.003567s ]
SQL: SHOW COLUMNS FROM `sp_users` [ RunTime:0.0140s ]
SQL: SELECT * FROM `sp_users` WHERE ( id=1 ) LIMIT 1   [ RunTime:0.0005s ]
NOTIC: D方法实例化没找到模型类Common\Model\RecruitModel
SQL: SHOW COLUMNS FROM `sp_recruit` [ RunTime:0.0105s ]
SQL: SHOW COLUMNS FROM `sp_posts` [ RunTime:0.0105s ]
SQL: SHOW COLUMNS FROM `sp_term_relationships` [ RunTime:0.0099s ]
SQL: SHOW COLUMNS FROM `sp_users` [ RunTime:0.0082s ]
SQL: UPDATE `sp_posts` SET `active_status`='1' WHERE ( id in (46) ) [ RunTime:0.0005s ]

[ 2015-10-19T20:30:49+08:00 ] ::1 /thcmf/index.php?g=Recruit&m=Recruitadmin&a=index&menuid=163
NOTIC: D方法实例化没找到模型类Common\Model\RecruitModel

[ 2015-10-19T20:33:48+08:00 ] ::1 /thcmf/index.php?g=Recruit&m=Recruitadmin&a=active_status&active_end=1&id=46
NOTIC: D方法实例化没找到模型类Common\Model\RecruitModel

[ 2015-10-19T20:33:56+08:00 ] ::1 /thcmf/index.php?g=Recruit&m=Recruitadmin&a=active_status&active_end=1&id=46
NOTIC: D方法实例化没找到模型类Common\Model\RecruitModel

[ 2015-10-19T20:34:05+08:00 ] ::1 /thcmf/index.php?g=Recruit&m=Recruitadmin&a=active_status&active_end=1
INFO: [ app_begin ] --START--
INFO: Run Behavior\ReadHtmlCacheBehavior [ RunTime:0.001071s ]
INFO: Run Behavior\CheckLangBehavior [ RunTime:0.001658s ]
INFO: [ app_begin ] --END-- [ RunTime:0.003483s ]
SQL: SHOW COLUMNS FROM `sp_users` [ RunTime:0.0136s ]
SQL: SELECT * FROM `sp_users` WHERE ( id=1 ) LIMIT 1   [ RunTime:0.0005s ]
NOTIC: D方法实例化没找到模型类Common\Model\RecruitModel
SQL: SHOW COLUMNS FROM `sp_recruit` [ RunTime:0.0107s ]
SQL: SHOW COLUMNS FROM `sp_posts` [ RunTime:0.0114s ]
SQL: SHOW COLUMNS FROM `sp_term_relationships` [ RunTime:0.0102s ]
SQL: SHOW COLUMNS FROM `sp_users` [ RunTime:0.0080s ]
NOTIC: [8] Undefined index: active_start E:\wamp\www\thcmf\application\Recruit\Controller\RecruitadminController.class.php 第 140 行.
SQL: UPDATE `sp_posts` SET `active_status`='2' WHERE ( id in (46) ) [ RunTime:0.0003s ]

[ 2015-10-19T20:34:05+08:00 ] ::1 /thcmf/index.php?g=Recruit&m=Recruitadmin&a=index&menuid=163
NOTIC: D方法实例化没找到模型类Common\Model\RecruitModel

[ 2015-10-19T20:34:09+08:00 ] ::1 /thcmf/index.php?g=Recruit&m=Recruitadmin&a=active_status&active_start=1&id=46
NOTIC: D方法实例化没找到模型类Common\Model\RecruitModel

[ 2015-10-19T20:35:43+08:00 ] ::1 /thcmf/index.php?g=Recruit&m=Recruitadmin&a=index&menuid=163
NOTIC: D方法实例化没找到模型类Common\Model\RecruitModel

[ 2015-10-19T20:35:45+08:00 ] ::1 /thcmf/index.php?g=Recruit&m=Recruitadmin&a=active_status&active_start=1&id=46
NOTIC: D方法实例化没找到模型类Common\Model\RecruitModel

[ 2015-10-19T20:35:54+08:00 ] ::1 /thcmf/index.php?g=Recruit&m=Recruitadmin&a=active_status&active_start=1&id=46
NOTIC: D方法实例化没找到模型类Common\Model\RecruitModel

[ 2015-10-19T20:36:36+08:00 ] ::1 /thcmf/index.php?g=Recruit&m=Recruitadmin&a=index&menuid=163
NOTIC: D方法实例化没找到模型类Common\Model\RecruitModel

[ 2015-10-19T20:36:37+08:00 ] ::1 /thcmf/index.php?g=Recruit&m=Recruitadmin&a=active_status&active_start=1&id=46
NOTIC: D方法实例化没找到模型类Common\Model\RecruitModel

[ 2015-10-19T20:40:08+08:00 ] ::1 /thcmf/index.php?g=Recruit&m=Recruitadmin&a=active_status&active_start=1&id=46
NOTIC: D方法实例化没找到模型类Common\Model\RecruitModel

[ 2015-10-19T20:41:05+08:00 ] ::1 /thcmf/index.php?g=Recruit&m=Recruitadmin&a=active_status&active_start=1&id=46
NOTIC: D方法实例化没找到模型类Common\Model\RecruitModel

[ 2015-10-19T20:41:08+08:00 ] ::1 /thcmf/index.php?g=Recruit&m=Recruitadmin&a=index&menuid=163
NOTIC: D方法实例化没找到模型类Common\Model\RecruitModel

[ 2015-10-19T20:41:09+08:00 ] ::1 /thcmf/index.php?g=Recruit&m=Recruitadmin&a=active_status&active_start=1&ids=46
NOTIC: D方法实例化没找到模型类Common\Model\RecruitModel

[ 2015-10-19T20:41:55+08:00 ] ::1 /thcmf/index.php?g=Recruit&m=Recruitadmin&a=active_status&active_start=1
INFO: [ app_begin ] --START--
INFO: Run Behavior\ReadHtmlCacheBehavior [ RunTime:0.001037s ]
INFO: Run Behavior\CheckLangBehavior [ RunTime:0.001619s ]
INFO: [ app_begin ] --END-- [ RunTime:0.003415s ]
SQL: SHOW COLUMNS FROM `sp_users` [ RunTime:0.0145s ]
SQL: SELECT * FROM `sp_users` WHERE ( id=1 ) LIMIT 1   [ RunTime:0.0005s ]
NOTIC: D方法实例化没找到模型类Common\Model\RecruitModel
SQL: SHOW COLUMNS FROM `sp_recruit` [ RunTime:0.0110s ]
SQL: SHOW COLUMNS FROM `sp_posts` [ RunTime:0.0112s ]
SQL: SHOW COLUMNS FROM `sp_term_relationships` [ RunTime:0.0098s ]
SQL: SHOW COLUMNS FROM `sp_users` [ RunTime:0.0081s ]
SQL: UPDATE `sp_posts` SET `active_status`='1' WHERE ( id in (46) ) [ RunTime:0.0005s ]

[ 2015-10-19T20:41:55+08:00 ] ::1 /thcmf/index.php?g=Recruit&m=Recruitadmin&a=index&menuid=163
NOTIC: D方法实例化没找到模型类Common\Model\RecruitModel

[ 2015-10-19T20:42:22+08:00 ] ::1 /thcmf/index.php?g=Recruit&m=Recruitadmin&a=index&menuid=163
NOTIC: D方法实例化没找到模型类Common\Model\RecruitModel

[ 2015-10-19T20:42:25+08:00 ] ::1 /thcmf/index.php?g=Recruit&m=Recruitadmin&a=index&menuid=163
NOTIC: D方法实例化没找到模型类Common\Model\RecruitModel

[ 2015-10-19T20:42:26+08:00 ] ::1 /thcmf/index.php?g=Recruit&m=Recruitadmin&a=active_status&active_start=1&ids%5B%5D=46
NOTIC: D方法实例化没找到模型类Common\Model\RecruitModel

[ 2015-10-19T20:42:40+08:00 ] ::1 /thcmf/index.php?g=Recruit&m=Recruitadmin&a=index&menuid=163
NOTIC: D方法实例化没找到模型类Common\Model\RecruitModel

[ 2015-10-19T20:42:42+08:00 ] ::1 /thcmf/index.php?g=Recruit&m=Recruitadmin&a=active_status&active_end=1&ids%5B%5D=46
NOTIC: D方法实例化没找到模型类Common\Model\RecruitModel

[ 2015-10-19T20:42:46+08:00 ] ::1 /thcmf/index.php?g=Recruit&m=Recruitadmin&a=index&menuid=163
NOTIC: D方法实例化没找到模型类Common\Model\RecruitModel

[ 2015-10-19T20:44:06+08:00 ] ::1 /thcmf/index.php?g=Recruit&m=Recruitadmin&a=active_status&active_start=1
INFO: [ app_begin ] --START--
INFO: Run Behavior\ReadHtmlCacheBehavior [ RunTime:0.001097s ]
INFO: Run Behavior\CheckLangBehavior [ RunTime:0.001663s ]
INFO: [ app_begin ] --END-- [ RunTime:0.003525s ]
SQL: SHOW COLUMNS FROM `sp_users` [ RunTime:0.0140s ]
SQL: SELECT * FROM `sp_users` WHERE ( id=1 ) LIMIT 1   [ RunTime:0.0005s ]
NOTIC: D方法实例化没找到模型类Common\Model\RecruitModel
SQL: SHOW COLUMNS FROM `sp_recruit` [ RunTime:0.0106s ]
SQL: SHOW COLUMNS FROM `sp_posts` [ RunTime:0.0103s ]
SQL: SHOW COLUMNS FROM `sp_term_relationships` [ RunTime:0.0099s ]
SQL: SHOW COLUMNS FROM `sp_users` [ RunTime:0.0084s ]
SQL: UPDATE `sp_posts` SET `active_status`='1' WHERE ( id in (46) ) [ RunTime:0.0003s ]

[ 2015-10-19T20:44:06+08:00 ] ::1 /thcmf/index.php?g=Recruit&m=Recruitadmin&a=index&menuid=163
NOTIC: D方法实例化没找到模型类Common\Model\RecruitModel

[ 2015-10-19T20:44:20+08:00 ] ::1 /thcmf/index.php?g=Recruit&m=Recruitadmin&a=index&menuid=163
NOTIC: D方法实例化没找到模型类Common\Model\RecruitModel

[ 2015-10-19T20:44:24+08:00 ] ::1 /thcmf/index.php?g=Recruit&m=Recruitadmin&a=active_status&active_start=1
INFO: [ app_begin ] --START--
INFO: Run Behavior\ReadHtmlCacheBehavior [ RunTime:0.001042s ]
INFO: Run Behavior\CheckLangBehavior [ RunTime:0.001664s ]
INFO: [ app_begin ] --END-- [ RunTime:0.003437s ]
SQL: SHOW COLUMNS FROM `sp_users` [ RunTime:0.0143s ]
SQL: SELECT * FROM `sp_users` WHERE ( id=1 ) LIMIT 1   [ RunTime:0.0005s ]
NOTIC: D方法实例化没找到模型类Common\Model\RecruitModel
SQL: SHOW COLUMNS FROM `sp_recruit` [ RunTime:0.0105s ]
SQL: SHOW COLUMNS FROM `sp_posts` [ RunTime:0.0123s ]
SQL: SHOW COLUMNS FROM `sp_term_relationships` [ RunTime:0.0111s ]
SQL: SHOW COLUMNS FROM `sp_users` [ RunTime:0.0081s ]
SQL: UPDATE `sp_posts` SET `active_status`='1' WHERE ( id in (46,45) ) [ RunTime:0.0004s ]

[ 2015-10-19T20:44:25+08:00 ] ::1 /thcmf/index.php?g=Recruit&m=Recruitadmin&a=index&menuid=163
NOTIC: D方法实例化没找到模型类Common\Model\RecruitModel

[ 2015-10-19T21:19:22+08:00 ] ::1 /thcmf/index.php?g=Recruit&m=Recruitadmin&a=index&menuid=163
NOTIC: D方法实例化没找到模型类Common\Model\RecruitModel

[ 2015-10-19T21:22:38+08:00 ] ::1 /thcmf/index.php?g=Recruit&m=Recruitadmin&a=index&menuid=163
NOTIC: D方法实例化没找到模型类Common\Model\RecruitModel

[ 2015-10-19T21:22:39+08:00 ] ::1 /thcmf/index.php?g=Recruit&m=Recruitadmin&a=active_status&active_start=1&id=46
NOTIC: D方法实例化没找到模型类Common\Model\RecruitModel

[ 2015-10-19T21:27:13+08:00 ] ::1 /thcmf/index.php?g=Recruit&m=Recruitadmin&a=index&menuid=163
NOTIC: D方法实例化没找到模型类Common\Model\RecruitModel

[ 2015-10-19T21:27:14+08:00 ] ::1 /thcmf/index.php?g=Recruit&m=Recruitadmin&a=active_status&active_start=1&id=46
NOTIC: D方法实例化没找到模型类Common\Model\RecruitModel
ERR: SQLSTATE[42000]: Syntax error or access violation: 1064 You have an error in your SQL syntax; check the manual that corresponds to your MySQL server version for the right syntax to use near ') )' at line 1

[ 2015-10-19T21:28:51+08:00 ] ::1 /thcmf/index.php?g=Recruit&m=Recruitadmin&a=index&menuid=163
NOTIC: D方法实例化没找到模型类Common\Model\RecruitModel

[ 2015-10-19T21:28:52+08:00 ] ::1 /thcmf/index.php?g=Recruit&m=Recruitadmin&a=active_status&active_start=1&ids%5B%5D=46
NOTIC: D方法实例化没找到模型类Common\Model\RecruitModel
ERR: SQLSTATE[42000]: Syntax error or access violation: 1064 You have an error in your SQL syntax; check the manual that corresponds to your MySQL server version for the right syntax to use near ') )' at line 1

[ 2015-10-19T21:32:11+08:00 ] ::1 /thcmf/index.php?g=Recruit&m=Recruitadmin&a=active_status&active_start=1&ids%5B%5D=46
NOTIC: D方法实例化没找到模型类Common\Model\RecruitModel

[ 2015-10-19T21:32:15+08:00 ] ::1 /thcmf/index.php?g=Recruit&m=Recruitadmin&a=index&menuid=163
NOTIC: D方法实例化没找到模型类Common\Model\RecruitModel

[ 2015-10-19T21:32:16+08:00 ] ::1 /thcmf/index.php?g=Recruit&m=Recruitadmin&a=active_status&active_start=1&id%5B%5D=46
NOTIC: D方法实例化没找到模型类Common\Model\RecruitModel
ERR: SQLSTATE[42S22]: Column not found: 1054 Unknown column 'Array' in 'where clause'

[ 2015-10-19T21:32:48+08:00 ] ::1 /thcmf/index.php?g=Recruit&m=Recruitadmin&a=active_status&active_start=1&id%5B%5D=46
NOTIC: D方法实例化没找到模型类Common\Model\RecruitModel
ERR: SQLSTATE[42S22]: Column not found: 1054 Unknown column 'Array' in 'where clause'

[ 2015-10-19T21:32:52+08:00 ] ::1 /thcmf/index.php?g=Recruit&m=Recruitadmin&a=index&menuid=163
NOTIC: D方法实例化没找到模型类Common\Model\RecruitModel

[ 2015-10-19T21:32:53+08:00 ] ::1 /thcmf/index.php?g=Recruit&m=Recruitadmin&a=active_status&active_start=1&id=46
NOTIC: D方法实例化没找到模型类Common\Model\RecruitModel

[ 2015-10-19T21:32:55+08:00 ] ::1 /thcmf/index.php?g=Recruit&m=Recruitadmin&a=index&menuid=163
NOTIC: D方法实例化没找到模型类Common\Model\RecruitModel

[ 2015-10-19T21:33:47+08:00 ] ::1 /thcmf/index.php?g=Recruit&m=Recruitadmin&a=index&menuid=163
NOTIC: D方法实例化没找到模型类Common\Model\RecruitModel

[ 2015-10-19T21:33:50+08:00 ] ::1 /thcmf/index.php?g=Recruit&m=Recruitadmin&a=active_status&active_end=1&id=46
NOTIC: D方法实例化没找到模型类Common\Model\RecruitModel

[ 2015-10-19T21:33:51+08:00 ] ::1 /thcmf/index.php?g=Recruit&m=Recruitadmin&a=index&menuid=163
NOTIC: D方法实例化没找到模型类Common\Model\RecruitModel

[ 2015-10-19T21:34:01+08:00 ] ::1 /thcmf/index.php?g=Recruit&m=Recruitadmin&a=active_status&active_start=1&id=46
NOTIC: D方法实例化没找到模型类Common\Model\RecruitModel

[ 2015-10-19T21:34:02+08:00 ] ::1 /thcmf/index.php?g=Recruit&m=Recruitadmin&a=index&menuid=163
NOTIC: D方法实例化没找到模型类Common\Model\RecruitModel

[ 2015-10-19T21:46:58+08:00 ] ::1 /thcmf/index.php?g=recruit&m=recruit&a=post
NOTIC: D方法实例化没找到模型类Common\Model\RecruitModel

[ 2015-10-19T21:47:15+08:00 ] ::1 /thcmf/index.php?g=Recruit&m=Recruitadmin&a=index&menuid=163
NOTIC: D方法实例化没找到模型类Common\Model\RecruitModel

[ 2015-10-19T21:47:19+08:00 ] ::1 /thcmf/index.php?g=Recruit&m=Recruitadmin&a=not_check&id=73
NOTIC: D方法实例化没找到模型类Common\Model\RecruitModel

[ 2015-10-19T21:47:21+08:00 ] ::1 /thcmf/index.php?g=Recruit&m=Recruitadmin&a=check&check=1
INFO: [ app_begin ] --START--
INFO: Run Behavior\ReadHtmlCacheBehavior [ RunTime:0.000913s ]
INFO: Run Behavior\CheckLangBehavior [ RunTime:0.001603s ]
INFO: [ app_begin ] --END-- [ RunTime:0.003303s ]
SQL: SHOW COLUMNS FROM `sp_users` [ RunTime:0.0165s ]
SQL: SELECT * FROM `sp_users` WHERE ( id=1 ) LIMIT 1   [ RunTime:0.0005s ]
NOTIC: D方法实例化没找到模型类Common\Model\RecruitModel
SQL: SHOW COLUMNS FROM `sp_recruit` [ RunTime:0.0106s ]
SQL: SHOW COLUMNS FROM `sp_posts` [ RunTime:0.0114s ]
SQL: SHOW COLUMNS FROM `sp_term_relationships` [ RunTime:0.0099s ]
SQL: SHOW COLUMNS FROM `sp_users` [ RunTime:0.0093s ]
SQL: UPDATE `sp_recruit` SET `status`='1' WHERE ( id in (1) ) [ RunTime:0.0403s ]

[ 2015-10-19T21:47:21+08:00 ] ::1 /thcmf/index.php?g=Recruit&m=Recruitadmin&a=not_check&id=73
NOTIC: D方法实例化没找到模型类Common\Model\RecruitModel

[ 2015-10-19T21:47:23+08:00 ] ::1 /thcmf/index.php?g=Recruit&m=Recruitadmin&a=index
NOTIC: D方法实例化没找到模型类Common\Model\RecruitModel

[ 2015-10-19T21:47:28+08:00 ] ::1 /thcmf/index.php?g=Recruit&m=Recruitadmin&a=active_status&active_start=1&id=1
NOTIC: D方法实例化没找到模型类Common\Model\RecruitModel

[ 2015-10-19T21:47:30+08:00 ] ::1 /thcmf/index.php?g=Recruit&m=Recruitadmin&a=index
NOTIC: D方法实例化没找到模型类Common\Model\RecruitModel

[ 2015-10-19T22:03:30+08:00 ] ::1 /thcmf/index.php?g=Recruit&m=Recruitadmin&a=active_status&active_end=1&id=1
NOTIC: D方法实例化没找到模型类Common\Model\RecruitModel

[ 2015-10-19T22:03:33+08:00 ] ::1 /thcmf/index.php?g=Recruit&m=Recruitadmin&a=index
NOTIC: D方法实例化没找到模型类Common\Model\RecruitModel

[ 2015-10-19T22:03:39+08:00 ] ::1 /thcmf/index.php?g=Recruit&m=Recruitadmin&a=active_status&active_end=1&id=1
NOTIC: D方法实例化没找到模型类Common\Model\RecruitModel

[ 2015-10-19T22:03:42+08:00 ] ::1 /thcmf/index.php?g=Recruit&m=Recruitadmin&a=index
NOTIC: D方法实例化没找到模型类Common\Model\RecruitModel

[ 2015-10-19T22:22:06+08:00 ] ::1 /thcmf/index.php?g=Recruit&m=Recruitadmin&a=index
NOTIC: D方法实例化没找到模型类Common\Model\RecruitModel

[ 2015-10-19T22:25:32+08:00 ] ::1 /thcmf/index.php?g=Recruit&m=Recruitadmin&a=index
NOTIC: D方法实例化没找到模型类Common\Model\RecruitModel

[ 2015-10-19T22:25:56+08:00 ] ::1 /thcmf/index.php?g=Recruit&m=Recruitadmin&a=index
NOTIC: D方法实例化没找到模型类Common\Model\RecruitModel

[ 2015-10-19T22:26:16+08:00 ] ::1 /thcmf/index.php?g=Recruit&m=Recruitadmin&a=index
NOTIC: D方法实例化没找到模型类Common\Model\RecruitModel

[ 2015-10-19T22:28:42+08:00 ] ::1 /thcmf/index.php?g=Recruit&m=Recruitadmin&a=index
NOTIC: D方法实例化没找到模型类Common\Model\RecruitModel

[ 2015-10-19T22:29:04+08:00 ] ::1 /thcmf/index.php?g=Recruit&m=Recruitadmin&a=index
NOTIC: D方法实例化没找到模型类Common\Model\RecruitModel

[ 2015-10-19T22:31:12+08:00 ] ::1 /thcmf/index.php?g=Recruit&m=Recruitadmin&a=index
NOTIC: D方法实例化没找到模型类Common\Model\RecruitModel

[ 2015-10-19T22:33:36+08:00 ] ::1 /thcmf/index.php?g=Recruit&m=Recruitadmin&a=index
NOTIC: D方法实例化没找到模型类Common\Model\RecruitModel

[ 2015-10-19T22:33:37+08:00 ] ::1 /thcmf/index.php?g=Recruit&m=Recruitadmin&a=active_status&active_end=1&id=1
INFO: [ app_begin ] --START--
INFO: Run Behavior\ReadHtmlCacheBehavior [ RunTime:0.000775s ]
INFO: Run Behavior\CheckLangBehavior [ RunTime:0.001546s ]
INFO: [ app_begin ] --END-- [ RunTime:0.003062s ]
SQL: SHOW COLUMNS FROM `sp_users` [ RunTime:0.0248s ]
SQL: SELECT * FROM `sp_users` WHERE ( id=1 ) LIMIT 1   [ RunTime:0.0006s ]
NOTIC: D方法实例化没找到模型类Common\Model\RecruitModel
SQL: SHOW COLUMNS FROM `sp_recruit` [ RunTime:0.0180s ]
SQL: SHOW COLUMNS FROM `sp_posts` [ RunTime:0.0136s ]
SQL: SHOW COLUMNS FROM `sp_term_relationships` [ RunTime:0.0134s ]
SQL: SHOW COLUMNS FROM `sp_users` [ RunTime:0.0105s ]
NOTIC: [8] Undefined index: active_start E:\wamp\www\thcmf\application\Recruit\Controller\RecruitadminController.class.php 第 140 行.
SQL: UPDATE `sp_posts` SET `active_status`='2' WHERE ( id in (1) ) [ RunTime:0.0004s ]
SQL: SELECT re.uid FROM sp_posts po INNER JOIN sp_term_relationships tr on po.id = tr.object_id INNER JOIN sp_recruit re on tr.tid = re.tid  LIMIT 1   [ RunTime:0.0004s ]
NOTIC: [8] Undefined index: time E:\wamp\www\thcmf\application\Recruit\Controller\RecruitadminController.class.php 第 160 行.
ERR: SQLSTATE[23000]: Integrity constraint violation: 1048 Column 'duration' cannot be null

[ 2015-10-19T22:37:58+08:00 ] ::1 /thcmf/index.php?g=Recruit&m=Recruitadmin&a=index
NOTIC: D方法实例化没找到模型类Common\Model\RecruitModel

[ 2015-10-19T22:37:59+08:00 ] ::1 /thcmf/index.php?g=Recruit&m=Recruitadmin&a=active_status&active_end=1&id=1
INFO: [ app_begin ] --START--
INFO: Run Behavior\ReadHtmlCacheBehavior [ RunTime:0.000802s ]
INFO: Run Behavior\CheckLangBehavior [ RunTime:0.001596s ]
INFO: [ app_begin ] --END-- [ RunTime:0.003165s ]
SQL: SHOW COLUMNS FROM `sp_users` [ RunTime:0.0216s ]
SQL: SELECT * FROM `sp_users` WHERE ( id=1 ) LIMIT 1   [ RunTime:0.0005s ]
NOTIC: D方法实例化没找到模型类Common\Model\RecruitModel
SQL: SHOW COLUMNS FROM `sp_recruit` [ RunTime:0.0121s ]
SQL: SHOW COLUMNS FROM `sp_posts` [ RunTime:0.0131s ]
SQL: SHOW COLUMNS FROM `sp_term_relationships` [ RunTime:0.0133s ]
SQL: SHOW COLUMNS FROM `sp_users` [ RunTime:0.0081s ]
NOTIC: [8] Undefined index: active_start E:\wamp\www\thcmf\application\Recruit\Controller\RecruitadminController.class.php 第 140 行.
SQL: UPDATE `sp_posts` SET `active_status`='2' WHERE ( id in (1) ) [ RunTime:0.0005s ]
SQL: SELECT re.uid FROM sp_posts po INNER JOIN sp_term_relationships tr on po.id = tr.object_id INNER JOIN sp_recruit re on tr.tid = re.tid  LIMIT 1   [ RunTime:0.0004s ]
NOTIC: [8] Undefined index: time E:\wamp\www\thcmf\application\Recruit\Controller\RecruitadminController.class.php 第 160 行.
ERR: SQLSTATE[23000]: Integrity constraint violation: 1048 Column 'duration' cannot be null

[ 2015-10-19T22:50:45+08:00 ] ::1 /thcmf/index.php?g=Recruit&m=Recruitadmin&a=index
NOTIC: D方法实例化没找到模型类Common\Model\RecruitModel

[ 2015-10-19T22:50:46+08:00 ] ::1 /thcmf/index.php?g=Recruit&m=Recruitadmin&a=active_status&active_end=1&id=1
INFO: [ app_begin ] --START--
INFO: Run Behavior\ReadHtmlCacheBehavior [ RunTime:0.000767s ]
INFO: Run Behavior\CheckLangBehavior [ RunTime:0.001559s ]
INFO: [ app_begin ] --END-- [ RunTime:0.003057s ]
SQL: SHOW COLUMNS FROM `sp_users` [ RunTime:0.0185s ]
SQL: SELECT * FROM `sp_users` WHERE ( id=1 ) LIMIT 1   [ RunTime:0.0005s ]
NOTIC: D方法实例化没找到模型类Common\Model\RecruitModel
SQL: SHOW COLUMNS FROM `sp_recruit` [ RunTime:0.0138s ]
SQL: SHOW COLUMNS FROM `sp_posts` [ RunTime:0.0155s ]
SQL: SHOW COLUMNS FROM `sp_term_relationships` [ RunTime:0.0133s ]
SQL: SHOW COLUMNS FROM `sp_users` [ RunTime:0.0083s ]
NOTIC: [8] Undefined index: active_start E:\wamp\www\thcmf\application\Recruit\Controller\RecruitadminController.class.php 第 140 行.
SQL: UPDATE `sp_posts` SET `active_status`='2' WHERE ( id in (1) ) [ RunTime:0.0005s ]
SQL: SELECT re.uid FROM sp_posts po INNER JOIN sp_term_relationships tr on po.id = tr.object_id INNER JOIN sp_recruit re on tr.tid = re.tid  LIMIT 1   [ RunTime:0.0007s ]
NOTIC: [8] Undefined index: time E:\wamp\www\thcmf\application\Recruit\Controller\RecruitadminController.class.php 第 160 行.
ERR: SQLSTATE[23000]: Integrity constraint violation: 1048 Column 'duration' cannot be null

[ 2015-10-19T22:51:05+08:00 ] ::1 /thcmf/index.php?g=Recruit&m=Recruitadmin&a=index
NOTIC: D方法实例化没找到模型类Common\Model\RecruitModel

[ 2015-10-19T22:51:06+08:00 ] ::1 /thcmf/index.php?g=Recruit&m=Recruitadmin&a=active_status&active_end=1&id=1
INFO: [ app_begin ] --START--
INFO: Run Behavior\ReadHtmlCacheBehavior [ RunTime:0.000781s ]
INFO: Run Behavior\CheckLangBehavior [ RunTime:0.001944s ]
INFO: [ app_begin ] --END-- [ RunTime:0.003550s ]
SQL: SHOW COLUMNS FROM `sp_users` [ RunTime:0.0225s ]
SQL: SELECT * FROM `sp_users` WHERE ( id=1 ) LIMIT 1   [ RunTime:0.0005s ]
NOTIC: D方法实例化没找到模型类Common\Model\RecruitModel
SQL: SHOW COLUMNS FROM `sp_recruit` [ RunTime:0.0120s ]
SQL: SHOW COLUMNS FROM `sp_posts` [ RunTime:0.0113s ]
SQL: SHOW COLUMNS FROM `sp_term_relationships` [ RunTime:0.0112s ]
SQL: SHOW COLUMNS FROM `sp_users` [ RunTime:0.0111s ]
NOTIC: [8] Undefined index: active_start E:\wamp\www\thcmf\application\Recruit\Controller\RecruitadminController.class.php 第 140 行.
SQL: UPDATE `sp_posts` SET `active_status`='2' WHERE ( id in (1) ) [ RunTime:0.0004s ]
SQL: SELECT re.uid FROM sp_posts po INNER JOIN sp_term_relationships tr on po.id = tr.object_id INNER JOIN sp_recruit re on tr.tid = re.tid  LIMIT 1   [ RunTime:0.0004s ]
NOTIC: [8] Undefined index: time E:\wamp\www\thcmf\application\Recruit\Controller\RecruitadminController.class.php 第 160 行.
ERR: SQLSTATE[23000]: Integrity constraint violation: 1048 Column 'duration' cannot be null

[ 2015-10-19T22:52:11+08:00 ] ::1 /thcmf/index.php?g=Recruit&m=Recruitadmin&a=index
NOTIC: D方法实例化没找到模型类Common\Model\RecruitModel

[ 2015-10-19T22:53:01+08:00 ] ::1 /thcmf/index.php?g=Recruit&m=Recruitadmin&a=index
NOTIC: D方法实例化没找到模型类Common\Model\RecruitModel

[ 2015-10-19T22:53:55+08:00 ] ::1 /thcmf/index.php?g=Recruit&m=Recruitadmin&a=index
NOTIC: D方法实例化没找到模型类Common\Model\RecruitModel

[ 2015-10-19T22:53:56+08:00 ] ::1 /thcmf/index.php?g=Recruit&m=Recruitadmin&a=active_status&active_end=1&id=1
INFO: [ app_begin ] --START--
INFO: Run Behavior\ReadHtmlCacheBehavior [ RunTime:0.000965s ]
INFO: Run Behavior\CheckLangBehavior [ RunTime:0.002005s ]
INFO: [ app_begin ] --END-- [ RunTime:0.003697s ]
SQL: SHOW COLUMNS FROM `sp_users` [ RunTime:0.0190s ]
SQL: SELECT * FROM `sp_users` WHERE ( id=1 ) LIMIT 1   [ RunTime:0.0005s ]
NOTIC: D方法实例化没找到模型类Common\Model\RecruitModel
SQL: SHOW COLUMNS FROM `sp_recruit` [ RunTime:0.0112s ]
SQL: SHOW COLUMNS FROM `sp_posts` [ RunTime:0.0117s ]
SQL: SHOW COLUMNS FROM `sp_term_relationships` [ RunTime:0.0112s ]
SQL: SHOW COLUMNS FROM `sp_users` [ RunTime:0.0096s ]
NOTIC: [8] Undefined index: active_start E:\wamp\www\thcmf\application\Recruit\Controller\RecruitadminController.class.php 第 140 行.
SQL: UPDATE `sp_posts` SET `active_status`='2' WHERE ( id in (1) ) [ RunTime:0.0004s ]
SQL: SELECT re.uid FROM sp_posts po INNER JOIN sp_term_relationships tr on po.id = tr.object_id INNER JOIN sp_recruit re on tr.tid = re.tid  LIMIT 1   [ RunTime:0.0004s ]
NOTIC: [8] Undefined index: time E:\wamp\www\thcmf\application\Recruit\Controller\RecruitadminController.class.php 第 160 行.
ERR: SQLSTATE[23000]: Integrity constraint violation: 1048 Column 'duration' cannot be null

[ 2015-10-19T22:55:06+08:00 ] ::1 /thcmf/index.php?g=Recruit&m=Recruitadmin&a=index
NOTIC: D方法实例化没找到模型类Common\Model\RecruitModel

[ 2015-10-19T22:55:07+08:00 ] ::1 /thcmf/index.php?g=Recruit&m=Recruitadmin&a=active_status&active_end=1&id=1
INFO: [ app_begin ] --START--
INFO: Run Behavior\ReadHtmlCacheBehavior [ RunTime:0.001040s ]
INFO: Run Behavior\CheckLangBehavior [ RunTime:0.001567s ]
INFO: [ app_begin ] --END-- [ RunTime:0.003422s ]
SQL: SHOW COLUMNS FROM `sp_users` [ RunTime:0.0178s ]
SQL: SELECT * FROM `sp_users` WHERE ( id=1 ) LIMIT 1   [ RunTime:0.0005s ]
NOTIC: D方法实例化没找到模型类Common\Model\RecruitModel
SQL: SHOW COLUMNS FROM `sp_recruit` [ RunTime:0.0131s ]
SQL: SHOW COLUMNS FROM `sp_posts` [ RunTime:0.0163s ]
SQL: SHOW COLUMNS FROM `sp_term_relationships` [ RunTime:0.0125s ]
SQL: SHOW COLUMNS FROM `sp_users` [ RunTime:0.0120s ]
NOTIC: [8] Undefined index: active_start E:\wamp\www\thcmf\application\Recruit\Controller\RecruitadminController.class.php 第 140 行.
SQL: UPDATE `sp_posts` SET `active_status`='2' WHERE ( id in (1) ) [ RunTime:0.0004s ]
SQL: SELECT re.uid FROM sp_posts po INNER JOIN sp_term_relationships tr on po.id = tr.object_id INNER JOIN sp_recruit re on tr.tid = re.tid  LIMIT 1   [ RunTime:0.0004s ]
NOTIC: [8] Undefined index: time E:\wamp\www\thcmf\application\Recruit\Controller\RecruitadminController.class.php 第 160 行.
ERR: SQLSTATE[23000]: Integrity constraint violation: 1048 Column 'duration' cannot be null

