[ 2015-10-20T00:48:56+08:00 ] ::1 /thcmf/index.php?g=Recruit&m=Recruitadmin&a=index
NOTIC: D方法实例化没找到模型类Common\Model\RecruitModel

[ 2015-10-20T00:48:59+08:00 ] ::1 /thcmf/index.php?g=Recruit&m=Recruitadmin&a=active_status&active_end=1&id=1
INFO: [ app_begin ] --START--
INFO: Run Behavior\ReadHtmlCacheBehavior [ RunTime:0.001538s ]
INFO: Run Behavior\CheckLangBehavior [ RunTime:0.001807s ]
INFO: [ app_begin ] --END-- [ RunTime:0.004512s ]
SQL: SHOW COLUMNS FROM `sp_users` [ RunTime:0.0172s ]
SQL: SELECT * FROM `sp_users` WHERE ( id=1 ) LIMIT 1   [ RunTime:0.0009s ]
NOTIC: D方法实例化没找到模型类Common\Model\RecruitModel
SQL: SHOW COLUMNS FROM `sp_recruit` [ RunTime:0.0124s ]
SQL: SHOW COLUMNS FROM `sp_posts` [ RunTime:0.0152s ]
SQL: SHOW COLUMNS FROM `sp_term_relationships` [ RunTime:0.0134s ]
SQL: SHOW COLUMNS FROM `sp_users` [ RunTime:0.0097s ]
NOTIC: [8] Undefined index: active_start E:\wamp\www\thcmf\application\Recruit\Controller\RecruitadminController.class.php 第 140 行.
SQL: UPDATE `sp_posts` SET `active_status`='2' WHERE ( id in (1) ) [ RunTime:0.0005s ]
SQL: SELECT re.uid FROM sp_posts po INNER JOIN sp_term_relationships tr on po.id = tr.object_id INNER JOIN sp_recruit re on tr.tid = re.tid  LIMIT 1   [ RunTime:0.0004s ]
NOTIC: [8] Undefined index: time E:\wamp\www\thcmf\application\Recruit\Controller\RecruitadminController.class.php 第 160 行.
ERR: SQLSTATE[23000]: Integrity constraint violation: 1048 Column 'duration' cannot be null

[ 2015-10-20T00:49:32+08:00 ] ::1 /thcmf/index.php?g=Recruit&m=Recruitadmin&a=index
NOTIC: D方法实例化没找到模型类Common\Model\RecruitModel

[ 2015-10-20T00:50:02+08:00 ] ::1 /thcmf/index.php?g=Recruit&m=Recruitadmin&a=active_status&active_end=1&id=1
NOTIC: D方法实例化没找到模型类Common\Model\RecruitModel
ERR: SQLSTATE[23000]: Integrity constraint violation: 1048 Column 'duration' cannot be null

[ 2015-10-20T00:50:44+08:00 ] ::1 /thcmf/index.php?g=Recruit&m=Recruitadmin&a=index&menuid=163
NOTIC: D方法实例化没找到模型类Common\Model\RecruitModel

[ 2015-10-20T00:50:47+08:00 ] ::1 /thcmf/index.php?g=Recruit&m=Recruitadmin&a=active_status&active_end=1&id=1
NOTIC: D方法实例化没找到模型类Common\Model\RecruitModel
ERR: SQLSTATE[23000]: Integrity constraint violation: 1048 Column 'duration' cannot be null

[ 2015-10-20T00:51:46+08:00 ] ::1 /thcmf/index.php?g=Recruit&m=Recruitadmin&a=index&menuid=163
NOTIC: D方法实例化没找到模型类Common\Model\RecruitModel

[ 2015-10-20T00:51:49+08:00 ] ::1 /thcmf/index.php?g=Recruit&m=Recruitadmin&a=active_status&active_end=1&id=1
NOTIC: D方法实例化没找到模型类Common\Model\RecruitModel
ERR: SQLSTATE[23000]: Integrity constraint violation: 1048 Column 'duration' cannot be null

[ 2015-10-20T00:53:15+08:00 ] ::1 /thcmf/index.php?g=Recruit&m=Recruitadmin&a=active_status&active_end=1&id=1
NOTIC: D方法实例化没找到模型类Common\Model\RecruitModel
ERR: SQLSTATE[23000]: Integrity constraint violation: 1048 Column 'duration' cannot be null

[ 2015-10-20T00:53:20+08:00 ] ::1 /thcmf/index.php?g=Recruit&m=Recruitadmin&a=index&menuid=163
NOTIC: D方法实例化没找到模型类Common\Model\RecruitModel

[ 2015-10-20T00:53:24+08:00 ] ::1 /thcmf/index.php?g=Recruit&m=Recruitadmin&a=active_status&active_end=1&id=1&duration=50
NOTIC: D方法实例化没找到模型类Common\Model\RecruitModel
ERR: SQLSTATE[23000]: Integrity constraint violation: 1048 Column 'duration' cannot be null

[ 2015-10-20T00:54:01+08:00 ] ::1 /thcmf/index.php?g=Recruit&m=Recruitadmin&a=active_status&active_end=1&id=1&duration=50
NOTIC: D方法实例化没找到模型类Common\Model\RecruitModel
ERR: SQLSTATE[23000]: Integrity constraint violation: 1048 Column 'duration' cannot be null

[ 2015-10-20T00:54:04+08:00 ] ::1 /thcmf/index.php?g=Recruit&m=Recruitadmin&a=index&menuid=163
NOTIC: D方法实例化没找到模型类Common\Model\RecruitModel

[ 2015-10-20T00:54:06+08:00 ] ::1 /thcmf/index.php?g=Recruit&m=Recruitadmin&a=active_status&active_end=1&id=1&duration=50
NOTIC: D方法实例化没找到模型类Common\Model\RecruitModel
ERR: SQLSTATE[23000]: Integrity constraint violation: 1048 Column 'duration' cannot be null

[ 2015-10-20T00:54:43+08:00 ] ::1 /thcmf/index.php?g=Recruit&m=Recruitadmin&a=index&menuid=163
NOTIC: D方法实例化没找到模型类Common\Model\RecruitModel

[ 2015-10-20T00:54:46+08:00 ] ::1 /thcmf/index.php?g=Recruit&m=Recruitadmin&a=active_status&active_end=1&id=1&duration=50
NOTIC: D方法实例化没找到模型类Common\Model\RecruitModel
ERR: SQLSTATE[23000]: Integrity constraint violation: 1048 Column 'duration' cannot be null

[ 2015-10-20T00:55:40+08:00 ] ::1 /thcmf/index.php?g=Recruit&m=Recruitadmin&a=index&menuid=163
NOTIC: D方法实例化没找到模型类Common\Model\RecruitModel

[ 2015-10-20T00:55:42+08:00 ] ::1 /thcmf/index.php?g=Recruit&m=Recruitadmin&a=active_status&active_end=1&id=1&duration=50
NOTIC: D方法实例化没找到模型类Common\Model\RecruitModel
ERR: SQLSTATE[23000]: Integrity constraint violation: 1048 Column 'duration' cannot be null

[ 2015-10-20T00:56:07+08:00 ] ::1 /thcmf/index.php?g=Recruit&m=Recruitadmin&a=active_status&active_end=1&id=1&duration=50
NOTIC: D方法实例化没找到模型类Common\Model\RecruitModel
ERR: SQLSTATE[23000]: Integrity constraint violation: 1048 Column 'duration' cannot be null

[ 2015-10-20T00:57:29+08:00 ] ::1 /thcmf/index.php?g=Recruit&m=Recruitadmin&a=active_status&active_end=1&id=1&duration=50
NOTIC: D方法实例化没找到模型类Common\Model\RecruitModel

[ 2015-10-20T00:57:33+08:00 ] ::1 /thcmf/index.php?g=Recruit&m=Recruitadmin&a=index&menuid=163
NOTIC: D方法实例化没找到模型类Common\Model\RecruitModel

[ 2015-10-20T00:59:27+08:00 ] ::1 /thcmf/index.php?g=Recruit&m=Recruitadmin&a=active_status&active_end=1&id=1&duration=50
NOTIC: D方法实例化没找到模型类Common\Model\RecruitModel
ERR: SQLSTATE[23000]: Integrity constraint violation: 1048 Column 'duration' cannot be null

[ 2015-10-20T00:59:51+08:00 ] ::1 /thcmf/index.php?g=Recruit&m=Recruitadmin&a=active_status&active_end=1&id=1&duration=50
NOTIC: D方法实例化没找到模型类Common\Model\RecruitModel
ERR: SQLSTATE[23000]: Integrity constraint violation: 1048 Column 'duration' cannot be null

[ 2015-10-20T01:00:17+08:00 ] ::1 /thcmf/index.php?g=Recruit&m=Recruitadmin&a=active_status&active_end=1&id=1&duration=50
NOTIC: D方法实例化没找到模型类Common\Model\RecruitModel

[ 2015-10-20T01:00:21+08:00 ] ::1 /thcmf/index.php?g=Recruit&m=Recruitadmin&a=active_status&active_end=1&id=1&duration=50
NOTIC: D方法实例化没找到模型类Common\Model\RecruitModel

[ 2015-10-20T01:00:23+08:00 ] ::1 /thcmf/index.php?g=Recruit&m=Recruitadmin&a=active_status&active_end=1&id=1&duration=50
NOTIC: D方法实例化没找到模型类Common\Model\RecruitModel

[ 2015-10-20T01:00:24+08:00 ] ::1 /thcmf/index.php?g=Recruit&m=Recruitadmin&a=active_status&active_end=1&id=1&duration=50
NOTIC: D方法实例化没找到模型类Common\Model\RecruitModel

[ 2015-10-20T01:00:28+08:00 ] ::1 /thcmf/index.php?g=Recruit&m=Recruitadmin&a=active_status&active_end=1&id=1&duration=50
NOTIC: D方法实例化没找到模型类Common\Model\RecruitModel

[ 2015-10-20T01:00:31+08:00 ] ::1 /thcmf/index.php?g=Recruit&m=Recruitadmin&a=active_status&active_end=1&id=1&duration=50
NOTIC: D方法实例化没找到模型类Common\Model\RecruitModel

[ 2015-10-20T01:00:35+08:00 ] ::1 /thcmf/index.php?g=Recruit&m=Recruitadmin&a=active_status&active_end=1&id=1&duration=50
NOTIC: D方法实例化没找到模型类Common\Model\RecruitModel

[ 2015-10-20T01:00:39+08:00 ] ::1 /thcmf/index.php?g=Recruit&m=Recruitadmin&a=active_status&active_end=1&id=1&duration=50
NOTIC: D方法实例化没找到模型类Common\Model\RecruitModel

[ 2015-10-20T01:00:43+08:00 ] ::1 /thcmf/index.php?g=Recruit&m=Recruitadmin&a=active_status&active_end=1&id=1&duration=50
NOTIC: D方法实例化没找到模型类Common\Model\RecruitModel

[ 2015-10-20T01:00:47+08:00 ] ::1 /thcmf/index.php?g=Recruit&m=Recruitadmin&a=active_status&active_end=1&id=1&duration=50
NOTIC: D方法实例化没找到模型类Common\Model\RecruitModel

[ 2015-10-20T01:00:51+08:00 ] ::1 /thcmf/index.php?g=Recruit&m=Recruitadmin&a=active_status&active_end=1&id=1&duration=50
NOTIC: D方法实例化没找到模型类Common\Model\RecruitModel

[ 2015-10-20T01:00:55+08:00 ] ::1 /thcmf/index.php?g=Recruit&m=Recruitadmin&a=active_status&active_end=1&id=1&duration=50
NOTIC: D方法实例化没找到模型类Common\Model\RecruitModel

[ 2015-10-20T01:00:59+08:00 ] ::1 /thcmf/index.php?g=Recruit&m=Recruitadmin&a=active_status&active_end=1&id=1&duration=50
NOTIC: D方法实例化没找到模型类Common\Model\RecruitModel

[ 2015-10-20T01:01:02+08:00 ] ::1 /thcmf/index.php?g=Recruit&m=Recruitadmin&a=active_status&active_end=1&id=1&duration=50
NOTIC: D方法实例化没找到模型类Common\Model\RecruitModel

[ 2015-10-20T01:01:05+08:00 ] ::1 /thcmf/index.php?g=Recruit&m=Recruitadmin&a=active_status&active_end=1&id=1&duration=50
NOTIC: D方法实例化没找到模型类Common\Model\RecruitModel

[ 2015-10-20T01:01:09+08:00 ] ::1 /thcmf/index.php?g=Recruit&m=Recruitadmin&a=active_status&active_end=1&id=1&duration=50
NOTIC: D方法实例化没找到模型类Common\Model\RecruitModel

[ 2015-10-20T01:01:12+08:00 ] ::1 /thcmf/index.php?g=Recruit&m=Recruitadmin&a=active_status&active_end=1&id=1&duration=50
NOTIC: D方法实例化没找到模型类Common\Model\RecruitModel

[ 2015-10-20T01:01:39+08:00 ] ::1 /thcmf/index.php?g=Recruit&m=Recruitadmin&a=index&menuid=163
NOTIC: D方法实例化没找到模型类Common\Model\RecruitModel

[ 2015-10-20T01:01:43+08:00 ] ::1 /thcmf/index.php?g=Recruit&m=Recruitadmin&a=active_status&active_end=1&id=1&duration=50
NOTIC: D方法实例化没找到模型类Common\Model\RecruitModel

[ 2015-10-20T01:02:59+08:00 ] ::1 /thcmf/index.php?g=Recruit&m=Recruitadmin&a=active_status&active_end=1&id=1&duration=50
NOTIC: D方法实例化没找到模型类Common\Model\RecruitModel

[ 2015-10-20T01:03:26+08:00 ] ::1 /thcmf/index.php?g=Recruit&m=Recruitadmin&a=active_status&active_end=1&id=1&duration=50
NOTIC: D方法实例化没找到模型类Common\Model\RecruitModel

[ 2015-10-20T01:03:41+08:00 ] ::1 /thcmf/index.php?g=Recruit&m=Recruitadmin&a=active_status&active_end=1&id=1&duration=50
NOTIC: D方法实例化没找到模型类Common\Model\RecruitModel

[ 2015-10-20T01:04:09+08:00 ] ::1 /thcmf/index.php?g=Recruit&m=Recruitadmin&a=active_status&active_end=1&id=1&duration=50
NOTIC: D方法实例化没找到模型类Common\Model\RecruitModel

[ 2015-10-20T01:04:24+08:00 ] ::1 /thcmf/index.php?g=Recruit&m=Recruitadmin&a=active_status&active_end=1&id=1&duration=50
NOTIC: D方法实例化没找到模型类Common\Model\RecruitModel

[ 2015-10-20T01:04:28+08:00 ] ::1 /thcmf/index.php?g=Recruit&m=Recruitadmin&a=index&menuid=163
NOTIC: D方法实例化没找到模型类Common\Model\RecruitModel

[ 2015-10-20T18:43:59+08:00 ] ::1 /thcmf/index.php?g=Recruit&m=Recruitadmin&a=index&menuid=163
NOTIC: D方法实例化没找到模型类Common\Model\RecruitModel

[ 2015-10-20T18:50:43+08:00 ] ::1 /thcmf/index.php?g=Recruit&m=Recruitadmin&a=active_status&active_end=1&id=1&duration=50
NOTIC: D方法实例化没找到模型类Common\Model\RecruitModel

[ 2015-10-20T18:51:19+08:00 ] ::1 /thcmf/index.php?g=Recruit&m=Recruitadmin&a=active_status&active_end=1&id=1&duration=50
NOTIC: D方法实例化没找到模型类Common\Model\RecruitModel

[ 2015-10-20T18:51:45+08:00 ] ::1 /thcmf/index.php?g=Recruit&m=Recruitadmin&a=active_status&active_end=1&id=1&duration=50
NOTIC: D方法实例化没找到模型类Common\Model\RecruitModel

[ 2015-10-20T18:51:58+08:00 ] ::1 /thcmf/index.php?g=Recruit&m=Recruitadmin&a=active_status&active_end=1&id=1&duration=50
NOTIC: D方法实例化没找到模型类Common\Model\RecruitModel

[ 2015-10-20T18:52:04+08:00 ] ::1 /thcmf/index.php?g=Recruit&m=Recruitadmin&a=active_status&active_end=1&id=1&duration=50
NOTIC: D方法实例化没找到模型类Common\Model\RecruitModel

[ 2015-10-20T18:54:26+08:00 ] ::1 /thcmf/index.php?g=Recruit&m=Recruitadmin&a=active_status&active_end=1&id=1&duration=50
NOTIC: D方法实例化没找到模型类Common\Model\RecruitModel

[ 2015-10-20T18:56:02+08:00 ] ::1 /thcmf/index.php?g=Recruit&m=Recruitadmin&a=active_status&active_end=1&id=1&duration=50
NOTIC: D方法实例化没找到模型类Common\Model\RecruitModel

[ 2015-10-20T18:56:44+08:00 ] ::1 /thcmf/index.php?g=Recruit&m=Recruitadmin&a=active_status&active_end=1&id=1&duration=50
NOTIC: D方法实例化没找到模型类Common\Model\RecruitModel

[ 2015-10-20T18:57:20+08:00 ] ::1 /thcmf/index.php?g=Recruit&m=Recruitadmin&a=active_status&active_end=1&id=1&duration=50
NOTIC: D方法实例化没找到模型类Common\Model\RecruitModel

[ 2015-10-20T18:57:45+08:00 ] ::1 /thcmf/index.php?g=Recruit&m=Recruitadmin&a=active_status&active_end=1&id=1&duration=50
NOTIC: D方法实例化没找到模型类Common\Model\RecruitModel

[ 2015-10-20T18:58:56+08:00 ] ::1 /thcmf/index.php?g=Recruit&m=Recruitadmin&a=index&menuid=163
NOTIC: D方法实例化没找到模型类Common\Model\RecruitModel

[ 2015-10-20T18:58:58+08:00 ] ::1 /thcmf/index.php?g=Recruit&m=Recruitadmin&a=active_status&active_end=1&id=1&status=2&duration=50
NOTIC: D方法实例化没找到模型类Common\Model\RecruitModel

[ 2015-10-20T18:59:21+08:00 ] ::1 /thcmf/index.php?g=Recruit&m=Recruitadmin&a=active_status&active_end=1&id=1&status=2&duration=50
NOTIC: D方法实例化没找到模型类Common\Model\RecruitModel

[ 2015-10-20T18:59:33+08:00 ] ::1 /thcmf/index.php?g=Recruit&m=Recruitadmin&a=active_status&active_end=1&id=1&status=2&duration=50
NOTIC: D方法实例化没找到模型类Common\Model\RecruitModel

[ 2015-10-20T19:00:30+08:00 ] ::1 /thcmf/index.php?g=Recruit&m=Recruitadmin&a=index&menuid=163
NOTIC: D方法实例化没找到模型类Common\Model\RecruitModel

[ 2015-10-20T19:01:22+08:00 ] ::1 /thcmf/index.php?g=Recruit&m=Recruitadmin&a=index&menuid=163
NOTIC: D方法实例化没找到模型类Common\Model\RecruitModel

[ 2015-10-20T19:01:46+08:00 ] ::1 /thcmf/index.php?g=Recruit&m=Recruitadmin&a=active_status&active_end=1&id=1&status=2&duration=50
NOTIC: D方法实例化没找到模型类Common\Model\RecruitModel

[ 2015-10-20T19:02:14+08:00 ] ::1 /thcmf/index.php?g=Recruit&m=Recruitadmin&a=index&menuid=163
NOTIC: D方法实例化没找到模型类Common\Model\RecruitModel

[ 2015-10-20T19:02:19+08:00 ] ::1 /thcmf/index.php?g=Recruit&m=Recruitadmin&a=delete&id=1
INFO: [ app_begin ] --START--
INFO: Run Behavior\ReadHtmlCacheBehavior [ RunTime:0.000978s ]
INFO: Run Behavior\CheckLangBehavior [ RunTime:0.001995s ]
INFO: [ app_begin ] --END-- [ RunTime:0.003833s ]
SQL: SHOW COLUMNS FROM `sp_users` [ RunTime:0.0146s ]
SQL: SELECT * FROM `sp_users` WHERE ( id=1 ) LIMIT 1   [ RunTime:0.0005s ]
NOTIC: D方法实例化没找到模型类Common\Model\RecruitModel
SQL: SHOW COLUMNS FROM `sp_recruit` [ RunTime:0.0104s ]
SQL: SHOW COLUMNS FROM `sp_posts` [ RunTime:0.0111s ]
SQL: SHOW COLUMNS FROM `sp_term_relationships` [ RunTime:0.0114s ]
SQL: SHOW COLUMNS FROM `sp_users` [ RunTime:0.0090s ]
SQL: DELETE FROM `sp_recruit` WHERE ( id=1 ) [ RunTime:0.0393s ]

[ 2015-10-20T19:02:19+08:00 ] ::1 /thcmf/index.php?g=Recruit&m=Recruitadmin&a=index&menuid=163
NOTIC: D方法实例化没找到模型类Common\Model\RecruitModel

[ 2015-10-20T19:05:03+08:00 ] ::1 /thcmf/index.php?g=Recruit&m=Recruitadmin&a=delete
INFO: [ app_begin ] --START--
INFO: Run Behavior\ReadHtmlCacheBehavior [ RunTime:0.002295s ]
INFO: Run Behavior\CheckLangBehavior [ RunTime:0.002906s ]
INFO: [ app_begin ] --END-- [ RunTime:0.006879s ]
SQL: SHOW COLUMNS FROM `sp_users` [ RunTime:0.0143s ]
SQL: SELECT * FROM `sp_users` WHERE ( id=1 ) LIMIT 1   [ RunTime:0.0006s ]
NOTIC: D方法实例化没找到模型类Common\Model\RecruitModel
SQL: SHOW COLUMNS FROM `sp_recruit` [ RunTime:0.0110s ]
SQL: SHOW COLUMNS FROM `sp_posts` [ RunTime:0.0853s ]
SQL: SHOW COLUMNS FROM `sp_term_relationships` [ RunTime:0.0337s ]
SQL: SHOW COLUMNS FROM `sp_users` [ RunTime:0.0156s ]

[ 2015-10-20T19:10:17+08:00 ] ::1 /thcmf/index.php?g=Recruit&m=Recruitadmin&a=index&menuid=163
NOTIC: D方法实例化没找到模型类Common\Model\RecruitModel

[ 2015-10-20T19:10:20+08:00 ] ::1 /thcmf/index.php?g=Recruit&m=Recruitadmin&a=active_status&active_end=1&id=1&status=2&duration=50
NOTIC: D方法实例化没找到模型类Common\Model\RecruitModel

[ 2015-10-20T19:10:25+08:00 ] ::1 /thcmf/index.php?g=Recruit&m=Recruitadmin&a=delete&id=1
INFO: [ app_begin ] --START--
INFO: Run Behavior\ReadHtmlCacheBehavior [ RunTime:0.001791s ]
INFO: Run Behavior\CheckLangBehavior [ RunTime:0.001906s ]
INFO: [ app_begin ] --END-- [ RunTime:0.004911s ]
SQL: SHOW COLUMNS FROM `sp_users` [ RunTime:0.0155s ]
SQL: SELECT * FROM `sp_users` WHERE ( id=1 ) LIMIT 1   [ RunTime:0.0005s ]
NOTIC: D方法实例化没找到模型类Common\Model\RecruitModel
SQL: SHOW COLUMNS FROM `sp_recruit` [ RunTime:0.0112s ]
SQL: SHOW COLUMNS FROM `sp_posts` [ RunTime:0.0131s ]
SQL: SHOW COLUMNS FROM `sp_term_relationships` [ RunTime:0.0104s ]
SQL: SHOW COLUMNS FROM `sp_users` [ RunTime:0.0092s ]
SQL: DELETE FROM `sp_recruit` WHERE ( id=1 ) [ RunTime:0.0004s ]

[ 2015-10-20T19:10:25+08:00 ] ::1 /thcmf/index.php?g=Recruit&m=Recruitadmin&a=index&menuid=163
NOTIC: D方法实例化没找到模型类Common\Model\RecruitModel

[ 2015-10-20T19:10:30+08:00 ] ::1 /thcmf/index.php?g=Recruit&m=Recruitadmin&a=delete
INFO: [ app_begin ] --START--
INFO: Run Behavior\ReadHtmlCacheBehavior [ RunTime:0.001332s ]
INFO: Run Behavior\CheckLangBehavior [ RunTime:0.001787s ]
INFO: [ app_begin ] --END-- [ RunTime:0.004697s ]
SQL: SHOW COLUMNS FROM `sp_users` [ RunTime:0.0154s ]
SQL: SELECT * FROM `sp_users` WHERE ( id=1 ) LIMIT 1   [ RunTime:0.0005s ]
NOTIC: D方法实例化没找到模型类Common\Model\RecruitModel
SQL: SHOW COLUMNS FROM `sp_recruit` [ RunTime:0.0109s ]
SQL: SHOW COLUMNS FROM `sp_posts` [ RunTime:0.0113s ]
SQL: SHOW COLUMNS FROM `sp_term_relationships` [ RunTime:0.0103s ]
SQL: SHOW COLUMNS FROM `sp_users` [ RunTime:0.0091s ]
ERR: Think\Model:recruit方法不存在！

[ 2015-10-20T19:11:51+08:00 ] ::1 /thcmf/index.php?g=Recruit&m=Recruitadmin&a=delete&id=1
INFO: [ app_begin ] --START--
INFO: Run Behavior\ReadHtmlCacheBehavior [ RunTime:0.000956s ]
INFO: Run Behavior\CheckLangBehavior [ RunTime:0.001438s ]
INFO: [ app_begin ] --END-- [ RunTime:0.003206s ]
SQL: SHOW COLUMNS FROM `sp_users` [ RunTime:0.0150s ]
SQL: SELECT * FROM `sp_users` WHERE ( id=1 ) LIMIT 1   [ RunTime:0.0005s ]
NOTIC: D方法实例化没找到模型类Common\Model\RecruitModel
SQL: SHOW COLUMNS FROM `sp_recruit` [ RunTime:0.0105s ]
SQL: SHOW COLUMNS FROM `sp_posts` [ RunTime:0.0110s ]
SQL: SHOW COLUMNS FROM `sp_term_relationships` [ RunTime:0.0105s ]
SQL: SHOW COLUMNS FROM `sp_users` [ RunTime:0.0121s ]
SQL: DELETE FROM `sp_recruit` WHERE ( id=1 ) [ RunTime:0.0005s ]

[ 2015-10-20T19:11:51+08:00 ] ::1 /thcmf/index.php?g=Recruit&m=Recruitadmin&a=index&menuid=163
NOTIC: D方法实例化没找到模型类Common\Model\RecruitModel

[ 2015-10-20T19:12:04+08:00 ] ::1 /thcmf/index.php?g=Recruit&m=Recruitadmin&a=index&menuid=163
NOTIC: D方法实例化没找到模型类Common\Model\RecruitModel

[ 2015-10-20T19:12:08+08:00 ] ::1 /thcmf/index.php?g=Recruit&m=Recruitadmin&a=delete
INFO: [ app_begin ] --START--
INFO: Run Behavior\ReadHtmlCacheBehavior [ RunTime:0.000771s ]
INFO: Run Behavior\CheckLangBehavior [ RunTime:0.001227s ]
INFO: [ app_begin ] --END-- [ RunTime:0.002701s ]
SQL: SHOW COLUMNS FROM `sp_users` [ RunTime:0.0142s ]
SQL: SELECT * FROM `sp_users` WHERE ( id=1 ) LIMIT 1   [ RunTime:0.0005s ]
NOTIC: D方法实例化没找到模型类Common\Model\RecruitModel
SQL: SHOW COLUMNS FROM `sp_recruit` [ RunTime:0.0109s ]
SQL: SHOW COLUMNS FROM `sp_posts` [ RunTime:0.0110s ]
SQL: SHOW COLUMNS FROM `sp_term_relationships` [ RunTime:0.0107s ]
SQL: SHOW COLUMNS FROM `sp_users` [ RunTime:0.0090s ]
ERR: Think\Model:recruit方法不存在！

[ 2015-10-20T19:18:51+08:00 ] ::1 /thcmf/index.php?g=Recruit&m=Recruitadmin&a=index&menuid=163
NOTIC: D方法实例化没找到模型类Common\Model\RecruitModel

[ 2015-10-20T19:18:54+08:00 ] ::1 /thcmf/index.php?g=Recruit&m=AdminPost&a=delete
INFO: [ app_begin ] --START--
INFO: Run Behavior\ReadHtmlCacheBehavior [ RunTime:0.001034s ]
INFO: Run Behavior\CheckLangBehavior [ RunTime:0.001375s ]
INFO: [ app_begin ] --END-- [ RunTime:0.003342s ]
ERR: 无法加载控制器:AdminPost

[ 2015-10-20T19:19:09+08:00 ] ::1 /thcmf/index.php?g=Recruit&m=AdminPost&a=delete
ERR: 无法加载控制器:AdminPost

[ 2015-10-20T19:20:40+08:00 ] ::1 /thcmf/index.php?g=Recruit&m=Recruitadmin&a=index&menuid=163
NOTIC: D方法实例化没找到模型类Common\Model\RecruitModel

[ 2015-10-20T19:20:43+08:00 ] ::1 /thcmf/index.php?g=Recruit&m=AdminPost&a=delete
INFO: [ app_begin ] --START--
INFO: Run Behavior\ReadHtmlCacheBehavior [ RunTime:0.001056s ]
INFO: Run Behavior\CheckLangBehavior [ RunTime:0.001672s ]
INFO: [ app_begin ] --END-- [ RunTime:0.003524s ]
ERR: 无法加载控制器:AdminPost

[ 2015-10-20T19:22:35+08:00 ] ::1 /thcmf/index.php?g=Recruit&m=AdminPost&a=delete
ERR: 无法加载控制器:AdminPost

[ 2015-10-20T19:22:38+08:00 ] ::1 /thcmf/index.php?g=Recruit&m=Recruitadmin&a=index&menuid=163
NOTIC: D方法实例化没找到模型类Common\Model\RecruitModel

[ 2015-10-20T19:26:30+08:00 ] ::1 /thcmf/index.php?g=Recruit&m=Recruitadmin&a=index&menuid=163
NOTIC: D方法实例化没找到模型类Common\Model\RecruitModel

[ 2015-10-20T19:27:20+08:00 ] ::1 /thcmf/index.php?g=Recruit&m=Recruitadmin&a=index&menuid=163
NOTIC: D方法实例化没找到模型类Common\Model\RecruitModel

[ 2015-10-20T19:27:25+08:00 ] ::1 /thcmf/index.php?g=Recruit&m=Recruitadmin&a=delete
INFO: [ app_begin ] --START--
INFO: Run Behavior\ReadHtmlCacheBehavior [ RunTime:0.001037s ]
INFO: Run Behavior\CheckLangBehavior [ RunTime:0.001685s ]
INFO: [ app_begin ] --END-- [ RunTime:0.003527s ]
SQL: SHOW COLUMNS FROM `sp_users` [ RunTime:0.0147s ]
SQL: SELECT * FROM `sp_users` WHERE ( id=1 ) LIMIT 1   [ RunTime:0.0005s ]
NOTIC: D方法实例化没找到模型类Common\Model\RecruitModel
SQL: SHOW COLUMNS FROM `sp_recruit` [ RunTime:0.0109s ]
SQL: SHOW COLUMNS FROM `sp_posts` [ RunTime:0.0117s ]
SQL: SHOW COLUMNS FROM `sp_term_relationships` [ RunTime:0.0122s ]
SQL: SHOW COLUMNS FROM `sp_users` [ RunTime:0.0085s ]
SQL: DELETE FROM `sp_recruit` WHERE ( id in (1) ) [ RunTime:0.0004s ]
NOTIC: [8] Undefined variable: post_table E:\wamp\www\thcmf\application\Recruit\Controller\RecruitadminController.class.php 第 99 行.
NOTIC: [2] in_array() expects parameter 2 to be array, boolean given E:\wamp\www\thcmf\simplewind\Core\Library\Think\Model.class.php 第 1054 行.
NOTIC: [8] Undefined index: post_id E:\wamp\www\thcmf\application\Recruit\Controller\RecruitadminController.class.php 第 105 行.
NOTIC: [2] in_array() expects parameter 2 to be array, boolean given E:\wamp\www\thcmf\simplewind\Core\Library\Think\Model.class.php 第 1054 行.
NOTIC: [8] Undefined index: post_id E:\wamp\www\thcmf\application\Recruit\Controller\RecruitadminController.class.php 第 108 行.

[ 2015-10-20T19:27:25+08:00 ] ::1 /thcmf/index.php?g=Recruit&m=Recruitadmin&a=index&menuid=163
NOTIC: D方法实例化没找到模型类Common\Model\RecruitModel

[ 2015-10-20T19:27:53+08:00 ] ::1 /thcmf/index.php?g=Recruit&m=Recruitadmin&a=index&menuid=163
NOTIC: D方法实例化没找到模型类Common\Model\RecruitModel

[ 2015-10-20T19:39:51+08:00 ] ::1 /thcmf/index.php?g=Recruit&m=Recruitadmin&a=index&menuid=163
NOTIC: D方法实例化没找到模型类Common\Model\RecruitModel

[ 2015-10-20T19:39:57+08:00 ] ::1 /thcmf/index.php?g=Recruit&m=Recruitadmin&a=delete&tid=73
INFO: [ app_begin ] --START--
INFO: Run Behavior\ReadHtmlCacheBehavior [ RunTime:0.001004s ]
INFO: Run Behavior\CheckLangBehavior [ RunTime:0.001629s ]
INFO: [ app_begin ] --END-- [ RunTime:0.003401s ]
SQL: SHOW COLUMNS FROM `sp_users` [ RunTime:0.0149s ]
SQL: SELECT * FROM `sp_users` WHERE ( id=1 ) LIMIT 1   [ RunTime:0.0005s ]
NOTIC: D方法实例化没找到模型类Common\Model\RecruitModel
SQL: SHOW COLUMNS FROM `sp_recruit` [ RunTime:0.0111s ]
SQL: SHOW COLUMNS FROM `sp_posts` [ RunTime:0.0115s ]
SQL: SHOW COLUMNS FROM `sp_term_relationships` [ RunTime:0.0114s ]
SQL: SHOW COLUMNS FROM `sp_users` [ RunTime:0.0091s ]
NOTIC: [2] Invalid argument supplied for foreach() E:\wamp\www\thcmf\simplewind\Core\Library\Think\Model.class.php 第 267 行.
NOTIC: [2] Invalid argument supplied for foreach() E:\wamp\www\thcmf\simplewind\Core\Library\Think\Db\Driver.class.php 第 361 行.
NOTIC: [8] Undefined variable: set E:\wamp\www\thcmf\simplewind\Core\Library\Think\Db\Driver.class.php 第 376 行.
NOTIC: [2] implode() [<a href='function.implode'>function.implode</a>]: Invalid arguments passed E:\wamp\www\thcmf\simplewind\Core\Library\Think\Db\Driver.class.php 第 376 行.
ERR: SQLSTATE[42000]: Syntax error or access violation: 1064 You have an error in your SQL syntax; check the manual that corresponds to your MySQL server version for the right syntax to use near 'WHERE ( tid=73 )' at line 1

[ 2015-10-20T19:41:06+08:00 ] ::1 /thcmf/index.php?g=Recruit&m=Recruitadmin&a=delete&tid=73
INFO: [ app_begin ] --START--
INFO: Run Behavior\ReadHtmlCacheBehavior [ RunTime:0.001054s ]
INFO: Run Behavior\CheckLangBehavior [ RunTime:0.001709s ]
INFO: [ app_begin ] --END-- [ RunTime:0.003542s ]
SQL: SHOW COLUMNS FROM `sp_users` [ RunTime:0.0156s ]
SQL: SELECT * FROM `sp_users` WHERE ( id=1 ) LIMIT 1   [ RunTime:0.0005s ]
NOTIC: D方法实例化没找到模型类Common\Model\RecruitModel
SQL: SHOW COLUMNS FROM `sp_recruit` [ RunTime:0.0113s ]
SQL: SHOW COLUMNS FROM `sp_posts` [ RunTime:0.0126s ]
SQL: SHOW COLUMNS FROM `sp_term_relationships` [ RunTime:0.0119s ]
SQL: SHOW COLUMNS FROM `sp_users` [ RunTime:0.0097s ]
NOTIC: [2] Invalid argument supplied for foreach() E:\wamp\www\thcmf\simplewind\Core\Library\Think\Model.class.php 第 267 行.
NOTIC: [2] Invalid argument supplied for foreach() E:\wamp\www\thcmf\simplewind\Core\Library\Think\Db\Driver.class.php 第 361 行.
NOTIC: [8] Undefined variable: set E:\wamp\www\thcmf\simplewind\Core\Library\Think\Db\Driver.class.php 第 376 行.
NOTIC: [2] implode() [<a href='function.implode'>function.implode</a>]: Invalid arguments passed E:\wamp\www\thcmf\simplewind\Core\Library\Think\Db\Driver.class.php 第 376 行.
ERR: SQLSTATE[42000]: Syntax error or access violation: 1064 You have an error in your SQL syntax; check the manual that corresponds to your MySQL server version for the right syntax to use near 'WHERE `tid` = 73' at line 1

[ 2015-10-20T19:42:00+08:00 ] ::1 /thcmf/index.php?g=Recruit&m=Recruitadmin&a=index&menuid=163
NOTIC: D方法实例化没找到模型类Common\Model\RecruitModel

[ 2015-10-20T19:42:02+08:00 ] ::1 /thcmf/index.php?g=Recruit&m=Recruitadmin&a=delete&tid=73
INFO: [ app_begin ] --START--
INFO: Run Behavior\ReadHtmlCacheBehavior [ RunTime:0.001143s ]
INFO: Run Behavior\CheckLangBehavior [ RunTime:0.001768s ]
INFO: [ app_begin ] --END-- [ RunTime:0.003950s ]
SQL: SHOW COLUMNS FROM `sp_users` [ RunTime:0.0141s ]
SQL: SELECT * FROM `sp_users` WHERE ( id=1 ) LIMIT 1   [ RunTime:0.0005s ]
NOTIC: D方法实例化没找到模型类Common\Model\RecruitModel
SQL: SHOW COLUMNS FROM `sp_recruit` [ RunTime:0.0115s ]
SQL: SHOW COLUMNS FROM `sp_posts` [ RunTime:0.0109s ]
SQL: SHOW COLUMNS FROM `sp_term_relationships` [ RunTime:0.0106s ]
SQL: SHOW COLUMNS FROM `sp_users` [ RunTime:0.0089s ]
NOTIC: [2] Invalid argument supplied for foreach() E:\wamp\www\thcmf\simplewind\Core\Library\Think\Model.class.php 第 267 行.
NOTIC: [2] Invalid argument supplied for foreach() E:\wamp\www\thcmf\simplewind\Core\Library\Think\Db\Driver.class.php 第 361 行.
NOTIC: [8] Undefined variable: set E:\wamp\www\thcmf\simplewind\Core\Library\Think\Db\Driver.class.php 第 376 行.
NOTIC: [2] implode() [<a href='function.implode'>function.implode</a>]: Invalid arguments passed E:\wamp\www\thcmf\simplewind\Core\Library\Think\Db\Driver.class.php 第 376 行.
ERR: SQLSTATE[42000]: Syntax error or access violation: 1064 You have an error in your SQL syntax; check the manual that corresponds to your MySQL server version for the right syntax to use near 'WHERE `tid` = 73' at line 1

[ 2015-10-20T19:42:56+08:00 ] ::1 /thcmf/index.php?g=Recruit&m=Recruitadmin&a=index&menuid=163
NOTIC: D方法实例化没找到模型类Common\Model\RecruitModel

[ 2015-10-20T19:43:01+08:00 ] ::1 /thcmf/index.php?g=Recruit&m=Recruitadmin&a=index&menuid=163
NOTIC: D方法实例化没找到模型类Common\Model\RecruitModel

[ 2015-10-20T19:43:03+08:00 ] ::1 /thcmf/index.php?g=Recruit&m=Recruitadmin&a=delete&tid=73
INFO: [ app_begin ] --START--
INFO: Run Behavior\ReadHtmlCacheBehavior [ RunTime:0.000978s ]
INFO: Run Behavior\CheckLangBehavior [ RunTime:0.001697s ]
INFO: [ app_begin ] --END-- [ RunTime:0.003494s ]
SQL: SHOW COLUMNS FROM `sp_users` [ RunTime:0.0153s ]
SQL: SELECT * FROM `sp_users` WHERE ( id=1 ) LIMIT 1   [ RunTime:0.0005s ]
NOTIC: D方法实例化没找到模型类Common\Model\RecruitModel
SQL: SHOW COLUMNS FROM `sp_recruit` [ RunTime:0.0119s ]
SQL: SHOW COLUMNS FROM `sp_posts` [ RunTime:0.0124s ]
SQL: SHOW COLUMNS FROM `sp_term_relationships` [ RunTime:0.0138s ]
SQL: SHOW COLUMNS FROM `sp_users` [ RunTime:0.0126s ]
NOTIC: [2] Invalid argument supplied for foreach() E:\wamp\www\thcmf\simplewind\Core\Library\Think\Model.class.php 第 267 行.
NOTIC: [2] Invalid argument supplied for foreach() E:\wamp\www\thcmf\simplewind\Core\Library\Think\Db\Driver.class.php 第 361 行.
NOTIC: [8] Undefined variable: set E:\wamp\www\thcmf\simplewind\Core\Library\Think\Db\Driver.class.php 第 376 行.
NOTIC: [2] implode() [<a href='function.implode'>function.implode</a>]: Invalid arguments passed E:\wamp\www\thcmf\simplewind\Core\Library\Think\Db\Driver.class.php 第 376 行.
ERR: SQLSTATE[42000]: Syntax error or access violation: 1064 You have an error in your SQL syntax; check the manual that corresponds to your MySQL server version for the right syntax to use near 'WHERE `tid` = 73' at line 1

[ 2015-10-20T19:44:04+08:00 ] ::1 /thcmf/index.php?g=Recruit&m=Recruitadmin&a=delete&tid=73
INFO: [ app_begin ] --START--
INFO: Run Behavior\ReadHtmlCacheBehavior [ RunTime:0.001378s ]
INFO: Run Behavior\CheckLangBehavior [ RunTime:0.002681s ]
INFO: [ app_begin ] --END-- [ RunTime:0.005080s ]
SQL: SHOW COLUMNS FROM `sp_users` [ RunTime:0.0141s ]
SQL: SELECT * FROM `sp_users` WHERE ( id=1 ) LIMIT 1   [ RunTime:0.0005s ]
NOTIC: D方法实例化没找到模型类Common\Model\RecruitModel
SQL: SHOW COLUMNS FROM `sp_recruit` [ RunTime:0.0106s ]
SQL: SHOW COLUMNS FROM `sp_posts` [ RunTime:0.0113s ]
SQL: SHOW COLUMNS FROM `sp_term_relationships` [ RunTime:0.0111s ]
SQL: SHOW COLUMNS FROM `sp_users` [ RunTime:0.0102s ]
NOTIC: [2] Invalid argument supplied for foreach() E:\wamp\www\thcmf\simplewind\Core\Library\Think\Model.class.php 第 267 行.
NOTIC: [2] Invalid argument supplied for foreach() E:\wamp\www\thcmf\simplewind\Core\Library\Think\Db\Driver.class.php 第 361 行.
NOTIC: [8] Undefined variable: set E:\wamp\www\thcmf\simplewind\Core\Library\Think\Db\Driver.class.php 第 376 行.
NOTIC: [2] implode() [<a href='function.implode'>function.implode</a>]: Invalid arguments passed E:\wamp\www\thcmf\simplewind\Core\Library\Think\Db\Driver.class.php 第 376 行.
ERR: SQLSTATE[42000]: Syntax error or access violation: 1064 You have an error in your SQL syntax; check the manual that corresponds to your MySQL server version for the right syntax to use near 'WHERE `tid` = 73' at line 1

[ 2015-10-20T19:54:57+08:00 ] ::1 /thcmf/index.php?g=Recruit&m=Recruitadmin&a=delete&tid=73
INFO: [ app_begin ] --START--
INFO: Run Behavior\ReadHtmlCacheBehavior [ RunTime:0.001379s ]
INFO: Run Behavior\CheckLangBehavior [ RunTime:0.001678s ]
INFO: [ app_begin ] --END-- [ RunTime:0.003897s ]
SQL: SHOW COLUMNS FROM `sp_users` [ RunTime:0.0156s ]
SQL: SELECT * FROM `sp_users` WHERE ( id=1 ) LIMIT 1   [ RunTime:0.0005s ]
NOTIC: D方法实例化没找到模型类Common\Model\RecruitModel
SQL: SHOW COLUMNS FROM `sp_recruit` [ RunTime:0.0126s ]
SQL: SHOW COLUMNS FROM `sp_posts` [ RunTime:0.0117s ]
SQL: SHOW COLUMNS FROM `sp_term_relationships` [ RunTime:0.0113s ]
SQL: SHOW COLUMNS FROM `sp_users` [ RunTime:0.0093s ]
NOTIC: [2] Invalid argument supplied for foreach() E:\wamp\www\thcmf\simplewind\Core\Library\Think\Model.class.php 第 267 行.
NOTIC: [2] Invalid argument supplied for foreach() E:\wamp\www\thcmf\simplewind\Core\Library\Think\Db\Driver.class.php 第 361 行.
NOTIC: [8] Undefined variable: set E:\wamp\www\thcmf\simplewind\Core\Library\Think\Db\Driver.class.php 第 376 行.
NOTIC: [2] implode() [<a href='function.implode'>function.implode</a>]: Invalid arguments passed E:\wamp\www\thcmf\simplewind\Core\Library\Think\Db\Driver.class.php 第 376 行.
ERR: SQLSTATE[42000]: Syntax error or access violation: 1064 You have an error in your SQL syntax; check the manual that corresponds to your MySQL server version for the right syntax to use near 'WHERE `tid` = 73' at line 1

[ 2015-10-20T19:56:37+08:00 ] ::1 /thcmf/index.php?g=Recruit&m=Recruitadmin&a=index&menuid=163
NOTIC: D方法实例化没找到模型类Common\Model\RecruitModel

[ 2015-10-20T19:56:39+08:00 ] ::1 /thcmf/index.php?g=Recruit&m=Recruitadmin&a=delete&tid=73
INFO: [ app_begin ] --START--
INFO: Run Behavior\ReadHtmlCacheBehavior [ RunTime:0.001145s ]
INFO: Run Behavior\CheckLangBehavior [ RunTime:0.001554s ]
INFO: [ app_begin ] --END-- [ RunTime:0.003480s ]
SQL: SHOW COLUMNS FROM `sp_users` [ RunTime:0.0148s ]
SQL: SELECT * FROM `sp_users` WHERE ( id=1 ) LIMIT 1   [ RunTime:0.0005s ]
NOTIC: D方法实例化没找到模型类Common\Model\RecruitModel
SQL: SHOW COLUMNS FROM `sp_recruit` [ RunTime:0.0107s ]
SQL: SHOW COLUMNS FROM `sp_posts` [ RunTime:0.0118s ]
SQL: SHOW COLUMNS FROM `sp_term_relationships` [ RunTime:0.0117s ]
SQL: SHOW COLUMNS FROM `sp_users` [ RunTime:0.0106s ]
NOTIC: [2] Invalid argument supplied for foreach() E:\wamp\www\thcmf\simplewind\Core\Library\Think\Model.class.php 第 267 行.
NOTIC: [2] Invalid argument supplied for foreach() E:\wamp\www\thcmf\simplewind\Core\Library\Think\Db\Driver.class.php 第 361 行.
NOTIC: [8] Undefined variable: set E:\wamp\www\thcmf\simplewind\Core\Library\Think\Db\Driver.class.php 第 376 行.
NOTIC: [2] implode() [<a href='function.implode'>function.implode</a>]: Invalid arguments passed E:\wamp\www\thcmf\simplewind\Core\Library\Think\Db\Driver.class.php 第 376 行.
ERR: SQLSTATE[42000]: Syntax error or access violation: 1064 You have an error in your SQL syntax; check the manual that corresponds to your MySQL server version for the right syntax to use near 'WHERE `tid` = 73' at line 1

[ 2015-10-20T19:58:48+08:00 ] ::1 /thcmf/index.php?g=Recruit&m=Recruitadmin&a=delete&tid=73
INFO: [ app_begin ] --START--
INFO: Run Behavior\ReadHtmlCacheBehavior [ RunTime:0.000944s ]
INFO: Run Behavior\CheckLangBehavior [ RunTime:0.001704s ]
INFO: [ app_begin ] --END-- [ RunTime:0.003423s ]
SQL: SHOW COLUMNS FROM `sp_users` [ RunTime:0.0149s ]
SQL: SELECT * FROM `sp_users` WHERE ( id=1 ) LIMIT 1   [ RunTime:0.0006s ]
NOTIC: D方法实例化没找到模型类Common\Model\RecruitModel
SQL: SHOW COLUMNS FROM `sp_recruit` [ RunTime:0.0108s ]
SQL: SHOW COLUMNS FROM `sp_posts` [ RunTime:0.0120s ]
SQL: SHOW COLUMNS FROM `sp_term_relationships` [ RunTime:0.0133s ]
SQL: SHOW COLUMNS FROM `sp_users` [ RunTime:0.0094s ]
NOTIC: [2] Invalid argument supplied for foreach() E:\wamp\www\thcmf\simplewind\Core\Library\Think\Model.class.php 第 267 行.
NOTIC: [2] Invalid argument supplied for foreach() E:\wamp\www\thcmf\simplewind\Core\Library\Think\Db\Driver.class.php 第 361 行.
NOTIC: [8] Undefined variable: set E:\wamp\www\thcmf\simplewind\Core\Library\Think\Db\Driver.class.php 第 376 行.
NOTIC: [2] implode() [<a href='function.implode'>function.implode</a>]: Invalid arguments passed E:\wamp\www\thcmf\simplewind\Core\Library\Think\Db\Driver.class.php 第 376 行.
ERR: SQLSTATE[42000]: Syntax error or access violation: 1064 You have an error in your SQL syntax; check the manual that corresponds to your MySQL server version for the right syntax to use near 'WHERE `tid` = 73' at line 1

[ 2015-10-20T19:59:25+08:00 ] ::1 /thcmf/index.php?g=Recruit&m=Recruitadmin&a=delete&tid=73
INFO: [ app_begin ] --START--
INFO: Run Behavior\ReadHtmlCacheBehavior [ RunTime:0.000768s ]
INFO: Run Behavior\CheckLangBehavior [ RunTime:0.001286s ]
INFO: [ app_begin ] --END-- [ RunTime:0.002731s ]
SQL: SHOW COLUMNS FROM `sp_users` [ RunTime:0.0160s ]
SQL: SELECT * FROM `sp_users` WHERE ( id=1 ) LIMIT 1   [ RunTime:0.0005s ]
NOTIC: D方法实例化没找到模型类Common\Model\RecruitModel
SQL: SHOW COLUMNS FROM `sp_recruit` [ RunTime:0.0103s ]
SQL: SHOW COLUMNS FROM `sp_posts` [ RunTime:0.0119s ]
SQL: SHOW COLUMNS FROM `sp_term_relationships` [ RunTime:0.0111s ]
SQL: SHOW COLUMNS FROM `sp_users` [ RunTime:0.0086s ]
NOTIC: [2] Invalid argument supplied for foreach() E:\wamp\www\thcmf\simplewind\Core\Library\Think\Model.class.php 第 267 行.
NOTIC: [2] Invalid argument supplied for foreach() E:\wamp\www\thcmf\simplewind\Core\Library\Think\Db\Driver.class.php 第 361 行.
NOTIC: [8] Undefined variable: set E:\wamp\www\thcmf\simplewind\Core\Library\Think\Db\Driver.class.php 第 376 行.
NOTIC: [2] implode() [<a href='function.implode'>function.implode</a>]: Invalid arguments passed E:\wamp\www\thcmf\simplewind\Core\Library\Think\Db\Driver.class.php 第 376 行.
ERR: SQLSTATE[42000]: Syntax error or access violation: 1064 You have an error in your SQL syntax; check the manual that corresponds to your MySQL server version for the right syntax to use near 'WHERE ( id=1 )' at line 1

[ 2015-10-20T20:03:37+08:00 ] ::1 /thcmf/index.php?g=Recruit&m=Recruitadmin&a=index&menuid=163
NOTIC: D方法实例化没找到模型类Common\Model\RecruitModel

[ 2015-10-20T20:03:43+08:00 ] ::1 /thcmf/index.php?g=Recruit&m=Recruitadmin&a=delete&tid=73
INFO: [ app_begin ] --START--
INFO: Run Behavior\ReadHtmlCacheBehavior [ RunTime:0.000745s ]
INFO: Run Behavior\CheckLangBehavior [ RunTime:0.001158s ]
INFO: [ app_begin ] --END-- [ RunTime:0.002574s ]
SQL: SHOW COLUMNS FROM `sp_users` [ RunTime:0.0138s ]
SQL: SELECT * FROM `sp_users` WHERE ( id=1 ) LIMIT 1   [ RunTime:0.0005s ]
NOTIC: D方法实例化没找到模型类Common\Model\RecruitModel
SQL: SHOW COLUMNS FROM `sp_recruit` [ RunTime:0.0100s ]
SQL: SHOW COLUMNS FROM `sp_posts` [ RunTime:0.0102s ]
SQL: SHOW COLUMNS FROM `sp_term_relationships` [ RunTime:0.0101s ]
SQL: SHOW COLUMNS FROM `sp_users` [ RunTime:0.0082s ]
NOTIC: [2] Invalid argument supplied for foreach() E:\wamp\www\thcmf\simplewind\Core\Library\Think\Model.class.php 第 267 行.
NOTIC: [2] Invalid argument supplied for foreach() E:\wamp\www\thcmf\simplewind\Core\Library\Think\Db\Driver.class.php 第 361 行.
NOTIC: [8] Undefined variable: set E:\wamp\www\thcmf\simplewind\Core\Library\Think\Db\Driver.class.php 第 376 行.
NOTIC: [2] implode() [<a href='function.implode'>function.implode</a>]: Invalid arguments passed E:\wamp\www\thcmf\simplewind\Core\Library\Think\Db\Driver.class.php 第 376 行.
ERR: SQLSTATE[42000]: Syntax error or access violation: 1064 You have an error in your SQL syntax; check the manual that corresponds to your MySQL server version for the right syntax to use near 'WHERE ( id=1 )' at line 1

[ 2015-10-20T20:06:00+08:00 ] ::1 /thcmf/index.php?g=Recruit&m=Recruitadmin&a=delete&tid=73
INFO: [ app_begin ] --START--
INFO: Run Behavior\ReadHtmlCacheBehavior [ RunTime:0.001132s ]
INFO: Run Behavior\CheckLangBehavior [ RunTime:0.001412s ]
INFO: [ app_begin ] --END-- [ RunTime:0.003530s ]
SQL: SHOW COLUMNS FROM `sp_users` [ RunTime:0.0145s ]
SQL: SELECT * FROM `sp_users` WHERE ( id=1 ) LIMIT 1   [ RunTime:0.0005s ]
NOTIC: D方法实例化没找到模型类Common\Model\RecruitModel
SQL: SHOW COLUMNS FROM `sp_recruit` [ RunTime:0.0101s ]
SQL: SHOW COLUMNS FROM `sp_posts` [ RunTime:0.0110s ]
SQL: SHOW COLUMNS FROM `sp_term_relationships` [ RunTime:0.0108s ]
SQL: SHOW COLUMNS FROM `sp_users` [ RunTime:0.0086s ]
NOTIC: [2] Invalid argument supplied for foreach() E:\wamp\www\thcmf\simplewind\Core\Library\Think\Model.class.php 第 267 行.
NOTIC: [2] Invalid argument supplied for foreach() E:\wamp\www\thcmf\simplewind\Core\Library\Think\Db\Driver.class.php 第 361 行.
NOTIC: [8] Undefined variable: set E:\wamp\www\thcmf\simplewind\Core\Library\Think\Db\Driver.class.php 第 376 行.
NOTIC: [2] implode() [<a href='function.implode'>function.implode</a>]: Invalid arguments passed E:\wamp\www\thcmf\simplewind\Core\Library\Think\Db\Driver.class.php 第 376 行.
ERR: SQLSTATE[42000]: Syntax error or access violation: 1064 You have an error in your SQL syntax; check the manual that corresponds to your MySQL server version for the right syntax to use near 'WHERE `tid` = 73' at line 1

[ 2015-10-20T20:09:19+08:00 ] ::1 /thcmf/index.php?g=Recruit&m=Recruitadmin&a=delete&tid=73
INFO: [ app_begin ] --START--
INFO: Run Behavior\ReadHtmlCacheBehavior [ RunTime:0.000889s ]
INFO: Run Behavior\CheckLangBehavior [ RunTime:0.001791s ]
INFO: [ app_begin ] --END-- [ RunTime:0.003421s ]
SQL: SHOW COLUMNS FROM `sp_users` [ RunTime:0.0136s ]
SQL: SELECT * FROM `sp_users` WHERE ( id=1 ) LIMIT 1   [ RunTime:0.0005s ]
NOTIC: D方法实例化没找到模型类Common\Model\RecruitModel
SQL: SHOW COLUMNS FROM `sp_recruit` [ RunTime:0.0098s ]
SQL: SHOW COLUMNS FROM `sp_posts` [ RunTime:0.0117s ]
SQL: SHOW COLUMNS FROM `sp_term_relationships` [ RunTime:0.0102s ]
SQL: SHOW COLUMNS FROM `sp_users` [ RunTime:0.0085s ]
NOTIC: [2] Invalid argument supplied for foreach() E:\wamp\www\thcmf\simplewind\Core\Library\Think\Model.class.php 第 267 行.
NOTIC: [2] Invalid argument supplied for foreach() E:\wamp\www\thcmf\simplewind\Core\Library\Think\Db\Driver.class.php 第 361 行.
NOTIC: [8] Undefined variable: set E:\wamp\www\thcmf\simplewind\Core\Library\Think\Db\Driver.class.php 第 376 行.
NOTIC: [2] implode() [<a href='function.implode'>function.implode</a>]: Invalid arguments passed E:\wamp\www\thcmf\simplewind\Core\Library\Think\Db\Driver.class.php 第 376 行.
ERR: SQLSTATE[42000]: Syntax error or access violation: 1064 You have an error in your SQL syntax; check the manual that corresponds to your MySQL server version for the right syntax to use near 'WHERE `tid` = '73'' at line 1

[ 2015-10-20T20:09:28+08:00 ] ::1 /thcmf/index.php?g=Recruit&m=Recruitadmin&a=delete&tid=73
NOTIC: D方法实例化没找到模型类Common\Model\RecruitModel
ERR: SQLSTATE[42000]: Syntax error or access violation: 1064 You have an error in your SQL syntax; check the manual that corresponds to your MySQL server version for the right syntax to use near 'WHERE `tid` = '73'' at line 1

[ 2015-10-20T20:13:49+08:00 ] ::1 /thcmf/index.php?g=Recruit&m=Recruitadmin&a=index&menuid=163
NOTIC: D方法实例化没找到模型类Common\Model\RecruitModel

[ 2015-10-20T20:13:52+08:00 ] ::1 /thcmf/index.php?g=Recruit&m=Recruitadmin&a=delete&tid=73
INFO: [ app_begin ] --START--
INFO: Run Behavior\ReadHtmlCacheBehavior [ RunTime:0.001038s ]
INFO: Run Behavior\CheckLangBehavior [ RunTime:0.001843s ]
INFO: [ app_begin ] --END-- [ RunTime:0.003730s ]
SQL: SHOW COLUMNS FROM `sp_users` [ RunTime:0.0142s ]
SQL: SELECT * FROM `sp_users` WHERE ( id=1 ) LIMIT 1   [ RunTime:0.0005s ]
NOTIC: D方法实例化没找到模型类Common\Model\RecruitModel
SQL: SHOW COLUMNS FROM `sp_recruit` [ RunTime:0.0105s ]
SQL: SHOW COLUMNS FROM `sp_posts` [ RunTime:0.0107s ]
SQL: SHOW COLUMNS FROM `sp_term_relationships` [ RunTime:0.0107s ]
SQL: SHOW COLUMNS FROM `sp_users` [ RunTime:0.0088s ]
NOTIC: [2] Invalid argument supplied for foreach() E:\wamp\www\thcmf\simplewind\Core\Library\Think\Model.class.php 第 267 行.
NOTIC: [2] Invalid argument supplied for foreach() E:\wamp\www\thcmf\simplewind\Core\Library\Think\Db\Driver.class.php 第 361 行.
NOTIC: [8] Undefined variable: set E:\wamp\www\thcmf\simplewind\Core\Library\Think\Db\Driver.class.php 第 376 行.
NOTIC: [2] implode() [<a href='function.implode'>function.implode</a>]: Invalid arguments passed E:\wamp\www\thcmf\simplewind\Core\Library\Think\Db\Driver.class.php 第 376 行.
ERR: SQLSTATE[42000]: Syntax error or access violation: 1064 You have an error in your SQL syntax; check the manual that corresponds to your MySQL server version for the right syntax to use near 'WHERE ( tid=73 )' at line 1

[ 2015-10-20T20:20:11+08:00 ] ::1 /thcmf/index.php?g=Recruit&m=Recruitadmin&a=delete&tid=73
INFO: [ app_begin ] --START--
INFO: Run Behavior\ReadHtmlCacheBehavior [ RunTime:0.000971s ]
INFO: Run Behavior\CheckLangBehavior [ RunTime:0.001740s ]
INFO: [ app_begin ] --END-- [ RunTime:0.003786s ]
SQL: SHOW COLUMNS FROM `sp_users` [ RunTime:0.0139s ]
SQL: SELECT * FROM `sp_users` WHERE ( id=1 ) LIMIT 1   [ RunTime:0.0006s ]
NOTIC: D方法实例化没找到模型类Common\Model\RecruitModel
SQL: SHOW COLUMNS FROM `sp_recruit` [ RunTime:0.0102s ]
SQL: SHOW COLUMNS FROM `sp_posts` [ RunTime:0.0107s ]
SQL: SHOW COLUMNS FROM `sp_term_relationships` [ RunTime:0.0108s ]
SQL: SHOW COLUMNS FROM `sp_users` [ RunTime:0.0082s ]

[ 2015-10-20T20:20:52+08:00 ] ::1 /thcmf/index.php?g=Recruit&m=Recruitadmin&a=delete&tid=73
INFO: [ app_begin ] --START--
INFO: Run Behavior\ReadHtmlCacheBehavior [ RunTime:0.000760s ]
INFO: Run Behavior\CheckLangBehavior [ RunTime:0.001676s ]
INFO: [ app_begin ] --END-- [ RunTime:0.003206s ]
SQL: SHOW COLUMNS FROM `sp_users` [ RunTime:0.0150s ]
SQL: SELECT * FROM `sp_users` WHERE ( id=1 ) LIMIT 1   [ RunTime:0.0004s ]
NOTIC: D方法实例化没找到模型类Common\Model\RecruitModel
SQL: SHOW COLUMNS FROM `sp_recruit` [ RunTime:0.0114s ]
SQL: SHOW COLUMNS FROM `sp_posts` [ RunTime:0.0122s ]
SQL: SHOW COLUMNS FROM `sp_term_relationships` [ RunTime:0.0109s ]
SQL: SHOW COLUMNS FROM `sp_users` [ RunTime:0.0081s ]
SQL: UPDATE `sp_term_relationships` SET `status`='0' WHERE ( tid=73 ) [ RunTime:0.0005s ]

[ 2015-10-20T20:20:52+08:00 ] ::1 /thcmf/index.php?g=Recruit&m=Recruitadmin&a=index&menuid=163
NOTIC: D方法实例化没找到模型类Common\Model\RecruitModel

[ 2015-10-20T20:22:42+08:00 ] ::1 /thcmf/index.php?g=Recruit&m=Recruitadmin&a=index&menuid=163
NOTIC: D方法实例化没找到模型类Common\Model\RecruitModel

[ 2015-10-20T20:22:46+08:00 ] ::1 /thcmf/index.php?g=Recruit&m=Recruitadmin&a=delete&tid=73
INFO: [ app_begin ] --START--
INFO: Run Behavior\ReadHtmlCacheBehavior [ RunTime:0.000817s ]
INFO: Run Behavior\CheckLangBehavior [ RunTime:0.001730s ]
INFO: [ app_begin ] --END-- [ RunTime:0.003295s ]
SQL: SHOW COLUMNS FROM `sp_users` [ RunTime:0.0129s ]
SQL: SELECT * FROM `sp_users` WHERE ( id=1 ) LIMIT 1   [ RunTime:0.0005s ]
NOTIC: D方法实例化没找到模型类Common\Model\RecruitModel
SQL: SHOW COLUMNS FROM `sp_recruit` [ RunTime:0.0103s ]
SQL: SHOW COLUMNS FROM `sp_posts` [ RunTime:0.0108s ]
SQL: SHOW COLUMNS FROM `sp_term_relationships` [ RunTime:0.0113s ]
SQL: SHOW COLUMNS FROM `sp_users` [ RunTime:0.0082s ]
SQL: UPDATE `sp_term_relationships` SET `status`='0' WHERE ( tid=73 ) [ RunTime:0.0004s ]

[ 2015-10-20T20:22:46+08:00 ] ::1 /thcmf/index.php?g=Recruit&m=Recruitadmin&a=index&menuid=163
NOTIC: D方法实例化没找到模型类Common\Model\RecruitModel

