[ 2015-12-08T01:20:02+08:00 ] ::1 /nupt_volunteer/index.php?g=Recruit&m=Recruitadmin&a=member&id=5
NOTIC: D方法实例化没找到模型类Common\Model\RecruitModel
NOTIC: D方法实例化没找到模型类Common\Model\FacultyRelationshipsModel
NOTIC: D方法实例化没找到模型类Common\Model\FacultyModel

[ 2015-12-08T01:22:31+08:00 ] ::1 /nupt_volunteer/index.php?g=Recruit&m=Recruitadmin&a=index
NOTIC: D方法实例化没找到模型类Common\Model\RecruitModel
NOTIC: D方法实例化没找到模型类Common\Model\FacultyRelationshipsModel
NOTIC: D方法实例化没找到模型类Common\Model\FacultyModel

[ 2015-12-08T01:22:55+08:00 ] ::1 /nupt_volunteer/index.php?g=Recruit&m=Recruitadmin&a=index
NOTIC: D方法实例化没找到模型类Common\Model\RecruitModel
NOTIC: D方法实例化没找到模型类Common\Model\FacultyRelationshipsModel
NOTIC: D方法实例化没找到模型类Common\Model\FacultyModel

[ 2015-12-08T01:23:04+08:00 ] ::1 /nupt_volunteer/index.php?g=Recruit&m=Recruitadmin&a=member&id=5
NOTIC: D方法实例化没找到模型类Common\Model\RecruitModel
NOTIC: D方法实例化没找到模型类Common\Model\FacultyRelationshipsModel
NOTIC: D方法实例化没找到模型类Common\Model\FacultyModel

[ 2015-12-08T01:23:52+08:00 ] ::1 /nupt_volunteer/index.php?g=Recruit&m=Recruitadmin&a=member&id=5
NOTIC: D方法实例化没找到模型类Common\Model\RecruitModel
NOTIC: D方法实例化没找到模型类Common\Model\FacultyRelationshipsModel
NOTIC: D方法实例化没找到模型类Common\Model\FacultyModel

[ 2015-12-08T01:24:11+08:00 ] ::1 /nupt_volunteer/index.php?g=Recruit&m=Recruitadmin&a=member&id=5
NOTIC: D方法实例化没找到模型类Common\Model\RecruitModel
NOTIC: D方法实例化没找到模型类Common\Model\FacultyRelationshipsModel
NOTIC: D方法实例化没找到模型类Common\Model\FacultyModel

[ 2015-12-08T01:25:39+08:00 ] ::1 /nupt_volunteer/index.php?g=Recruit&m=Recruitadmin&a=member&id=5
NOTIC: D方法实例化没找到模型类Common\Model\RecruitModel
NOTIC: D方法实例化没找到模型类Common\Model\FacultyRelationshipsModel
NOTIC: D方法实例化没找到模型类Common\Model\FacultyModel

[ 2015-12-08T01:25:45+08:00 ] ::1 /nupt_volunteer/index.php?g=Recruit&m=Recruitadmin&a=member&id=5
NOTIC: D方法实例化没找到模型类Common\Model\RecruitModel
NOTIC: D方法实例化没找到模型类Common\Model\FacultyRelationshipsModel
NOTIC: D方法实例化没找到模型类Common\Model\FacultyModel

[ 2015-12-08T01:26:27+08:00 ] ::1 /nupt_volunteer/index.php?g=Recruit&m=Recruitadmin&a=member&id=5
NOTIC: D方法实例化没找到模型类Common\Model\RecruitModel
NOTIC: D方法实例化没找到模型类Common\Model\FacultyRelationshipsModel
NOTIC: D方法实例化没找到模型类Common\Model\FacultyModel

[ 2015-12-08T01:26:42+08:00 ] ::1 /nupt_volunteer/index.php?g=Recruit&m=Recruitadmin&a=index
NOTIC: D方法实例化没找到模型类Common\Model\RecruitModel
NOTIC: D方法实例化没找到模型类Common\Model\FacultyRelationshipsModel
NOTIC: D方法实例化没找到模型类Common\Model\FacultyModel

