[ 2015-11-14T14:16:04+08:00 ] ::1 /thcmf/index.php?g=recruit&m=recruit&a=listIndex&&
INFO: [ app_begin ] --START--
INFO: Run Behavior\ReadHtmlCacheBehavior [ RunTime:0.001083s ]
INFO: Run Behavior\CheckLangBehavior [ RunTime:0.001745s ]
INFO: [ app_begin ] --END-- [ RunTime:0.003856s ]
NOTIC: D方法实例化没找到模型类Common\Model\RecruitModel
SQL: SHOW COLUMNS FROM `sp_recruit` [ RunTime:0.0336s ]
SQL: SHOW COLUMNS FROM `sp_posts` [ RunTime:0.0406s ]
SQL: SHOW COLUMNS FROM `sp_term_relationships` [ RunTime:0.0339s ]
SQL: SHOW COLUMNS FROM `sp_terms` [ RunTime:0.0336s ]
NOTIC: [8] Undefined index: time_type E:\wamp\www\thcmf\application\Recruit\Controller\RecruitController.class.php 第 27 行.
NOTIC: [8] Undefined index: term E:\wamp\www\thcmf\application\Recruit\Controller\RecruitController.class.php 第 28 行.
NOTIC: [8] Undefined index: time_limit E:\wamp\www\thcmf\application\Recruit\Controller\RecruitController.class.php 第 29 行.
NOTIC: [8] Undefined variable: term_type E:\wamp\www\thcmf\application\Recruit\Controller\RecruitController.class.php 第 30 行.
NOTIC: [8] Undefined variable: time_status E:\wamp\www\thcmf\application\Recruit\Controller\RecruitController.class.php 第 31 行.
NOTIC: [8] Undefined variable: where E:\wamp\www\thcmf\application\Recruit\Controller\RecruitController.class.php 第 41 行.
SQL: SELECT `object_id`,tr.tid,`object_id`,`post_title`,`post_address`,`post_date`,`ac_start`,`ac_end`,`smeta`,`post_hits`,`post_like` FROM sp_posts po INNER JOIN sp_term_relationships tr on po.id = tr.object_id INNER JOIN sp_terms t on tr.term_id = t.term_id   [ RunTime:0.0009s ]
NOTIC: [8] Undefined index: user_login E:\wamp\www\thcmf\application\Recruit\Controller\RecruitController.class.php 第 63 行.
NOTIC: [8] Undefined index: active_status E:\wamp\www\thcmf\application\Recruit\Controller\RecruitController.class.php 第 67 行.
NOTIC: [8] Undefined index:  E:\wamp\www\thcmf\application\Recruit\Controller\RecruitController.class.php 第 67 行.
NOTIC: [8] Undefined index: join_count E:\wamp\www\thcmf\application\Recruit\Controller\RecruitController.class.php 第 71 行.
NOTIC: [8] Undefined index: user_login E:\wamp\www\thcmf\application\Recruit\Controller\RecruitController.class.php 第 63 行.
NOTIC: [8] Undefined index: active_status E:\wamp\www\thcmf\application\Recruit\Controller\RecruitController.class.php 第 67 行.
NOTIC: [8] Undefined index:  E:\wamp\www\thcmf\application\Recruit\Controller\RecruitController.class.php 第 67 行.
NOTIC: [8] Undefined index: join_count E:\wamp\www\thcmf\application\Recruit\Controller\RecruitController.class.php 第 71 行.
INFO: [ app_end ] --START--
INFO: Run Behavior\ShowPageTraceBehavior [ RunTime:0.024210s ]
INFO: [ app_end ] --END-- [ RunTime:0.024418s ]

[ 2015-11-14T14:16:05+08:00 ] ::1 /thcmf/index.php?g=recruit&m=recruit&a=listIndex&&&term=9
INFO: [ app_begin ] --START--
INFO: Run Behavior\ReadHtmlCacheBehavior [ RunTime:0.001104s ]
INFO: Run Behavior\CheckLangBehavior [ RunTime:0.001439s ]
INFO: [ app_begin ] --END-- [ RunTime:0.003403s ]
NOTIC: D方法实例化没找到模型类Common\Model\RecruitModel
SQL: SHOW COLUMNS FROM `sp_recruit` [ RunTime:0.0147s ]
SQL: SHOW COLUMNS FROM `sp_posts` [ RunTime:0.0114s ]
SQL: SHOW COLUMNS FROM `sp_term_relationships` [ RunTime:0.0119s ]
SQL: SHOW COLUMNS FROM `sp_terms` [ RunTime:0.0131s ]
NOTIC: [8] Undefined index: time_type E:\wamp\www\thcmf\application\Recruit\Controller\RecruitController.class.php 第 27 行.
NOTIC: [8] Undefined index: time_limit E:\wamp\www\thcmf\application\Recruit\Controller\RecruitController.class.php 第 29 行.
NOTIC: [8] Undefined variable: term_type E:\wamp\www\thcmf\application\Recruit\Controller\RecruitController.class.php 第 30 行.
NOTIC: [8] Undefined variable: time_status E:\wamp\www\thcmf\application\Recruit\Controller\RecruitController.class.php 第 34 行.
SQL: SELECT `object_id`,tr.tid,`object_id`,`post_title`,`post_address`,`post_date`,`ac_start`,`ac_end`,`smeta`,`post_hits`,`post_like` FROM sp_posts po INNER JOIN sp_term_relationships tr on po.id = tr.object_id INNER JOIN sp_terms t on tr.term_id = t.term_id  WHERE `quality` LIKE '%%' AND t.term_id LIKE '%9%' AND `active_status` LIKE '%%'  [ RunTime:0.0007s ]
NOTIC: [8] Undefined index: user_login E:\wamp\www\thcmf\application\Recruit\Controller\RecruitController.class.php 第 63 行.
NOTIC: [8] Undefined index: active_status E:\wamp\www\thcmf\application\Recruit\Controller\RecruitController.class.php 第 67 行.
NOTIC: [8] Undefined index:  E:\wamp\www\thcmf\application\Recruit\Controller\RecruitController.class.php 第 67 行.
NOTIC: [8] Undefined index: join_count E:\wamp\www\thcmf\application\Recruit\Controller\RecruitController.class.php 第 71 行.
INFO: [ app_end ] --START--
INFO: Run Behavior\ShowPageTraceBehavior [ RunTime:0.000976s ]
INFO: [ app_end ] --END-- [ RunTime:0.001121s ]

[ 2015-11-14T14:16:06+08:00 ] ::1 /thcmf/index.php?g=recruit&m=recruit&a=listIndex&&&
INFO: [ app_begin ] --START--
INFO: Run Behavior\ReadHtmlCacheBehavior [ RunTime:0.000818s ]
INFO: Run Behavior\CheckLangBehavior [ RunTime:0.001277s ]
INFO: [ app_begin ] --END-- [ RunTime:0.002801s ]
NOTIC: D方法实例化没找到模型类Common\Model\RecruitModel
SQL: SHOW COLUMNS FROM `sp_recruit` [ RunTime:0.0141s ]
SQL: SHOW COLUMNS FROM `sp_posts` [ RunTime:0.0123s ]
SQL: SHOW COLUMNS FROM `sp_term_relationships` [ RunTime:0.0116s ]
SQL: SHOW COLUMNS FROM `sp_terms` [ RunTime:0.0132s ]
NOTIC: [8] Undefined index: time_type E:\wamp\www\thcmf\application\Recruit\Controller\RecruitController.class.php 第 27 行.
NOTIC: [8] Undefined index: term E:\wamp\www\thcmf\application\Recruit\Controller\RecruitController.class.php 第 28 行.
NOTIC: [8] Undefined index: time_limit E:\wamp\www\thcmf\application\Recruit\Controller\RecruitController.class.php 第 29 行.
NOTIC: [8] Undefined variable: term_type E:\wamp\www\thcmf\application\Recruit\Controller\RecruitController.class.php 第 30 行.
NOTIC: [8] Undefined variable: time_status E:\wamp\www\thcmf\application\Recruit\Controller\RecruitController.class.php 第 31 行.
NOTIC: [8] Undefined variable: where E:\wamp\www\thcmf\application\Recruit\Controller\RecruitController.class.php 第 41 行.
SQL: SELECT `object_id`,tr.tid,`object_id`,`post_title`,`post_address`,`post_date`,`ac_start`,`ac_end`,`smeta`,`post_hits`,`post_like` FROM sp_posts po INNER JOIN sp_term_relationships tr on po.id = tr.object_id INNER JOIN sp_terms t on tr.term_id = t.term_id   [ RunTime:0.0006s ]
NOTIC: [8] Undefined index: user_login E:\wamp\www\thcmf\application\Recruit\Controller\RecruitController.class.php 第 63 行.
NOTIC: [8] Undefined index: active_status E:\wamp\www\thcmf\application\Recruit\Controller\RecruitController.class.php 第 67 行.
NOTIC: [8] Undefined index:  E:\wamp\www\thcmf\application\Recruit\Controller\RecruitController.class.php 第 67 行.
NOTIC: [8] Undefined index: join_count E:\wamp\www\thcmf\application\Recruit\Controller\RecruitController.class.php 第 71 行.
NOTIC: [8] Undefined index: user_login E:\wamp\www\thcmf\application\Recruit\Controller\RecruitController.class.php 第 63 行.
NOTIC: [8] Undefined index: active_status E:\wamp\www\thcmf\application\Recruit\Controller\RecruitController.class.php 第 67 行.
NOTIC: [8] Undefined index:  E:\wamp\www\thcmf\application\Recruit\Controller\RecruitController.class.php 第 67 行.
NOTIC: [8] Undefined index: join_count E:\wamp\www\thcmf\application\Recruit\Controller\RecruitController.class.php 第 71 行.
INFO: [ app_end ] --START--
INFO: Run Behavior\ShowPageTraceBehavior [ RunTime:0.000980s ]
INFO: [ app_end ] --END-- [ RunTime:0.001125s ]

[ 2015-11-14T14:16:07+08:00 ] ::1 /thcmf/index.php?g=Recruit&m=article&a=index&id=2
ERR: 无法加载控制器:Article

[ 2015-11-14T14:17:03+08:00 ] ::1 /thcmf/index.php?g=recruit&m=recruit&a=index
NOTIC: D方法实例化没找到模型类Common\Model\RecruitModel

[ 2015-11-14T14:17:07+08:00 ] ::1 /thcmf/index.php?g=recruit&m=recruit&a=listIndex&term=9
INFO: [ app_begin ] --START--
INFO: Run Behavior\ReadHtmlCacheBehavior [ RunTime:0.000793s ]
INFO: Run Behavior\CheckLangBehavior [ RunTime:0.001239s ]
INFO: [ app_begin ] --END-- [ RunTime:0.002723s ]
NOTIC: D方法实例化没找到模型类Common\Model\RecruitModel
SQL: SHOW COLUMNS FROM `sp_recruit` [ RunTime:0.0154s ]
SQL: SHOW COLUMNS FROM `sp_posts` [ RunTime:0.0134s ]
SQL: SHOW COLUMNS FROM `sp_term_relationships` [ RunTime:0.0150s ]
SQL: SHOW COLUMNS FROM `sp_terms` [ RunTime:0.0137s ]
NOTIC: [8] Undefined index: time_type E:\wamp\www\thcmf\application\Recruit\Controller\RecruitController.class.php 第 27 行.
NOTIC: [8] Undefined index: time_limit E:\wamp\www\thcmf\application\Recruit\Controller\RecruitController.class.php 第 29 行.
NOTIC: [8] Undefined variable: term_type E:\wamp\www\thcmf\application\Recruit\Controller\RecruitController.class.php 第 30 行.
NOTIC: [8] Undefined variable: time_status E:\wamp\www\thcmf\application\Recruit\Controller\RecruitController.class.php 第 34 行.
SQL: SELECT `object_id`,tr.tid,`object_id`,`post_title`,`post_address`,`post_date`,`ac_start`,`ac_end`,`smeta`,`post_hits`,`post_like` FROM sp_posts po INNER JOIN sp_term_relationships tr on po.id = tr.object_id INNER JOIN sp_terms t on tr.term_id = t.term_id  WHERE `quality` LIKE '%%' AND t.term_id LIKE '%9%' AND `active_status` LIKE '%%'  [ RunTime:0.0006s ]
NOTIC: [8] Undefined index: user_login E:\wamp\www\thcmf\application\Recruit\Controller\RecruitController.class.php 第 63 行.
NOTIC: [8] Undefined index: active_status E:\wamp\www\thcmf\application\Recruit\Controller\RecruitController.class.php 第 67 行.
NOTIC: [8] Undefined index:  E:\wamp\www\thcmf\application\Recruit\Controller\RecruitController.class.php 第 67 行.
NOTIC: [8] Undefined index: join_count E:\wamp\www\thcmf\application\Recruit\Controller\RecruitController.class.php 第 71 行.
INFO: [ app_end ] --START--
INFO: Run Behavior\ShowPageTraceBehavior [ RunTime:0.001061s ]
INFO: [ app_end ] --END-- [ RunTime:0.001212s ]

[ 2015-11-14T14:17:07+08:00 ] ::1 /thcmf/index.php?g=Recruit&m=article&a=index&id=1
ERR: 无法加载控制器:Article

[ 2015-11-14T14:17:11+08:00 ] ::1 /thcmf/index.php?g=recruit&m=recruit&a=listIndex&
INFO: [ app_begin ] --START--
INFO: Run Behavior\ReadHtmlCacheBehavior [ RunTime:0.000820s ]
INFO: Run Behavior\CheckLangBehavior [ RunTime:0.001203s ]
INFO: [ app_begin ] --END-- [ RunTime:0.002701s ]
NOTIC: D方法实例化没找到模型类Common\Model\RecruitModel
SQL: SHOW COLUMNS FROM `sp_recruit` [ RunTime:0.0143s ]
SQL: SHOW COLUMNS FROM `sp_posts` [ RunTime:0.0125s ]
SQL: SHOW COLUMNS FROM `sp_term_relationships` [ RunTime:0.0134s ]
SQL: SHOW COLUMNS FROM `sp_terms` [ RunTime:0.0135s ]
NOTIC: [8] Undefined index: time_type E:\wamp\www\thcmf\application\Recruit\Controller\RecruitController.class.php 第 27 行.
NOTIC: [8] Undefined index: term E:\wamp\www\thcmf\application\Recruit\Controller\RecruitController.class.php 第 28 行.
NOTIC: [8] Undefined index: time_limit E:\wamp\www\thcmf\application\Recruit\Controller\RecruitController.class.php 第 29 行.
NOTIC: [8] Undefined variable: term_type E:\wamp\www\thcmf\application\Recruit\Controller\RecruitController.class.php 第 30 行.
NOTIC: [8] Undefined variable: time_status E:\wamp\www\thcmf\application\Recruit\Controller\RecruitController.class.php 第 31 行.
NOTIC: [8] Undefined variable: where E:\wamp\www\thcmf\application\Recruit\Controller\RecruitController.class.php 第 41 行.
SQL: SELECT `object_id`,tr.tid,`object_id`,`post_title`,`post_address`,`post_date`,`ac_start`,`ac_end`,`smeta`,`post_hits`,`post_like` FROM sp_posts po INNER JOIN sp_term_relationships tr on po.id = tr.object_id INNER JOIN sp_terms t on tr.term_id = t.term_id   [ RunTime:0.0006s ]
NOTIC: [8] Undefined index: user_login E:\wamp\www\thcmf\application\Recruit\Controller\RecruitController.class.php 第 63 行.
NOTIC: [8] Undefined index: active_status E:\wamp\www\thcmf\application\Recruit\Controller\RecruitController.class.php 第 67 行.
NOTIC: [8] Undefined index:  E:\wamp\www\thcmf\application\Recruit\Controller\RecruitController.class.php 第 67 行.
NOTIC: [8] Undefined index: join_count E:\wamp\www\thcmf\application\Recruit\Controller\RecruitController.class.php 第 71 行.
NOTIC: [8] Undefined index: user_login E:\wamp\www\thcmf\application\Recruit\Controller\RecruitController.class.php 第 63 行.
NOTIC: [8] Undefined index: active_status E:\wamp\www\thcmf\application\Recruit\Controller\RecruitController.class.php 第 67 行.
NOTIC: [8] Undefined index:  E:\wamp\www\thcmf\application\Recruit\Controller\RecruitController.class.php 第 67 行.
NOTIC: [8] Undefined index: join_count E:\wamp\www\thcmf\application\Recruit\Controller\RecruitController.class.php 第 71 行.
INFO: [ app_end ] --START--
INFO: Run Behavior\ShowPageTraceBehavior [ RunTime:0.001008s ]
INFO: [ app_end ] --END-- [ RunTime:0.001169s ]

[ 2015-11-14T14:20:51+08:00 ] ::1 /thcmf/index.php?g=Recruit&m=RecruitPost&a=post&tid=1
INFO: [ app_begin ] --START--
INFO: Run Behavior\ReadHtmlCacheBehavior [ RunTime:0.000775s ]
INFO: Run Behavior\CheckLangBehavior [ RunTime:0.001189s ]
INFO: [ app_begin ] --END-- [ RunTime:0.002659s ]
SQL: SHOW COLUMNS FROM `sp_users` [ RunTime:0.0134s ]
SQL: SELECT `user_status` FROM `sp_users` WHERE `id` = '1' LIMIT 1   [ RunTime:0.0003s ]
SQL: SHOW COLUMNS FROM `sp_comments` [ RunTime:0.0132s ]
INFO: [ app_end ] --START--
INFO: Run Behavior\ShowPageTraceBehavior [ RunTime:0.001066s ]
INFO: [ app_end ] --END-- [ RunTime:0.001252s ]

[ 2015-11-14T14:21:34+08:00 ] ::1 /thcmf/index.php?g=Recruit&m=Recruitadmin&a=index&menuid=163
NOTIC: D方法实例化没找到模型类Common\Model\RecruitModel

[ 2015-11-14T14:21:50+08:00 ] ::1 /thcmf/index.php?g=Recruit&m=Recruitadmin&a=not_check&id=2
NOTIC: D方法实例化没找到模型类Common\Model\RecruitModel

[ 2015-11-14T14:21:55+08:00 ] ::1 /thcmf/index.php?g=Recruit&m=Recruitadmin&a=not_check&id=1
NOTIC: D方法实例化没找到模型类Common\Model\RecruitModel

[ 2015-11-14T14:22:00+08:00 ] ::1 /thcmf/index.php?g=Recruit&m=Recruitadmin&a=index&menuid=163
NOTIC: D方法实例化没找到模型类Common\Model\RecruitModel

[ 2015-11-14T14:22:49+08:00 ] ::1 /thcmf/index.php?g=Recruit&m=Recruitadmin&a=not_check
NOTIC: D方法实例化没找到模型类Common\Model\RecruitModel

[ 2015-11-14T15:02:25+08:00 ] ::1 /nupt_volunteer/index.php?g=recruit&m=recruit&a=index
NOTIC: D方法实例化没找到模型类Common\Model\RecruitModel

