[ 2015-10-15T00:36:29+08:00 ] ::1 /thcmf/index.php?g=Recruit&m=Recruitadmin&a=index
NOTIC: D方法实例化没找到模型类Common\Model\RecruitModel

[ 2015-10-15T00:36:30+08:00 ] ::1 /thcmf/index.php?g=Recruit&m=Recruitadmin&a=un_check&id=68
NOTIC: D方法实例化没找到模型类Common\Model\RecruitModel

[ 2015-10-15T00:37:21+08:00 ] ::1 /thcmf/index.php?g=Recruit&m=Recruitadmin&a=index
NOTIC: D方法实例化没找到模型类Common\Model\RecruitModel

[ 2015-10-15T00:37:22+08:00 ] ::1 /thcmf/index.php?g=Recruit&m=Recruitadmin&a=not_check&id=68
NOTIC: D方法实例化没找到模型类Common\Model\RecruitModel
ERR: SQLSTATE[23000]: Integrity constraint violation: 1052 Column 'tid' in where clause is ambiguous

[ 2015-10-15T00:37:57+08:00 ] ::1 /thcmf/index.php?g=Recruit&m=Recruitadmin&a=not_check&id=68
NOTIC: D方法实例化没找到模型类Common\Model\RecruitModel

[ 2015-10-15T00:38:00+08:00 ] ::1 /thcmf/index.php?g=Recruit&m=Recruitadmin&a=index
NOTIC: D方法实例化没找到模型类Common\Model\RecruitModel

[ 2015-10-15T00:38:07+08:00 ] ::1 /thcmf/index.php?g=Recruit&m=Recruitadmin&a=not_check&id=61
NOTIC: D方法实例化没找到模型类Common\Model\RecruitModel

[ 2015-10-15T00:38:50+08:00 ] ::1 /thcmf/index.php?g=Recruit&m=Recruitadmin&a=not_check&id=59
NOTIC: D方法实例化没找到模型类Common\Model\RecruitModel

[ 2015-10-15T00:39:15+08:00 ] ::1 /thcmf/index.php?g=Recruit&m=Recruitadmin&a=member&id=68
NOTIC: D方法实例化没找到模型类Common\Model\RecruitModel

[ 2015-10-15T00:39:21+08:00 ] ::1 /thcmf/index.php?g=Recruit&m=Recruitadmin&a=not_check&id=66
NOTIC: D方法实例化没找到模型类Common\Model\RecruitModel

[ 2015-10-15T00:39:23+08:00 ] ::1 /thcmf/index.php?g=Recruit&m=Recruitadmin&a=index
NOTIC: D方法实例化没找到模型类Common\Model\RecruitModel

[ 2015-10-15T00:39:25+08:00 ] ::1 /thcmf/index.php?g=Recruit&m=Recruitadmin&a=not_check
NOTIC: D方法实例化没找到模型类Common\Model\RecruitModel

[ 2015-10-15T00:39:26+08:00 ] ::1 /thcmf/index.php?g=Recruit&m=Recruitadmin&a=index
NOTIC: D方法实例化没找到模型类Common\Model\RecruitModel

[ 2015-10-15T00:39:29+08:00 ] ::1 /thcmf/index.php?g=Recruit&m=Recruitadmin&a=not_check&id=61
NOTIC: D方法实例化没找到模型类Common\Model\RecruitModel

[ 2015-10-15T00:39:36+08:00 ] ::1 /thcmf/index.php?g=Recruit&m=Recruitadmin&a=member&id=68
NOTIC: D方法实例化没找到模型类Common\Model\RecruitModel

[ 2015-10-15T00:40:11+08:00 ] ::1 /thcmf/index.php?g=Recruit&m=Recruitadmin&a=not_check
NOTIC: D方法实例化没找到模型类Common\Model\RecruitModel

[ 2015-10-15T00:40:14+08:00 ] ::1 /thcmf/index.php?g=Recruit&m=Recruitadmin&a=index
NOTIC: D方法实例化没找到模型类Common\Model\RecruitModel

[ 2015-10-15T00:49:32+08:00 ] ::1 /thcmf/index.php?g=Recruit&m=Recruitadmin&a=not_check&id=68
NOTIC: D方法实例化没找到模型类Common\Model\RecruitModel

[ 2015-10-15T00:49:34+08:00 ] ::1 /thcmf/index.php?g=Recruit&m=Recruitadmin&a=check&check=1
INFO: [ app_begin ] --START--
INFO: Run Behavior\ReadHtmlCacheBehavior [ RunTime:0.000747s ]
INFO: Run Behavior\CheckLangBehavior [ RunTime:0.001584s ]
INFO: [ app_begin ] --END-- [ RunTime:0.003086s ]
SQL: SHOW COLUMNS FROM `sp_users` [ RunTime:0.0140s ]
SQL: SELECT * FROM `sp_users` WHERE ( id=1 ) LIMIT 1   [ RunTime:0.0005s ]
NOTIC: D方法实例化没找到模型类Common\Model\RecruitModel
SQL: SHOW COLUMNS FROM `sp_recruit` [ RunTime:0.0110s ]
SQL: SHOW COLUMNS FROM `sp_posts` [ RunTime:0.0119s ]
SQL: SHOW COLUMNS FROM `sp_term_relationships` [ RunTime:0.0114s ]
SQL: SHOW COLUMNS FROM `sp_users` [ RunTime:0.0084s ]

[ 2015-10-15T00:49:42+08:00 ] ::1 /thcmf/index.php?g=Recruit&m=Recruitadmin&a=check&uncheck=1
INFO: [ app_begin ] --START--
INFO: Run Behavior\ReadHtmlCacheBehavior [ RunTime:0.000751s ]
INFO: Run Behavior\CheckLangBehavior [ RunTime:0.001578s ]
INFO: [ app_begin ] --END-- [ RunTime:0.003068s ]
SQL: SHOW COLUMNS FROM `sp_users` [ RunTime:0.0150s ]
SQL: SELECT * FROM `sp_users` WHERE ( id=1 ) LIMIT 1   [ RunTime:0.0005s ]
NOTIC: D方法实例化没找到模型类Common\Model\RecruitModel
SQL: SHOW COLUMNS FROM `sp_recruit` [ RunTime:0.0113s ]
SQL: SHOW COLUMNS FROM `sp_posts` [ RunTime:0.0124s ]
SQL: SHOW COLUMNS FROM `sp_term_relationships` [ RunTime:0.0110s ]
SQL: SHOW COLUMNS FROM `sp_users` [ RunTime:0.0083s ]
NOTIC: [8] Undefined index: check E:\wamp\www\thcmf\application\Recruit\Controller\RecruitadminController.class.php 第 117 行.

[ 2015-10-15T00:49:43+08:00 ] ::1 /thcmf/index.php?g=Recruit&m=Recruitadmin&a=not_check&id=68
NOTIC: D方法实例化没找到模型类Common\Model\RecruitModel

[ 2015-10-15T00:49:51+08:00 ] ::1 /thcmf/index.php?g=Recruit&m=Recruitadmin&a=check&check=1
INFO: [ app_begin ] --START--
INFO: Run Behavior\ReadHtmlCacheBehavior [ RunTime:0.000751s ]
INFO: Run Behavior\CheckLangBehavior [ RunTime:0.001642s ]
INFO: [ app_begin ] --END-- [ RunTime:0.003134s ]
SQL: SHOW COLUMNS FROM `sp_users` [ RunTime:0.0144s ]
SQL: SELECT * FROM `sp_users` WHERE ( id=1 ) LIMIT 1   [ RunTime:0.0005s ]
NOTIC: D方法实例化没找到模型类Common\Model\RecruitModel
SQL: SHOW COLUMNS FROM `sp_recruit` [ RunTime:0.0121s ]
SQL: SHOW COLUMNS FROM `sp_posts` [ RunTime:0.0123s ]
SQL: SHOW COLUMNS FROM `sp_term_relationships` [ RunTime:0.0109s ]
SQL: SHOW COLUMNS FROM `sp_users` [ RunTime:0.0086s ]

[ 2015-10-15T00:51:56+08:00 ] ::1 /thcmf/index.php?g=Recruit&m=Recruitadmin&a=not_check&id=68
NOTIC: D方法实例化没找到模型类Common\Model\RecruitModel

[ 2015-10-15T00:51:58+08:00 ] ::1 /thcmf/index.php?g=Recruit&m=Recruitadmin&a=check&check=1
INFO: [ app_begin ] --START--
INFO: Run Behavior\ReadHtmlCacheBehavior [ RunTime:0.000770s ]
INFO: Run Behavior\CheckLangBehavior [ RunTime:0.002893s ]
INFO: [ app_begin ] --END-- [ RunTime:0.004489s ]
SQL: SHOW COLUMNS FROM `sp_users` [ RunTime:0.0150s ]
SQL: SELECT * FROM `sp_users` WHERE ( id=1 ) LIMIT 1   [ RunTime:0.0005s ]
NOTIC: D方法实例化没找到模型类Common\Model\RecruitModel
SQL: SHOW COLUMNS FROM `sp_recruit` [ RunTime:0.0111s ]
SQL: SHOW COLUMNS FROM `sp_posts` [ RunTime:0.0116s ]
SQL: SHOW COLUMNS FROM `sp_term_relationships` [ RunTime:0.0115s ]
SQL: SHOW COLUMNS FROM `sp_users` [ RunTime:0.0104s ]
ERR: SQLSTATE[42000]: Syntax error or access violation: 1064 You have an error in your SQL syntax; check the manual that corresponds to your MySQL server version for the right syntax to use near ') )' at line 1

[ 2015-10-15T00:55:18+08:00 ] ::1 /thcmf/index.php?g=Recruit&m=Recruitadmin&a=not_check&id=68
NOTIC: D方法实例化没找到模型类Common\Model\RecruitModel

[ 2015-10-15T00:55:19+08:00 ] ::1 /thcmf/index.php?g=Recruit&m=Recruitadmin&a=check&check=1
INFO: [ app_begin ] --START--
INFO: Run Behavior\ReadHtmlCacheBehavior [ RunTime:0.000853s ]
INFO: Run Behavior\CheckLangBehavior [ RunTime:0.001955s ]
INFO: [ app_begin ] --END-- [ RunTime:0.003732s ]
SQL: SHOW COLUMNS FROM `sp_users` [ RunTime:0.0166s ]
SQL: SELECT * FROM `sp_users` WHERE ( id=1 ) LIMIT 1   [ RunTime:0.0005s ]
NOTIC: D方法实例化没找到模型类Common\Model\RecruitModel
SQL: SHOW COLUMNS FROM `sp_recruit` [ RunTime:0.0111s ]
SQL: SHOW COLUMNS FROM `sp_posts` [ RunTime:0.0132s ]
SQL: SHOW COLUMNS FROM `sp_term_relationships` [ RunTime:0.0103s ]
SQL: SHOW COLUMNS FROM `sp_users` [ RunTime:0.0085s ]
NOTIC: [8] Undefined index: uncheck E:\wamp\www\thcmf\application\Recruit\Controller\RecruitadminController.class.php 第 128 行.
INFO: [ app_end ] --START--
INFO: Run Behavior\ShowPageTraceBehavior [ RunTime:0.001196s ]
INFO: [ app_end ] --END-- [ RunTime:0.001379s ]

[ 2015-10-15T00:56:03+08:00 ] ::1 /thcmf/index.php?g=Recruit&m=Recruitadmin&a=not_check&id=68
NOTIC: D方法实例化没找到模型类Common\Model\RecruitModel

[ 2015-10-15T00:56:05+08:00 ] ::1 /thcmf/index.php?g=Recruit&m=Recruitadmin&a=check&check=1
INFO: [ app_begin ] --START--
INFO: Run Behavior\ReadHtmlCacheBehavior [ RunTime:0.000984s ]
INFO: Run Behavior\CheckLangBehavior [ RunTime:0.001589s ]
INFO: [ app_begin ] --END-- [ RunTime:0.003318s ]
SQL: SHOW COLUMNS FROM `sp_users` [ RunTime:0.0173s ]
SQL: SELECT * FROM `sp_users` WHERE ( id=1 ) LIMIT 1   [ RunTime:0.0004s ]
NOTIC: D方法实例化没找到模型类Common\Model\RecruitModel
SQL: SHOW COLUMNS FROM `sp_recruit` [ RunTime:0.0106s ]
SQL: SHOW COLUMNS FROM `sp_posts` [ RunTime:0.0128s ]
SQL: SHOW COLUMNS FROM `sp_term_relationships` [ RunTime:0.0115s ]
SQL: SHOW COLUMNS FROM `sp_users` [ RunTime:0.0083s ]
NOTIC: [8] Undefined index: uncheck E:\wamp\www\thcmf\application\Recruit\Controller\RecruitadminController.class.php 第 128 行.
INFO: [ app_end ] --START--
INFO: Run Behavior\ShowPageTraceBehavior [ RunTime:0.001126s ]
INFO: [ app_end ] --END-- [ RunTime:0.001285s ]

[ 2015-10-15T00:56:30+08:00 ] ::1 /thcmf/index.php?g=Recruit&m=Recruitadmin&a=not_check&id=68
NOTIC: D方法实例化没找到模型类Common\Model\RecruitModel

[ 2015-10-15T00:56:31+08:00 ] ::1 /thcmf/index.php?g=Recruit&m=Recruitadmin&a=check&check=1
INFO: [ app_begin ] --START--
INFO: Run Behavior\ReadHtmlCacheBehavior [ RunTime:0.000956s ]
INFO: Run Behavior\CheckLangBehavior [ RunTime:0.001845s ]
INFO: [ app_begin ] --END-- [ RunTime:0.003542s ]
SQL: SHOW COLUMNS FROM `sp_users` [ RunTime:0.0160s ]
SQL: SELECT * FROM `sp_users` WHERE ( id=1 ) LIMIT 1   [ RunTime:0.0005s ]
NOTIC: D方法实例化没找到模型类Common\Model\RecruitModel
SQL: SHOW COLUMNS FROM `sp_recruit` [ RunTime:0.0105s ]
SQL: SHOW COLUMNS FROM `sp_posts` [ RunTime:0.0117s ]
SQL: SHOW COLUMNS FROM `sp_term_relationships` [ RunTime:0.0125s ]
SQL: SHOW COLUMNS FROM `sp_users` [ RunTime:0.0093s ]
ERR: SQLSTATE[42000]: Syntax error or access violation: 1064 You have an error in your SQL syntax; check the manual that corresponds to your MySQL server version for the right syntax to use near ') )' at line 1

[ 2015-10-15T00:58:38+08:00 ] ::1 /thcmf/index.php?g=Recruit&m=Recruitadmin&a=not_check&id=68
NOTIC: D方法实例化没找到模型类Common\Model\RecruitModel

[ 2015-10-15T00:58:40+08:00 ] ::1 /thcmf/index.php?g=Recruit&m=Recruitadmin&a=check&check=1
INFO: [ app_begin ] --START--
INFO: Run Behavior\ReadHtmlCacheBehavior [ RunTime:0.000757s ]
INFO: Run Behavior\CheckLangBehavior [ RunTime:0.001570s ]
INFO: [ app_begin ] --END-- [ RunTime:0.003090s ]
SQL: SHOW COLUMNS FROM `sp_users` [ RunTime:0.0143s ]
SQL: SELECT * FROM `sp_users` WHERE ( id=1 ) LIMIT 1   [ RunTime:0.0005s ]
NOTIC: D方法实例化没找到模型类Common\Model\RecruitModel
SQL: SHOW COLUMNS FROM `sp_recruit` [ RunTime:0.0103s ]
SQL: SHOW COLUMNS FROM `sp_posts` [ RunTime:0.0118s ]
SQL: SHOW COLUMNS FROM `sp_term_relationships` [ RunTime:0.0114s ]
SQL: SHOW COLUMNS FROM `sp_users` [ RunTime:0.0084s ]
ERR: SQLSTATE[42000]: Syntax error or access violation: 1064 You have an error in your SQL syntax; check the manual that corresponds to your MySQL server version for the right syntax to use near ')' at line 1

[ 2015-10-15T01:01:53+08:00 ] ::1 /thcmf/index.php?g=Recruit&m=Recruitadmin&a=not_check&id=68
NOTIC: D方法实例化没找到模型类Common\Model\RecruitModel

[ 2015-10-15T01:01:55+08:00 ] ::1 /thcmf/index.php?g=Recruit&m=Recruitadmin&a=check&check=1
INFO: [ app_begin ] --START--
INFO: Run Behavior\ReadHtmlCacheBehavior [ RunTime:0.001169s ]
INFO: Run Behavior\CheckLangBehavior [ RunTime:0.001813s ]
INFO: [ app_begin ] --END-- [ RunTime:0.003773s ]
SQL: SHOW COLUMNS FROM `sp_users` [ RunTime:0.0140s ]
SQL: SELECT * FROM `sp_users` WHERE ( id=1 ) LIMIT 1   [ RunTime:0.0005s ]
NOTIC: D方法实例化没找到模型类Common\Model\RecruitModel
SQL: SHOW COLUMNS FROM `sp_recruit` [ RunTime:0.0104s ]
SQL: SHOW COLUMNS FROM `sp_posts` [ RunTime:0.0110s ]
SQL: SHOW COLUMNS FROM `sp_term_relationships` [ RunTime:0.0105s ]
SQL: SHOW COLUMNS FROM `sp_users` [ RunTime:0.0081s ]
NOTIC: [8] Undefined variable: ids E:\wamp\www\thcmf\application\Recruit\Controller\RecruitadminController.class.php 第 117 行.
NOTIC: [2] Invalid argument supplied for foreach() E:\wamp\www\thcmf\simplewind\Core\Library\Think\Db\Driver.class.php 第 493 行.
ERR: SQLSTATE[42000]: Syntax error or access violation: 1064 You have an error in your SQL syntax; check the manual that corresponds to your MySQL server version for the right syntax to use near 'in ) AND (  ) )' at line 1

[ 2015-10-15T01:03:00+08:00 ] ::1 /thcmf/index.php?g=Recruit&m=Recruitadmin&a=not_check&id=68
NOTIC: D方法实例化没找到模型类Common\Model\RecruitModel

[ 2015-10-15T01:03:03+08:00 ] ::1 /thcmf/index.php?g=Recruit&m=Recruitadmin&a=check&check=1
INFO: [ app_begin ] --START--
INFO: Run Behavior\ReadHtmlCacheBehavior [ RunTime:0.001103s ]
INFO: Run Behavior\CheckLangBehavior [ RunTime:0.001826s ]
INFO: [ app_begin ] --END-- [ RunTime:0.003695s ]
SQL: SHOW COLUMNS FROM `sp_users` [ RunTime:0.0141s ]
SQL: SELECT * FROM `sp_users` WHERE ( id=1 ) LIMIT 1   [ RunTime:0.0006s ]
NOTIC: D方法实例化没找到模型类Common\Model\RecruitModel
SQL: SHOW COLUMNS FROM `sp_recruit` [ RunTime:0.0114s ]
SQL: SHOW COLUMNS FROM `sp_posts` [ RunTime:0.0120s ]
SQL: SHOW COLUMNS FROM `sp_term_relationships` [ RunTime:0.0148s ]
SQL: SHOW COLUMNS FROM `sp_users` [ RunTime:0.0116s ]
ERR: SQLSTATE[42000]: Syntax error or access violation: 1064 You have an error in your SQL syntax; check the manual that corresponds to your MySQL server version for the right syntax to use near ') )' at line 1

[ 2015-10-15T01:05:13+08:00 ] ::1 /thcmf/index.php?g=Recruit&m=Recruitadmin&a=not_check&id=68
NOTIC: D方法实例化没找到模型类Common\Model\RecruitModel

[ 2015-10-15T01:05:17+08:00 ] ::1 /thcmf/index.php?g=Recruit&m=Recruitadmin&a=check&check=1
INFO: [ app_begin ] --START--
INFO: Run Behavior\ReadHtmlCacheBehavior [ RunTime:0.001087s ]
INFO: Run Behavior\CheckLangBehavior [ RunTime:0.001787s ]
INFO: [ app_begin ] --END-- [ RunTime:0.003618s ]
SQL: SHOW COLUMNS FROM `sp_users` [ RunTime:0.0136s ]
SQL: SELECT * FROM `sp_users` WHERE ( id=1 ) LIMIT 1   [ RunTime:0.0005s ]
NOTIC: D方法实例化没找到模型类Common\Model\RecruitModel
SQL: SHOW COLUMNS FROM `sp_recruit` [ RunTime:0.0109s ]
SQL: SHOW COLUMNS FROM `sp_posts` [ RunTime:0.0131s ]
SQL: SHOW COLUMNS FROM `sp_term_relationships` [ RunTime:0.0132s ]
SQL: SHOW COLUMNS FROM `sp_users` [ RunTime:0.0109s ]
NOTIC: [8] Undefined variable: ids E:\wamp\www\thcmf\application\Recruit\Controller\RecruitadminController.class.php 第 117 行.
NOTIC: [2] implode() [<a href='function.implode'>function.implode</a>]: Invalid arguments passed E:\wamp\www\thcmf\simplewind\Core\Library\Think\Db\Driver.class.php 第 567 行.
ERR: SQLSTATE[42000]: Syntax error or access violation: 1064 You have an error in your SQL syntax; check the manual that corresponds to your MySQL server version for the right syntax to use near ')' at line 1

[ 2015-10-15T01:06:21+08:00 ] ::1 /thcmf/index.php?g=Recruit&m=Recruitadmin&a=not_check&id=68
NOTIC: D方法实例化没找到模型类Common\Model\RecruitModel

[ 2015-10-15T01:06:23+08:00 ] ::1 /thcmf/index.php?g=Recruit&m=Recruitadmin&a=check&check=1
INFO: [ app_begin ] --START--
INFO: Run Behavior\ReadHtmlCacheBehavior [ RunTime:0.001094s ]
INFO: Run Behavior\CheckLangBehavior [ RunTime:0.002099s ]
INFO: [ app_begin ] --END-- [ RunTime:0.003989s ]
SQL: SHOW COLUMNS FROM `sp_users` [ RunTime:0.0138s ]
SQL: SELECT * FROM `sp_users` WHERE ( id=1 ) LIMIT 1   [ RunTime:0.0006s ]
NOTIC: D方法实例化没找到模型类Common\Model\RecruitModel
SQL: SHOW COLUMNS FROM `sp_recruit` [ RunTime:0.0119s ]
SQL: SHOW COLUMNS FROM `sp_posts` [ RunTime:0.0119s ]
SQL: SHOW COLUMNS FROM `sp_term_relationships` [ RunTime:0.0106s ]
SQL: SHOW COLUMNS FROM `sp_users` [ RunTime:0.0094s ]
NOTIC: [8] Undefined index: uncheck E:\wamp\www\thcmf\application\Recruit\Controller\RecruitadminController.class.php 第 129 行.
INFO: [ app_end ] --START--
INFO: Run Behavior\ShowPageTraceBehavior [ RunTime:0.001336s ]
INFO: [ app_end ] --END-- [ RunTime:0.001501s ]

[ 2015-10-15T01:08:46+08:00 ] ::1 /thcmf/index.php?g=Recruit&m=Recruitadmin&a=not_check&id=68
NOTIC: D方法实例化没找到模型类Common\Model\RecruitModel

[ 2015-10-15T01:09:31+08:00 ] ::1 /thcmf/index.php?g=Recruit&m=Recruitadmin&a=not_check&id=68
NOTIC: D方法实例化没找到模型类Common\Model\RecruitModel

[ 2015-10-15T01:09:46+08:00 ] ::1 /thcmf/index.php?g=Recruit&m=Recruitadmin&a=check&check=1
INFO: [ app_begin ] --START--
INFO: Run Behavior\ReadHtmlCacheBehavior [ RunTime:0.001067s ]
INFO: Run Behavior\CheckLangBehavior [ RunTime:0.001743s ]
INFO: [ app_begin ] --END-- [ RunTime:0.003537s ]
SQL: SHOW COLUMNS FROM `sp_users` [ RunTime:0.0153s ]
SQL: SELECT * FROM `sp_users` WHERE ( id=1 ) LIMIT 1   [ RunTime:0.0005s ]
NOTIC: D方法实例化没找到模型类Common\Model\RecruitModel
SQL: SHOW COLUMNS FROM `sp_recruit` [ RunTime:0.0109s ]
SQL: SHOW COLUMNS FROM `sp_posts` [ RunTime:0.0119s ]
SQL: SHOW COLUMNS FROM `sp_term_relationships` [ RunTime:0.0128s ]
SQL: SHOW COLUMNS FROM `sp_users` [ RunTime:0.0085s ]
SQL: UPDATE `sp_recruit` SET `status`='1' WHERE ( id in (21) ) [ RunTime:0.0335s ]

[ 2015-10-15T01:09:46+08:00 ] ::1 /thcmf/index.php?g=Recruit&m=Recruitadmin&a=not_check&id=68
NOTIC: D方法实例化没找到模型类Common\Model\RecruitModel

[ 2015-10-15T01:09:48+08:00 ] ::1 /thcmf/index.php?g=Recruit&m=Recruitadmin&a=index
NOTIC: D方法实例化没找到模型类Common\Model\RecruitModel

[ 2015-10-15T01:09:52+08:00 ] ::1 /thcmf/index.php?g=Recruit&m=Recruitadmin&a=member&id=68
NOTIC: D方法实例化没找到模型类Common\Model\RecruitModel

[ 2015-10-15T01:10:52+08:00 ] ::1 /thcmf/index.php?g=Recruit&m=Recruitadmin&a=index
NOTIC: D方法实例化没找到模型类Common\Model\RecruitModel

[ 2015-10-15T01:11:19+08:00 ] ::1 /thcmf/index.php?g=Recruit&m=Recruitadmin&a=index
NOTIC: D方法实例化没找到模型类Common\Model\RecruitModel

[ 2015-10-15T01:11:20+08:00 ] ::1 /thcmf/index.php?g=Recruit&m=Recruitadmin&a=member&id=68
NOTIC: D方法实例化没找到模型类Common\Model\RecruitModel

[ 2015-10-15T01:11:24+08:00 ] ::1 /thcmf/index.php?g=Recruit&m=Recruitadmin&a=member&id=59
NOTIC: D方法实例化没找到模型类Common\Model\RecruitModel

[ 2015-10-15T01:11:28+08:00 ] ::1 /thcmf/index.php?g=Recruit&m=Recruitadmin&a=member&id=59
NOTIC: D方法实例化没找到模型类Common\Model\RecruitModel

[ 2015-10-15T01:11:35+08:00 ] ::1 /thcmf/index.php?g=Recruit&m=Recruitadmin&a=member&id=61
NOTIC: D方法实例化没找到模型类Common\Model\RecruitModel

[ 2015-10-15T01:11:38+08:00 ] ::1 /thcmf/index.php?g=Recruit&m=Recruitadmin&a=member&id=60
NOTIC: D方法实例化没找到模型类Common\Model\RecruitModel

[ 2015-10-15T01:11:42+08:00 ] ::1 /thcmf/index.php?g=Recruit&m=Recruitadmin&a=member&id=59
NOTIC: D方法实例化没找到模型类Common\Model\RecruitModel

[ 2015-10-15T01:11:46+08:00 ] ::1 /thcmf/index.php?g=Recruit&m=Recruitadmin&a=not_check&id=59
NOTIC: D方法实例化没找到模型类Common\Model\RecruitModel

[ 2015-10-15T01:11:57+08:00 ] ::1 /thcmf/index.php?g=Recruit&m=Recruitadmin&a=index&menuid=163
NOTIC: D方法实例化没找到模型类Common\Model\RecruitModel

[ 2015-10-15T01:24:01+08:00 ] ::1 /thcmf/index.php?g=Recruit&m=Recruitadmin&a=not_check
NOTIC: D方法实例化没找到模型类Common\Model\RecruitModel

[ 2015-10-15T01:24:03+08:00 ] ::1 /thcmf/index.php?g=Recruit&m=Recruitadmin&a=index
NOTIC: D方法实例化没找到模型类Common\Model\RecruitModel

[ 2015-10-15T01:24:14+08:00 ] ::1 /thcmf/index.php?g=Recruit&m=Recruitadmin&a=not_check
NOTIC: D方法实例化没找到模型类Common\Model\RecruitModel

[ 2015-10-15T01:28:10+08:00 ] ::1 /thcmf/index.php?g=Recruit&m=Recruitadmin&a=index
NOTIC: D方法实例化没找到模型类Common\Model\RecruitModel

[ 2015-10-15T01:29:27+08:00 ] ::1 /thcmf/index.php?g=Recruit&m=Recruitadmin&a=index&menuid=163
NOTIC: D方法实例化没找到模型类Common\Model\RecruitModel

[ 2015-10-15T01:30:25+08:00 ] ::1 /thcmf/index.php?g=Recruit&m=Recruitadmin&a=index&menuid=163
NOTIC: D方法实例化没找到模型类Common\Model\RecruitModel

[ 2015-10-15T01:30:50+08:00 ] ::1 /thcmf/index.php?g=Recruit&m=Recruitadmin&a=index&menuid=163
NOTIC: D方法实例化没找到模型类Common\Model\RecruitModel

[ 2015-10-15T01:30:52+08:00 ] ::1 /thcmf/index.php?g=Recruit&m=Recruitadmin&a=not_check
NOTIC: D方法实例化没找到模型类Common\Model\RecruitModel

[ 2015-10-15T01:30:53+08:00 ] ::1 /thcmf/index.php?g=Recruit&m=Recruitadmin&a=index
NOTIC: D方法实例化没找到模型类Common\Model\RecruitModel

[ 2015-10-15T01:31:30+08:00 ] ::1 /thcmf/index.php?g=Recruit&m=Recruitadmin&a=not_check
NOTIC: D方法实例化没找到模型类Common\Model\RecruitModel

[ 2015-10-15T01:31:31+08:00 ] ::1 /thcmf/index.php?g=Recruit&m=Recruitadmin&a=index
NOTIC: D方法实例化没找到模型类Common\Model\RecruitModel

[ 2015-10-15T01:31:37+08:00 ] ::1 /thcmf/index.php?g=Recruit&m=Recruitadmin&a=member&id=68
NOTIC: D方法实例化没找到模型类Common\Model\RecruitModel

[ 2015-10-15T01:32:03+08:00 ] ::1 /thcmf/index.php?g=Recruit&m=Recruitadmin&a=index
NOTIC: D方法实例化没找到模型类Common\Model\RecruitModel

[ 2015-10-15T01:32:04+08:00 ] ::1 /thcmf/index.php?g=Recruit&m=Recruitadmin&a=member&id=68
NOTIC: D方法实例化没找到模型类Common\Model\RecruitModel

[ 2015-10-15T01:33:00+08:00 ] ::1 /thcmf/index.php?g=Recruit&m=Recruitadmin&a=index
NOTIC: D方法实例化没找到模型类Common\Model\RecruitModel

[ 2015-10-15T01:33:02+08:00 ] ::1 /thcmf/index.php?g=Recruit&m=Recruitadmin&a=member&id=68
NOTIC: D方法实例化没找到模型类Common\Model\RecruitModel

[ 2015-10-15T01:33:14+08:00 ] ::1 /thcmf/index.php?g=Recruit&m=Recruitadmin&a=index
NOTIC: D方法实例化没找到模型类Common\Model\RecruitModel

[ 2015-10-15T01:33:18+08:00 ] ::1 /thcmf/index.php?g=Recruit&m=Recruitadmin&a=member&id=68
NOTIC: D方法实例化没找到模型类Common\Model\RecruitModel

[ 2015-10-15T01:33:20+08:00 ] ::1 /thcmf/index.php?g=Recruit&m=Recruitadmin&a=index
NOTIC: D方法实例化没找到模型类Common\Model\RecruitModel

[ 2015-10-15T01:33:26+08:00 ] ::1 /thcmf/index.php?g=Recruit&m=Recruitadmin&a=not_check&id=68
NOTIC: D方法实例化没找到模型类Common\Model\RecruitModel

[ 2015-10-15T01:34:02+08:00 ] ::1 /thcmf/index.php?g=Recruit&m=Recruitadmin&a=index
NOTIC: D方法实例化没找到模型类Common\Model\RecruitModel

[ 2015-10-15T01:34:03+08:00 ] ::1 /thcmf/index.php?g=Recruit&m=Recruitadmin&a=index
NOTIC: D方法实例化没找到模型类Common\Model\RecruitModel

[ 2015-10-15T01:34:11+08:00 ] ::1 /thcmf/index.php?g=Recruit&m=Recruitadmin&a=index
NOTIC: D方法实例化没找到模型类Common\Model\RecruitModel

[ 2015-10-15T01:34:13+08:00 ] ::1 /thcmf/index.php?g=Recruit&m=Recruitadmin&a=member&id=68
NOTIC: D方法实例化没找到模型类Common\Model\RecruitModel

[ 2015-10-15T01:34:14+08:00 ] ::1 /thcmf/index.php?g=Recruit&m=Recruitadmin&a=index
NOTIC: D方法实例化没找到模型类Common\Model\RecruitModel

[ 2015-10-15T01:34:15+08:00 ] ::1 /thcmf/index.php?g=Recruit&m=Recruitadmin&a=not_check&id=68
NOTIC: D方法实例化没找到模型类Common\Model\RecruitModel

[ 2015-10-15T01:34:17+08:00 ] ::1 /thcmf/index.php?g=Recruit&m=Recruitadmin&a=index
NOTIC: D方法实例化没找到模型类Common\Model\RecruitModel

[ 2015-10-15T01:34:32+08:00 ] ::1 /thcmf/index.php?g=Recruit&m=Recruitadmin&a=index
NOTIC: D方法实例化没找到模型类Common\Model\RecruitModel

[ 2015-10-15T01:34:33+08:00 ] ::1 /thcmf/index.php?g=Recruit&m=Recruitadmin&a=not_check&id=68
NOTIC: D方法实例化没找到模型类Common\Model\RecruitModel

[ 2015-10-15T01:34:35+08:00 ] ::1 /thcmf/index.php?g=Recruit&m=Recruitadmin&a=index
NOTIC: D方法实例化没找到模型类Common\Model\RecruitModel

[ 2015-10-15T01:34:36+08:00 ] ::1 /thcmf/index.php?g=Recruit&m=Recruitadmin&a=not_check&id=61
NOTIC: D方法实例化没找到模型类Common\Model\RecruitModel

[ 2015-10-15T01:34:40+08:00 ] ::1 /thcmf/index.php?g=Recruit&m=Recruitadmin&a=index
NOTIC: D方法实例化没找到模型类Common\Model\RecruitModel

[ 2015-10-15T02:12:54+08:00 ] ::1 /thcmf/index.php?g=Recruit&m=Recruitadmin&a=check&check=1
INFO: [ app_begin ] --START--
INFO: Run Behavior\ReadHtmlCacheBehavior [ RunTime:0.008557s ]
INFO: Run Behavior\CheckLangBehavior [ RunTime:0.013094s ]
INFO: [ app_begin ] --END-- [ RunTime:0.022880s ]
SQL: SHOW COLUMNS FROM `sp_users` [ RunTime:0.0135s ]
SQL: SELECT * FROM `sp_users` WHERE ( id=1 ) LIMIT 1   [ RunTime:0.0005s ]
NOTIC: D方法实例化没找到模型类Common\Model\RecruitModel
SQL: SHOW COLUMNS FROM `sp_recruit` [ RunTime:0.0139s ]
SQL: SHOW COLUMNS FROM `sp_posts` [ RunTime:0.0298s ]
SQL: SHOW COLUMNS FROM `sp_term_relationships` [ RunTime:0.0158s ]
SQL: SHOW COLUMNS FROM `sp_users` [ RunTime:0.0081s ]
SQL: UPDATE `sp_recruit` SET `status`='1' WHERE ( id in (42,40,35,34,33) ) [ RunTime:0.0004s ]

[ 2015-10-15T02:12:55+08:00 ] ::1 /thcmf/index.php?g=Recruit&m=Recruitadmin&a=index
NOTIC: D方法实例化没找到模型类Common\Model\RecruitModel

[ 2015-10-15T02:12:57+08:00 ] ::1 /thcmf/index.php?g=Recruit&m=Recruitadmin&a=check&check=1
INFO: [ app_begin ] --START--
INFO: Run Behavior\ReadHtmlCacheBehavior [ RunTime:0.000731s ]
INFO: Run Behavior\CheckLangBehavior [ RunTime:0.001178s ]
INFO: [ app_begin ] --END-- [ RunTime:0.002662s ]
SQL: SHOW COLUMNS FROM `sp_users` [ RunTime:0.0152s ]
SQL: SELECT * FROM `sp_users` WHERE ( id=1 ) LIMIT 1   [ RunTime:0.0005s ]
NOTIC: D方法实例化没找到模型类Common\Model\RecruitModel
SQL: SHOW COLUMNS FROM `sp_recruit` [ RunTime:0.0118s ]
SQL: SHOW COLUMNS FROM `sp_posts` [ RunTime:0.0129s ]
SQL: SHOW COLUMNS FROM `sp_term_relationships` [ RunTime:0.0104s ]
SQL: SHOW COLUMNS FROM `sp_users` [ RunTime:0.0089s ]
SQL: UPDATE `sp_recruit` SET `status`='1' WHERE ( id in (42,40,35,34,33) ) [ RunTime:0.0004s ]

[ 2015-10-15T02:12:57+08:00 ] ::1 /thcmf/index.php?g=Recruit&m=Recruitadmin&a=index
NOTIC: D方法实例化没找到模型类Common\Model\RecruitModel

[ 2015-10-15T10:15:39+08:00 ] ::1 /thcmf/index.php?g=Recruit&m=Recruitadmin&a=index&menuid=163
NOTIC: D方法实例化没找到模型类Common\Model\RecruitModel

[ 2015-10-15T10:17:46+08:00 ] ::1 /thcmf/index.php?g=Recruit&m=Recruitadmin&a=member&id=68
NOTIC: D方法实例化没找到模型类Common\Model\RecruitModel

[ 2015-10-15T10:17:48+08:00 ] ::1 /thcmf/index.php?g=Recruit&m=Recruitadmin&a=index
NOTIC: D方法实例化没找到模型类Common\Model\RecruitModel

[ 2015-10-15T10:17:52+08:00 ] ::1 /thcmf/index.php?g=Recruit&m=Recruitadmin&a=member&id=68
NOTIC: D方法实例化没找到模型类Common\Model\RecruitModel

[ 2015-10-15T10:17:55+08:00 ] ::1 /thcmf/index.php?g=Recruit&m=Recruitadmin&a=index
NOTIC: D方法实例化没找到模型类Common\Model\RecruitModel

[ 2015-10-15T10:18:25+08:00 ] ::1 /thcmf/index.php?g=Recruit&m=Recruitadmin&a=member&id=68
NOTIC: D方法实例化没找到模型类Common\Model\RecruitModel

[ 2015-10-15T10:18:30+08:00 ] ::1 /thcmf/index.php?g=Recruit&m=Recruitadmin&a=index
NOTIC: D方法实例化没找到模型类Common\Model\RecruitModel

[ 2015-10-15T10:18:35+08:00 ] ::1 /thcmf/index.php?g=Recruit&m=Recruitadmin&a=not_check&id=68
NOTIC: D方法实例化没找到模型类Common\Model\RecruitModel

[ 2015-10-15T10:18:36+08:00 ] ::1 /thcmf/index.php?g=Recruit&m=Recruitadmin&a=index
NOTIC: D方法实例化没找到模型类Common\Model\RecruitModel

[ 2015-10-15T10:18:38+08:00 ] ::1 /thcmf/index.php?g=Recruit&m=Recruitadmin&a=not_check&id=60
NOTIC: D方法实例化没找到模型类Common\Model\RecruitModel

[ 2015-10-15T10:18:40+08:00 ] ::1 /thcmf/index.php?g=Recruit&m=Recruitadmin&a=index
NOTIC: D方法实例化没找到模型类Common\Model\RecruitModel

[ 2015-10-15T10:18:43+08:00 ] ::1 /thcmf/index.php?g=Recruit&m=Recruitadmin&a=not_check&id=60
NOTIC: D方法实例化没找到模型类Common\Model\RecruitModel

[ 2015-10-15T10:18:45+08:00 ] ::1 /thcmf/index.php?g=Recruit&m=Recruitadmin&a=check&check=1
INFO: [ app_begin ] --START--
INFO: Run Behavior\ReadHtmlCacheBehavior [ RunTime:0.001097s ]
INFO: Run Behavior\CheckLangBehavior [ RunTime:0.001761s ]
INFO: [ app_begin ] --END-- [ RunTime:0.003816s ]
SQL: SHOW COLUMNS FROM `sp_users` [ RunTime:0.0137s ]
SQL: SELECT * FROM `sp_users` WHERE ( id=1 ) LIMIT 1   [ RunTime:0.0005s ]
NOTIC: D方法实例化没找到模型类Common\Model\RecruitModel
SQL: SHOW COLUMNS FROM `sp_recruit` [ RunTime:0.0100s ]
SQL: SHOW COLUMNS FROM `sp_posts` [ RunTime:0.0108s ]
SQL: SHOW COLUMNS FROM `sp_term_relationships` [ RunTime:0.0108s ]
SQL: SHOW COLUMNS FROM `sp_users` [ RunTime:0.0080s ]
SQL: UPDATE `sp_recruit` SET `status`='1' WHERE ( id in (19) ) [ RunTime:0.0395s ]

[ 2015-10-15T10:18:45+08:00 ] ::1 /thcmf/index.php?g=Recruit&m=Recruitadmin&a=not_check&id=60
NOTIC: D方法实例化没找到模型类Common\Model\RecruitModel

[ 2015-10-15T10:18:46+08:00 ] ::1 /thcmf/index.php?g=Recruit&m=Recruitadmin&a=index
NOTIC: D方法实例化没找到模型类Common\Model\RecruitModel

[ 2015-10-15T10:18:49+08:00 ] ::1 /thcmf/index.php?g=Recruit&m=Recruitadmin&a=member&id=60
NOTIC: D方法实例化没找到模型类Common\Model\RecruitModel

[ 2015-10-15T10:18:50+08:00 ] ::1 /thcmf/index.php?g=Recruit&m=Recruitadmin&a=index
NOTIC: D方法实例化没找到模型类Common\Model\RecruitModel

[ 2015-10-15T10:22:46+08:00 ] ::1 /thcmf/index.php?g=Recruit&m=Recruitadmin&a=index
NOTIC: D方法实例化没找到模型类Common\Model\RecruitModel

[ 2015-10-15T10:23:10+08:00 ] ::1 /thcmf/index.php?g=Recruit&m=Recruitadmin&a=index
NOTIC: D方法实例化没找到模型类Common\Model\RecruitModel

[ 2015-10-15T10:23:19+08:00 ] ::1 /thcmf/index.php?g=Recruit&m=Recruitadmin&a=index
NOTIC: D方法实例化没找到模型类Common\Model\RecruitModel

[ 2015-10-15T10:23:35+08:00 ] ::1 /thcmf/index.php?g=Recruit&m=Recruitadmin&a=index
NOTIC: D方法实例化没找到模型类Common\Model\RecruitModel

[ 2015-10-15T10:23:58+08:00 ] ::1 /thcmf/index.php?g=Recruit&m=Recruitadmin&a=active_status&active_start=1
INFO: [ app_begin ] --START--
INFO: Run Behavior\ReadHtmlCacheBehavior [ RunTime:0.000945s ]
INFO: Run Behavior\CheckLangBehavior [ RunTime:0.001637s ]
INFO: [ app_begin ] --END-- [ RunTime:0.003456s ]
SQL: SHOW COLUMNS FROM `sp_users` [ RunTime:0.0157s ]
SQL: SELECT * FROM `sp_users` WHERE ( id=1 ) LIMIT 1   [ RunTime:0.0005s ]
NOTIC: D方法实例化没找到模型类Common\Model\RecruitModel
SQL: SHOW COLUMNS FROM `sp_recruit` [ RunTime:0.0104s ]
SQL: SHOW COLUMNS FROM `sp_posts` [ RunTime:0.0106s ]
SQL: SHOW COLUMNS FROM `sp_term_relationships` [ RunTime:0.0101s ]
SQL: SHOW COLUMNS FROM `sp_users` [ RunTime:0.0083s ]

[ 2015-10-15T10:24:02+08:00 ] ::1 /thcmf/index.php?g=Recruit&m=Recruitadmin&a=index
NOTIC: D方法实例化没找到模型类Common\Model\RecruitModel

[ 2015-10-15T10:33:56+08:00 ] ::1 /thcmf/index.php?g=Recruit&m=Recruitadmin&a=index
NOTIC: D方法实例化没找到模型类Common\Model\RecruitModel

[ 2015-10-15T10:34:11+08:00 ] ::1 /thcmf/index.php?g=Recruit&m=Recruitadmin&a=index
NOTIC: D方法实例化没找到模型类Common\Model\RecruitModel

[ 2015-10-15T10:34:12+08:00 ] ::1 /thcmf/index.php?g=Recruit&m=Recruitadmin&a=active_status&active_start=1&id=42
NOTIC: D方法实例化没找到模型类Common\Model\RecruitModel

[ 2015-10-15T10:35:54+08:00 ] ::1 /thcmf/index.php?g=Recruit&m=Recruitadmin&a=delete&id=42
INFO: [ app_begin ] --START--
INFO: Run Behavior\ReadHtmlCacheBehavior [ RunTime:0.000935s ]
INFO: Run Behavior\CheckLangBehavior [ RunTime:0.001582s ]
INFO: [ app_begin ] --END-- [ RunTime:0.003293s ]
SQL: SHOW COLUMNS FROM `sp_users` [ RunTime:0.0150s ]
SQL: SELECT * FROM `sp_users` WHERE ( id=1 ) LIMIT 1   [ RunTime:0.0005s ]
NOTIC: D方法实例化没找到模型类Common\Model\RecruitModel
SQL: SHOW COLUMNS FROM `sp_recruit` [ RunTime:0.0105s ]
SQL: SHOW COLUMNS FROM `sp_posts` [ RunTime:0.0112s ]
SQL: SHOW COLUMNS FROM `sp_term_relationships` [ RunTime:0.0103s ]
SQL: SHOW COLUMNS FROM `sp_users` [ RunTime:0.0084s ]
SQL: DELETE FROM `sp_recruit` WHERE ( id=42 ) [ RunTime:0.0417s ]

[ 2015-10-15T10:35:54+08:00 ] ::1 /thcmf/index.php?g=Recruit&m=Recruitadmin&a=index
NOTIC: D方法实例化没找到模型类Common\Model\RecruitModel

[ 2015-10-15T10:35:56+08:00 ] ::1 /thcmf/index.php?g=Recruit&m=Recruitadmin&a=delete&id=42
INFO: [ app_begin ] --START--
INFO: Run Behavior\ReadHtmlCacheBehavior [ RunTime:0.000962s ]
INFO: Run Behavior\CheckLangBehavior [ RunTime:0.001651s ]
INFO: [ app_begin ] --END-- [ RunTime:0.003399s ]
SQL: SHOW COLUMNS FROM `sp_users` [ RunTime:0.0143s ]
SQL: SELECT * FROM `sp_users` WHERE ( id=1 ) LIMIT 1   [ RunTime:0.0005s ]
NOTIC: D方法实例化没找到模型类Common\Model\RecruitModel
SQL: SHOW COLUMNS FROM `sp_recruit` [ RunTime:0.0107s ]
SQL: SHOW COLUMNS FROM `sp_posts` [ RunTime:0.0113s ]
SQL: SHOW COLUMNS FROM `sp_term_relationships` [ RunTime:0.0105s ]
SQL: SHOW COLUMNS FROM `sp_users` [ RunTime:0.0087s ]
SQL: DELETE FROM `sp_recruit` WHERE ( id=42 ) [ RunTime:0.0004s ]

[ 2015-10-15T10:35:56+08:00 ] ::1 /thcmf/index.php?g=Recruit&m=Recruitadmin&a=index
NOTIC: D方法实例化没找到模型类Common\Model\RecruitModel

[ 2015-10-15T14:56:22+08:00 ] ::1 /thcmf/index.php?g=Recruit&m=Recruitadmin&a=index&menuid=163
NOTIC: D方法实例化没找到模型类Common\Model\RecruitModel

[ 2015-10-15T18:54:59+08:00 ] ::1 /thcmf/index.php?g=Recruit&m=Recruitadmin&a=not_check
NOTIC: D方法实例化没找到模型类Common\Model\RecruitModel

[ 2015-10-15T18:55:01+08:00 ] ::1 /thcmf/index.php?g=Recruit&m=Recruitadmin&a=index
NOTIC: D方法实例化没找到模型类Common\Model\RecruitModel

[ 2015-10-15T18:55:04+08:00 ] ::1 /thcmf/index.php?g=Recruit&m=Recruitadmin&a=index
NOTIC: D方法实例化没找到模型类Common\Model\RecruitModel

[ 2015-10-15T18:55:05+08:00 ] ::1 /thcmf/index.php?g=Recruit&m=Recruitadmin&a=index
NOTIC: D方法实例化没找到模型类Common\Model\RecruitModel

[ 2015-10-15T18:55:10+08:00 ] ::1 /thcmf/index.php?g=Recruit&m=Recruitadmin&a=index&menuid=163
NOTIC: D方法实例化没找到模型类Common\Model\RecruitModel

