[ 2015-11-02T15:17:11+08:00 ] ::1 /thcmf/index.php?g=recruit&m=recurit
ERR: 无法加载控制器:Recurit

[ 2015-11-02T15:17:14+08:00 ] ::1 /thcmf/index.php?g=recruit&m=recurit
ERR: 无法加载控制器:Recurit

[ 2015-11-02T15:17:56+08:00 ] ::1 /thcmf/index.php?g=Recruit&m=recruit&a=index
NOTIC: D方法实例化没找到模型类Common\Model\RecruitModel

[ 2015-11-02T15:20:05+08:00 ] ::1 /thcmf/index.php?g=Recruit&m=recruit&a=index
NOTIC: D方法实例化没找到模型类Common\Model\RecruitModel

[ 2015-11-02T15:20:39+08:00 ] ::1 /thcmf/index.php?g=Recruit&m=recruit&a=index
NOTIC: D方法实例化没找到模型类Common\Model\RecruitModel

[ 2015-11-02T15:20:43+08:00 ] ::1 /thcmf/index.php?g=recruit&m=recruit&a=listIndex&time_limit=1&time_type=&term_type=&time_limit=&active_status=
INFO: [ app_begin ] --START--
INFO: Run Behavior\ReadHtmlCacheBehavior [ RunTime:0.001594s ]
INFO: Run Behavior\CheckLangBehavior [ RunTime:0.002437s ]
INFO: [ app_begin ] --END-- [ RunTime:0.005140s ]
SQL: SHOW COLUMNS FROM `sp_users` [ RunTime:0.0199s ]
SQL: SELECT `user_status` FROM `sp_users` WHERE `id` = '1' LIMIT 1   [ RunTime:0.0004s ]
NOTIC: D方法实例化没找到模型类Common\Model\RecruitModel
SQL: SHOW COLUMNS FROM `sp_recruit` [ RunTime:0.0134s ]
SQL: SHOW COLUMNS FROM `sp_posts` [ RunTime:0.0179s ]
SQL: SHOW COLUMNS FROM `sp_term_relationships` [ RunTime:0.0156s ]
SQL: SHOW COLUMNS FROM `sp_terms` [ RunTime:0.0160s ]
NOTIC: [8] Undefined index: term E:\wamp\www\thcmf\application\Recruit\Controller\RecruitController.class.php 第 28 行.
NOTIC: [8] Undefined variable: time_status E:\wamp\www\thcmf\application\Recruit\Controller\RecruitController.class.php 第 30 行.
NOTIC: [8] Undefined variable: where E:\wamp\www\thcmf\application\Recruit\Controller\RecruitController.class.php 第 40 行.
SQL: SELECT `object_id`,tr.tid,`object_id`,`post_title`,`post_address`,`post_date`,`ac_start`,`ac_end`,`smeta`,`post_hits`,`post_like` FROM sp_posts po INNER JOIN sp_term_relationships tr on po.id = tr.object_id INNER JOIN sp_terms t on tr.term_id = t.term_id   [ RunTime:0.0007s ]
INFO: [ app_end ] --START--
INFO: Run Behavior\ShowPageTraceBehavior [ RunTime:0.001659s ]
INFO: [ app_end ] --END-- [ RunTime:0.001917s ]

[ 2015-11-02T15:21:09+08:00 ] ::1 /thcmf/index.php?g=Recruit&m=recruit&a=index
NOTIC: D方法实例化没找到模型类Common\Model\RecruitModel

[ 2015-11-02T15:21:11+08:00 ] ::1 /thcmf/index.php?g=recruit&m=recruit&a=listIndex&time_limit=2&time_type=&term_type=&time_limit=&active_status=
INFO: [ app_begin ] --START--
INFO: Run Behavior\ReadHtmlCacheBehavior [ RunTime:0.001580s ]
INFO: Run Behavior\CheckLangBehavior [ RunTime:0.002623s ]
INFO: [ app_begin ] --END-- [ RunTime:0.005424s ]
SQL: SHOW COLUMNS FROM `sp_users` [ RunTime:0.0197s ]
SQL: SELECT `user_status` FROM `sp_users` WHERE `id` = '1' LIMIT 1   [ RunTime:0.0004s ]
NOTIC: D方法实例化没找到模型类Common\Model\RecruitModel
SQL: SHOW COLUMNS FROM `sp_recruit` [ RunTime:0.0159s ]
SQL: SHOW COLUMNS FROM `sp_posts` [ RunTime:0.0149s ]
SQL: SHOW COLUMNS FROM `sp_term_relationships` [ RunTime:0.0173s ]
SQL: SHOW COLUMNS FROM `sp_terms` [ RunTime:0.0161s ]
NOTIC: [8] Undefined index: term E:\wamp\www\thcmf\application\Recruit\Controller\RecruitController.class.php 第 28 行.
NOTIC: [8] Undefined variable: time_status E:\wamp\www\thcmf\application\Recruit\Controller\RecruitController.class.php 第 30 行.
NOTIC: [8] Undefined variable: where E:\wamp\www\thcmf\application\Recruit\Controller\RecruitController.class.php 第 40 行.
SQL: SELECT `object_id`,tr.tid,`object_id`,`post_title`,`post_address`,`post_date`,`ac_start`,`ac_end`,`smeta`,`post_hits`,`post_like` FROM sp_posts po INNER JOIN sp_term_relationships tr on po.id = tr.object_id INNER JOIN sp_terms t on tr.term_id = t.term_id   [ RunTime:0.0006s ]
INFO: [ app_end ] --START--
INFO: Run Behavior\ShowPageTraceBehavior [ RunTime:0.001183s ]
INFO: [ app_end ] --END-- [ RunTime:0.001351s ]

[ 2015-11-02T17:17:46+08:00 ] ::1 /thcmf/index.php?g=Recruit&m=recruit&a=index
NOTIC: D方法实例化没找到模型类Common\Model\RecruitModel

[ 2015-11-02T17:17:47+08:00 ] ::1 /thcmf/index.php?g=Recruit&m=recruit&a=index
NOTIC: D方法实例化没找到模型类Common\Model\RecruitModel

[ 2015-11-02T17:17:47+08:00 ] ::1 /thcmf/index.php?g=Recruit&m=recruit&a=index
NOTIC: D方法实例化没找到模型类Common\Model\RecruitModel

[ 2015-11-02T17:17:47+08:00 ] ::1 /thcmf/index.php?g=recruit&m=recruit&a=listIndex&time_limit=1&time_type=&term_type=&time_limit=&active_status=
INFO: [ app_begin ] --START--
INFO: Run Behavior\ReadHtmlCacheBehavior [ RunTime:0.001150s ]
INFO: Run Behavior\CheckLangBehavior [ RunTime:0.002070s ]
INFO: [ app_begin ] --END-- [ RunTime:0.004336s ]
SQL: SHOW COLUMNS FROM `sp_users` [ RunTime:0.0148s ]
SQL: SELECT `user_status` FROM `sp_users` WHERE `id` = '1' LIMIT 1   [ RunTime:0.0005s ]
NOTIC: D方法实例化没找到模型类Common\Model\RecruitModel
SQL: SHOW COLUMNS FROM `sp_recruit` [ RunTime:0.0265s ]
SQL: SHOW COLUMNS FROM `sp_posts` [ RunTime:0.0167s ]
SQL: SHOW COLUMNS FROM `sp_term_relationships` [ RunTime:0.0158s ]
SQL: SHOW COLUMNS FROM `sp_terms` [ RunTime:0.0142s ]
NOTIC: [8] Undefined index: term E:\wamp\www\thcmf\application\Recruit\Controller\RecruitController.class.php 第 28 行.
NOTIC: [8] Undefined variable: time_status E:\wamp\www\thcmf\application\Recruit\Controller\RecruitController.class.php 第 30 行.
NOTIC: [8] Undefined variable: where E:\wamp\www\thcmf\application\Recruit\Controller\RecruitController.class.php 第 40 行.
SQL: SELECT `object_id`,tr.tid,`object_id`,`post_title`,`post_address`,`post_date`,`ac_start`,`ac_end`,`smeta`,`post_hits`,`post_like` FROM sp_posts po INNER JOIN sp_term_relationships tr on po.id = tr.object_id INNER JOIN sp_terms t on tr.term_id = t.term_id   [ RunTime:0.0008s ]
INFO: [ app_end ] --START--
INFO: Run Behavior\ShowPageTraceBehavior [ RunTime:0.001943s ]
INFO: [ app_end ] --END-- [ RunTime:0.002226s ]

[ 2015-11-02T17:17:49+08:00 ] ::1 /thcmf/index.php?g=Recruit&m=recruit&a=index
NOTIC: D方法实例化没找到模型类Common\Model\RecruitModel

[ 2015-11-02T17:19:03+08:00 ] ::1 /thcmf/index.php?g=Recruit&m=recruit&a=index
NOTIC: D方法实例化没找到模型类Common\Model\RecruitModel

[ 2015-11-02T17:19:19+08:00 ] ::1 /thcmf/index.php?g=Recruit&m=recruit&a=index
NOTIC: D方法实例化没找到模型类Common\Model\RecruitModel

[ 2015-11-02T17:29:09+08:00 ] ::1 /thcmf/index.php?g=recruit&m=recruit
NOTIC: D方法实例化没找到模型类Common\Model\RecruitModel

[ 2015-11-02T17:35:06+08:00 ] ::1 /thcmf/index.php?g=recruit&m=recruit
NOTIC: D方法实例化没找到模型类Common\Model\RecruitModel

[ 2015-11-02T17:37:48+08:00 ] ::1 /thcmf/index.php?g=recruit&m=recruit
NOTIC: D方法实例化没找到模型类Common\Model\RecruitModel

[ 2015-11-02T17:38:31+08:00 ] ::1 /thcmf/index.php?g=recruit&m=recruit
NOTIC: D方法实例化没找到模型类Common\Model\RecruitModel

