[ 2015-10-14T22:40:46+08:00 ] ::1 /thcmf/index.php?g=Admin&m=public&a=dologin
INFO: [ app_begin ] --START--
INFO: Run Behavior\ReadHtmlCacheBehavior [ RunTime:0.000760s ]
INFO: Run Behavior\CheckLangBehavior [ RunTime:0.001711s ]
INFO: [ app_begin ] --END-- [ RunTime:0.003141s ]

[ 2015-10-14T22:40:51+08:00 ] ::1 /thcmf/index.php?g=Admin&m=public&a=dologin
INFO: [ app_begin ] --START--
INFO: Run Behavior\ReadHtmlCacheBehavior [ RunTime:0.000721s ]
INFO: Run Behavior\CheckLangBehavior [ RunTime:0.001614s ]
INFO: [ app_begin ] --END-- [ RunTime:0.002972s ]
SQL: SHOW COLUMNS FROM `sp_users` [ RunTime:0.0139s ]
SQL: SELECT * FROM `sp_users` LIMIT 1   [ RunTime:0.0005s ]
SQL: SHOW COLUMNS FROM `sp_role_user` [ RunTime:0.0327s ]
SQL: SELECT `role_id` FROM sp_role_user a INNER JOIN sp_role as b on a.role_id =b.id  WHERE `user_id` = '1' AND `status` = 1  [ RunTime:0.0097s ]
NOTIC: [8] Undefined index: user_login E:\wamp\www\thcmf\application\Admin\Controller\PublicController.class.php 第 75 行.
SQL: UPDATE `sp_users` SET `user_number`='admin',`user_carnumber`='0',`user_pass`='c535018ee94621232f297a57a5a743894a0e4a801fc389af',`username`='admin',`user_email`='1234@qq.com',`user_major`='',`org`='0',`user_url`='',`avatar`='55d6e0de6127e.jpg',`sex`='0',`birthday`='0000-00-00',`signature`='我是admin',`last_login_ip`='0.0.0.0',`last_login_time`='2015-10-14 22:40:51',`create_time`='2015-07-30 02:54:22',`user_activation_key`='',`user_status`='1',`score`='0',`user_type`='1',`duration`='0' WHERE `id` = '1' [ RunTime:0.0083s ]

[ 2015-10-14T22:40:52+08:00 ] ::1 /thcmf/index.php?g=Admin&m=Main&a=index
NOTIC: D方法实例化没找到模型类Common\Model\RecruitModel

[ 2015-10-14T22:45:28+08:00 ] ::1 /thcmf/index.php?g=Admin&m=User&a=add_post
INFO: [ app_begin ] --START--
INFO: Run Behavior\ReadHtmlCacheBehavior [ RunTime:0.001085s ]
INFO: Run Behavior\CheckLangBehavior [ RunTime:0.002137s ]
INFO: [ app_begin ] --END-- [ RunTime:0.003990s ]
SQL: SHOW COLUMNS FROM `sp_users` [ RunTime:0.0130s ]
SQL: SELECT * FROM `sp_users` WHERE ( id=1 ) LIMIT 1   [ RunTime:0.0005s ]
SQL: SHOW COLUMNS FROM `sp_users` [ RunTime:0.0083s ]
SQL: SHOW COLUMNS FROM `sp_role` [ RunTime:0.0117s ]
NOTIC: [8] Undefined index: user_login E:\wamp\www\thcmf\simplewind\Core\Library\Think\Model.class.php 第 1294 行.

[ 2015-10-14T23:15:39+08:00 ] ::1 /thcmf/index.php?g=Admin&m=User&a=add_post
INFO: [ app_begin ] --START--
INFO: Run Behavior\ReadHtmlCacheBehavior [ RunTime:0.002716s ]
INFO: Run Behavior\CheckLangBehavior [ RunTime:0.003018s ]
INFO: [ app_begin ] --END-- [ RunTime:0.007000s ]
SQL: SHOW COLUMNS FROM `sp_users` [ RunTime:0.0161s ]
SQL: SELECT * FROM `sp_users` WHERE ( id=1 ) LIMIT 1   [ RunTime:0.0005s ]
SQL: SHOW COLUMNS FROM `sp_users` [ RunTime:0.0091s ]
SQL: SHOW COLUMNS FROM `sp_role` [ RunTime:0.0124s ]
NOTIC: [8] Undefined index: user_login E:\wamp\www\thcmf\simplewind\Core\Library\Think\Model.class.php 第 1294 行.

[ 2015-10-14T23:16:56+08:00 ] ::1 /thcmf/index.php?g=Admin&m=User&a=add_post
INFO: [ app_begin ] --START--
INFO: Run Behavior\ReadHtmlCacheBehavior [ RunTime:0.001132s ]
INFO: Run Behavior\CheckLangBehavior [ RunTime:0.002215s ]
INFO: [ app_begin ] --END-- [ RunTime:0.004168s ]
SQL: SHOW COLUMNS FROM `sp_users` [ RunTime:0.0150s ]
SQL: SELECT * FROM `sp_users` WHERE ( id=1 ) LIMIT 1   [ RunTime:0.0006s ]
SQL: SHOW COLUMNS FROM `sp_users` [ RunTime:0.0098s ]
SQL: SHOW COLUMNS FROM `sp_role` [ RunTime:0.0117s ]
NOTIC: [8] Undefined index: user_login E:\wamp\www\thcmf\simplewind\Core\Library\Think\Model.class.php 第 1294 行.

[ 2015-10-14T23:17:05+08:00 ] ::1 /thcmf/index.php?g=Admin&m=User&a=add_post
INFO: [ app_begin ] --START--
INFO: Run Behavior\ReadHtmlCacheBehavior [ RunTime:0.001141s ]
INFO: Run Behavior\CheckLangBehavior [ RunTime:0.002966s ]
INFO: [ app_begin ] --END-- [ RunTime:0.004892s ]
SQL: SHOW COLUMNS FROM `sp_users` [ RunTime:0.0137s ]
SQL: SELECT * FROM `sp_users` WHERE ( id=1 ) LIMIT 1   [ RunTime:0.0005s ]
SQL: SHOW COLUMNS FROM `sp_users` [ RunTime:0.0083s ]
SQL: SHOW COLUMNS FROM `sp_role` [ RunTime:0.0116s ]
SQL: SELECT * FROM `sp_users` LIMIT 1   [ RunTime:0.0004s ]

[ 2015-10-14T23:17:10+08:00 ] ::1 /thcmf/index.php?g=Admin&m=User&a=add_post
INFO: [ app_begin ] --START--
INFO: Run Behavior\ReadHtmlCacheBehavior [ RunTime:0.001167s ]
INFO: Run Behavior\CheckLangBehavior [ RunTime:0.003738s ]
INFO: [ app_begin ] --END-- [ RunTime:0.005845s ]
SQL: SHOW COLUMNS FROM `sp_users` [ RunTime:0.0173s ]
SQL: SELECT * FROM `sp_users` WHERE ( id=1 ) LIMIT 1   [ RunTime:0.0005s ]
SQL: SHOW COLUMNS FROM `sp_users` [ RunTime:0.0095s ]
SQL: SHOW COLUMNS FROM `sp_role` [ RunTime:0.0152s ]
SQL: SELECT * FROM `sp_users` LIMIT 1   [ RunTime:0.0009s ]

[ 2015-10-14T23:17:11+08:00 ] ::1 /thcmf/index.php?g=Admin&m=User&a=add_post
INFO: [ app_begin ] --START--
INFO: Run Behavior\ReadHtmlCacheBehavior [ RunTime:0.001162s ]
INFO: Run Behavior\CheckLangBehavior [ RunTime:0.002200s ]
INFO: [ app_begin ] --END-- [ RunTime:0.004148s ]
SQL: SHOW COLUMNS FROM `sp_users` [ RunTime:0.0150s ]
SQL: SELECT * FROM `sp_users` WHERE ( id=1 ) LIMIT 1   [ RunTime:0.0005s ]
SQL: SHOW COLUMNS FROM `sp_users` [ RunTime:0.0097s ]
SQL: SHOW COLUMNS FROM `sp_role` [ RunTime:0.0114s ]
SQL: SELECT * FROM `sp_users` LIMIT 1   [ RunTime:0.0004s ]

[ 2015-10-14T23:17:19+08:00 ] ::1 /thcmf/index.php?g=Admin&m=User&a=add_post
INFO: [ app_begin ] --START--
INFO: Run Behavior\ReadHtmlCacheBehavior [ RunTime:0.001252s ]
INFO: Run Behavior\CheckLangBehavior [ RunTime:0.002663s ]
INFO: [ app_begin ] --END-- [ RunTime:0.004703s ]
SQL: SHOW COLUMNS FROM `sp_users` [ RunTime:0.0161s ]
SQL: SELECT * FROM `sp_users` WHERE ( id=1 ) LIMIT 1   [ RunTime:0.0005s ]
SQL: SHOW COLUMNS FROM `sp_users` [ RunTime:0.0088s ]
SQL: SHOW COLUMNS FROM `sp_role` [ RunTime:0.0128s ]
SQL: SELECT * FROM `sp_users` LIMIT 1   [ RunTime:0.0005s ]

[ 2015-10-14T23:17:20+08:00 ] ::1 /thcmf/index.php?g=Admin&m=User&a=add_post
INFO: [ app_begin ] --START--
INFO: Run Behavior\ReadHtmlCacheBehavior [ RunTime:0.001405s ]
INFO: Run Behavior\CheckLangBehavior [ RunTime:0.004242s ]
INFO: [ app_begin ] --END-- [ RunTime:0.006587s ]
SQL: SHOW COLUMNS FROM `sp_users` [ RunTime:0.0085s ]
SQL: SELECT * FROM `sp_users` WHERE ( id=1 ) LIMIT 1   [ RunTime:0.0014s ]
SQL: SHOW COLUMNS FROM `sp_users` [ RunTime:0.0084s ]
SQL: SHOW COLUMNS FROM `sp_role` [ RunTime:0.0093s ]
SQL: SELECT * FROM `sp_users` LIMIT 1   [ RunTime:0.0005s ]

[ 2015-10-14T23:17:38+08:00 ] ::1 /thcmf/index.php?g=Admin&m=User&a=add_post
INFO: [ app_begin ] --START--
INFO: Run Behavior\ReadHtmlCacheBehavior [ RunTime:0.001141s ]
INFO: Run Behavior\CheckLangBehavior [ RunTime:0.002171s ]
INFO: [ app_begin ] --END-- [ RunTime:0.004061s ]
SQL: SHOW COLUMNS FROM `sp_users` [ RunTime:0.0135s ]
SQL: SELECT * FROM `sp_users` WHERE ( id=1 ) LIMIT 1   [ RunTime:0.0008s ]
SQL: SHOW COLUMNS FROM `sp_users` [ RunTime:0.0087s ]
SQL: SHOW COLUMNS FROM `sp_role` [ RunTime:0.0117s ]
SQL: SELECT * FROM `sp_users` LIMIT 1   [ RunTime:0.0004s ]

[ 2015-10-14T23:17:38+08:00 ] ::1 /thcmf/index.php?g=Admin&m=User&a=add_post
INFO: [ app_begin ] --START--
INFO: Run Behavior\ReadHtmlCacheBehavior [ RunTime:0.001957s ]
INFO: Run Behavior\CheckLangBehavior [ RunTime:0.004294s ]
INFO: [ app_begin ] --END-- [ RunTime:0.007270s ]
SQL: SHOW COLUMNS FROM `sp_users` [ RunTime:0.0158s ]
SQL: SELECT * FROM `sp_users` WHERE ( id=1 ) LIMIT 1   [ RunTime:0.0006s ]
SQL: SHOW COLUMNS FROM `sp_users` [ RunTime:0.0094s ]
SQL: SHOW COLUMNS FROM `sp_role` [ RunTime:0.0123s ]
SQL: SELECT * FROM `sp_users` LIMIT 1   [ RunTime:0.0005s ]

[ 2015-10-14T23:17:49+08:00 ] ::1 /thcmf/index.php?g=Admin&m=User&a=add_post
INFO: [ app_begin ] --START--
INFO: Run Behavior\ReadHtmlCacheBehavior [ RunTime:0.001126s ]
INFO: Run Behavior\CheckLangBehavior [ RunTime:0.002175s ]
INFO: [ app_begin ] --END-- [ RunTime:0.004060s ]
SQL: SHOW COLUMNS FROM `sp_users` [ RunTime:0.0150s ]
SQL: SELECT * FROM `sp_users` WHERE ( id=1 ) LIMIT 1   [ RunTime:0.0005s ]
SQL: SHOW COLUMNS FROM `sp_users` [ RunTime:0.0090s ]
SQL: SHOW COLUMNS FROM `sp_role` [ RunTime:0.0122s ]
NOTIC: [8] Undefined index: user_login E:\wamp\www\thcmf\simplewind\Core\Library\Think\Model.class.php 第 1294 行.

[ 2015-10-14T23:20:22+08:00 ] ::1 /thcmf/index.php?g=Admin&m=User&a=add_post
INFO: [ app_begin ] --START--
INFO: Run Behavior\ReadHtmlCacheBehavior [ RunTime:0.001152s ]
INFO: Run Behavior\CheckLangBehavior [ RunTime:0.002461s ]
INFO: [ app_begin ] --END-- [ RunTime:0.004400s ]
SQL: SHOW COLUMNS FROM `sp_users` [ RunTime:0.0152s ]
SQL: SELECT * FROM `sp_users` WHERE ( id=1 ) LIMIT 1   [ RunTime:0.0005s ]
SQL: SHOW COLUMNS FROM `sp_users` [ RunTime:0.0083s ]
SQL: SHOW COLUMNS FROM `sp_role` [ RunTime:0.0116s ]
SQL: SELECT * FROM `sp_users` WHERE `user_email` = '1444@qq.com' LIMIT 1   [ RunTime:0.0005s ]
SQL: INSERT INTO `sp_users` (`user_number`,`user_pass`,`user_email`) VALUES ('地生','c535018ee946e10adc3949ba59abbe56e057f20f883e89af','1444@qq.com') [ RunTime:0.0521s ]
SQL: SHOW COLUMNS FROM `sp_role_user` [ RunTime:0.0141s ]
SQL: INSERT INTO `sp_role_user` (`role_id`,`user_id`) VALUES ('2','26') [ RunTime:0.0005s ]

