[ 2015-10-13T12:56:15+08:00 ] ::1 /thcmf/index.php?g=Admin&m=public&a=dologin
INFO: [ app_begin ] --START--
INFO: Run Behavior\ReadHtmlCacheBehavior [ RunTime:0.000759s ]
INFO: Run Behavior\CheckLangBehavior [ RunTime:0.001543s ]
INFO: [ app_begin ] --END-- [ RunTime:0.002960s ]
SQL: SHOW COLUMNS FROM `sp_users` [ RunTime:0.0245s ]
SQL: SELECT * FROM `sp_users` LIMIT 1   [ RunTime:0.0008s ]
SQL: SHOW COLUMNS FROM `sp_role_user` [ RunTime:0.3507s ]
SQL: SELECT `role_id` FROM sp_role_user a INNER JOIN sp_role as b on a.role_id =b.id  WHERE `user_id` = '1' AND `status` = 1  [ RunTime:0.0354s ]
NOTIC: [8] Undefined index: user_login E:\wamp\www\thcmf\application\Admin\Controller\PublicController.class.php 第 75 行.
SQL: UPDATE `sp_users` SET `user_number`='admin',`user_carnumber`='0',`user_pass`='c535018ee94621232f297a57a5a743894a0e4a801fc389af',`username`='admin',`user_email`='1234@qq.com',`user_major`='',`org`='0',`user_url`='',`avatar`='55d6e0de6127e.jpg',`sex`='0',`birthday`='0000-00-00',`signature`='我是admin',`last_login_ip`='0.0.0.0',`last_login_time`='2015-10-13 12:56:15',`create_time`='2015-07-30 02:54:22',`user_activation_key`='',`user_status`='1',`score`='0',`user_type`='1',`duration`='0' WHERE `id` = '1' [ RunTime:0.0014s ]

[ 2015-10-13T12:56:16+08:00 ] ::1 /thcmf/index.php?g=Admin&m=Main&a=index
NOTIC: D方法实例化没找到模型类Common\Model\RecruitModel

[ 2015-10-13T13:02:53+08:00 ] ::1 /thcmf/index.php?g=Admin&m=Main&a=index
NOTIC: D方法实例化没找到模型类Common\Model\RecruitModel

[ 2015-10-13T14:53:27+08:00 ] ::1 /thcmf/index.php?g=Admin&m=User&a=add_post
INFO: [ app_begin ] --START--
INFO: Run Behavior\ReadHtmlCacheBehavior [ RunTime:0.000910s ]
INFO: Run Behavior\CheckLangBehavior [ RunTime:0.002237s ]
INFO: [ app_begin ] --END-- [ RunTime:0.003856s ]
SQL: SHOW COLUMNS FROM `sp_users` [ RunTime:0.0146s ]
SQL: SELECT * FROM `sp_users` WHERE ( id=1 ) LIMIT 1   [ RunTime:0.0005s ]
SQL: SHOW COLUMNS FROM `sp_users` [ RunTime:0.0082s ]
SQL: SHOW COLUMNS FROM `sp_role` [ RunTime:0.0120s ]
NOTIC: [8] Undefined index: user_login E:\wamp\www\thcmf\simplewind\Core\Library\Think\Model.class.php 第 1294 行.

[ 2015-10-13T14:53:35+08:00 ] ::1 /thcmf/index.php?g=Admin&m=User&a=add_post
INFO: [ app_begin ] --START--
INFO: Run Behavior\ReadHtmlCacheBehavior [ RunTime:0.000922s ]
INFO: Run Behavior\CheckLangBehavior [ RunTime:0.001948s ]
INFO: [ app_begin ] --END-- [ RunTime:0.003569s ]
SQL: SHOW COLUMNS FROM `sp_users` [ RunTime:0.0146s ]
SQL: SELECT * FROM `sp_users` WHERE ( id=1 ) LIMIT 1   [ RunTime:0.0006s ]
SQL: SHOW COLUMNS FROM `sp_users` [ RunTime:0.0083s ]
SQL: SHOW COLUMNS FROM `sp_role` [ RunTime:0.0115s ]
NOTIC: [8] Undefined index: user_login E:\wamp\www\thcmf\simplewind\Core\Library\Think\Model.class.php 第 1294 行.

[ 2015-10-13T15:06:29+08:00 ] ::1 /thcmf/index.php?g=Admin&m=User&a=add_post
INFO: [ app_begin ] --START--
INFO: Run Behavior\ReadHtmlCacheBehavior [ RunTime:0.000955s ]
INFO: Run Behavior\CheckLangBehavior [ RunTime:0.001924s ]
INFO: [ app_begin ] --END-- [ RunTime:0.003568s ]
SQL: SHOW COLUMNS FROM `sp_users` [ RunTime:0.0171s ]
SQL: SELECT * FROM `sp_users` WHERE ( id=1 ) LIMIT 1   [ RunTime:0.0005s ]
SQL: SHOW COLUMNS FROM `sp_users` [ RunTime:0.0095s ]
SQL: SHOW COLUMNS FROM `sp_role` [ RunTime:0.0121s ]

[ 2015-10-13T15:06:31+08:00 ] ::1 /thcmf/index.php?g=Admin&m=User&a=add_post
INFO: [ app_begin ] --START--
INFO: Run Behavior\ReadHtmlCacheBehavior [ RunTime:0.001094s ]
INFO: Run Behavior\CheckLangBehavior [ RunTime:0.003117s ]
INFO: [ app_begin ] --END-- [ RunTime:0.005021s ]
SQL: SHOW COLUMNS FROM `sp_users` [ RunTime:0.0178s ]
SQL: SELECT * FROM `sp_users` WHERE ( id=1 ) LIMIT 1   [ RunTime:0.0005s ]
SQL: SHOW COLUMNS FROM `sp_users` [ RunTime:0.0085s ]
SQL: SHOW COLUMNS FROM `sp_role` [ RunTime:0.0116s ]
NOTIC: [8] Undefined index: user_login E:\wamp\www\thcmf\simplewind\Core\Library\Think\Model.class.php 第 1294 行.

[ 2015-10-13T15:19:52+08:00 ] ::1 /thcmf/index.php?g=Admin&m=User&a=add_post
INFO: [ app_begin ] --START--
INFO: Run Behavior\ReadHtmlCacheBehavior [ RunTime:0.001377s ]
INFO: Run Behavior\CheckLangBehavior [ RunTime:0.002837s ]
INFO: [ app_begin ] --END-- [ RunTime:0.005276s ]
SQL: SHOW COLUMNS FROM `sp_users` [ RunTime:0.0174s ]
SQL: SELECT * FROM `sp_users` WHERE ( id=1 ) LIMIT 1   [ RunTime:0.0006s ]
SQL: SHOW COLUMNS FROM `sp_users` [ RunTime:0.0089s ]
SQL: SHOW COLUMNS FROM `sp_role` [ RunTime:0.0130s ]

[ 2015-10-13T15:20:14+08:00 ] ::1 /thcmf/index.php?g=Admin&m=User&a=add_post
INFO: [ app_begin ] --START--
INFO: Run Behavior\ReadHtmlCacheBehavior [ RunTime:0.001757s ]
INFO: Run Behavior\CheckLangBehavior [ RunTime:0.002381s ]
INFO: [ app_begin ] --END-- [ RunTime:0.005085s ]
SQL: SHOW COLUMNS FROM `sp_users` [ RunTime:0.0148s ]
SQL: SELECT * FROM `sp_users` WHERE ( id=1 ) LIMIT 1   [ RunTime:0.0005s ]
SQL: SHOW COLUMNS FROM `sp_users` [ RunTime:0.0087s ]
SQL: SHOW COLUMNS FROM `sp_role` [ RunTime:0.0131s ]
NOTIC: [8] Undefined index: user_login E:\wamp\www\thcmf\simplewind\Core\Library\Think\Model.class.php 第 1294 行.

[ 2015-10-13T15:21:22+08:00 ] ::1 /thcmf/index.php?g=Admin&m=User&a=add_post
INFO: [ app_begin ] --START--
INFO: Run Behavior\ReadHtmlCacheBehavior [ RunTime:0.001516s ]
INFO: Run Behavior\CheckLangBehavior [ RunTime:0.002230s ]
INFO: [ app_begin ] --END-- [ RunTime:0.004761s ]
SQL: SHOW COLUMNS FROM `sp_users` [ RunTime:0.0138s ]
SQL: SELECT * FROM `sp_users` WHERE ( id=1 ) LIMIT 1   [ RunTime:0.0004s ]
SQL: SHOW COLUMNS FROM `sp_users` [ RunTime:0.0083s ]
SQL: SHOW COLUMNS FROM `sp_role` [ RunTime:0.0112s ]
NOTIC: [8] Undefined index: user_login E:\wamp\www\thcmf\simplewind\Core\Library\Think\Model.class.php 第 1294 行.

[ 2015-10-13T15:21:23+08:00 ] ::1 /thcmf/index.php?g=Admin&m=User&a=add_post
INFO: [ app_begin ] --START--
INFO: Run Behavior\ReadHtmlCacheBehavior [ RunTime:0.001103s ]
INFO: Run Behavior\CheckLangBehavior [ RunTime:0.002459s ]
INFO: [ app_begin ] --END-- [ RunTime:0.004350s ]
SQL: SHOW COLUMNS FROM `sp_users` [ RunTime:0.0129s ]
SQL: SELECT * FROM `sp_users` WHERE ( id=1 ) LIMIT 1   [ RunTime:0.0005s ]
SQL: SHOW COLUMNS FROM `sp_users` [ RunTime:0.0081s ]
SQL: SHOW COLUMNS FROM `sp_role` [ RunTime:0.0113s ]
NOTIC: [8] Undefined index: user_login E:\wamp\www\thcmf\simplewind\Core\Library\Think\Model.class.php 第 1294 行.

[ 2015-10-13T15:21:33+08:00 ] ::1 /thcmf/index.php?g=Admin&m=User&a=add_post
INFO: [ app_begin ] --START--
INFO: Run Behavior\ReadHtmlCacheBehavior [ RunTime:0.001139s ]
INFO: Run Behavior\CheckLangBehavior [ RunTime:0.002213s ]
INFO: [ app_begin ] --END-- [ RunTime:0.004297s ]
SQL: SHOW COLUMNS FROM `sp_users` [ RunTime:0.0155s ]
SQL: SELECT * FROM `sp_users` WHERE ( id=1 ) LIMIT 1   [ RunTime:0.0005s ]
SQL: SHOW COLUMNS FROM `sp_users` [ RunTime:0.0085s ]
SQL: SHOW COLUMNS FROM `sp_role` [ RunTime:0.0106s ]

[ 2015-10-13T15:22:33+08:00 ] ::1 /thcmf/index.php?g=Admin&m=User&a=add_post
INFO: [ app_begin ] --START--
INFO: Run Behavior\ReadHtmlCacheBehavior [ RunTime:0.001044s ]
INFO: Run Behavior\CheckLangBehavior [ RunTime:0.002080s ]
INFO: [ app_begin ] --END-- [ RunTime:0.003808s ]
SQL: SHOW COLUMNS FROM `sp_users` [ RunTime:0.0140s ]
SQL: SELECT * FROM `sp_users` WHERE ( id=1 ) LIMIT 1   [ RunTime:0.0004s ]
SQL: SHOW COLUMNS FROM `sp_users` [ RunTime:0.0087s ]
SQL: SHOW COLUMNS FROM `sp_role` [ RunTime:0.0138s ]
NOTIC: [8] Undefined index: user_login E:\wamp\www\thcmf\simplewind\Core\Library\Think\Model.class.php 第 1294 行.

[ 2015-10-13T15:23:31+08:00 ] ::1 /thcmf/index.php?g=Admin&m=User&a=add_post
INFO: [ app_begin ] --START--
INFO: Run Behavior\ReadHtmlCacheBehavior [ RunTime:0.001006s ]
INFO: Run Behavior\CheckLangBehavior [ RunTime:0.002562s ]
INFO: [ app_begin ] --END-- [ RunTime:0.004372s ]
SQL: SHOW COLUMNS FROM `sp_users` [ RunTime:0.0167s ]
SQL: SELECT * FROM `sp_users` WHERE ( id=1 ) LIMIT 1   [ RunTime:0.0005s ]
SQL: SHOW COLUMNS FROM `sp_users` [ RunTime:0.0081s ]
SQL: SHOW COLUMNS FROM `sp_role` [ RunTime:0.0118s ]

[ 2015-10-13T15:23:41+08:00 ] ::1 /thcmf/index.php?g=Admin&m=User&a=add_post
INFO: [ app_begin ] --START--
INFO: Run Behavior\ReadHtmlCacheBehavior [ RunTime:0.001034s ]
INFO: Run Behavior\CheckLangBehavior [ RunTime:0.001985s ]
INFO: [ app_begin ] --END-- [ RunTime:0.003749s ]
SQL: SHOW COLUMNS FROM `sp_users` [ RunTime:0.0152s ]
SQL: SELECT * FROM `sp_users` WHERE ( id=1 ) LIMIT 1   [ RunTime:0.0005s ]
SQL: SHOW COLUMNS FROM `sp_users` [ RunTime:0.0099s ]
SQL: SHOW COLUMNS FROM `sp_role` [ RunTime:0.0113s ]
SQL: SELECT * FROM `sp_users` WHERE `user_login` = 'B14090806' LIMIT 1   [ RunTime:0.0004s ]
SQL: SELECT * FROM `sp_users` WHERE `user_email` = '819705364@qq.com' LIMIT 1   [ RunTime:0.0004s ]

[ 2015-10-13T15:23:47+08:00 ] ::1 /thcmf/index.php?g=Admin&m=User&a=add_post
INFO: [ app_begin ] --START--
INFO: Run Behavior\ReadHtmlCacheBehavior [ RunTime:0.000921s ]
INFO: Run Behavior\CheckLangBehavior [ RunTime:0.001947s ]
INFO: [ app_begin ] --END-- [ RunTime:0.003568s ]
SQL: SHOW COLUMNS FROM `sp_users` [ RunTime:0.0161s ]
SQL: SELECT * FROM `sp_users` WHERE ( id=1 ) LIMIT 1   [ RunTime:0.0005s ]
SQL: SHOW COLUMNS FROM `sp_users` [ RunTime:0.0089s ]
SQL: SHOW COLUMNS FROM `sp_role` [ RunTime:0.0123s ]
SQL: SELECT * FROM `sp_users` WHERE `user_login` = 'B14090806' LIMIT 1   [ RunTime:0.0004s ]
SQL: SELECT * FROM `sp_users` WHERE `user_email` = '15455@qq.com' LIMIT 1   [ RunTime:0.0004s ]
SQL: INSERT INTO `sp_users` (`user_login`,`user_pass`,`user_email`) VALUES ('B14090806','c535018ee946e10adc3949ba59abbe56e057f20f883e89af','15455@qq.com') [ RunTime:0.0006s ]
SQL: SHOW COLUMNS FROM `sp_role_user` [ RunTime:0.0135s ]
SQL: INSERT INTO `sp_role_user` (`role_id`,`user_id`) VALUES ('2','25') [ RunTime:0.0005s ]

[ 2015-10-13T15:41:22+08:00 ] ::1 /thcmf/index.php?g=Admin&m=User&a=add_post
INFO: [ app_begin ] --START--
INFO: Run Behavior\ReadHtmlCacheBehavior [ RunTime:0.001117s ]
INFO: Run Behavior\CheckLangBehavior [ RunTime:0.003448s ]
INFO: [ app_begin ] --END-- [ RunTime:0.005398s ]
SQL: SHOW COLUMNS FROM `sp_users` [ RunTime:0.0184s ]
SQL: SELECT * FROM `sp_users` WHERE ( id=1 ) LIMIT 1   [ RunTime:0.0006s ]
SQL: SHOW COLUMNS FROM `sp_users` [ RunTime:0.0087s ]
SQL: SHOW COLUMNS FROM `sp_role` [ RunTime:0.0115s ]

[ 2015-10-13T15:41:23+08:00 ] ::1 /thcmf/index.php?g=Admin&m=User&a=add_post
INFO: [ app_begin ] --START--
INFO: Run Behavior\ReadHtmlCacheBehavior [ RunTime:0.001150s ]
INFO: Run Behavior\CheckLangBehavior [ RunTime:0.003170s ]
INFO: [ app_begin ] --END-- [ RunTime:0.005164s ]
SQL: SHOW COLUMNS FROM `sp_users` [ RunTime:0.0140s ]
SQL: SELECT * FROM `sp_users` WHERE ( id=1 ) LIMIT 1   [ RunTime:0.0006s ]
SQL: SHOW COLUMNS FROM `sp_users` [ RunTime:0.0083s ]
SQL: SHOW COLUMNS FROM `sp_role` [ RunTime:0.0116s ]
SQL: SELECT * FROM `sp_users` LIMIT 1   [ RunTime:0.0004s ]

[ 2015-10-13T15:41:32+08:00 ] ::1 /thcmf/index.php?g=Admin&m=User&a=add_post
INFO: [ app_begin ] --START--
INFO: Run Behavior\ReadHtmlCacheBehavior [ RunTime:0.000926s ]
INFO: Run Behavior\CheckLangBehavior [ RunTime:0.002183s ]
INFO: [ app_begin ] --END-- [ RunTime:0.003829s ]
SQL: SHOW COLUMNS FROM `sp_users` [ RunTime:0.0142s ]
SQL: SELECT * FROM `sp_users` WHERE ( id=1 ) LIMIT 1   [ RunTime:0.0005s ]
SQL: SHOW COLUMNS FROM `sp_users` [ RunTime:0.0087s ]
SQL: SHOW COLUMNS FROM `sp_role` [ RunTime:0.0116s ]
SQL: SELECT * FROM `sp_users` LIMIT 1   [ RunTime:0.0005s ]

[ 2015-10-13T15:41:33+08:00 ] ::1 /thcmf/index.php?g=Admin&m=User&a=add_post
INFO: [ app_begin ] --START--
INFO: Run Behavior\ReadHtmlCacheBehavior [ RunTime:0.001072s ]
INFO: Run Behavior\CheckLangBehavior [ RunTime:0.002127s ]
INFO: [ app_begin ] --END-- [ RunTime:0.003978s ]
SQL: SHOW COLUMNS FROM `sp_users` [ RunTime:0.0150s ]
SQL: SELECT * FROM `sp_users` WHERE ( id=1 ) LIMIT 1   [ RunTime:0.0005s ]
SQL: SHOW COLUMNS FROM `sp_users` [ RunTime:0.0086s ]
SQL: SHOW COLUMNS FROM `sp_role` [ RunTime:0.0112s ]
SQL: SELECT * FROM `sp_users` LIMIT 1   [ RunTime:0.0005s ]

[ 2015-10-13T15:41:36+08:00 ] ::1 /thcmf/index.php?g=Admin&m=User&a=add_post
INFO: [ app_begin ] --START--
INFO: Run Behavior\ReadHtmlCacheBehavior [ RunTime:0.000929s ]
INFO: Run Behavior\CheckLangBehavior [ RunTime:0.002039s ]
INFO: [ app_begin ] --END-- [ RunTime:0.003684s ]
SQL: SHOW COLUMNS FROM `sp_users` [ RunTime:0.0161s ]
SQL: SELECT * FROM `sp_users` WHERE ( id=1 ) LIMIT 1   [ RunTime:0.0007s ]
SQL: SHOW COLUMNS FROM `sp_users` [ RunTime:0.0084s ]
SQL: SHOW COLUMNS FROM `sp_role` [ RunTime:0.0124s ]
SQL: SELECT * FROM `sp_users` LIMIT 1   [ RunTime:0.0004s ]

[ 2015-10-13T15:41:37+08:00 ] ::1 /thcmf/index.php?g=Admin&m=User&a=add_post
INFO: [ app_begin ] --START--
INFO: Run Behavior\ReadHtmlCacheBehavior [ RunTime:0.000935s ]
INFO: Run Behavior\CheckLangBehavior [ RunTime:0.002032s ]
INFO: [ app_begin ] --END-- [ RunTime:0.003699s ]
SQL: SHOW COLUMNS FROM `sp_users` [ RunTime:0.0149s ]
SQL: SELECT * FROM `sp_users` WHERE ( id=1 ) LIMIT 1   [ RunTime:0.0004s ]
SQL: SHOW COLUMNS FROM `sp_users` [ RunTime:0.0086s ]
SQL: SHOW COLUMNS FROM `sp_role` [ RunTime:0.0111s ]
SQL: SELECT * FROM `sp_users` LIMIT 1   [ RunTime:0.0005s ]

[ 2015-10-13T15:41:37+08:00 ] ::1 /thcmf/index.php?g=Admin&m=User&a=add_post
INFO: [ app_begin ] --START--
INFO: Run Behavior\ReadHtmlCacheBehavior [ RunTime:0.001318s ]
INFO: Run Behavior\CheckLangBehavior [ RunTime:0.002120s ]
INFO: [ app_begin ] --END-- [ RunTime:0.004656s ]
SQL: SHOW COLUMNS FROM `sp_users` [ RunTime:0.0083s ]
SQL: SELECT * FROM `sp_users` WHERE ( id=1 ) LIMIT 1   [ RunTime:0.0007s ]
SQL: SHOW COLUMNS FROM `sp_users` [ RunTime:0.0096s ]
SQL: SHOW COLUMNS FROM `sp_role` [ RunTime:0.0095s ]
SQL: SELECT * FROM `sp_users` LIMIT 1   [ RunTime:0.0004s ]

[ 2015-10-13T15:41:37+08:00 ] ::1 /thcmf/index.php?g=Admin&m=User&a=add_post
INFO: [ app_begin ] --START--
INFO: Run Behavior\ReadHtmlCacheBehavior [ RunTime:0.001235s ]
INFO: Run Behavior\CheckLangBehavior [ RunTime:0.002121s ]
INFO: [ app_begin ] --END-- [ RunTime:0.004289s ]
SQL: SHOW COLUMNS FROM `sp_users` [ RunTime:0.0102s ]
SQL: SELECT * FROM `sp_users` WHERE ( id=1 ) LIMIT 1   [ RunTime:0.0005s ]
SQL: SHOW COLUMNS FROM `sp_users` [ RunTime:0.0091s ]
SQL: SHOW COLUMNS FROM `sp_role` [ RunTime:0.0092s ]
SQL: SELECT * FROM `sp_users` LIMIT 1   [ RunTime:0.0004s ]

[ 2015-10-13T15:41:38+08:00 ] ::1 /thcmf/index.php?g=Admin&m=User&a=add_post
INFO: [ app_begin ] --START--
INFO: Run Behavior\ReadHtmlCacheBehavior [ RunTime:0.000913s ]
INFO: Run Behavior\CheckLangBehavior [ RunTime:0.002056s ]
INFO: [ app_begin ] --END-- [ RunTime:0.003681s ]
SQL: SHOW COLUMNS FROM `sp_users` [ RunTime:0.0178s ]
SQL: SELECT * FROM `sp_users` WHERE ( id=1 ) LIMIT 1   [ RunTime:0.0004s ]
SQL: SHOW COLUMNS FROM `sp_users` [ RunTime:0.0093s ]
SQL: SHOW COLUMNS FROM `sp_role` [ RunTime:0.0121s ]
SQL: SELECT * FROM `sp_users` LIMIT 1   [ RunTime:0.0004s ]

[ 2015-10-13T15:41:38+08:00 ] ::1 /thcmf/index.php?g=Admin&m=User&a=add_post
INFO: [ app_begin ] --START--
INFO: Run Behavior\ReadHtmlCacheBehavior [ RunTime:0.000926s ]
INFO: Run Behavior\CheckLangBehavior [ RunTime:0.002446s ]
INFO: [ app_begin ] --END-- [ RunTime:0.004103s ]
SQL: SHOW COLUMNS FROM `sp_users` [ RunTime:0.0094s ]
SQL: SELECT * FROM `sp_users` WHERE ( id=1 ) LIMIT 1   [ RunTime:0.0005s ]
SQL: SHOW COLUMNS FROM `sp_users` [ RunTime:0.0088s ]
SQL: SHOW COLUMNS FROM `sp_role` [ RunTime:0.0087s ]
SQL: SELECT * FROM `sp_users` LIMIT 1   [ RunTime:0.0004s ]

[ 2015-10-13T15:41:38+08:00 ] ::1 /thcmf/index.php?g=Admin&m=User&a=add_post
INFO: [ app_begin ] --START--
INFO: Run Behavior\ReadHtmlCacheBehavior [ RunTime:0.001035s ]
INFO: Run Behavior\CheckLangBehavior [ RunTime:0.002196s ]
INFO: [ app_begin ] --END-- [ RunTime:0.004350s ]
SQL: SHOW COLUMNS FROM `sp_users` [ RunTime:0.0103s ]
SQL: SELECT * FROM `sp_users` WHERE ( id=1 ) LIMIT 1   [ RunTime:0.0005s ]
SQL: SHOW COLUMNS FROM `sp_users` [ RunTime:0.0095s ]
SQL: SHOW COLUMNS FROM `sp_role` [ RunTime:0.0088s ]
SQL: SELECT * FROM `sp_users` LIMIT 1   [ RunTime:0.0006s ]

[ 2015-10-13T15:41:38+08:00 ] ::1 /thcmf/index.php?g=Admin&m=User&a=add_post
INFO: [ app_begin ] --START--
INFO: Run Behavior\ReadHtmlCacheBehavior [ RunTime:0.000925s ]
INFO: Run Behavior\CheckLangBehavior [ RunTime:0.001990s ]
INFO: [ app_begin ] --END-- [ RunTime:0.003639s ]
SQL: SHOW COLUMNS FROM `sp_users` [ RunTime:0.0091s ]
SQL: SELECT * FROM `sp_users` WHERE ( id=1 ) LIMIT 1   [ RunTime:0.0006s ]
SQL: SHOW COLUMNS FROM `sp_users` [ RunTime:0.0087s ]
SQL: SHOW COLUMNS FROM `sp_role` [ RunTime:0.0118s ]
SQL: SELECT * FROM `sp_users` LIMIT 1   [ RunTime:0.0004s ]

[ 2015-10-13T15:41:38+08:00 ] ::1 /thcmf/index.php?g=Admin&m=User&a=add_post
INFO: [ app_begin ] --START--
INFO: Run Behavior\ReadHtmlCacheBehavior [ RunTime:0.000920s ]
INFO: Run Behavior\CheckLangBehavior [ RunTime:0.002020s ]
INFO: [ app_begin ] --END-- [ RunTime:0.003642s ]
SQL: SHOW COLUMNS FROM `sp_users` [ RunTime:0.0087s ]
SQL: SELECT * FROM `sp_users` WHERE ( id=1 ) LIMIT 1   [ RunTime:0.0005s ]
SQL: SHOW COLUMNS FROM `sp_users` [ RunTime:0.0085s ]
SQL: SHOW COLUMNS FROM `sp_role` [ RunTime:0.0087s ]
SQL: SELECT * FROM `sp_users` LIMIT 1   [ RunTime:0.0003s ]

[ 2015-10-13T15:41:38+08:00 ] ::1 /thcmf/index.php?g=Admin&m=User&a=add_post
INFO: [ app_begin ] --START--
INFO: Run Behavior\ReadHtmlCacheBehavior [ RunTime:0.000946s ]
INFO: Run Behavior\CheckLangBehavior [ RunTime:0.002029s ]
INFO: [ app_begin ] --END-- [ RunTime:0.003698s ]
SQL: SHOW COLUMNS FROM `sp_users` [ RunTime:0.0111s ]
SQL: SELECT * FROM `sp_users` WHERE ( id=1 ) LIMIT 1   [ RunTime:0.0006s ]
SQL: SHOW COLUMNS FROM `sp_users` [ RunTime:0.0093s ]
SQL: SHOW COLUMNS FROM `sp_role` [ RunTime:0.0093s ]
SQL: SELECT * FROM `sp_users` LIMIT 1   [ RunTime:0.0004s ]

[ 2015-10-13T15:43:09+08:00 ] ::1 /thcmf/index.php?g=Admin&m=User&a=add_post
INFO: [ app_begin ] --START--
INFO: Run Behavior\ReadHtmlCacheBehavior [ RunTime:0.000929s ]
INFO: Run Behavior\CheckLangBehavior [ RunTime:0.002061s ]
INFO: [ app_begin ] --END-- [ RunTime:0.003694s ]
SQL: SHOW COLUMNS FROM `sp_users` [ RunTime:0.0169s ]
SQL: SELECT * FROM `sp_users` WHERE ( id=1 ) LIMIT 1   [ RunTime:0.0005s ]
SQL: SHOW COLUMNS FROM `sp_users` [ RunTime:0.0091s ]
SQL: SHOW COLUMNS FROM `sp_role` [ RunTime:0.0112s ]
SQL: SELECT * FROM `sp_users` LIMIT 1   [ RunTime:0.0008s ]

[ 2015-10-13T15:43:09+08:00 ] ::1 /thcmf/index.php?g=Admin&m=User&a=add_post
INFO: [ app_begin ] --START--
INFO: Run Behavior\ReadHtmlCacheBehavior [ RunTime:0.001044s ]
INFO: Run Behavior\CheckLangBehavior [ RunTime:0.002966s ]
INFO: [ app_begin ] --END-- [ RunTime:0.004848s ]
SQL: SHOW COLUMNS FROM `sp_users` [ RunTime:0.0083s ]
SQL: SELECT * FROM `sp_users` WHERE ( id=1 ) LIMIT 1   [ RunTime:0.0005s ]
SQL: SHOW COLUMNS FROM `sp_users` [ RunTime:0.0087s ]
SQL: SHOW COLUMNS FROM `sp_role` [ RunTime:0.0091s ]
SQL: SELECT * FROM `sp_users` LIMIT 1   [ RunTime:0.0004s ]

[ 2015-10-13T15:43:10+08:00 ] ::1 /thcmf/index.php?g=Admin&m=User&a=add_post
INFO: [ app_begin ] --START--
INFO: Run Behavior\ReadHtmlCacheBehavior [ RunTime:0.000932s ]
INFO: Run Behavior\CheckLangBehavior [ RunTime:0.002045s ]
INFO: [ app_begin ] --END-- [ RunTime:0.003693s ]
SQL: SHOW COLUMNS FROM `sp_users` [ RunTime:0.0141s ]
SQL: SELECT * FROM `sp_users` WHERE ( id=1 ) LIMIT 1   [ RunTime:0.0005s ]
SQL: SHOW COLUMNS FROM `sp_users` [ RunTime:0.0082s ]
SQL: SHOW COLUMNS FROM `sp_role` [ RunTime:0.0114s ]
SQL: SELECT * FROM `sp_users` LIMIT 1   [ RunTime:0.0004s ]

[ 2015-10-13T15:43:10+08:00 ] ::1 /thcmf/index.php?g=Admin&m=User&a=add_post
INFO: [ app_begin ] --START--
INFO: Run Behavior\ReadHtmlCacheBehavior [ RunTime:0.001262s ]
INFO: Run Behavior\CheckLangBehavior [ RunTime:0.002134s ]
INFO: [ app_begin ] --END-- [ RunTime:0.004356s ]
SQL: SHOW COLUMNS FROM `sp_users` [ RunTime:0.0098s ]
SQL: SELECT * FROM `sp_users` WHERE ( id=1 ) LIMIT 1   [ RunTime:0.0006s ]
SQL: SHOW COLUMNS FROM `sp_users` [ RunTime:0.0095s ]
SQL: SHOW COLUMNS FROM `sp_role` [ RunTime:0.0109s ]
SQL: SELECT * FROM `sp_users` LIMIT 1   [ RunTime:0.0004s ]

[ 2015-10-13T15:43:10+08:00 ] ::1 /thcmf/index.php?g=Admin&m=User&a=add_post
INFO: [ app_begin ] --START--
INFO: Run Behavior\ReadHtmlCacheBehavior [ RunTime:0.000922s ]
INFO: Run Behavior\CheckLangBehavior [ RunTime:0.002263s ]
INFO: [ app_begin ] --END-- [ RunTime:0.003891s ]
SQL: SHOW COLUMNS FROM `sp_users` [ RunTime:0.0090s ]
SQL: SELECT * FROM `sp_users` WHERE ( id=1 ) LIMIT 1   [ RunTime:0.0005s ]
SQL: SHOW COLUMNS FROM `sp_users` [ RunTime:0.0083s ]
SQL: SHOW COLUMNS FROM `sp_role` [ RunTime:0.0087s ]
SQL: SELECT * FROM `sp_users` LIMIT 1   [ RunTime:0.0005s ]

[ 2015-10-13T15:43:10+08:00 ] ::1 /thcmf/index.php?g=Admin&m=User&a=add_post
INFO: [ app_begin ] --START--
INFO: Run Behavior\ReadHtmlCacheBehavior [ RunTime:0.001396s ]
INFO: Run Behavior\CheckLangBehavior [ RunTime:0.002551s ]
INFO: [ app_begin ] --END-- [ RunTime:0.004901s ]
SQL: SHOW COLUMNS FROM `sp_users` [ RunTime:0.0103s ]
SQL: SELECT * FROM `sp_users` WHERE ( id=1 ) LIMIT 1   [ RunTime:0.0005s ]
SQL: SHOW COLUMNS FROM `sp_users` [ RunTime:0.0087s ]
SQL: SHOW COLUMNS FROM `sp_role` [ RunTime:0.0089s ]
SQL: SELECT * FROM `sp_users` LIMIT 1   [ RunTime:0.0004s ]

[ 2015-10-13T15:43:10+08:00 ] ::1 /thcmf/index.php?g=Admin&m=User&a=add_post
INFO: [ app_begin ] --START--
INFO: Run Behavior\ReadHtmlCacheBehavior [ RunTime:0.000925s ]
INFO: Run Behavior\CheckLangBehavior [ RunTime:0.002013s ]
INFO: [ app_begin ] --END-- [ RunTime:0.003647s ]
SQL: SHOW COLUMNS FROM `sp_users` [ RunTime:0.0086s ]
SQL: SELECT * FROM `sp_users` WHERE ( id=1 ) LIMIT 1   [ RunTime:0.0005s ]
SQL: SHOW COLUMNS FROM `sp_users` [ RunTime:0.0082s ]
SQL: SHOW COLUMNS FROM `sp_role` [ RunTime:0.0090s ]
SQL: SELECT * FROM `sp_users` LIMIT 1   [ RunTime:0.0006s ]

[ 2015-10-13T15:43:31+08:00 ] ::1 /thcmf/index.php?g=Admin&m=User&a=add_post
INFO: [ app_begin ] --START--
INFO: Run Behavior\ReadHtmlCacheBehavior [ RunTime:0.000971s ]
INFO: Run Behavior\CheckLangBehavior [ RunTime:0.002526s ]
INFO: [ app_begin ] --END-- [ RunTime:0.004288s ]
SQL: SHOW COLUMNS FROM `sp_users` [ RunTime:0.0154s ]
SQL: SELECT * FROM `sp_users` WHERE ( id=1 ) LIMIT 1   [ RunTime:0.0005s ]
SQL: SHOW COLUMNS FROM `sp_users` [ RunTime:0.0083s ]
SQL: SHOW COLUMNS FROM `sp_role` [ RunTime:0.0126s ]
NOTIC: [8] Undefined index: user_login E:\wamp\www\thcmf\simplewind\Core\Library\Think\Model.class.php 第 1294 行.

