[ 2015-10-20T00:50:42+08:00 ] ::1 /thcmf/index.php?g=Admin&m=Main&a=index
NOTIC: D方法实例化没找到模型类Common\Model\RecruitModel

[ 2015-10-20T18:43:28+08:00 ] ::1 /thcmf/index.php?g=Admin&m=public&a=dologin
INFO: [ app_begin ] --START--
INFO: Run Behavior\ReadHtmlCacheBehavior [ RunTime:0.000989s ]
INFO: Run Behavior\CheckLangBehavior [ RunTime:0.002061s ]
INFO: [ app_begin ] --END-- [ RunTime:0.003817s ]
SQL: SHOW COLUMNS FROM `sp_users` [ RunTime:0.0152s ]
SQL: SELECT * FROM `sp_users` WHERE `user_number` = 'admin' LIMIT 1   [ RunTime:0.0006s ]

[ 2015-10-20T18:43:32+08:00 ] ::1 /thcmf/index.php?g=Admin&m=public&a=dologin
INFO: [ app_begin ] --START--
INFO: Run Behavior\ReadHtmlCacheBehavior [ RunTime:0.000963s ]
INFO: Run Behavior\CheckLangBehavior [ RunTime:0.002037s ]
INFO: [ app_begin ] --END-- [ RunTime:0.003734s ]
SQL: SHOW COLUMNS FROM `sp_users` [ RunTime:0.0131s ]
SQL: SELECT * FROM `sp_users` WHERE `user_number` = 'admin' LIMIT 1   [ RunTime:0.0005s ]

[ 2015-10-20T18:43:36+08:00 ] ::1 /thcmf/index.php?g=Admin&m=public&a=dologin
INFO: [ app_begin ] --START--
INFO: Run Behavior\ReadHtmlCacheBehavior [ RunTime:0.000998s ]
INFO: Run Behavior\CheckLangBehavior [ RunTime:0.002109s ]
INFO: [ app_begin ] --END-- [ RunTime:0.003969s ]

[ 2015-10-20T18:43:40+08:00 ] ::1 /thcmf/index.php?g=Admin&m=public&a=dologin
INFO: [ app_begin ] --START--
INFO: Run Behavior\ReadHtmlCacheBehavior [ RunTime:0.000972s ]
INFO: Run Behavior\CheckLangBehavior [ RunTime:0.002146s ]
INFO: [ app_begin ] --END-- [ RunTime:0.003869s ]
SQL: SHOW COLUMNS FROM `sp_users` [ RunTime:0.0136s ]
SQL: SELECT * FROM `sp_users` WHERE `user_number` = 'admin' LIMIT 1   [ RunTime:0.0005s ]

[ 2015-10-20T18:43:47+08:00 ] ::1 /thcmf/index.php?g=Admin&m=public&a=dologin
INFO: [ app_begin ] --START--
INFO: Run Behavior\ReadHtmlCacheBehavior [ RunTime:0.000977s ]
INFO: Run Behavior\CheckLangBehavior [ RunTime:0.002143s ]
INFO: [ app_begin ] --END-- [ RunTime:0.003857s ]
SQL: SHOW COLUMNS FROM `sp_users` [ RunTime:0.0132s ]
SQL: SELECT * FROM `sp_users` WHERE `user_number` = 'admin' LIMIT 1   [ RunTime:0.0005s ]

[ 2015-10-20T18:43:56+08:00 ] ::1 /thcmf/index.php?g=Admin&m=public&a=dologin
INFO: [ app_begin ] --START--
INFO: Run Behavior\ReadHtmlCacheBehavior [ RunTime:0.000971s ]
INFO: Run Behavior\CheckLangBehavior [ RunTime:0.002195s ]
INFO: [ app_begin ] --END-- [ RunTime:0.003906s ]
SQL: SHOW COLUMNS FROM `sp_users` [ RunTime:0.0134s ]
SQL: SELECT * FROM `sp_users` WHERE `user_number` = 'admin' LIMIT 1   [ RunTime:0.0005s ]
SQL: SHOW COLUMNS FROM `sp_role_user` [ RunTime:0.0710s ]
SQL: SELECT `role_id` FROM sp_role_user a INNER JOIN sp_role as b on a.role_id =b.id  WHERE `user_id` = '1' AND `status` = 1  [ RunTime:0.0125s ]
NOTIC: [8] Undefined index: user_login E:\wamp\www\thcmf\application\Admin\Controller\PublicController.class.php 第 75 行.
SQL: UPDATE `sp_users` SET `user_number`='admin',`user_carnumber`='0',`user_pass`='c535018ee94621232f297a57a5a743894a0e4a801fc389af',`username`='admin',`user_email`='1234@qq.com',`user_major`='',`org`='0',`user_url`='',`avatar`='55d6e0de6127e.jpg',`sex`='0',`birthday`='0000-00-00',`signature`='我是admin',`last_login_ip`='0.0.0.0',`last_login_time`='2015-10-20 18:43:56',`create_time`='2015-07-30 02:54:22',`user_activation_key`='',`user_status`='1',`score`='0',`user_type`='1',`duration`='0' WHERE `id` = '1' [ RunTime:0.0011s ]

[ 2015-10-20T18:43:56+08:00 ] ::1 /thcmf/index.php?g=Admin&m=Main&a=index
NOTIC: D方法实例化没找到模型类Common\Model\RecruitModel

[ 2015-10-20T19:10:10+08:00 ] ::1 /thcmf/index.php?g=Admin&m=Main&a=index
NOTIC: D方法实例化没找到模型类Common\Model\RecruitModel

[ 2015-10-20T19:12:03+08:00 ] ::1 /thcmf/index.php?g=Admin&m=Main&a=index
NOTIC: D方法实例化没找到模型类Common\Model\RecruitModel

[ 2015-10-20T19:42:59+08:00 ] ::1 /thcmf/index.php?g=Admin&m=Main&a=index
NOTIC: D方法实例化没找到模型类Common\Model\RecruitModel

[ 2015-10-20T20:00:47+08:00 ] ::1 /thcmf/index.php?g=Admin&m=Main&a=index
NOTIC: D方法实例化没找到模型类Common\Model\RecruitModel

