[ 2015-10-21T17:27:15+08:00 ] ::1 /thcmf/index.php?g=user&m=index&a=is_login
INFO: [ app_begin ] --START--
INFO: Run Behavior\ReadHtmlCacheBehavior [ RunTime:0.001436s ]
INFO: Run Behavior\CheckLangBehavior [ RunTime:0.003048s ]
INFO: [ app_begin ] --END-- [ RunTime:0.005639s ]
NOTIC: [8] Undefined index: url E:\wamp\www\thcmf\application\Common\Controller\AppframeController.class.php 第 45 行.

[ 2015-10-21T17:46:58+08:00 ] ::1 /thcmf/index.php?g=user&m=index&a=is_login
INFO: [ app_begin ] --START--
INFO: Run Behavior\ReadHtmlCacheBehavior [ RunTime:0.001149s ]
INFO: Run Behavior\CheckLangBehavior [ RunTime:0.002435s ]
INFO: [ app_begin ] --END-- [ RunTime:0.004629s ]
NOTIC: [8] Undefined index: url E:\wamp\www\thcmf\application\Common\Controller\AppframeController.class.php 第 45 行.

[ 2015-10-21T17:47:06+08:00 ] ::1 /thcmf/index.php?g=user&m=index&a=is_login
INFO: [ app_begin ] --START--
INFO: Run Behavior\ReadHtmlCacheBehavior [ RunTime:0.001007s ]
INFO: Run Behavior\CheckLangBehavior [ RunTime:0.001640s ]
INFO: [ app_begin ] --END-- [ RunTime:0.003510s ]
NOTIC: [8] Undefined index: url E:\wamp\www\thcmf\application\Common\Controller\AppframeController.class.php 第 45 行.

[ 2015-10-21T22:02:33+08:00 ] ::1 /thcmf/index.php?g=user&m=index&a=is_login
INFO: [ app_begin ] --START--
INFO: Run Behavior\ReadHtmlCacheBehavior [ RunTime:0.001442s ]
INFO: Run Behavior\CheckLangBehavior [ RunTime:0.002299s ]
INFO: [ app_begin ] --END-- [ RunTime:0.004873s ]
NOTIC: [8] Undefined index: url E:\wamp\www\thcmf\application\Common\Controller\AppframeController.class.php 第 45 行.

[ 2015-10-21T22:02:38+08:00 ] ::1 /thcmf/index.php?g=user&m=index&a=is_login
INFO: [ app_begin ] --START--
INFO: Run Behavior\ReadHtmlCacheBehavior [ RunTime:0.001046s ]
INFO: Run Behavior\CheckLangBehavior [ RunTime:0.001531s ]
INFO: [ app_begin ] --END-- [ RunTime:0.003282s ]
NOTIC: [8] Undefined index: url E:\wamp\www\thcmf\application\Common\Controller\AppframeController.class.php 第 45 行.

[ 2015-10-21T22:14:06+08:00 ] ::1 /thcmf/index.php?g=user&m=index&a=is_login
INFO: [ app_begin ] --START--
INFO: Run Behavior\ReadHtmlCacheBehavior [ RunTime:0.001409s ]
INFO: Run Behavior\CheckLangBehavior [ RunTime:0.002770s ]
INFO: [ app_begin ] --END-- [ RunTime:0.005508s ]
NOTIC: [8] Undefined index: url E:\wamp\www\thcmf\application\Common\Controller\AppframeController.class.php 第 45 行.

[ 2015-10-21T22:14:13+08:00 ] ::1 /thcmf/index.php?g=user&m=index&a=is_login
INFO: [ app_begin ] --START--
INFO: Run Behavior\ReadHtmlCacheBehavior [ RunTime:0.000947s ]
INFO: Run Behavior\CheckLangBehavior [ RunTime:0.001576s ]
INFO: [ app_begin ] --END-- [ RunTime:0.003260s ]
NOTIC: [8] Undefined index: url E:\wamp\www\thcmf\application\Common\Controller\AppframeController.class.php 第 45 行.

