[ 2015-10-19T17:43:19+08:00 ] ::1 /thcmf/index.php?g=user&m=index&a=is_login
INFO: [ app_begin ] --START--
INFO: Run Behavior\ReadHtmlCacheBehavior [ RunTime:0.000971s ]
INFO: Run Behavior\CheckLangBehavior [ RunTime:0.001880s ]
INFO: [ app_begin ] --END-- [ RunTime:0.003624s ]
NOTIC: [8] Undefined index: url E:\wamp\www\thcmf\application\Common\Controller\AppframeController.class.php 第 45 行.

[ 2015-10-19T17:43:24+08:00 ] ::1 /thcmf/index.php?g=user&m=index&a=is_login
INFO: [ app_begin ] --START--
INFO: Run Behavior\ReadHtmlCacheBehavior [ RunTime:0.001446s ]
INFO: Run Behavior\CheckLangBehavior [ RunTime:0.002595s ]
INFO: [ app_begin ] --END-- [ RunTime:0.005137s ]
NOTIC: [8] Undefined index: url E:\wamp\www\thcmf\application\Common\Controller\AppframeController.class.php 第 45 行.

[ 2015-10-19T20:11:58+08:00 ] ::1 /thcmf/index.php?g=user&m=index&a=is_login
INFO: [ app_begin ] --START--
INFO: Run Behavior\ReadHtmlCacheBehavior [ RunTime:0.001544s ]
INFO: Run Behavior\CheckLangBehavior [ RunTime:0.002583s ]
INFO: [ app_begin ] --END-- [ RunTime:0.005255s ]
NOTIC: [8] Undefined index: url E:\wamp\www\thcmf\application\Common\Controller\AppframeController.class.php 第 45 行.

[ 2015-10-19T20:12:02+08:00 ] ::1 /thcmf/index.php?g=user&m=index&a=is_login
INFO: [ app_begin ] --START--
INFO: Run Behavior\ReadHtmlCacheBehavior [ RunTime:0.001580s ]
INFO: Run Behavior\CheckLangBehavior [ RunTime:0.005793s ]
INFO: [ app_begin ] --END-- [ RunTime:0.008342s ]
NOTIC: [8] Undefined index: url E:\wamp\www\thcmf\application\Common\Controller\AppframeController.class.php 第 45 行.

[ 2015-10-19T20:28:26+08:00 ] ::1 /thcmf/index.php?g=user&m=index&a=is_login
INFO: [ app_begin ] --START--
INFO: Run Behavior\ReadHtmlCacheBehavior [ RunTime:0.000970s ]
INFO: Run Behavior\CheckLangBehavior [ RunTime:0.002196s ]
INFO: [ app_begin ] --END-- [ RunTime:0.004026s ]
NOTIC: [8] Undefined index: url E:\wamp\www\thcmf\application\Common\Controller\AppframeController.class.php 第 45 行.

[ 2015-10-19T20:28:29+08:00 ] ::1 /thcmf/index.php?g=user&m=index&a=is_login
INFO: [ app_begin ] --START--
INFO: Run Behavior\ReadHtmlCacheBehavior [ RunTime:0.001072s ]
INFO: Run Behavior\CheckLangBehavior [ RunTime:0.001635s ]
INFO: [ app_begin ] --END-- [ RunTime:0.003417s ]
NOTIC: [8] Undefined index: url E:\wamp\www\thcmf\application\Common\Controller\AppframeController.class.php 第 45 行.

[ 2015-10-19T21:46:20+08:00 ] ::1 /thcmf/index.php?g=user&m=index&a=is_login
INFO: [ app_begin ] --START--
INFO: Run Behavior\ReadHtmlCacheBehavior [ RunTime:0.001600s ]
INFO: Run Behavior\CheckLangBehavior [ RunTime:0.002503s ]
INFO: [ app_begin ] --END-- [ RunTime:0.005310s ]
NOTIC: [8] Undefined index: url E:\wamp\www\thcmf\application\Common\Controller\AppframeController.class.php 第 45 行.

[ 2015-10-19T21:46:22+08:00 ] ::1 /thcmf/index.php?g=user&m=index&a=is_login
INFO: [ app_begin ] --START--
INFO: Run Behavior\ReadHtmlCacheBehavior [ RunTime:0.001205s ]
INFO: Run Behavior\CheckLangBehavior [ RunTime:0.001689s ]
INFO: [ app_begin ] --END-- [ RunTime:0.003660s ]
NOTIC: [8] Undefined index: url E:\wamp\www\thcmf\application\Common\Controller\AppframeController.class.php 第 45 行.

[ 2015-10-19T21:46:41+08:00 ] ::1 /thcmf/index.php?g=user&m=index&a=is_login
INFO: [ app_begin ] --START--
INFO: Run Behavior\ReadHtmlCacheBehavior [ RunTime:0.001044s ]
INFO: Run Behavior\CheckLangBehavior [ RunTime:0.001651s ]
INFO: [ app_begin ] --END-- [ RunTime:0.003395s ]
NOTIC: [8] Undefined index: url E:\wamp\www\thcmf\application\Common\Controller\AppframeController.class.php 第 45 行.

[ 2015-10-19T21:46:47+08:00 ] ::1 /thcmf/index.php?g=user&m=index&a=is_login
INFO: [ app_begin ] --START--
INFO: Run Behavior\ReadHtmlCacheBehavior [ RunTime:0.001522s ]
INFO: Run Behavior\CheckLangBehavior [ RunTime:0.002779s ]
INFO: [ app_begin ] --END-- [ RunTime:0.005382s ]
NOTIC: [8] Undefined index: url E:\wamp\www\thcmf\application\Common\Controller\AppframeController.class.php 第 45 行.

[ 2015-10-19T21:46:53+08:00 ] ::1 /thcmf/index.php?g=user&m=index&a=is_login
INFO: [ app_begin ] --START--
INFO: Run Behavior\ReadHtmlCacheBehavior [ RunTime:0.001576s ]
INFO: Run Behavior\CheckLangBehavior [ RunTime:0.002603s ]
INFO: [ app_begin ] --END-- [ RunTime:0.005253s ]
NOTIC: [8] Undefined index: url E:\wamp\www\thcmf\application\Common\Controller\AppframeController.class.php 第 45 行.

[ 2015-10-19T21:46:57+08:00 ] ::1 /thcmf/index.php?g=user&m=index&a=is_login
INFO: [ app_begin ] --START--
INFO: Run Behavior\ReadHtmlCacheBehavior [ RunTime:0.001115s ]
INFO: Run Behavior\CheckLangBehavior [ RunTime:0.002161s ]
INFO: [ app_begin ] --END-- [ RunTime:0.004149s ]
NOTIC: [8] Undefined index: url E:\wamp\www\thcmf\application\Common\Controller\AppframeController.class.php 第 45 行.

[ 2015-10-19T21:46:59+08:00 ] ::1 /thcmf/index.php?g=user&m=index&a=is_login
INFO: [ app_begin ] --START--
INFO: Run Behavior\ReadHtmlCacheBehavior [ RunTime:0.001501s ]
INFO: Run Behavior\CheckLangBehavior [ RunTime:0.004325s ]
INFO: [ app_begin ] --END-- [ RunTime:0.006801s ]
NOTIC: [8] Undefined index: url E:\wamp\www\thcmf\application\Common\Controller\AppframeController.class.php 第 45 行.

[ 2015-10-19T22:45:18+08:00 ] ::1 /thcmf/index.php?g=user&m=index&a=is_login
INFO: [ app_begin ] --START--
INFO: Run Behavior\ReadHtmlCacheBehavior [ RunTime:0.000747s ]
INFO: Run Behavior\CheckLangBehavior [ RunTime:0.001535s ]
INFO: [ app_begin ] --END-- [ RunTime:0.003018s ]
NOTIC: [8] Undefined index: url E:\wamp\www\thcmf\application\Common\Controller\AppframeController.class.php 第 45 行.

