[ 2015-10-13T01:11:40+08:00 ] ::1 /thcmf/index.php?g=user&m=index&a=is_login
INFO: [ app_begin ] --START--
INFO: Run Behavior\ReadHtmlCacheBehavior [ RunTime:0.001136s ]
INFO: Run Behavior\CheckLangBehavior [ RunTime:0.001725s ]
INFO: [ app_begin ] --END-- [ RunTime:0.052590s ]
NOTIC: [8] Undefined index: url E:\wamp\www\thcmf\application\Common\Controller\AppframeController.class.php 第 45 行.

[ 2015-10-13T01:12:07+08:00 ] ::1 /thcmf/index.php?g=user&m=index&a=is_login
INFO: [ app_begin ] --START--
INFO: Run Behavior\ReadHtmlCacheBehavior [ RunTime:0.000919s ]
INFO: Run Behavior\CheckLangBehavior [ RunTime:0.001434s ]
INFO: [ app_begin ] --END-- [ RunTime:0.003055s ]
NOTIC: [8] Undefined index: url E:\wamp\www\thcmf\application\Common\Controller\AppframeController.class.php 第 45 行.

[ 2015-10-13T01:19:20+08:00 ] ::1 /thcmf/index.php?g=user&m=index&a=is_login
INFO: [ app_begin ] --START--
INFO: Run Behavior\ReadHtmlCacheBehavior [ RunTime:0.002966s ]
INFO: Run Behavior\CheckLangBehavior [ RunTime:0.003245s ]
INFO: [ app_begin ] --END-- [ RunTime:0.008103s ]
NOTIC: [8] Undefined index: url E:\wamp\www\thcmf\application\Common\Controller\AppframeController.class.php 第 45 行.

[ 2015-10-13T01:23:13+08:00 ] ::1 /thcmf/index.php?g=user&m=index&a=is_login
INFO: [ app_begin ] --START--
INFO: Run Behavior\ReadHtmlCacheBehavior [ RunTime:0.000964s ]
INFO: Run Behavior\CheckLangBehavior [ RunTime:0.001429s ]
INFO: [ app_begin ] --END-- [ RunTime:0.004074s ]
NOTIC: [8] Undefined index: url E:\wamp\www\thcmf\application\Common\Controller\AppframeController.class.php 第 45 行.

[ 2015-10-13T01:23:15+08:00 ] ::1 /thcmf/index.php?g=user&m=index&a=is_login
INFO: [ app_begin ] --START--
INFO: Run Behavior\ReadHtmlCacheBehavior [ RunTime:0.001895s ]
INFO: Run Behavior\CheckLangBehavior [ RunTime:0.002537s ]
INFO: [ app_begin ] --END-- [ RunTime:0.005667s ]
NOTIC: [8] Undefined index: url E:\wamp\www\thcmf\application\Common\Controller\AppframeController.class.php 第 45 行.

[ 2015-10-13T01:23:29+08:00 ] ::1 /thcmf/index.php?g=user&m=index&a=is_login
INFO: [ app_begin ] --START--
INFO: Run Behavior\ReadHtmlCacheBehavior [ RunTime:0.000772s ]
INFO: Run Behavior\CheckLangBehavior [ RunTime:0.001223s ]
INFO: [ app_begin ] --END-- [ RunTime:0.003073s ]
NOTIC: [8] Undefined index: url E:\wamp\www\thcmf\application\Common\Controller\AppframeController.class.php 第 45 行.

[ 2015-10-13T01:23:30+08:00 ] ::1 /thcmf/index.php?g=user&m=index&a=is_login
INFO: [ app_begin ] --START--
INFO: Run Behavior\ReadHtmlCacheBehavior [ RunTime:0.001412s ]
INFO: Run Behavior\CheckLangBehavior [ RunTime:0.001484s ]
INFO: [ app_begin ] --END-- [ RunTime:0.004097s ]
NOTIC: [8] Undefined index: url E:\wamp\www\thcmf\application\Common\Controller\AppframeController.class.php 第 45 行.

[ 2015-10-13T01:24:06+08:00 ] ::1 /thcmf/index.php?g=user&m=index&a=is_login
INFO: [ app_begin ] --START--
INFO: Run Behavior\ReadHtmlCacheBehavior [ RunTime:0.001712s ]
INFO: Run Behavior\CheckLangBehavior [ RunTime:0.001679s ]
INFO: [ app_begin ] --END-- [ RunTime:0.005284s ]
NOTIC: [8] Undefined index: url E:\wamp\www\thcmf\application\Common\Controller\AppframeController.class.php 第 45 行.

[ 2015-10-13T01:24:08+08:00 ] ::1 /thcmf/index.php?g=user&m=index&a=is_login
INFO: [ app_begin ] --START--
INFO: Run Behavior\ReadHtmlCacheBehavior [ RunTime:0.000976s ]
INFO: Run Behavior\CheckLangBehavior [ RunTime:0.002411s ]
INFO: [ app_begin ] --END-- [ RunTime:0.004402s ]
NOTIC: [8] Undefined index: url E:\wamp\www\thcmf\application\Common\Controller\AppframeController.class.php 第 45 行.

[ 2015-10-13T01:26:40+08:00 ] ::1 /thcmf/index.php?g=user&m=index&a=is_login
INFO: [ app_begin ] --START--
INFO: Run Behavior\ReadHtmlCacheBehavior [ RunTime:0.001047s ]
INFO: Run Behavior\CheckLangBehavior [ RunTime:0.001794s ]
INFO: [ app_begin ] --END-- [ RunTime:0.003763s ]
NOTIC: [8] Undefined index: url E:\wamp\www\thcmf\application\Common\Controller\AppframeController.class.php 第 45 行.

[ 2015-10-13T01:26:42+08:00 ] ::1 /thcmf/index.php?g=user&m=index&a=is_login
INFO: [ app_begin ] --START--
INFO: Run Behavior\ReadHtmlCacheBehavior [ RunTime:0.001988s ]
INFO: Run Behavior\CheckLangBehavior [ RunTime:0.002435s ]
INFO: [ app_begin ] --END-- [ RunTime:0.005980s ]
NOTIC: [8] Undefined index: url E:\wamp\www\thcmf\application\Common\Controller\AppframeController.class.php 第 45 行.

[ 2015-10-13T09:48:03+08:00 ] ::1 /thcmf/index.php?g=user&m=index&a=is_login
INFO: [ app_begin ] --START--
INFO: Run Behavior\ReadHtmlCacheBehavior [ RunTime:0.001048s ]
INFO: Run Behavior\CheckLangBehavior [ RunTime:0.001636s ]
INFO: [ app_begin ] --END-- [ RunTime:0.003503s ]
NOTIC: [8] Undefined index: url E:\wamp\www\thcmf\application\Common\Controller\AppframeController.class.php 第 45 行.

[ 2015-10-13T09:48:05+08:00 ] ::1 /thcmf/index.php?g=user&m=index&a=is_login
INFO: [ app_begin ] --START--
INFO: Run Behavior\ReadHtmlCacheBehavior [ RunTime:0.000987s ]
INFO: Run Behavior\CheckLangBehavior [ RunTime:0.001517s ]
INFO: [ app_begin ] --END-- [ RunTime:0.003546s ]
NOTIC: [8] Undefined index: url E:\wamp\www\thcmf\application\Common\Controller\AppframeController.class.php 第 45 行.

[ 2015-10-13T09:48:11+08:00 ] ::1 /thcmf/index.php?g=user&m=index&a=is_login
INFO: [ app_begin ] --START--
INFO: Run Behavior\ReadHtmlCacheBehavior [ RunTime:0.000782s ]
INFO: Run Behavior\CheckLangBehavior [ RunTime:0.002123s ]
INFO: [ app_begin ] --END-- [ RunTime:0.003717s ]
NOTIC: [8] Undefined index: url E:\wamp\www\thcmf\application\Common\Controller\AppframeController.class.php 第 45 行.

[ 2015-10-13T09:48:17+08:00 ] ::1 /thcmf/index.php?g=user&m=index&a=is_login
INFO: [ app_begin ] --START--
INFO: Run Behavior\ReadHtmlCacheBehavior [ RunTime:0.000741s ]
INFO: Run Behavior\CheckLangBehavior [ RunTime:0.001220s ]
INFO: [ app_begin ] --END-- [ RunTime:0.002632s ]
NOTIC: [8] Undefined index: url E:\wamp\www\thcmf\application\Common\Controller\AppframeController.class.php 第 45 行.

[ 2015-10-13T09:48:20+08:00 ] ::1 /thcmf/index.php?g=user&m=index&a=is_login
INFO: [ app_begin ] --START--
INFO: Run Behavior\ReadHtmlCacheBehavior [ RunTime:0.000741s ]
INFO: Run Behavior\CheckLangBehavior [ RunTime:0.001224s ]
INFO: [ app_begin ] --END-- [ RunTime:0.002633s ]
NOTIC: [8] Undefined index: url E:\wamp\www\thcmf\application\Common\Controller\AppframeController.class.php 第 45 行.

[ 2015-10-13T09:48:22+08:00 ] ::1 /thcmf/index.php?g=user&m=index&a=is_login
INFO: [ app_begin ] --START--
INFO: Run Behavior\ReadHtmlCacheBehavior [ RunTime:0.000741s ]
INFO: Run Behavior\CheckLangBehavior [ RunTime:0.001215s ]
INFO: [ app_begin ] --END-- [ RunTime:0.002619s ]
NOTIC: [8] Undefined index: url E:\wamp\www\thcmf\application\Common\Controller\AppframeController.class.php 第 45 行.

[ 2015-10-13T09:53:23+08:00 ] ::1 /thcmf/index.php?g=user&m=index&a=is_login
INFO: [ app_begin ] --START--
INFO: Run Behavior\ReadHtmlCacheBehavior [ RunTime:0.000974s ]
INFO: Run Behavior\CheckLangBehavior [ RunTime:0.001744s ]
INFO: [ app_begin ] --END-- [ RunTime:0.003423s ]
NOTIC: [8] Undefined index: url E:\wamp\www\thcmf\application\Common\Controller\AppframeController.class.php 第 45 行.

[ 2015-10-13T09:54:21+08:00 ] ::1 /thcmf/index.php?g=user&m=index&a=is_login
INFO: [ app_begin ] --START--
INFO: Run Behavior\ReadHtmlCacheBehavior [ RunTime:0.000974s ]
INFO: Run Behavior\CheckLangBehavior [ RunTime:0.001608s ]
INFO: [ app_begin ] --END-- [ RunTime:0.003276s ]
NOTIC: [8] Undefined index: url E:\wamp\www\thcmf\application\Common\Controller\AppframeController.class.php 第 45 行.

[ 2015-10-13T09:56:39+08:00 ] ::1 /thcmf/index.php?g=user&m=index&a=is_login
INFO: [ app_begin ] --START--
INFO: Run Behavior\ReadHtmlCacheBehavior [ RunTime:0.001095s ]
INFO: Run Behavior\CheckLangBehavior [ RunTime:0.002760s ]
INFO: [ app_begin ] --END-- [ RunTime:0.004630s ]
NOTIC: [8] Undefined index: url E:\wamp\www\thcmf\application\Common\Controller\AppframeController.class.php 第 45 行.

[ 2015-10-13T09:56:40+08:00 ] ::1 /thcmf/index.php?g=user&m=index&a=is_login
INFO: [ app_begin ] --START--
INFO: Run Behavior\ReadHtmlCacheBehavior [ RunTime:0.001095s ]
INFO: Run Behavior\CheckLangBehavior [ RunTime:0.001724s ]
INFO: [ app_begin ] --END-- [ RunTime:0.003626s ]
NOTIC: [8] Undefined index: url E:\wamp\www\thcmf\application\Common\Controller\AppframeController.class.php 第 45 行.

[ 2015-10-13T10:01:15+08:00 ] ::1 /thcmf/index.php?g=user&m=index&a=is_login
INFO: [ app_begin ] --START--
INFO: Run Behavior\ReadHtmlCacheBehavior [ RunTime:0.001160s ]
INFO: Run Behavior\CheckLangBehavior [ RunTime:0.001665s ]
INFO: [ app_begin ] --END-- [ RunTime:0.003581s ]
NOTIC: [8] Undefined index: url E:\wamp\www\thcmf\application\Common\Controller\AppframeController.class.php 第 45 行.

[ 2015-10-13T10:01:19+08:00 ] ::1 /thcmf/index.php?g=user&m=index&a=is_login
INFO: [ app_begin ] --START--
INFO: Run Behavior\ReadHtmlCacheBehavior [ RunTime:0.001905s ]
INFO: Run Behavior\CheckLangBehavior [ RunTime:0.001928s ]
INFO: [ app_begin ] --END-- [ RunTime:0.004954s ]
NOTIC: [8] Undefined index: url E:\wamp\www\thcmf\application\Common\Controller\AppframeController.class.php 第 45 行.

[ 2015-10-13T10:01:21+08:00 ] ::1 /thcmf/index.php?g=user&m=index&a=is_login
INFO: [ app_begin ] --START--
INFO: Run Behavior\ReadHtmlCacheBehavior [ RunTime:0.001062s ]
INFO: Run Behavior\CheckLangBehavior [ RunTime:0.001691s ]
INFO: [ app_begin ] --END-- [ RunTime:0.003458s ]
NOTIC: [8] Undefined index: url E:\wamp\www\thcmf\application\Common\Controller\AppframeController.class.php 第 45 行.

[ 2015-10-13T11:04:13+08:00 ] ::1 /thcmf/index.php?g=user&m=index&a=is_login
INFO: [ app_begin ] --START--
INFO: Run Behavior\ReadHtmlCacheBehavior [ RunTime:0.001190s ]
INFO: Run Behavior\CheckLangBehavior [ RunTime:0.002081s ]
INFO: [ app_begin ] --END-- [ RunTime:0.004413s ]
NOTIC: [8] Undefined index: url E:\wamp\www\thcmf\application\Common\Controller\AppframeController.class.php 第 45 行.

[ 2015-10-13T11:04:15+08:00 ] ::1 /thcmf/index.php?g=user&m=index&a=is_login
INFO: [ app_begin ] --START--
INFO: Run Behavior\ReadHtmlCacheBehavior [ RunTime:0.000730s ]
INFO: Run Behavior\CheckLangBehavior [ RunTime:0.001144s ]
INFO: [ app_begin ] --END-- [ RunTime:0.002579s ]
NOTIC: [8] Undefined index: url E:\wamp\www\thcmf\application\Common\Controller\AppframeController.class.php 第 45 行.

[ 2015-10-13T11:05:05+08:00 ] ::1 /thcmf/index.php?g=user&m=index&a=is_login
INFO: [ app_begin ] --START--
INFO: Run Behavior\ReadHtmlCacheBehavior [ RunTime:0.000884s ]
INFO: Run Behavior\CheckLangBehavior [ RunTime:0.001342s ]
INFO: [ app_begin ] --END-- [ RunTime:0.003060s ]
NOTIC: [8] Undefined index: url E:\wamp\www\thcmf\application\Common\Controller\AppframeController.class.php 第 45 行.

[ 2015-10-13T11:06:03+08:00 ] ::1 /thcmf/index.php?g=user&m=index&a=is_login
INFO: [ app_begin ] --START--
INFO: Run Behavior\ReadHtmlCacheBehavior [ RunTime:0.000907s ]
INFO: Run Behavior\CheckLangBehavior [ RunTime:0.001391s ]
INFO: [ app_begin ] --END-- [ RunTime:0.003227s ]
NOTIC: [8] Undefined index: url E:\wamp\www\thcmf\application\Common\Controller\AppframeController.class.php 第 45 行.

[ 2015-10-13T11:07:31+08:00 ] ::1 /thcmf/index.php?g=user&m=index&a=is_login
INFO: [ app_begin ] --START--
INFO: Run Behavior\ReadHtmlCacheBehavior [ RunTime:0.000838s ]
INFO: Run Behavior\CheckLangBehavior [ RunTime:0.001972s ]
INFO: [ app_begin ] --END-- [ RunTime:0.003709s ]
NOTIC: [8] Undefined index: url E:\wamp\www\thcmf\application\Common\Controller\AppframeController.class.php 第 45 行.

[ 2015-10-13T11:08:44+08:00 ] ::1 /thcmf/index.php?g=user&m=index&a=is_login
INFO: [ app_begin ] --START--
INFO: Run Behavior\ReadHtmlCacheBehavior [ RunTime:0.000900s ]
INFO: Run Behavior\CheckLangBehavior [ RunTime:0.001384s ]
INFO: [ app_begin ] --END-- [ RunTime:0.003014s ]
NOTIC: [8] Undefined index: url E:\wamp\www\thcmf\application\Common\Controller\AppframeController.class.php 第 45 行.

[ 2015-10-13T11:09:33+08:00 ] ::1 /thcmf/index.php?g=user&m=index&a=is_login
INFO: [ app_begin ] --START--
INFO: Run Behavior\ReadHtmlCacheBehavior [ RunTime:0.000894s ]
INFO: Run Behavior\CheckLangBehavior [ RunTime:0.001359s ]
INFO: [ app_begin ] --END-- [ RunTime:0.002966s ]
NOTIC: [8] Undefined index: url E:\wamp\www\thcmf\application\Common\Controller\AppframeController.class.php 第 45 行.

[ 2015-10-13T11:09:56+08:00 ] ::1 /thcmf/index.php?g=user&m=index&a=is_login
INFO: [ app_begin ] --START--
INFO: Run Behavior\ReadHtmlCacheBehavior [ RunTime:0.000769s ]
INFO: Run Behavior\CheckLangBehavior [ RunTime:0.001172s ]
INFO: [ app_begin ] --END-- [ RunTime:0.002614s ]
NOTIC: [8] Undefined index: url E:\wamp\www\thcmf\application\Common\Controller\AppframeController.class.php 第 45 行.

[ 2015-10-13T11:13:38+08:00 ] ::1 /thcmf/index.php?g=user&m=index&a=is_login
INFO: [ app_begin ] --START--
INFO: Run Behavior\ReadHtmlCacheBehavior [ RunTime:0.001188s ]
INFO: Run Behavior\CheckLangBehavior [ RunTime:0.001820s ]
INFO: [ app_begin ] --END-- [ RunTime:0.004027s ]
NOTIC: [8] Undefined index: url E:\wamp\www\thcmf\application\Common\Controller\AppframeController.class.php 第 45 行.

[ 2015-10-13T11:13:49+08:00 ] ::1 /thcmf/index.php?g=user&m=index&a=is_login
INFO: [ app_begin ] --START--
INFO: Run Behavior\ReadHtmlCacheBehavior [ RunTime:0.000733s ]
INFO: Run Behavior\CheckLangBehavior [ RunTime:0.001177s ]
INFO: [ app_begin ] --END-- [ RunTime:0.002646s ]
NOTIC: [8] Undefined index: url E:\wamp\www\thcmf\application\Common\Controller\AppframeController.class.php 第 45 行.

[ 2015-10-13T11:14:37+08:00 ] ::1 /thcmf/index.php?g=user&m=index&a=is_login
INFO: [ app_begin ] --START--
INFO: Run Behavior\ReadHtmlCacheBehavior [ RunTime:0.001290s ]
INFO: Run Behavior\CheckLangBehavior [ RunTime:0.001933s ]
INFO: [ app_begin ] --END-- [ RunTime:0.004397s ]
NOTIC: [8] Undefined index: url E:\wamp\www\thcmf\application\Common\Controller\AppframeController.class.php 第 45 行.

[ 2015-10-13T11:14:49+08:00 ] ::1 /thcmf/index.php?g=user&m=index&a=is_login
INFO: [ app_begin ] --START--
INFO: Run Behavior\ReadHtmlCacheBehavior [ RunTime:0.001568s ]
INFO: Run Behavior\CheckLangBehavior [ RunTime:0.002227s ]
INFO: [ app_begin ] --END-- [ RunTime:0.005168s ]
NOTIC: [8] Undefined index: url E:\wamp\www\thcmf\application\Common\Controller\AppframeController.class.php 第 45 行.

[ 2015-10-13T11:15:41+08:00 ] ::1 /thcmf/index.php?g=user&m=index&a=is_login
INFO: [ app_begin ] --START--
INFO: Run Behavior\ReadHtmlCacheBehavior [ RunTime:0.000986s ]
INFO: Run Behavior\CheckLangBehavior [ RunTime:0.001586s ]
INFO: [ app_begin ] --END-- [ RunTime:0.003296s ]
NOTIC: [8] Undefined index: url E:\wamp\www\thcmf\application\Common\Controller\AppframeController.class.php 第 45 行.

[ 2015-10-13T11:15:53+08:00 ] ::1 /thcmf/index.php?g=user&m=index&a=is_login
INFO: [ app_begin ] --START--
INFO: Run Behavior\ReadHtmlCacheBehavior [ RunTime:0.000941s ]
INFO: Run Behavior\CheckLangBehavior [ RunTime:0.001578s ]
INFO: [ app_begin ] --END-- [ RunTime:0.003234s ]
NOTIC: [8] Undefined index: url E:\wamp\www\thcmf\application\Common\Controller\AppframeController.class.php 第 45 行.

[ 2015-10-13T11:17:49+08:00 ] ::1 /thcmf/index.php?g=user&m=index&a=is_login
INFO: [ app_begin ] --START--
INFO: Run Behavior\ReadHtmlCacheBehavior [ RunTime:0.001303s ]
INFO: Run Behavior\CheckLangBehavior [ RunTime:0.001841s ]
INFO: [ app_begin ] --END-- [ RunTime:0.004046s ]
NOTIC: [8] Undefined index: url E:\wamp\www\thcmf\application\Common\Controller\AppframeController.class.php 第 45 行.

[ 2015-10-13T11:17:59+08:00 ] ::1 /thcmf/index.php?g=user&m=index&a=is_login
INFO: [ app_begin ] --START--
INFO: Run Behavior\ReadHtmlCacheBehavior [ RunTime:0.001467s ]
INFO: Run Behavior\CheckLangBehavior [ RunTime:0.002762s ]
INFO: [ app_begin ] --END-- [ RunTime:0.005832s ]
NOTIC: [8] Undefined index: url E:\wamp\www\thcmf\application\Common\Controller\AppframeController.class.php 第 45 行.

[ 2015-10-13T11:18:20+08:00 ] ::1 /thcmf/index.php?g=user&m=index&a=is_login
INFO: [ app_begin ] --START--
INFO: Run Behavior\ReadHtmlCacheBehavior [ RunTime:0.000927s ]
INFO: Run Behavior\CheckLangBehavior [ RunTime:0.001582s ]
INFO: [ app_begin ] --END-- [ RunTime:0.003366s ]
NOTIC: [8] Undefined index: url E:\wamp\www\thcmf\application\Common\Controller\AppframeController.class.php 第 45 行.

[ 2015-10-13T11:18:27+08:00 ] ::1 /thcmf/index.php?g=user&m=index&a=is_login
INFO: [ app_begin ] --START--
INFO: Run Behavior\ReadHtmlCacheBehavior [ RunTime:0.001044s ]
INFO: Run Behavior\CheckLangBehavior [ RunTime:0.001954s ]
INFO: [ app_begin ] --END-- [ RunTime:0.003770s ]
NOTIC: [8] Undefined index: url E:\wamp\www\thcmf\application\Common\Controller\AppframeController.class.php 第 45 行.

[ 2015-10-13T11:19:01+08:00 ] ::1 /thcmf/index.php?g=user&m=index&a=is_login
INFO: [ app_begin ] --START--
INFO: Run Behavior\ReadHtmlCacheBehavior [ RunTime:0.001008s ]
INFO: Run Behavior\CheckLangBehavior [ RunTime:0.001580s ]
INFO: [ app_begin ] --END-- [ RunTime:0.003317s ]
NOTIC: [8] Undefined index: url E:\wamp\www\thcmf\application\Common\Controller\AppframeController.class.php 第 45 行.

[ 2015-10-13T11:20:45+08:00 ] ::1 /thcmf/index.php?g=user&m=index&a=is_login
INFO: [ app_begin ] --START--
INFO: Run Behavior\ReadHtmlCacheBehavior [ RunTime:0.001473s ]
INFO: Run Behavior\CheckLangBehavior [ RunTime:0.002498s ]
INFO: [ app_begin ] --END-- [ RunTime:0.005031s ]
NOTIC: [8] Undefined index: url E:\wamp\www\thcmf\application\Common\Controller\AppframeController.class.php 第 45 行.

[ 2015-10-13T11:22:26+08:00 ] ::1 /thcmf/index.php?g=user&m=index&a=is_login
INFO: [ app_begin ] --START--
INFO: Run Behavior\ReadHtmlCacheBehavior [ RunTime:0.000959s ]
INFO: Run Behavior\CheckLangBehavior [ RunTime:0.001524s ]
INFO: [ app_begin ] --END-- [ RunTime:0.003189s ]
NOTIC: [8] Undefined index: url E:\wamp\www\thcmf\application\Common\Controller\AppframeController.class.php 第 45 行.

[ 2015-10-13T11:22:44+08:00 ] ::1 /thcmf/index.php?g=user&m=index&a=is_login
INFO: [ app_begin ] --START--
INFO: Run Behavior\ReadHtmlCacheBehavior [ RunTime:0.000980s ]
INFO: Run Behavior\CheckLangBehavior [ RunTime:0.001589s ]
INFO: [ app_begin ] --END-- [ RunTime:0.003300s ]
NOTIC: [8] Undefined index: url E:\wamp\www\thcmf\application\Common\Controller\AppframeController.class.php 第 45 行.

[ 2015-10-13T11:25:18+08:00 ] ::1 /thcmf/index.php?g=user&m=index&a=is_login
INFO: [ app_begin ] --START--
INFO: Run Behavior\ReadHtmlCacheBehavior [ RunTime:0.001591s ]
INFO: Run Behavior\CheckLangBehavior [ RunTime:0.002520s ]
INFO: [ app_begin ] --END-- [ RunTime:0.005313s ]
NOTIC: [8] Undefined index: url E:\wamp\www\thcmf\application\Common\Controller\AppframeController.class.php 第 45 行.

[ 2015-10-13T11:25:34+08:00 ] ::1 /thcmf/index.php?g=user&m=index&a=is_login
INFO: [ app_begin ] --START--
INFO: Run Behavior\ReadHtmlCacheBehavior [ RunTime:0.000866s ]
INFO: Run Behavior\CheckLangBehavior [ RunTime:0.001382s ]
INFO: [ app_begin ] --END-- [ RunTime:0.002942s ]
NOTIC: [8] Undefined index: url E:\wamp\www\thcmf\application\Common\Controller\AppframeController.class.php 第 45 行.

[ 2015-10-13T11:25:58+08:00 ] ::1 /thcmf/index.php?g=user&m=index&a=is_login
INFO: [ app_begin ] --START--
INFO: Run Behavior\ReadHtmlCacheBehavior [ RunTime:0.000981s ]
INFO: Run Behavior\CheckLangBehavior [ RunTime:0.001553s ]
INFO: [ app_begin ] --END-- [ RunTime:0.003240s ]
NOTIC: [8] Undefined index: url E:\wamp\www\thcmf\application\Common\Controller\AppframeController.class.php 第 45 行.

[ 2015-10-13T11:27:37+08:00 ] ::1 /thcmf/index.php?g=user&m=index&a=is_login
INFO: [ app_begin ] --START--
INFO: Run Behavior\ReadHtmlCacheBehavior [ RunTime:0.000939s ]
INFO: Run Behavior\CheckLangBehavior [ RunTime:0.001552s ]
INFO: [ app_begin ] --END-- [ RunTime:0.003210s ]
NOTIC: [8] Undefined index: url E:\wamp\www\thcmf\application\Common\Controller\AppframeController.class.php 第 45 行.

[ 2015-10-13T11:31:18+08:00 ] ::1 /thcmf/index.php?g=user&m=index&a=is_login
INFO: [ app_begin ] --START--
INFO: Run Behavior\ReadHtmlCacheBehavior [ RunTime:0.001454s ]
INFO: Run Behavior\CheckLangBehavior [ RunTime:0.002067s ]
INFO: [ app_begin ] --END-- [ RunTime:0.004596s ]
NOTIC: [8] Undefined index: url E:\wamp\www\thcmf\application\Common\Controller\AppframeController.class.php 第 45 行.

[ 2015-10-13T11:31:19+08:00 ] ::1 /thcmf/index.php?g=user&m=index&a=is_login
INFO: [ app_begin ] --START--
INFO: Run Behavior\ReadHtmlCacheBehavior [ RunTime:0.001751s ]
INFO: Run Behavior\CheckLangBehavior [ RunTime:0.003468s ]
INFO: [ app_begin ] --END-- [ RunTime:0.006229s ]
NOTIC: [8] Undefined index: url E:\wamp\www\thcmf\application\Common\Controller\AppframeController.class.php 第 45 行.

[ 2015-10-13T11:31:35+08:00 ] ::1 /thcmf/index.php?g=user&m=index&a=is_login
INFO: [ app_begin ] --START--
INFO: Run Behavior\ReadHtmlCacheBehavior [ RunTime:0.002119s ]
INFO: Run Behavior\CheckLangBehavior [ RunTime:0.003159s ]
INFO: [ app_begin ] --END-- [ RunTime:0.006293s ]
NOTIC: [8] Undefined index: url E:\wamp\www\thcmf\application\Common\Controller\AppframeController.class.php 第 45 行.

[ 2015-10-13T11:32:01+08:00 ] ::1 /thcmf/index.php?g=user&m=index&a=is_login
INFO: [ app_begin ] --START--
INFO: Run Behavior\ReadHtmlCacheBehavior [ RunTime:0.001380s ]
INFO: Run Behavior\CheckLangBehavior [ RunTime:0.002140s ]
INFO: [ app_begin ] --END-- [ RunTime:0.004436s ]
NOTIC: [8] Undefined index: url E:\wamp\www\thcmf\application\Common\Controller\AppframeController.class.php 第 45 行.

[ 2015-10-13T11:32:02+08:00 ] ::1 /thcmf/index.php?g=user&m=index&a=is_login
INFO: [ app_begin ] --START--
INFO: Run Behavior\ReadHtmlCacheBehavior [ RunTime:0.000731s ]
INFO: Run Behavior\CheckLangBehavior [ RunTime:0.001141s ]
INFO: [ app_begin ] --END-- [ RunTime:0.002574s ]
NOTIC: [8] Undefined index: url E:\wamp\www\thcmf\application\Common\Controller\AppframeController.class.php 第 45 行.

[ 2015-10-13T11:32:23+08:00 ] ::1 /thcmf/index.php?g=user&m=index&a=is_login
INFO: [ app_begin ] --START--
INFO: Run Behavior\ReadHtmlCacheBehavior [ RunTime:0.000997s ]
INFO: Run Behavior\CheckLangBehavior [ RunTime:0.001402s ]
INFO: [ app_begin ] --END-- [ RunTime:0.003380s ]
NOTIC: [8] Undefined index: url E:\wamp\www\thcmf\application\Common\Controller\AppframeController.class.php 第 45 行.

[ 2015-10-13T11:32:59+08:00 ] ::1 /thcmf/index.php?g=user&m=index&a=is_login
INFO: [ app_begin ] --START--
INFO: Run Behavior\ReadHtmlCacheBehavior [ RunTime:0.000945s ]
INFO: Run Behavior\CheckLangBehavior [ RunTime:0.001254s ]
INFO: [ app_begin ] --END-- [ RunTime:0.003213s ]
NOTIC: [8] Undefined index: url E:\wamp\www\thcmf\application\Common\Controller\AppframeController.class.php 第 45 行.

[ 2015-10-13T11:33:13+08:00 ] ::1 /thcmf/index.php?g=user&m=index&a=is_login
INFO: [ app_begin ] --START--
INFO: Run Behavior\ReadHtmlCacheBehavior [ RunTime:0.001174s ]
INFO: Run Behavior\CheckLangBehavior [ RunTime:0.002442s ]
INFO: [ app_begin ] --END-- [ RunTime:0.004639s ]
NOTIC: [8] Undefined index: url E:\wamp\www\thcmf\application\Common\Controller\AppframeController.class.php 第 45 行.

[ 2015-10-13T11:33:52+08:00 ] ::1 /thcmf/index.php?g=user&m=index&a=is_login
INFO: [ app_begin ] --START--
INFO: Run Behavior\ReadHtmlCacheBehavior [ RunTime:0.000874s ]
INFO: Run Behavior\CheckLangBehavior [ RunTime:0.001378s ]
INFO: [ app_begin ] --END-- [ RunTime:0.002996s ]
NOTIC: [8] Undefined index: url E:\wamp\www\thcmf\application\Common\Controller\AppframeController.class.php 第 45 行.

[ 2015-10-13T11:33:55+08:00 ] ::1 /thcmf/index.php?g=user&m=index&a=is_login
INFO: [ app_begin ] --START--
INFO: Run Behavior\ReadHtmlCacheBehavior [ RunTime:0.001516s ]
INFO: Run Behavior\CheckLangBehavior [ RunTime:0.001615s ]
INFO: [ app_begin ] --END-- [ RunTime:0.004190s ]
NOTIC: [8] Undefined index: url E:\wamp\www\thcmf\application\Common\Controller\AppframeController.class.php 第 45 行.

[ 2015-10-13T11:34:15+08:00 ] ::1 /thcmf/index.php?g=user&m=index&a=is_login
INFO: [ app_begin ] --START--
INFO: Run Behavior\ReadHtmlCacheBehavior [ RunTime:0.001702s ]
INFO: Run Behavior\CheckLangBehavior [ RunTime:0.003025s ]
INFO: [ app_begin ] --END-- [ RunTime:0.005873s ]
NOTIC: [8] Undefined index: url E:\wamp\www\thcmf\application\Common\Controller\AppframeController.class.php 第 45 行.

[ 2015-10-13T11:34:16+08:00 ] ::1 /thcmf/index.php?g=user&m=index&a=is_login
INFO: [ app_begin ] --START--
INFO: Run Behavior\ReadHtmlCacheBehavior [ RunTime:0.001502s ]
INFO: Run Behavior\CheckLangBehavior [ RunTime:0.002974s ]
INFO: [ app_begin ] --END-- [ RunTime:0.005620s ]
NOTIC: [8] Undefined index: url E:\wamp\www\thcmf\application\Common\Controller\AppframeController.class.php 第 45 行.

[ 2015-10-13T11:34:26+08:00 ] ::1 /thcmf/index.php?g=user&m=index&a=is_login
INFO: [ app_begin ] --START--
INFO: Run Behavior\ReadHtmlCacheBehavior [ RunTime:0.001302s ]
INFO: Run Behavior\CheckLangBehavior [ RunTime:0.001857s ]
INFO: [ app_begin ] --END-- [ RunTime:0.004369s ]
NOTIC: [8] Undefined index: url E:\wamp\www\thcmf\application\Common\Controller\AppframeController.class.php 第 45 行.

[ 2015-10-13T11:35:17+08:00 ] ::1 /thcmf/index.php?g=user&m=index&a=is_login
INFO: [ app_begin ] --START--
INFO: Run Behavior\ReadHtmlCacheBehavior [ RunTime:0.000772s ]
INFO: Run Behavior\CheckLangBehavior [ RunTime:0.001194s ]
INFO: [ app_begin ] --END-- [ RunTime:0.002673s ]
NOTIC: [8] Undefined index: url E:\wamp\www\thcmf\application\Common\Controller\AppframeController.class.php 第 45 行.

[ 2015-10-13T11:35:18+08:00 ] ::1 /thcmf/index.php?g=user&m=index&a=is_login
INFO: [ app_begin ] --START--
INFO: Run Behavior\ReadHtmlCacheBehavior [ RunTime:0.000759s ]
INFO: Run Behavior\CheckLangBehavior [ RunTime:0.002061s ]
INFO: [ app_begin ] --END-- [ RunTime:0.003709s ]
NOTIC: [8] Undefined index: url E:\wamp\www\thcmf\application\Common\Controller\AppframeController.class.php 第 45 行.

[ 2015-10-13T12:01:56+08:00 ] ::1 /thcmf/index.php?g=user&m=index&a=is_login
INFO: [ app_begin ] --START--
INFO: Run Behavior\ReadHtmlCacheBehavior [ RunTime:0.001128s ]
INFO: Run Behavior\CheckLangBehavior [ RunTime:0.001997s ]
INFO: [ app_begin ] --END-- [ RunTime:0.003936s ]
NOTIC: [8] Undefined index: url E:\wamp\www\thcmf\application\Common\Controller\AppframeController.class.php 第 45 行.

[ 2015-10-13T12:01:58+08:00 ] ::1 /thcmf/index.php?g=user&m=index&a=is_login
INFO: [ app_begin ] --START--
INFO: Run Behavior\ReadHtmlCacheBehavior [ RunTime:0.000908s ]
INFO: Run Behavior\CheckLangBehavior [ RunTime:0.001386s ]
INFO: [ app_begin ] --END-- [ RunTime:0.003035s ]
NOTIC: [8] Undefined index: url E:\wamp\www\thcmf\application\Common\Controller\AppframeController.class.php 第 45 行.

[ 2015-10-13T12:02:29+08:00 ] ::1 /thcmf/index.php?g=user&m=index&a=is_login
INFO: [ app_begin ] --START--
INFO: Run Behavior\ReadHtmlCacheBehavior [ RunTime:0.000971s ]
INFO: Run Behavior\CheckLangBehavior [ RunTime:0.001947s ]
INFO: [ app_begin ] --END-- [ RunTime:0.003783s ]
NOTIC: [8] Undefined index: url E:\wamp\www\thcmf\application\Common\Controller\AppframeController.class.php 第 45 行.

[ 2015-10-13T12:03:45+08:00 ] ::1 /thcmf/index.php?g=user&m=index&a=is_login
INFO: [ app_begin ] --START--
INFO: Run Behavior\ReadHtmlCacheBehavior [ RunTime:0.001112s ]
INFO: Run Behavior\CheckLangBehavior [ RunTime:0.001931s ]
INFO: [ app_begin ] --END-- [ RunTime:0.003928s ]
NOTIC: [8] Undefined index: url E:\wamp\www\thcmf\application\Common\Controller\AppframeController.class.php 第 45 行.

[ 2015-10-13T12:03:56+08:00 ] ::1 /thcmf/index.php?g=user&m=index&a=is_login
INFO: [ app_begin ] --START--
INFO: Run Behavior\ReadHtmlCacheBehavior [ RunTime:0.001547s ]
INFO: Run Behavior\CheckLangBehavior [ RunTime:0.002892s ]
INFO: [ app_begin ] --END-- [ RunTime:0.005937s ]
NOTIC: [8] Undefined index: url E:\wamp\www\thcmf\application\Common\Controller\AppframeController.class.php 第 45 行.

[ 2015-10-13T12:06:27+08:00 ] ::1 /thcmf/index.php?g=user&m=index&a=is_login
INFO: [ app_begin ] --START--
INFO: Run Behavior\ReadHtmlCacheBehavior [ RunTime:0.001547s ]
INFO: Run Behavior\CheckLangBehavior [ RunTime:0.002534s ]
INFO: [ app_begin ] --END-- [ RunTime:0.005240s ]
NOTIC: [8] Undefined index: url E:\wamp\www\thcmf\application\Common\Controller\AppframeController.class.php 第 45 行.

[ 2015-10-13T12:36:16+08:00 ] ::1 /thcmf/index.php?g=user&m=index&a=is_login
INFO: [ app_begin ] --START--
INFO: Run Behavior\ReadHtmlCacheBehavior [ RunTime:0.002702s ]
INFO: Run Behavior\CheckLangBehavior [ RunTime:0.003028s ]
INFO: [ app_begin ] --END-- [ RunTime:0.009664s ]
NOTIC: [8] Undefined index: url E:\wamp\www\thcmf\application\Common\Controller\AppframeController.class.php 第 45 行.

[ 2015-10-13T12:50:47+08:00 ] ::1 /thcmf/index.php?g=user&m=index&a=is_login
INFO: [ app_begin ] --START--
INFO: Run Behavior\ReadHtmlCacheBehavior [ RunTime:0.001001s ]
INFO: Run Behavior\CheckLangBehavior [ RunTime:0.001970s ]
INFO: [ app_begin ] --END-- [ RunTime:0.003855s ]
NOTIC: [8] Undefined index: url E:\wamp\www\thcmf\application\Common\Controller\AppframeController.class.php 第 45 行.

[ 2015-10-13T12:55:48+08:00 ] ::1 /thcmf/index.php?g=user&m=index&a=is_login
INFO: [ app_begin ] --START--
INFO: Run Behavior\ReadHtmlCacheBehavior [ RunTime:0.001138s ]
INFO: Run Behavior\CheckLangBehavior [ RunTime:0.002073s ]
INFO: [ app_begin ] --END-- [ RunTime:0.004000s ]
NOTIC: [8] Undefined index: url E:\wamp\www\thcmf\application\Common\Controller\AppframeController.class.php 第 45 行.

[ 2015-10-13T12:55:58+08:00 ] ::1 /thcmf/index.php?g=user&m=index&a=is_login
INFO: [ app_begin ] --START--
INFO: Run Behavior\ReadHtmlCacheBehavior [ RunTime:0.000937s ]
INFO: Run Behavior\CheckLangBehavior [ RunTime:0.001438s ]
INFO: [ app_begin ] --END-- [ RunTime:0.003133s ]
NOTIC: [8] Undefined index: url E:\wamp\www\thcmf\application\Common\Controller\AppframeController.class.php 第 45 行.

[ 2015-10-13T12:59:33+08:00 ] ::1 /thcmf/index.php?g=user&m=index&a=is_login
INFO: [ app_begin ] --START--
INFO: Run Behavior\ReadHtmlCacheBehavior [ RunTime:0.000765s ]
INFO: Run Behavior\CheckLangBehavior [ RunTime:0.001227s ]
INFO: [ app_begin ] --END-- [ RunTime:0.002690s ]
NOTIC: [8] Undefined index: url E:\wamp\www\thcmf\application\Common\Controller\AppframeController.class.php 第 45 行.

[ 2015-10-13T12:59:34+08:00 ] ::1 /thcmf/index.php?g=user&m=index&a=is_login
INFO: [ app_begin ] --START--
INFO: Run Behavior\ReadHtmlCacheBehavior [ RunTime:0.000771s ]
INFO: Run Behavior\CheckLangBehavior [ RunTime:0.001213s ]
INFO: [ app_begin ] --END-- [ RunTime:0.002661s ]
NOTIC: [8] Undefined index: url E:\wamp\www\thcmf\application\Common\Controller\AppframeController.class.php 第 45 行.

[ 2015-10-13T13:02:45+08:00 ] ::1 /thcmf/index.php?g=user&m=index&a=is_login
INFO: [ app_begin ] --START--
INFO: Run Behavior\ReadHtmlCacheBehavior [ RunTime:0.000905s ]
INFO: Run Behavior\CheckLangBehavior [ RunTime:0.002257s ]
INFO: [ app_begin ] --END-- [ RunTime:0.003980s ]
NOTIC: [8] Undefined index: url E:\wamp\www\thcmf\application\Common\Controller\AppframeController.class.php 第 45 行.

[ 2015-10-13T13:04:11+08:00 ] ::1 /thcmf/index.php?g=user&m=index&a=is_login
INFO: [ app_begin ] --START--
INFO: Run Behavior\ReadHtmlCacheBehavior [ RunTime:0.000872s ]
INFO: Run Behavior\CheckLangBehavior [ RunTime:0.001448s ]
INFO: [ app_begin ] --END-- [ RunTime:0.003171s ]
NOTIC: [8] Undefined index: url E:\wamp\www\thcmf\application\Common\Controller\AppframeController.class.php 第 45 行.

[ 2015-10-13T13:04:18+08:00 ] ::1 /thcmf/index.php?g=user&m=index&a=is_login
INFO: [ app_begin ] --START--
INFO: Run Behavior\ReadHtmlCacheBehavior [ RunTime:0.001057s ]
INFO: Run Behavior\CheckLangBehavior [ RunTime:0.001709s ]
INFO: [ app_begin ] --END-- [ RunTime:0.003944s ]
NOTIC: [8] Undefined index: url E:\wamp\www\thcmf\application\Common\Controller\AppframeController.class.php 第 45 行.

[ 2015-10-13T13:04:25+08:00 ] ::1 /thcmf/index.php?g=user&m=index&a=is_login
INFO: [ app_begin ] --START--
INFO: Run Behavior\ReadHtmlCacheBehavior [ RunTime:0.000775s ]
INFO: Run Behavior\CheckLangBehavior [ RunTime:0.001353s ]
INFO: [ app_begin ] --END-- [ RunTime:0.002835s ]
NOTIC: [8] Undefined index: url E:\wamp\www\thcmf\application\Common\Controller\AppframeController.class.php 第 45 行.

[ 2015-10-13T13:06:23+08:00 ] ::1 /thcmf/index.php?g=user&m=index&a=is_login
INFO: [ app_begin ] --START--
INFO: Run Behavior\ReadHtmlCacheBehavior [ RunTime:0.001151s ]
INFO: Run Behavior\CheckLangBehavior [ RunTime:0.001802s ]
INFO: [ app_begin ] --END-- [ RunTime:0.003655s ]
NOTIC: [8] Undefined index: url E:\wamp\www\thcmf\application\Common\Controller\AppframeController.class.php 第 45 行.

[ 2015-10-13T13:06:24+08:00 ] ::1 /thcmf/index.php?g=user&m=index&a=is_login
INFO: [ app_begin ] --START--
INFO: Run Behavior\ReadHtmlCacheBehavior [ RunTime:0.001277s ]
INFO: Run Behavior\CheckLangBehavior [ RunTime:0.002269s ]
INFO: [ app_begin ] --END-- [ RunTime:0.004514s ]
NOTIC: [8] Undefined index: url E:\wamp\www\thcmf\application\Common\Controller\AppframeController.class.php 第 45 行.

[ 2015-10-13T13:10:23+08:00 ] ::1 /thcmf/index.php?g=user&m=index&a=is_login
INFO: [ app_begin ] --START--
INFO: Run Behavior\ReadHtmlCacheBehavior [ RunTime:0.001125s ]
INFO: Run Behavior\CheckLangBehavior [ RunTime:0.001785s ]
INFO: [ app_begin ] --END-- [ RunTime:0.003713s ]
NOTIC: [8] Undefined index: url E:\wamp\www\thcmf\application\Common\Controller\AppframeController.class.php 第 45 行.

[ 2015-10-13T13:12:23+08:00 ] ::1 /thcmf/index.php?g=user&m=index&a=is_login
INFO: [ app_begin ] --START--
INFO: Run Behavior\ReadHtmlCacheBehavior [ RunTime:0.001857s ]
INFO: Run Behavior\CheckLangBehavior [ RunTime:0.006579s ]
INFO: [ app_begin ] --END-- [ RunTime:0.009693s ]
NOTIC: [8] Undefined index: url E:\wamp\www\thcmf\application\Common\Controller\AppframeController.class.php 第 45 行.

[ 2015-10-13T13:14:49+08:00 ] ::1 /thcmf/index.php?g=user&m=index&a=is_login
INFO: [ app_begin ] --START--
INFO: Run Behavior\ReadHtmlCacheBehavior [ RunTime:0.001144s ]
INFO: Run Behavior\CheckLangBehavior [ RunTime:0.002154s ]
INFO: [ app_begin ] --END-- [ RunTime:0.004184s ]
NOTIC: [8] Undefined index: url E:\wamp\www\thcmf\application\Common\Controller\AppframeController.class.php 第 45 行.

[ 2015-10-13T15:08:00+08:00 ] ::1 /thcmf/index.php?g=user&m=index&a=is_login
INFO: [ app_begin ] --START--
INFO: Run Behavior\ReadHtmlCacheBehavior [ RunTime:0.001605s ]
INFO: Run Behavior\CheckLangBehavior [ RunTime:0.003007s ]
INFO: [ app_begin ] --END-- [ RunTime:0.006095s ]
NOTIC: [8] Undefined index: url E:\wamp\www\thcmf\application\Common\Controller\AppframeController.class.php 第 45 行.

[ 2015-10-13T15:08:02+08:00 ] ::1 /thcmf/index.php?g=user&m=index&a=is_login
INFO: [ app_begin ] --START--
INFO: Run Behavior\ReadHtmlCacheBehavior [ RunTime:0.001228s ]
INFO: Run Behavior\CheckLangBehavior [ RunTime:0.001569s ]
INFO: [ app_begin ] --END-- [ RunTime:0.003855s ]
NOTIC: [8] Undefined index: url E:\wamp\www\thcmf\application\Common\Controller\AppframeController.class.php 第 45 行.

[ 2015-10-13T15:08:22+08:00 ] ::1 /thcmf/index.php?g=user&m=index&a=is_login
INFO: [ app_begin ] --START--
INFO: Run Behavior\ReadHtmlCacheBehavior [ RunTime:0.001425s ]
INFO: Run Behavior\CheckLangBehavior [ RunTime:0.002714s ]
INFO: [ app_begin ] --END-- [ RunTime:0.005118s ]
NOTIC: [8] Undefined index: url E:\wamp\www\thcmf\application\Common\Controller\AppframeController.class.php 第 45 行.

[ 2015-10-13T15:08:44+08:00 ] ::1 /thcmf/index.php?g=user&m=index&a=is_login
INFO: [ app_begin ] --START--
INFO: Run Behavior\ReadHtmlCacheBehavior [ RunTime:0.001064s ]
INFO: Run Behavior\CheckLangBehavior [ RunTime:0.002962s ]
INFO: [ app_begin ] --END-- [ RunTime:0.004833s ]
NOTIC: [8] Undefined index: url E:\wamp\www\thcmf\application\Common\Controller\AppframeController.class.php 第 45 行.

[ 2015-10-13T15:08:51+08:00 ] ::1 /thcmf/index.php?g=user&m=index&a=is_login
INFO: [ app_begin ] --START--
INFO: Run Behavior\ReadHtmlCacheBehavior [ RunTime:0.001393s ]
INFO: Run Behavior\CheckLangBehavior [ RunTime:0.002408s ]
INFO: [ app_begin ] --END-- [ RunTime:0.004899s ]
NOTIC: [8] Undefined index: url E:\wamp\www\thcmf\application\Common\Controller\AppframeController.class.php 第 45 行.

