[ 2015-10-26T19:36:18+08:00 ] ::1 /thcmf/index.php?g=user&m=index&a=is_login
INFO: [ app_begin ] --START--
INFO: Run Behavior\ReadHtmlCacheBehavior [ RunTime:0.001286s ]
INFO: Run Behavior\CheckLangBehavior [ RunTime:0.002102s ]
INFO: [ app_begin ] --END-- [ RunTime:0.004221s ]
NOTIC: [8] Undefined index: url E:\wamp\www\thcmf\application\Common\Controller\AppframeController.class.php 第 45 行.

[ 2015-10-26T19:41:41+08:00 ] ::1 /thcmf/index.php?g=user&m=index&a=is_login
INFO: [ app_begin ] --START--
INFO: Run Behavior\ReadHtmlCacheBehavior [ RunTime:0.001138s ]
INFO: Run Behavior\CheckLangBehavior [ RunTime:0.001808s ]
INFO: [ app_begin ] --END-- [ RunTime:0.003680s ]
NOTIC: [8] Undefined index: url E:\wamp\www\thcmf\application\Common\Controller\AppframeController.class.php 第 45 行.

[ 2015-10-26T20:29:58+08:00 ] ::1 /thcmf/index.php?g=user&m=index&a=is_login
INFO: [ app_begin ] --START--
INFO: Run Behavior\ReadHtmlCacheBehavior [ RunTime:0.001179s ]
INFO: Run Behavior\CheckLangBehavior [ RunTime:0.001851s ]
INFO: [ app_begin ] --END-- [ RunTime:0.004037s ]
NOTIC: [8] Undefined index: url E:\wamp\www\thcmf\application\Common\Controller\AppframeController.class.php 第 45 行.

[ 2015-10-26T20:30:26+08:00 ] ::1 /thcmf/index.php?g=user&m=index&a=is_login
INFO: [ app_begin ] --START--
INFO: Run Behavior\ReadHtmlCacheBehavior [ RunTime:0.001171s ]
INFO: Run Behavior\CheckLangBehavior [ RunTime:0.001826s ]
INFO: [ app_begin ] --END-- [ RunTime:0.003786s ]
NOTIC: [8] Undefined index: url E:\wamp\www\thcmf\application\Common\Controller\AppframeController.class.php 第 45 行.

[ 2015-10-26T20:32:05+08:00 ] ::1 /thcmf/index.php?g=user&m=index&a=is_login
INFO: [ app_begin ] --START--
INFO: Run Behavior\ReadHtmlCacheBehavior [ RunTime:0.001278s ]
INFO: Run Behavior\CheckLangBehavior [ RunTime:0.001890s ]
INFO: [ app_begin ] --END-- [ RunTime:0.004010s ]
NOTIC: [8] Undefined index: url E:\wamp\www\thcmf\application\Common\Controller\AppframeController.class.php 第 45 行.

[ 2015-10-26T20:32:06+08:00 ] ::1 /thcmf/index.php?g=user&m=index&a=is_login
INFO: [ app_begin ] --START--
INFO: Run Behavior\ReadHtmlCacheBehavior [ RunTime:0.001596s ]
INFO: Run Behavior\CheckLangBehavior [ RunTime:0.001956s ]
INFO: [ app_begin ] --END-- [ RunTime:0.005066s ]
NOTIC: [8] Undefined index: url E:\wamp\www\thcmf\application\Common\Controller\AppframeController.class.php 第 45 行.

[ 2015-10-26T20:32:06+08:00 ] ::1 /thcmf/index.php?g=user&m=index&a=is_login
INFO: [ app_begin ] --START--
INFO: Run Behavior\ReadHtmlCacheBehavior [ RunTime:0.001190s ]
INFO: Run Behavior\CheckLangBehavior [ RunTime:0.001860s ]
INFO: [ app_begin ] --END-- [ RunTime:0.003829s ]
NOTIC: [8] Undefined index: url E:\wamp\www\thcmf\application\Common\Controller\AppframeController.class.php 第 45 行.

[ 2015-10-26T20:36:21+08:00 ] ::1 /thcmf/index.php?g=user&m=index&a=is_login
INFO: [ app_begin ] --START--
INFO: Run Behavior\ReadHtmlCacheBehavior [ RunTime:0.001216s ]
INFO: Run Behavior\CheckLangBehavior [ RunTime:0.001896s ]
INFO: [ app_begin ] --END-- [ RunTime:0.003983s ]
NOTIC: [8] Undefined index: url E:\wamp\www\thcmf\application\Common\Controller\AppframeController.class.php 第 45 行.

[ 2015-10-26T20:36:21+08:00 ] ::1 /thcmf/index.php?g=user&m=index&a=is_login
INFO: [ app_begin ] --START--
INFO: Run Behavior\ReadHtmlCacheBehavior [ RunTime:0.001178s ]
INFO: Run Behavior\CheckLangBehavior [ RunTime:0.001879s ]
INFO: [ app_begin ] --END-- [ RunTime:0.004011s ]
NOTIC: [8] Undefined index: url E:\wamp\www\thcmf\application\Common\Controller\AppframeController.class.php 第 45 行.

[ 2015-10-26T20:36:22+08:00 ] ::1 /thcmf/index.php?g=user&m=index&a=is_login
INFO: [ app_begin ] --START--
INFO: Run Behavior\ReadHtmlCacheBehavior [ RunTime:0.001153s ]
INFO: Run Behavior\CheckLangBehavior [ RunTime:0.001810s ]
INFO: [ app_begin ] --END-- [ RunTime:0.003740s ]
NOTIC: [8] Undefined index: url E:\wamp\www\thcmf\application\Common\Controller\AppframeController.class.php 第 45 行.

[ 2015-10-26T20:36:30+08:00 ] ::1 /thcmf/index.php?g=user&m=index&a=is_login
INFO: [ app_begin ] --START--
INFO: Run Behavior\ReadHtmlCacheBehavior [ RunTime:0.001219s ]
INFO: Run Behavior\CheckLangBehavior [ RunTime:0.002088s ]
INFO: [ app_begin ] --END-- [ RunTime:0.004193s ]
NOTIC: [8] Undefined index: url E:\wamp\www\thcmf\application\Common\Controller\AppframeController.class.php 第 45 行.

[ 2015-10-26T20:36:30+08:00 ] ::1 /thcmf/index.php?g=user&m=index&a=is_login
INFO: [ app_begin ] --START--
INFO: Run Behavior\ReadHtmlCacheBehavior [ RunTime:0.001195s ]
INFO: Run Behavior\CheckLangBehavior [ RunTime:0.001930s ]
INFO: [ app_begin ] --END-- [ RunTime:0.003990s ]
NOTIC: [8] Undefined index: url E:\wamp\www\thcmf\application\Common\Controller\AppframeController.class.php 第 45 行.

[ 2015-10-26T20:36:30+08:00 ] ::1 /thcmf/index.php?g=user&m=index&a=is_login
INFO: [ app_begin ] --START--
INFO: Run Behavior\ReadHtmlCacheBehavior [ RunTime:0.001139s ]
INFO: Run Behavior\CheckLangBehavior [ RunTime:0.001964s ]
INFO: [ app_begin ] --END-- [ RunTime:0.003871s ]
NOTIC: [8] Undefined index: url E:\wamp\www\thcmf\application\Common\Controller\AppframeController.class.php 第 45 行.

[ 2015-10-26T20:44:03+08:00 ] ::1 /thcmf/index.php?g=user&m=index&a=is_login
INFO: [ app_begin ] --START--
INFO: Run Behavior\ReadHtmlCacheBehavior [ RunTime:0.001180s ]
INFO: Run Behavior\CheckLangBehavior [ RunTime:0.001930s ]
INFO: [ app_begin ] --END-- [ RunTime:0.003901s ]
NOTIC: [8] Undefined index: url E:\wamp\www\thcmf\application\Common\Controller\AppframeController.class.php 第 45 行.

[ 2015-10-26T20:44:11+08:00 ] ::1 /thcmf/index.php?g=user&m=index&a=is_login
INFO: [ app_begin ] --START--
INFO: Run Behavior\ReadHtmlCacheBehavior [ RunTime:0.001203s ]
INFO: Run Behavior\CheckLangBehavior [ RunTime:0.001938s ]
INFO: [ app_begin ] --END-- [ RunTime:0.004012s ]
NOTIC: [8] Undefined index: url E:\wamp\www\thcmf\application\Common\Controller\AppframeController.class.php 第 45 行.

[ 2015-10-26T20:44:13+08:00 ] ::1 /thcmf/index.php?g=user&m=index&a=is_login
INFO: [ app_begin ] --START--
INFO: Run Behavior\ReadHtmlCacheBehavior [ RunTime:0.001153s ]
INFO: Run Behavior\CheckLangBehavior [ RunTime:0.001803s ]
INFO: [ app_begin ] --END-- [ RunTime:0.003699s ]
NOTIC: [8] Undefined index: url E:\wamp\www\thcmf\application\Common\Controller\AppframeController.class.php 第 45 行.

[ 2015-10-26T20:45:35+08:00 ] ::1 /thcmf/index.php?g=user&m=index&a=is_login
INFO: [ app_begin ] --START--
INFO: Run Behavior\ReadHtmlCacheBehavior [ RunTime:0.001573s ]
INFO: Run Behavior\CheckLangBehavior [ RunTime:0.001870s ]
INFO: [ app_begin ] --END-- [ RunTime:0.004236s ]
NOTIC: [8] Undefined index: url E:\wamp\www\thcmf\application\Common\Controller\AppframeController.class.php 第 45 行.

[ 2015-10-26T20:47:03+08:00 ] ::1 /thcmf/index.php?g=user&m=index&a=is_login
INFO: [ app_begin ] --START--
INFO: Run Behavior\ReadHtmlCacheBehavior [ RunTime:0.001101s ]
INFO: Run Behavior\CheckLangBehavior [ RunTime:0.001740s ]
INFO: [ app_begin ] --END-- [ RunTime:0.003572s ]
NOTIC: [8] Undefined index: url E:\wamp\www\thcmf\application\Common\Controller\AppframeController.class.php 第 45 行.

[ 2015-10-26T20:47:28+08:00 ] ::1 /thcmf/index.php?g=user&m=index&a=is_login
INFO: [ app_begin ] --START--
INFO: Run Behavior\ReadHtmlCacheBehavior [ RunTime:0.001126s ]
INFO: Run Behavior\CheckLangBehavior [ RunTime:0.001788s ]
INFO: [ app_begin ] --END-- [ RunTime:0.003668s ]
NOTIC: [8] Undefined index: url E:\wamp\www\thcmf\application\Common\Controller\AppframeController.class.php 第 45 行.

[ 2015-10-26T20:47:41+08:00 ] ::1 /thcmf/index.php?g=user&m=index&a=is_login
INFO: [ app_begin ] --START--
INFO: Run Behavior\ReadHtmlCacheBehavior [ RunTime:0.001149s ]
INFO: Run Behavior\CheckLangBehavior [ RunTime:0.001772s ]
INFO: [ app_begin ] --END-- [ RunTime:0.003657s ]
NOTIC: [8] Undefined index: url E:\wamp\www\thcmf\application\Common\Controller\AppframeController.class.php 第 45 行.

[ 2015-10-26T20:49:52+08:00 ] ::1 /thcmf/index.php?g=user&m=index&a=is_login
INFO: [ app_begin ] --START--
INFO: Run Behavior\ReadHtmlCacheBehavior [ RunTime:0.001175s ]
INFO: Run Behavior\CheckLangBehavior [ RunTime:0.001962s ]
INFO: [ app_begin ] --END-- [ RunTime:0.003940s ]
NOTIC: [8] Undefined index: url E:\wamp\www\thcmf\application\Common\Controller\AppframeController.class.php 第 45 行.

[ 2015-10-26T20:50:36+08:00 ] ::1 /thcmf/index.php?g=user&m=index&a=is_login
INFO: [ app_begin ] --START--
INFO: Run Behavior\ReadHtmlCacheBehavior [ RunTime:0.001154s ]
INFO: Run Behavior\CheckLangBehavior [ RunTime:0.001790s ]
INFO: [ app_begin ] --END-- [ RunTime:0.003708s ]
NOTIC: [8] Undefined index: url E:\wamp\www\thcmf\application\Common\Controller\AppframeController.class.php 第 45 行.

[ 2015-10-26T22:14:17+08:00 ] ::1 /thcmf/index.php?g=user&m=index&a=is_login
INFO: [ app_begin ] --START--
INFO: Run Behavior\ReadHtmlCacheBehavior [ RunTime:0.001189s ]
INFO: Run Behavior\CheckLangBehavior [ RunTime:0.001842s ]
INFO: [ app_begin ] --END-- [ RunTime:0.003805s ]
NOTIC: [8] Undefined index: url E:\wamp\www\thcmf\application\Common\Controller\AppframeController.class.php 第 45 行.

[ 2015-10-26T22:14:27+08:00 ] ::1 /thcmf/index.php?g=user&m=index&a=is_login
INFO: [ app_begin ] --START--
INFO: Run Behavior\ReadHtmlCacheBehavior [ RunTime:0.001115s ]
INFO: Run Behavior\CheckLangBehavior [ RunTime:0.001821s ]
INFO: [ app_begin ] --END-- [ RunTime:0.003687s ]
NOTIC: [8] Undefined index: url E:\wamp\www\thcmf\application\Common\Controller\AppframeController.class.php 第 45 行.

[ 2015-10-26T22:14:28+08:00 ] ::1 /thcmf/index.php?g=user&m=index&a=is_login
INFO: [ app_begin ] --START--
INFO: Run Behavior\ReadHtmlCacheBehavior [ RunTime:0.001138s ]
INFO: Run Behavior\CheckLangBehavior [ RunTime:0.001810s ]
INFO: [ app_begin ] --END-- [ RunTime:0.003793s ]
NOTIC: [8] Undefined index: url E:\wamp\www\thcmf\application\Common\Controller\AppframeController.class.php 第 45 行.

[ 2015-10-26T22:14:30+08:00 ] ::1 /thcmf/index.php?g=user&m=index&a=is_login
INFO: [ app_begin ] --START--
INFO: Run Behavior\ReadHtmlCacheBehavior [ RunTime:0.001240s ]
INFO: Run Behavior\CheckLangBehavior [ RunTime:0.001925s ]
INFO: [ app_begin ] --END-- [ RunTime:0.004004s ]
NOTIC: [8] Undefined index: url E:\wamp\www\thcmf\application\Common\Controller\AppframeController.class.php 第 45 行.

[ 2015-10-26T22:18:16+08:00 ] ::1 /thcmf/index.php?g=user&m=index&a=is_login
INFO: [ app_begin ] --START--
INFO: Run Behavior\ReadHtmlCacheBehavior [ RunTime:0.001415s ]
INFO: Run Behavior\CheckLangBehavior [ RunTime:0.001910s ]
INFO: [ app_begin ] --END-- [ RunTime:0.004109s ]
NOTIC: [8] Undefined index: url E:\wamp\www\thcmf\application\Common\Controller\AppframeController.class.php 第 45 行.

[ 2015-10-26T22:57:47+08:00 ] ::1 /thcmf/index.php?g=user&m=index&a=is_login
INFO: [ app_begin ] --START--
INFO: Run Behavior\ReadHtmlCacheBehavior [ RunTime:0.001259s ]
INFO: Run Behavior\CheckLangBehavior [ RunTime:0.001991s ]
INFO: [ app_begin ] --END-- [ RunTime:0.004107s ]
NOTIC: [8] Undefined index: url E:\wamp\www\thcmf\application\Common\Controller\AppframeController.class.php 第 45 行.

[ 2015-10-26T23:00:14+08:00 ] ::1 /thcmf/index.php?g=user&m=index&a=is_login
INFO: [ app_begin ] --START--
INFO: Run Behavior\ReadHtmlCacheBehavior [ RunTime:0.001157s ]
INFO: Run Behavior\CheckLangBehavior [ RunTime:0.002082s ]
INFO: [ app_begin ] --END-- [ RunTime:0.004025s ]
NOTIC: [8] Undefined index: url E:\wamp\www\thcmf\application\Common\Controller\AppframeController.class.php 第 45 行.

[ 2015-10-26T23:00:31+08:00 ] ::1 /thcmf/index.php?g=user&m=index&a=is_login
INFO: [ app_begin ] --START--
INFO: Run Behavior\ReadHtmlCacheBehavior [ RunTime:0.001168s ]
INFO: Run Behavior\CheckLangBehavior [ RunTime:0.002630s ]
INFO: [ app_begin ] --END-- [ RunTime:0.004595s ]
NOTIC: [8] Undefined index: url E:\wamp\www\thcmf\application\Common\Controller\AppframeController.class.php 第 45 行.

[ 2015-10-26T23:00:48+08:00 ] ::1 /thcmf/index.php?g=user&m=index&a=is_login
INFO: [ app_begin ] --START--
INFO: Run Behavior\ReadHtmlCacheBehavior [ RunTime:0.001326s ]
INFO: Run Behavior\CheckLangBehavior [ RunTime:0.001894s ]
INFO: [ app_begin ] --END-- [ RunTime:0.004227s ]
NOTIC: [8] Undefined index: url E:\wamp\www\thcmf\application\Common\Controller\AppframeController.class.php 第 45 行.

[ 2015-10-26T23:01:18+08:00 ] ::1 /thcmf/index.php?g=user&m=index&a=is_login
INFO: [ app_begin ] --START--
INFO: Run Behavior\ReadHtmlCacheBehavior [ RunTime:0.001185s ]
INFO: Run Behavior\CheckLangBehavior [ RunTime:0.001853s ]
INFO: [ app_begin ] --END-- [ RunTime:0.003804s ]
NOTIC: [8] Undefined index: url E:\wamp\www\thcmf\application\Common\Controller\AppframeController.class.php 第 45 行.

[ 2015-10-26T23:04:15+08:00 ] ::1 /thcmf/index.php?g=user&m=index&a=is_login
INFO: [ app_begin ] --START--
INFO: Run Behavior\ReadHtmlCacheBehavior [ RunTime:0.001511s ]
INFO: Run Behavior\CheckLangBehavior [ RunTime:0.002246s ]
INFO: [ app_begin ] --END-- [ RunTime:0.004793s ]
NOTIC: [8] Undefined index: url E:\wamp\www\thcmf\application\Common\Controller\AppframeController.class.php 第 45 行.

[ 2015-10-26T23:04:50+08:00 ] ::1 /thcmf/index.php?g=user&m=index&a=is_login
INFO: [ app_begin ] --START--
INFO: Run Behavior\ReadHtmlCacheBehavior [ RunTime:0.001393s ]
INFO: Run Behavior\CheckLangBehavior [ RunTime:0.001918s ]
INFO: [ app_begin ] --END-- [ RunTime:0.004231s ]
NOTIC: [8] Undefined index: url E:\wamp\www\thcmf\application\Common\Controller\AppframeController.class.php 第 45 行.

[ 2015-10-26T23:06:05+08:00 ] ::1 /thcmf/index.php?g=user&m=index&a=is_login
INFO: [ app_begin ] --START--
INFO: Run Behavior\ReadHtmlCacheBehavior [ RunTime:0.001251s ]
INFO: Run Behavior\CheckLangBehavior [ RunTime:0.001934s ]
INFO: [ app_begin ] --END-- [ RunTime:0.004015s ]
NOTIC: [8] Undefined index: url E:\wamp\www\thcmf\application\Common\Controller\AppframeController.class.php 第 45 行.

[ 2015-10-26T23:07:14+08:00 ] ::1 /thcmf/index.php?g=user&m=index&a=is_login
INFO: [ app_begin ] --START--
INFO: Run Behavior\ReadHtmlCacheBehavior [ RunTime:0.001180s ]
INFO: Run Behavior\CheckLangBehavior [ RunTime:0.003452s ]
INFO: [ app_begin ] --END-- [ RunTime:0.005472s ]
NOTIC: [8] Undefined index: url E:\wamp\www\thcmf\application\Common\Controller\AppframeController.class.php 第 45 行.

[ 2015-10-26T23:07:51+08:00 ] ::1 /thcmf/index.php?g=user&m=index&a=is_login
INFO: [ app_begin ] --START--
INFO: Run Behavior\ReadHtmlCacheBehavior [ RunTime:0.001501s ]
INFO: Run Behavior\CheckLangBehavior [ RunTime:0.001897s ]
INFO: [ app_begin ] --END-- [ RunTime:0.004702s ]
NOTIC: [8] Undefined index: url E:\wamp\www\thcmf\application\Common\Controller\AppframeController.class.php 第 45 行.

[ 2015-10-26T23:08:53+08:00 ] ::1 /thcmf/index.php?g=user&m=index&a=is_login
INFO: [ app_begin ] --START--
INFO: Run Behavior\ReadHtmlCacheBehavior [ RunTime:0.001131s ]
INFO: Run Behavior\CheckLangBehavior [ RunTime:0.001840s ]
INFO: [ app_begin ] --END-- [ RunTime:0.003779s ]
NOTIC: [8] Undefined index: url E:\wamp\www\thcmf\application\Common\Controller\AppframeController.class.php 第 45 行.

[ 2015-10-26T23:11:51+08:00 ] ::1 /thcmf/index.php?g=user&m=index&a=is_login
INFO: [ app_begin ] --START--
INFO: Run Behavior\ReadHtmlCacheBehavior [ RunTime:0.001144s ]
INFO: Run Behavior\CheckLangBehavior [ RunTime:0.001803s ]
INFO: [ app_begin ] --END-- [ RunTime:0.003742s ]
NOTIC: [8] Undefined index: url E:\wamp\www\thcmf\application\Common\Controller\AppframeController.class.php 第 45 行.

[ 2015-10-26T23:11:55+08:00 ] ::1 /thcmf/index.php?g=user&m=index&a=is_login
INFO: [ app_begin ] --START--
INFO: Run Behavior\ReadHtmlCacheBehavior [ RunTime:0.001146s ]
INFO: Run Behavior\CheckLangBehavior [ RunTime:0.001803s ]
INFO: [ app_begin ] --END-- [ RunTime:0.003702s ]
NOTIC: [8] Undefined index: url E:\wamp\www\thcmf\application\Common\Controller\AppframeController.class.php 第 45 行.

[ 2015-10-26T23:17:07+08:00 ] ::1 /thcmf/index.php?g=user&m=index&a=is_login
INFO: [ app_begin ] --START--
INFO: Run Behavior\ReadHtmlCacheBehavior [ RunTime:0.001322s ]
INFO: Run Behavior\CheckLangBehavior [ RunTime:0.001808s ]
INFO: [ app_begin ] --END-- [ RunTime:0.004166s ]
NOTIC: [8] Undefined index: url E:\wamp\www\thcmf\application\Common\Controller\AppframeController.class.php 第 45 行.

