[ 2015-11-14T14:16:03+08:00 ] ::1 /thcmf/index.php?g=user&m=index&a=is_login
INFO: [ app_begin ] --START--
INFO: Run Behavior\ReadHtmlCacheBehavior [ RunTime:0.018939s ]
INFO: Run Behavior\CheckLangBehavior [ RunTime:0.020864s ]
INFO: [ app_begin ] --END-- [ RunTime:0.048967s ]
NOTIC: [8] Undefined index: url E:\wamp\www\thcmf\application\Common\Controller\AppframeController.class.php 第 45 行.

[ 2015-11-14T14:16:12+08:00 ] ::1 /thcmf/index.php?g=user&m=index&a=is_login
INFO: [ app_begin ] --START--
INFO: Run Behavior\ReadHtmlCacheBehavior [ RunTime:0.001047s ]
INFO: Run Behavior\CheckLangBehavior [ RunTime:0.001281s ]
INFO: [ app_begin ] --END-- [ RunTime:0.003222s ]
NOTIC: [8] Undefined index: url E:\wamp\www\thcmf\application\Common\Controller\AppframeController.class.php 第 45 行.

[ 2015-11-14T14:17:03+08:00 ] ::1 /thcmf/index.php?g=user&m=index&a=is_login
INFO: [ app_begin ] --START--
INFO: Run Behavior\ReadHtmlCacheBehavior [ RunTime:0.000879s ]
INFO: Run Behavior\CheckLangBehavior [ RunTime:0.001345s ]
INFO: [ app_begin ] --END-- [ RunTime:0.002932s ]
NOTIC: [8] Undefined index: url E:\wamp\www\thcmf\application\Common\Controller\AppframeController.class.php 第 45 行.

[ 2015-11-14T14:17:09+08:00 ] ::1 /thcmf/index.php?g=user&m=index&a=is_login
INFO: [ app_begin ] --START--
INFO: Run Behavior\ReadHtmlCacheBehavior [ RunTime:0.000953s ]
INFO: Run Behavior\CheckLangBehavior [ RunTime:0.001217s ]
INFO: [ app_begin ] --END-- [ RunTime:0.003221s ]
NOTIC: [8] Undefined index: url E:\wamp\www\thcmf\application\Common\Controller\AppframeController.class.php 第 45 行.

[ 2015-11-14T14:18:42+08:00 ] ::1 /thcmf/index.php?g=user&m=index&a=is_login
INFO: [ app_begin ] --START--
INFO: Run Behavior\ReadHtmlCacheBehavior [ RunTime:0.002074s ]
INFO: Run Behavior\CheckLangBehavior [ RunTime:0.004671s ]
INFO: [ app_begin ] --END-- [ RunTime:0.008603s ]
NOTIC: [8] Undefined index: url E:\wamp\www\thcmf\application\Common\Controller\AppframeController.class.php 第 45 行.

[ 2015-11-14T14:19:07+08:00 ] ::1 /thcmf/index.php?g=user&m=index&a=is_login
INFO: [ app_begin ] --START--
INFO: Run Behavior\ReadHtmlCacheBehavior [ RunTime:0.001456s ]
INFO: Run Behavior\CheckLangBehavior [ RunTime:0.002006s ]
INFO: [ app_begin ] --END-- [ RunTime:0.004927s ]
NOTIC: [8] Undefined index: url E:\wamp\www\thcmf\application\Common\Controller\AppframeController.class.php 第 45 行.

[ 2015-11-14T14:19:15+08:00 ] ::1 /thcmf/index.php?g=user&m=index&a=is_login
INFO: [ app_begin ] --START--
INFO: Run Behavior\ReadHtmlCacheBehavior [ RunTime:0.001553s ]
INFO: Run Behavior\CheckLangBehavior [ RunTime:0.001606s ]
INFO: [ app_begin ] --END-- [ RunTime:0.004581s ]
NOTIC: [8] Undefined index: url E:\wamp\www\thcmf\application\Common\Controller\AppframeController.class.php 第 45 行.

[ 2015-11-14T14:19:41+08:00 ] ::1 /thcmf/index.php?g=user&m=index&a=is_login
INFO: [ app_begin ] --START--
INFO: Run Behavior\ReadHtmlCacheBehavior [ RunTime:0.001113s ]
INFO: Run Behavior\CheckLangBehavior [ RunTime:0.003593s ]
INFO: [ app_begin ] --END-- [ RunTime:0.005670s ]
NOTIC: [8] Undefined index: url E:\wamp\www\thcmf\application\Common\Controller\AppframeController.class.php 第 45 行.

[ 2015-11-14T14:19:56+08:00 ] ::1 /thcmf/index.php?g=user&m=index&a=is_login
INFO: [ app_begin ] --START--
INFO: Run Behavior\ReadHtmlCacheBehavior [ RunTime:0.001478s ]
INFO: Run Behavior\CheckLangBehavior [ RunTime:0.001863s ]
INFO: [ app_begin ] --END-- [ RunTime:0.004561s ]
NOTIC: [8] Undefined index: url E:\wamp\www\thcmf\application\Common\Controller\AppframeController.class.php 第 45 行.

[ 2015-11-14T14:20:48+08:00 ] ::1 /thcmf/index.php?g=user&m=index&a=is_login
INFO: [ app_begin ] --START--
INFO: Run Behavior\ReadHtmlCacheBehavior [ RunTime:0.000825s ]
INFO: Run Behavior\CheckLangBehavior [ RunTime:0.001288s ]
INFO: [ app_begin ] --END-- [ RunTime:0.002914s ]
NOTIC: [8] Undefined index: url E:\wamp\www\thcmf\application\Common\Controller\AppframeController.class.php 第 45 行.

[ 2015-11-14T14:21:20+08:00 ] ::1 /thcmf/index.php?g=user&m=index&a=is_login
INFO: [ app_begin ] --START--
INFO: Run Behavior\ReadHtmlCacheBehavior [ RunTime:0.001673s ]
INFO: Run Behavior\CheckLangBehavior [ RunTime:0.002170s ]
INFO: [ app_begin ] --END-- [ RunTime:0.005738s ]
NOTIC: [8] Undefined index: url E:\wamp\www\thcmf\application\Common\Controller\AppframeController.class.php 第 45 行.

[ 2015-11-14T14:21:22+08:00 ] ::1 /thcmf/index.php?g=user&m=index&a=is_login
INFO: [ app_begin ] --START--
INFO: Run Behavior\ReadHtmlCacheBehavior [ RunTime:0.001325s ]
INFO: Run Behavior\CheckLangBehavior [ RunTime:0.002374s ]
INFO: [ app_begin ] --END-- [ RunTime:0.005005s ]
NOTIC: [8] Undefined index: url E:\wamp\www\thcmf\application\Common\Controller\AppframeController.class.php 第 45 行.

[ 2015-11-14T15:02:20+08:00 ] ::1 /NUPT_VOLUNTEER/index.php?g=user&m=index&a=is_login
INFO: [ app_begin ] --START--
INFO: Run Behavior\ReadHtmlCacheBehavior [ RunTime:0.001468s ]
INFO: Run Behavior\CheckLangBehavior [ RunTime:0.002304s ]
INFO: [ app_begin ] --END-- [ RunTime:0.005024s ]
NOTIC: [8] Undefined index: url E:\wamp\www\NUPT_VOLUNTEER\application\Common\Controller\AppframeController.class.php 第 45 行.

[ 2015-11-14T15:02:26+08:00 ] ::1 /nupt_volunteer/index.php?g=user&m=index&a=is_login
INFO: [ app_begin ] --START--
INFO: Run Behavior\ReadHtmlCacheBehavior [ RunTime:0.001511s ]
INFO: Run Behavior\CheckLangBehavior [ RunTime:0.001641s ]
INFO: [ app_begin ] --END-- [ RunTime:0.004287s ]
NOTIC: [8] Undefined index: url E:\wamp\www\NUPT_VOLUNTEER\application\Common\Controller\AppframeController.class.php 第 45 行.

