[ 2015-10-28T00:11:00+08:00 ] ::1 /thcmf/index.php?g=user&m=index&a=is_login
INFO: [ app_begin ] --START--
INFO: Run Behavior\ReadHtmlCacheBehavior [ RunTime:0.001233s ]
INFO: Run Behavior\CheckLangBehavior [ RunTime:0.002062s ]
INFO: [ app_begin ] --END-- [ RunTime:0.004182s ]
NOTIC: [8] Undefined index: url E:\wamp\www\thcmf\application\Common\Controller\AppframeController.class.php 第 45 行.

[ 2015-10-28T00:11:02+08:00 ] ::1 /thcmf/index.php?g=user&m=index&a=is_login
INFO: [ app_begin ] --START--
INFO: Run Behavior\ReadHtmlCacheBehavior [ RunTime:0.001458s ]
INFO: Run Behavior\CheckLangBehavior [ RunTime:0.001935s ]
INFO: [ app_begin ] --END-- [ RunTime:0.004301s ]
NOTIC: [8] Undefined index: url E:\wamp\www\thcmf\application\Common\Controller\AppframeController.class.php 第 45 行.

[ 2015-10-28T00:11:05+08:00 ] ::1 /thcmf/index.php?g=user&m=index&a=is_login
INFO: [ app_begin ] --START--
INFO: Run Behavior\ReadHtmlCacheBehavior [ RunTime:0.001625s ]
INFO: Run Behavior\CheckLangBehavior [ RunTime:0.002579s ]
INFO: [ app_begin ] --END-- [ RunTime:0.005334s ]
NOTIC: [8] Undefined index: url E:\wamp\www\thcmf\application\Common\Controller\AppframeController.class.php 第 45 行.

[ 2015-10-28T00:11:08+08:00 ] ::1 /thcmf/index.php?g=user&m=index&a=is_login
INFO: [ app_begin ] --START--
INFO: Run Behavior\ReadHtmlCacheBehavior [ RunTime:0.001459s ]
INFO: Run Behavior\CheckLangBehavior [ RunTime:0.002095s ]
INFO: [ app_begin ] --END-- [ RunTime:0.004394s ]
NOTIC: [8] Undefined index: url E:\wamp\www\thcmf\application\Common\Controller\AppframeController.class.php 第 45 行.

[ 2015-10-28T00:11:10+08:00 ] ::1 /thcmf/index.php?g=user&m=index&a=is_login
INFO: [ app_begin ] --START--
INFO: Run Behavior\ReadHtmlCacheBehavior [ RunTime:0.001142s ]
INFO: Run Behavior\CheckLangBehavior [ RunTime:0.001792s ]
INFO: [ app_begin ] --END-- [ RunTime:0.003802s ]
NOTIC: [8] Undefined index: url E:\wamp\www\thcmf\application\Common\Controller\AppframeController.class.php 第 45 行.

[ 2015-10-28T08:22:36+08:00 ] ::1 /thcmf/index.php?g=user&m=index&a=is_login
INFO: [ app_begin ] --START--
INFO: Run Behavior\ReadHtmlCacheBehavior [ RunTime:0.001754s ]
INFO: Run Behavior\CheckLangBehavior [ RunTime:0.003184s ]
INFO: [ app_begin ] --END-- [ RunTime:0.006547s ]
NOTIC: [8] Undefined index: url E:\wamp\www\thcmf\application\Common\Controller\AppframeController.class.php 第 45 行.

[ 2015-10-28T08:22:40+08:00 ] ::1 /thcmf/index.php?g=user&m=index&a=is_login
INFO: [ app_begin ] --START--
INFO: Run Behavior\ReadHtmlCacheBehavior [ RunTime:0.001141s ]
INFO: Run Behavior\CheckLangBehavior [ RunTime:0.001870s ]
INFO: [ app_begin ] --END-- [ RunTime:0.003813s ]
NOTIC: [8] Undefined index: url E:\wamp\www\thcmf\application\Common\Controller\AppframeController.class.php 第 45 行.

[ 2015-10-28T08:31:16+08:00 ] ::1 /thcmf/index.php?g=user&m=index&a=is_login
INFO: [ app_begin ] --START--
INFO: Run Behavior\ReadHtmlCacheBehavior [ RunTime:0.001360s ]
INFO: Run Behavior\CheckLangBehavior [ RunTime:0.003058s ]
INFO: [ app_begin ] --END-- [ RunTime:0.005564s ]
NOTIC: [8] Undefined index: url E:\wamp\www\thcmf\application\Common\Controller\AppframeController.class.php 第 45 行.

[ 2015-10-28T17:40:24+08:00 ] ::1 /thcmf/index.php?g=user&m=index&a=is_login
INFO: [ app_begin ] --START--
INFO: Run Behavior\ReadHtmlCacheBehavior [ RunTime:0.002018s ]
INFO: Run Behavior\CheckLangBehavior [ RunTime:0.003093s ]
INFO: [ app_begin ] --END-- [ RunTime:0.006446s ]
NOTIC: [8] Undefined index: url E:\wamp\www\thcmf\application\Common\Controller\AppframeController.class.php 第 45 行.

[ 2015-10-28T17:40:30+08:00 ] ::1 /thcmf/index.php?g=user&m=index&a=is_login
INFO: [ app_begin ] --START--
INFO: Run Behavior\ReadHtmlCacheBehavior [ RunTime:0.001181s ]
INFO: Run Behavior\CheckLangBehavior [ RunTime:0.001873s ]
INFO: [ app_begin ] --END-- [ RunTime:0.003828s ]
NOTIC: [8] Undefined index: url E:\wamp\www\thcmf\application\Common\Controller\AppframeController.class.php 第 45 行.

[ 2015-10-28T17:41:42+08:00 ] ::1 /thcmf/index.php?g=user&m=index&a=is_login
INFO: [ app_begin ] --START--
INFO: Run Behavior\ReadHtmlCacheBehavior [ RunTime:0.001259s ]
INFO: Run Behavior\CheckLangBehavior [ RunTime:0.002143s ]
INFO: [ app_begin ] --END-- [ RunTime:0.004235s ]
NOTIC: [8] Undefined index: url E:\wamp\www\thcmf\application\Common\Controller\AppframeController.class.php 第 45 行.

[ 2015-10-28T17:43:09+08:00 ] ::1 /thcmf/index.php?g=user&m=index&a=is_login
INFO: [ app_begin ] --START--
INFO: Run Behavior\ReadHtmlCacheBehavior [ RunTime:0.001152s ]
INFO: Run Behavior\CheckLangBehavior [ RunTime:0.001836s ]
INFO: [ app_begin ] --END-- [ RunTime:0.003762s ]
NOTIC: [8] Undefined index: url E:\wamp\www\thcmf\application\Common\Controller\AppframeController.class.php 第 45 行.

[ 2015-10-28T17:43:11+08:00 ] ::1 /thcmf/index.php?g=user&m=index&a=is_login
INFO: [ app_begin ] --START--
INFO: Run Behavior\ReadHtmlCacheBehavior [ RunTime:0.001190s ]
INFO: Run Behavior\CheckLangBehavior [ RunTime:0.001817s ]
INFO: [ app_begin ] --END-- [ RunTime:0.003907s ]
NOTIC: [8] Undefined index: url E:\wamp\www\thcmf\application\Common\Controller\AppframeController.class.php 第 45 行.

[ 2015-10-28T17:43:13+08:00 ] ::1 /thcmf/index.php?g=user&m=index&a=is_login
INFO: [ app_begin ] --START--
INFO: Run Behavior\ReadHtmlCacheBehavior [ RunTime:0.001129s ]
INFO: Run Behavior\CheckLangBehavior [ RunTime:0.001811s ]
INFO: [ app_begin ] --END-- [ RunTime:0.003682s ]
NOTIC: [8] Undefined index: url E:\wamp\www\thcmf\application\Common\Controller\AppframeController.class.php 第 45 行.

[ 2015-10-28T17:43:33+08:00 ] ::1 /thcmf/index.php?g=user&m=index&a=is_login
INFO: [ app_begin ] --START--
INFO: Run Behavior\ReadHtmlCacheBehavior [ RunTime:0.001215s ]
INFO: Run Behavior\CheckLangBehavior [ RunTime:0.001893s ]
INFO: [ app_begin ] --END-- [ RunTime:0.003916s ]
NOTIC: [8] Undefined index: url E:\wamp\www\thcmf\application\Common\Controller\AppframeController.class.php 第 45 行.

[ 2015-10-28T17:44:16+08:00 ] ::1 /thcmf/index.php?g=user&m=index&a=is_login
INFO: [ app_begin ] --START--
INFO: Run Behavior\ReadHtmlCacheBehavior [ RunTime:0.001210s ]
INFO: Run Behavior\CheckLangBehavior [ RunTime:0.001833s ]
INFO: [ app_begin ] --END-- [ RunTime:0.003833s ]
NOTIC: [8] Undefined index: url E:\wamp\www\thcmf\application\Common\Controller\AppframeController.class.php 第 45 行.

[ 2015-10-28T17:47:54+08:00 ] ::1 /thcmf/index.php?g=user&m=index&a=is_login
INFO: [ app_begin ] --START--
INFO: Run Behavior\ReadHtmlCacheBehavior [ RunTime:0.001392s ]
INFO: Run Behavior\CheckLangBehavior [ RunTime:0.001886s ]
INFO: [ app_begin ] --END-- [ RunTime:0.004170s ]
NOTIC: [8] Undefined index: url E:\wamp\www\thcmf\application\Common\Controller\AppframeController.class.php 第 45 行.

[ 2015-10-28T17:55:29+08:00 ] ::1 /thcmf/index.php?g=user&m=index&a=is_login
INFO: [ app_begin ] --START--
INFO: Run Behavior\ReadHtmlCacheBehavior [ RunTime:0.003502s ]
INFO: Run Behavior\CheckLangBehavior [ RunTime:0.003076s ]
INFO: [ app_begin ] --END-- [ RunTime:0.007688s ]
NOTIC: [8] Undefined index: url E:\wamp\www\thcmf\application\Common\Controller\AppframeController.class.php 第 45 行.

[ 2015-10-28T18:07:04+08:00 ] ::1 /thcmf/index.php?g=user&m=index&a=is_login
INFO: [ app_begin ] --START--
INFO: Run Behavior\ReadHtmlCacheBehavior [ RunTime:0.001365s ]
INFO: Run Behavior\CheckLangBehavior [ RunTime:0.002211s ]
INFO: [ app_begin ] --END-- [ RunTime:0.004448s ]
NOTIC: [8] Undefined index: url E:\wamp\www\thcmf\application\Common\Controller\AppframeController.class.php 第 45 行.

[ 2015-10-28T18:10:06+08:00 ] ::1 /thcmf/index.php?g=user&m=index&a=is_login
INFO: [ app_begin ] --START--
INFO: Run Behavior\ReadHtmlCacheBehavior [ RunTime:0.000812s ]
INFO: Run Behavior\CheckLangBehavior [ RunTime:0.001647s ]
INFO: [ app_begin ] --END-- [ RunTime:0.003229s ]
NOTIC: [8] Undefined index: url E:\wamp\www\thcmf\application\Common\Controller\AppframeController.class.php 第 45 行.

[ 2015-10-28T18:17:15+08:00 ] ::1 /thcmf/index.php?g=user&m=index&a=is_login
INFO: [ app_begin ] --START--
INFO: Run Behavior\ReadHtmlCacheBehavior [ RunTime:0.001407s ]
INFO: Run Behavior\CheckLangBehavior [ RunTime:0.001928s ]
INFO: [ app_begin ] --END-- [ RunTime:0.004316s ]
NOTIC: [8] Undefined index: url E:\wamp\www\thcmf\application\Common\Controller\AppframeController.class.php 第 45 行.

[ 2015-10-28T18:38:17+08:00 ] ::1 /thcmf/index.php?g=user&m=index&a=is_login
INFO: [ app_begin ] --START--
INFO: Run Behavior\ReadHtmlCacheBehavior [ RunTime:0.001118s ]
INFO: Run Behavior\CheckLangBehavior [ RunTime:0.001846s ]
INFO: [ app_begin ] --END-- [ RunTime:0.004087s ]
NOTIC: [8] Undefined index: url E:\wamp\www\thcmf\application\Common\Controller\AppframeController.class.php 第 45 行.

[ 2015-10-28T18:38:29+08:00 ] ::1 /thcmf/index.php?g=user&m=index&a=is_login
INFO: [ app_begin ] --START--
INFO: Run Behavior\ReadHtmlCacheBehavior [ RunTime:0.002205s ]
INFO: Run Behavior\CheckLangBehavior [ RunTime:0.002693s ]
INFO: [ app_begin ] --END-- [ RunTime:0.006296s ]
NOTIC: [8] Undefined index: url E:\wamp\www\thcmf\application\Common\Controller\AppframeController.class.php 第 45 行.

[ 2015-10-28T18:38:45+08:00 ] ::1 /thcmf/index.php?g=user&m=index&a=is_login
INFO: [ app_begin ] --START--
INFO: Run Behavior\ReadHtmlCacheBehavior [ RunTime:0.001205s ]
INFO: Run Behavior\CheckLangBehavior [ RunTime:0.001712s ]
INFO: [ app_begin ] --END-- [ RunTime:0.004443s ]
NOTIC: [8] Undefined index: url E:\wamp\www\thcmf\application\Common\Controller\AppframeController.class.php 第 45 行.

[ 2015-10-28T18:38:57+08:00 ] ::1 /thcmf/index.php?g=user&m=index&a=is_login
INFO: [ app_begin ] --START--
INFO: Run Behavior\ReadHtmlCacheBehavior [ RunTime:0.001267s ]
INFO: Run Behavior\CheckLangBehavior [ RunTime:0.003509s ]
INFO: [ app_begin ] --END-- [ RunTime:0.005813s ]
NOTIC: [8] Undefined index: url E:\wamp\www\thcmf\application\Common\Controller\AppframeController.class.php 第 45 行.

[ 2015-10-28T18:40:20+08:00 ] ::1 /thcmf/index.php?g=user&m=index&a=is_login
INFO: [ app_begin ] --START--
INFO: Run Behavior\ReadHtmlCacheBehavior [ RunTime:0.001348s ]
INFO: Run Behavior\CheckLangBehavior [ RunTime:0.002397s ]
INFO: [ app_begin ] --END-- [ RunTime:0.004780s ]
NOTIC: [8] Undefined index: url E:\wamp\www\thcmf\application\Common\Controller\AppframeController.class.php 第 45 行.

[ 2015-10-28T18:40:23+08:00 ] ::1 /thcmf/index.php?g=user&m=index&a=is_login
INFO: [ app_begin ] --START--
INFO: Run Behavior\ReadHtmlCacheBehavior [ RunTime:0.001501s ]
INFO: Run Behavior\CheckLangBehavior [ RunTime:0.002316s ]
INFO: [ app_begin ] --END-- [ RunTime:0.005040s ]
NOTIC: [8] Undefined index: url E:\wamp\www\thcmf\application\Common\Controller\AppframeController.class.php 第 45 行.

[ 2015-10-28T18:40:38+08:00 ] ::1 /thcmf/index.php?g=user&m=index&a=is_login
INFO: [ app_begin ] --START--
INFO: Run Behavior\ReadHtmlCacheBehavior [ RunTime:0.001874s ]
INFO: Run Behavior\CheckLangBehavior [ RunTime:0.002363s ]
INFO: [ app_begin ] --END-- [ RunTime:0.005375s ]
NOTIC: [8] Undefined index: url E:\wamp\www\thcmf\application\Common\Controller\AppframeController.class.php 第 45 行.

[ 2015-10-28T18:41:03+08:00 ] ::1 /thcmf/index.php?g=user&m=index&a=is_login
INFO: [ app_begin ] --START--
INFO: Run Behavior\ReadHtmlCacheBehavior [ RunTime:0.001189s ]
INFO: Run Behavior\CheckLangBehavior [ RunTime:0.001507s ]
INFO: [ app_begin ] --END-- [ RunTime:0.003755s ]
NOTIC: [8] Undefined index: url E:\wamp\www\thcmf\application\Common\Controller\AppframeController.class.php 第 45 行.

[ 2015-10-28T18:41:06+08:00 ] ::1 /thcmf/index.php?g=user&m=index&a=is_login
INFO: [ app_begin ] --START--
INFO: Run Behavior\ReadHtmlCacheBehavior [ RunTime:0.000789s ]
INFO: Run Behavior\CheckLangBehavior [ RunTime:0.001247s ]
INFO: [ app_begin ] --END-- [ RunTime:0.002747s ]
NOTIC: [8] Undefined index: url E:\wamp\www\thcmf\application\Common\Controller\AppframeController.class.php 第 45 行.

[ 2015-10-28T18:41:32+08:00 ] ::1 /thcmf/index.php?g=user&m=index&a=is_login
INFO: [ app_begin ] --START--
INFO: Run Behavior\ReadHtmlCacheBehavior [ RunTime:0.001196s ]
INFO: Run Behavior\CheckLangBehavior [ RunTime:0.001897s ]
INFO: [ app_begin ] --END-- [ RunTime:0.004210s ]
NOTIC: [8] Undefined index: url E:\wamp\www\thcmf\application\Common\Controller\AppframeController.class.php 第 45 行.

[ 2015-10-28T18:41:35+08:00 ] ::1 /thcmf/index.php?g=user&m=index&a=is_login
INFO: [ app_begin ] --START--
INFO: Run Behavior\ReadHtmlCacheBehavior [ RunTime:0.001416s ]
INFO: Run Behavior\CheckLangBehavior [ RunTime:0.002806s ]
INFO: [ app_begin ] --END-- [ RunTime:0.005385s ]
NOTIC: [8] Undefined index: url E:\wamp\www\thcmf\application\Common\Controller\AppframeController.class.php 第 45 行.

[ 2015-10-28T18:42:10+08:00 ] ::1 /thcmf/index.php?g=user&m=index&a=is_login
INFO: [ app_begin ] --START--
INFO: Run Behavior\ReadHtmlCacheBehavior [ RunTime:0.002158s ]
INFO: Run Behavior\CheckLangBehavior [ RunTime:0.005203s ]
INFO: [ app_begin ] --END-- [ RunTime:0.008637s ]
NOTIC: [8] Undefined index: url E:\wamp\www\thcmf\application\Common\Controller\AppframeController.class.php 第 45 行.

[ 2015-10-28T18:42:28+08:00 ] ::1 /thcmf/index.php?g=user&m=index&a=is_login
INFO: [ app_begin ] --START--
INFO: Run Behavior\ReadHtmlCacheBehavior [ RunTime:0.002141s ]
INFO: Run Behavior\CheckLangBehavior [ RunTime:0.002680s ]
INFO: [ app_begin ] --END-- [ RunTime:0.006344s ]
NOTIC: [8] Undefined index: url E:\wamp\www\thcmf\application\Common\Controller\AppframeController.class.php 第 45 行.

[ 2015-10-28T18:43:40+08:00 ] ::1 /thcmf/index.php?g=user&m=index&a=is_login
INFO: [ app_begin ] --START--
INFO: Run Behavior\ReadHtmlCacheBehavior [ RunTime:0.001764s ]
INFO: Run Behavior\CheckLangBehavior [ RunTime:0.002708s ]
INFO: [ app_begin ] --END-- [ RunTime:0.005778s ]
NOTIC: [8] Undefined index: url E:\wamp\www\thcmf\application\Common\Controller\AppframeController.class.php 第 45 行.

[ 2015-10-28T18:45:28+08:00 ] ::1 /thcmf/index.php?g=user&m=index&a=is_login
INFO: [ app_begin ] --START--
INFO: Run Behavior\ReadHtmlCacheBehavior [ RunTime:0.001601s ]
INFO: Run Behavior\CheckLangBehavior [ RunTime:0.002455s ]
INFO: [ app_begin ] --END-- [ RunTime:0.005821s ]
NOTIC: [8] Undefined index: url E:\wamp\www\thcmf\application\Common\Controller\AppframeController.class.php 第 45 行.

[ 2015-10-28T18:45:38+08:00 ] ::1 /thcmf/index.php?g=user&m=index&a=is_login
INFO: [ app_begin ] --START--
INFO: Run Behavior\ReadHtmlCacheBehavior [ RunTime:0.001230s ]
INFO: Run Behavior\CheckLangBehavior [ RunTime:0.001871s ]
INFO: [ app_begin ] --END-- [ RunTime:0.004242s ]
NOTIC: [8] Undefined index: url E:\wamp\www\thcmf\application\Common\Controller\AppframeController.class.php 第 45 行.

[ 2015-10-28T18:48:17+08:00 ] ::1 /thcmf/index.php?g=user&m=index&a=is_login
INFO: [ app_begin ] --START--
INFO: Run Behavior\ReadHtmlCacheBehavior [ RunTime:0.001426s ]
INFO: Run Behavior\CheckLangBehavior [ RunTime:0.002767s ]
INFO: [ app_begin ] --END-- [ RunTime:0.005208s ]
NOTIC: [8] Undefined index: url E:\wamp\www\thcmf\application\Common\Controller\AppframeController.class.php 第 45 行.

[ 2015-10-28T18:48:18+08:00 ] ::1 /thcmf/index.php?g=user&m=index&a=is_login
INFO: [ app_begin ] --START--
INFO: Run Behavior\ReadHtmlCacheBehavior [ RunTime:0.001561s ]
INFO: Run Behavior\CheckLangBehavior [ RunTime:0.002338s ]
INFO: [ app_begin ] --END-- [ RunTime:0.005150s ]
NOTIC: [8] Undefined index: url E:\wamp\www\thcmf\application\Common\Controller\AppframeController.class.php 第 45 行.

[ 2015-10-28T18:48:25+08:00 ] ::1 /thcmf/index.php?g=user&m=index&a=is_login
INFO: [ app_begin ] --START--
INFO: Run Behavior\ReadHtmlCacheBehavior [ RunTime:0.000808s ]
INFO: Run Behavior\CheckLangBehavior [ RunTime:0.001340s ]
INFO: [ app_begin ] --END-- [ RunTime:0.002868s ]
NOTIC: [8] Undefined index: url E:\wamp\www\thcmf\application\Common\Controller\AppframeController.class.php 第 45 行.

[ 2015-10-28T18:48:30+08:00 ] ::1 /thcmf/index.php?g=user&m=index&a=is_login
INFO: [ app_begin ] --START--
INFO: Run Behavior\ReadHtmlCacheBehavior [ RunTime:0.001400s ]
INFO: Run Behavior\CheckLangBehavior [ RunTime:0.002514s ]
INFO: [ app_begin ] --END-- [ RunTime:0.004822s ]
NOTIC: [8] Undefined index: url E:\wamp\www\thcmf\application\Common\Controller\AppframeController.class.php 第 45 行.

[ 2015-10-28T18:50:04+08:00 ] ::1 /thcmf/index.php?g=user&m=index&a=is_login
INFO: [ app_begin ] --START--
INFO: Run Behavior\ReadHtmlCacheBehavior [ RunTime:0.002146s ]
INFO: Run Behavior\CheckLangBehavior [ RunTime:0.005108s ]
INFO: [ app_begin ] --END-- [ RunTime:0.008570s ]
NOTIC: [8] Undefined index: url E:\wamp\www\thcmf\application\Common\Controller\AppframeController.class.php 第 45 行.

[ 2015-10-28T18:50:10+08:00 ] ::1 /thcmf/index.php?g=user&m=index&a=is_login
INFO: [ app_begin ] --START--
INFO: Run Behavior\ReadHtmlCacheBehavior [ RunTime:0.001088s ]
INFO: Run Behavior\CheckLangBehavior [ RunTime:0.001946s ]
INFO: [ app_begin ] --END-- [ RunTime:0.003964s ]
NOTIC: [8] Undefined index: url E:\wamp\www\thcmf\application\Common\Controller\AppframeController.class.php 第 45 行.

[ 2015-10-28T18:52:40+08:00 ] ::1 /thcmf/index.php?g=user&m=index&a=is_login
INFO: [ app_begin ] --START--
INFO: Run Behavior\ReadHtmlCacheBehavior [ RunTime:0.000997s ]
INFO: Run Behavior\CheckLangBehavior [ RunTime:0.001789s ]
INFO: [ app_begin ] --END-- [ RunTime:0.003641s ]
NOTIC: [8] Undefined index: url E:\wamp\www\thcmf\application\Common\Controller\AppframeController.class.php 第 45 行.

[ 2015-10-28T18:52:43+08:00 ] ::1 /thcmf/index.php?g=user&m=index&a=is_login
INFO: [ app_begin ] --START--
INFO: Run Behavior\ReadHtmlCacheBehavior [ RunTime:0.001003s ]
INFO: Run Behavior\CheckLangBehavior [ RunTime:0.001619s ]
INFO: [ app_begin ] --END-- [ RunTime:0.003437s ]
NOTIC: [8] Undefined index: url E:\wamp\www\thcmf\application\Common\Controller\AppframeController.class.php 第 45 行.

[ 2015-10-28T18:52:52+08:00 ] ::1 /thcmf/index.php?g=user&m=index&a=is_login
INFO: [ app_begin ] --START--
INFO: Run Behavior\ReadHtmlCacheBehavior [ RunTime:0.001440s ]
INFO: Run Behavior\CheckLangBehavior [ RunTime:0.002581s ]
INFO: [ app_begin ] --END-- [ RunTime:0.006156s ]
NOTIC: [8] Undefined index: url E:\wamp\www\thcmf\application\Common\Controller\AppframeController.class.php 第 45 行.

[ 2015-10-28T18:52:59+08:00 ] ::1 /thcmf/index.php?g=user&m=index&a=is_login
INFO: [ app_begin ] --START--
INFO: Run Behavior\ReadHtmlCacheBehavior [ RunTime:0.001390s ]
INFO: Run Behavior\CheckLangBehavior [ RunTime:0.001571s ]
INFO: [ app_begin ] --END-- [ RunTime:0.003933s ]
NOTIC: [8] Undefined index: url E:\wamp\www\thcmf\application\Common\Controller\AppframeController.class.php 第 45 行.

[ 2015-10-28T18:53:01+08:00 ] ::1 /thcmf/index.php?g=user&m=index&a=is_login
INFO: [ app_begin ] --START--
INFO: Run Behavior\ReadHtmlCacheBehavior [ RunTime:0.000805s ]
INFO: Run Behavior\CheckLangBehavior [ RunTime:0.001546s ]
INFO: [ app_begin ] --END-- [ RunTime:0.003104s ]
NOTIC: [8] Undefined index: url E:\wamp\www\thcmf\application\Common\Controller\AppframeController.class.php 第 45 行.

[ 2015-10-28T18:53:12+08:00 ] ::1 /thcmf/index.php?g=user&m=index&a=is_login
INFO: [ app_begin ] --START--
INFO: Run Behavior\ReadHtmlCacheBehavior [ RunTime:0.001020s ]
INFO: Run Behavior\CheckLangBehavior [ RunTime:0.001559s ]
INFO: [ app_begin ] --END-- [ RunTime:0.003379s ]
NOTIC: [8] Undefined index: url E:\wamp\www\thcmf\application\Common\Controller\AppframeController.class.php 第 45 行.

[ 2015-10-28T18:53:22+08:00 ] ::1 /thcmf/index.php?g=user&m=index&a=is_login
INFO: [ app_begin ] --START--
INFO: Run Behavior\ReadHtmlCacheBehavior [ RunTime:0.001056s ]
INFO: Run Behavior\CheckLangBehavior [ RunTime:0.001834s ]
INFO: [ app_begin ] --END-- [ RunTime:0.003795s ]
NOTIC: [8] Undefined index: url E:\wamp\www\thcmf\application\Common\Controller\AppframeController.class.php 第 45 行.

[ 2015-10-28T19:08:25+08:00 ] ::1 /thcmf/index.php?g=user&m=index&a=is_login
INFO: [ app_begin ] --START--
INFO: Run Behavior\ReadHtmlCacheBehavior [ RunTime:0.001443s ]
INFO: Run Behavior\CheckLangBehavior [ RunTime:0.002051s ]
INFO: [ app_begin ] --END-- [ RunTime:0.004631s ]
NOTIC: [8] Undefined index: url E:\wamp\www\thcmf\application\Common\Controller\AppframeController.class.php 第 45 行.

[ 2015-10-28T19:18:46+08:00 ] ::1 /thcmf/index.php?g=user&m=index&a=is_login
INFO: [ app_begin ] --START--
INFO: Run Behavior\ReadHtmlCacheBehavior [ RunTime:0.001699s ]
INFO: Run Behavior\CheckLangBehavior [ RunTime:0.002141s ]
INFO: [ app_begin ] --END-- [ RunTime:0.005117s ]
NOTIC: [8] Undefined index: url E:\wamp\www\thcmf\application\Common\Controller\AppframeController.class.php 第 45 行.

[ 2015-10-28T19:19:02+08:00 ] ::1 /thcmf/index.php?g=user&m=index&a=is_login
INFO: [ app_begin ] --START--
INFO: Run Behavior\ReadHtmlCacheBehavior [ RunTime:0.002031s ]
INFO: Run Behavior\CheckLangBehavior [ RunTime:0.003507s ]
INFO: [ app_begin ] --END-- [ RunTime:0.007049s ]
NOTIC: [8] Undefined index: url E:\wamp\www\thcmf\application\Common\Controller\AppframeController.class.php 第 45 行.

[ 2015-10-28T19:19:36+08:00 ] ::1 /thcmf/index.php?g=user&m=index&a=is_login
INFO: [ app_begin ] --START--
INFO: Run Behavior\ReadHtmlCacheBehavior [ RunTime:0.001329s ]
INFO: Run Behavior\CheckLangBehavior [ RunTime:0.001942s ]
INFO: [ app_begin ] --END-- [ RunTime:0.004230s ]
NOTIC: [8] Undefined index: url E:\wamp\www\thcmf\application\Common\Controller\AppframeController.class.php 第 45 行.

[ 2015-10-28T19:19:41+08:00 ] ::1 /thcmf/index.php?g=user&m=index&a=is_login
INFO: [ app_begin ] --START--
INFO: Run Behavior\ReadHtmlCacheBehavior [ RunTime:0.001296s ]
INFO: Run Behavior\CheckLangBehavior [ RunTime:0.002049s ]
INFO: [ app_begin ] --END-- [ RunTime:0.004146s ]
NOTIC: [8] Undefined index: url E:\wamp\www\thcmf\application\Common\Controller\AppframeController.class.php 第 45 行.

[ 2015-10-28T19:19:51+08:00 ] ::1 /thcmf/index.php?g=user&m=index&a=is_login
INFO: [ app_begin ] --START--
INFO: Run Behavior\ReadHtmlCacheBehavior [ RunTime:0.001630s ]
INFO: Run Behavior\CheckLangBehavior [ RunTime:0.002277s ]
INFO: [ app_begin ] --END-- [ RunTime:0.005084s ]
NOTIC: [8] Undefined index: url E:\wamp\www\thcmf\application\Common\Controller\AppframeController.class.php 第 45 行.

[ 2015-10-28T19:20:19+08:00 ] ::1 /thcmf/index.php?g=user&m=index&a=is_login
INFO: [ app_begin ] --START--
INFO: Run Behavior\ReadHtmlCacheBehavior [ RunTime:0.001195s ]
INFO: Run Behavior\CheckLangBehavior [ RunTime:0.002081s ]
INFO: [ app_begin ] --END-- [ RunTime:0.004140s ]
NOTIC: [8] Undefined index: url E:\wamp\www\thcmf\application\Common\Controller\AppframeController.class.php 第 45 行.

[ 2015-10-28T19:20:34+08:00 ] ::1 /thcmf/index.php?g=user&m=index&a=is_login
INFO: [ app_begin ] --START--
INFO: Run Behavior\ReadHtmlCacheBehavior [ RunTime:0.001120s ]
INFO: Run Behavior\CheckLangBehavior [ RunTime:0.001835s ]
INFO: [ app_begin ] --END-- [ RunTime:0.003764s ]
NOTIC: [8] Undefined index: url E:\wamp\www\thcmf\application\Common\Controller\AppframeController.class.php 第 45 行.

[ 2015-10-28T19:20:57+08:00 ] ::1 /thcmf/index.php?g=user&m=index&a=is_login
INFO: [ app_begin ] --START--
INFO: Run Behavior\ReadHtmlCacheBehavior [ RunTime:0.001160s ]
INFO: Run Behavior\CheckLangBehavior [ RunTime:0.003501s ]
INFO: [ app_begin ] --END-- [ RunTime:0.005660s ]
NOTIC: [8] Undefined index: url E:\wamp\www\thcmf\application\Common\Controller\AppframeController.class.php 第 45 行.

[ 2015-10-28T19:29:14+08:00 ] ::1 /thcmf/index.php?g=user&m=index&a=is_login
INFO: [ app_begin ] --START--
INFO: Run Behavior\ReadHtmlCacheBehavior [ RunTime:0.001582s ]
INFO: Run Behavior\CheckLangBehavior [ RunTime:0.003256s ]
INFO: [ app_begin ] --END-- [ RunTime:0.005906s ]
NOTIC: [8] Undefined index: url E:\wamp\www\thcmf\application\Common\Controller\AppframeController.class.php 第 45 行.

[ 2015-10-28T19:30:42+08:00 ] ::1 /thcmf/index.php?g=user&m=index&a=is_login
INFO: [ app_begin ] --START--
INFO: Run Behavior\ReadHtmlCacheBehavior [ RunTime:0.001749s ]
INFO: Run Behavior\CheckLangBehavior [ RunTime:0.002889s ]
INFO: [ app_begin ] --END-- [ RunTime:0.005592s ]
NOTIC: [8] Undefined index: url E:\wamp\www\thcmf\application\Common\Controller\AppframeController.class.php 第 45 行.

[ 2015-10-28T19:31:38+08:00 ] ::1 /thcmf/index.php?g=user&m=index&a=is_login
INFO: [ app_begin ] --START--
INFO: Run Behavior\ReadHtmlCacheBehavior [ RunTime:0.001293s ]
INFO: Run Behavior\CheckLangBehavior [ RunTime:0.002239s ]
INFO: [ app_begin ] --END-- [ RunTime:0.004368s ]
NOTIC: [8] Undefined index: url E:\wamp\www\thcmf\application\Common\Controller\AppframeController.class.php 第 45 行.

[ 2015-10-28T19:33:35+08:00 ] ::1 /thcmf/index.php?g=user&m=index&a=is_login
INFO: [ app_begin ] --START--
INFO: Run Behavior\ReadHtmlCacheBehavior [ RunTime:0.001586s ]
INFO: Run Behavior\CheckLangBehavior [ RunTime:0.004281s ]
INFO: [ app_begin ] --END-- [ RunTime:0.007139s ]
NOTIC: [8] Undefined index: url E:\wamp\www\thcmf\application\Common\Controller\AppframeController.class.php 第 45 行.

[ 2015-10-28T19:33:49+08:00 ] ::1 /thcmf/index.php?g=user&m=index&a=is_login
INFO: [ app_begin ] --START--
INFO: Run Behavior\ReadHtmlCacheBehavior [ RunTime:0.001147s ]
INFO: Run Behavior\CheckLangBehavior [ RunTime:0.001819s ]
INFO: [ app_begin ] --END-- [ RunTime:0.003757s ]
NOTIC: [8] Undefined index: url E:\wamp\www\thcmf\application\Common\Controller\AppframeController.class.php 第 45 行.

[ 2015-10-28T19:42:47+08:00 ] ::1 /thcmf/index.php?g=user&m=index&a=is_login
INFO: [ app_begin ] --START--
INFO: Run Behavior\ReadHtmlCacheBehavior [ RunTime:0.000981s ]
INFO: Run Behavior\CheckLangBehavior [ RunTime:0.002114s ]
INFO: [ app_begin ] --END-- [ RunTime:0.003949s ]
NOTIC: [8] Undefined index: url E:\wamp\www\thcmf\application\Common\Controller\AppframeController.class.php 第 45 行.

[ 2015-10-28T19:42:58+08:00 ] ::1 /thcmf/index.php?g=user&m=index&a=is_login
INFO: [ app_begin ] --START--
INFO: Run Behavior\ReadHtmlCacheBehavior [ RunTime:0.001142s ]
INFO: Run Behavior\CheckLangBehavior [ RunTime:0.001388s ]
INFO: [ app_begin ] --END-- [ RunTime:0.003532s ]
NOTIC: [8] Undefined index: url E:\wamp\www\thcmf\application\Common\Controller\AppframeController.class.php 第 45 行.

[ 2015-10-28T19:43:31+08:00 ] ::1 /thcmf/index.php?g=user&m=index&a=is_login
INFO: [ app_begin ] --START--
INFO: Run Behavior\ReadHtmlCacheBehavior [ RunTime:0.000838s ]
INFO: Run Behavior\CheckLangBehavior [ RunTime:0.001305s ]
INFO: [ app_begin ] --END-- [ RunTime:0.002919s ]
NOTIC: [8] Undefined index: url E:\wamp\www\thcmf\application\Common\Controller\AppframeController.class.php 第 45 行.

[ 2015-10-28T19:44:06+08:00 ] ::1 /thcmf/index.php?g=user&m=index&a=is_login
INFO: [ app_begin ] --START--
INFO: Run Behavior\ReadHtmlCacheBehavior [ RunTime:0.001464s ]
INFO: Run Behavior\CheckLangBehavior [ RunTime:0.001823s ]
INFO: [ app_begin ] --END-- [ RunTime:0.004362s ]
NOTIC: [8] Undefined index: url E:\wamp\www\thcmf\application\Common\Controller\AppframeController.class.php 第 45 行.

[ 2015-10-28T19:44:45+08:00 ] ::1 /thcmf/index.php?g=user&m=index&a=is_login
INFO: [ app_begin ] --START--
INFO: Run Behavior\ReadHtmlCacheBehavior [ RunTime:0.000873s ]
INFO: Run Behavior\CheckLangBehavior [ RunTime:0.001241s ]
INFO: [ app_begin ] --END-- [ RunTime:0.002934s ]
NOTIC: [8] Undefined index: url E:\wamp\www\thcmf\application\Common\Controller\AppframeController.class.php 第 45 行.

[ 2015-10-28T19:45:04+08:00 ] ::1 /thcmf/index.php?g=user&m=index&a=is_login
INFO: [ app_begin ] --START--
INFO: Run Behavior\ReadHtmlCacheBehavior [ RunTime:0.000965s ]
INFO: Run Behavior\CheckLangBehavior [ RunTime:0.001507s ]
INFO: [ app_begin ] --END-- [ RunTime:0.003248s ]
NOTIC: [8] Undefined index: url E:\wamp\www\thcmf\application\Common\Controller\AppframeController.class.php 第 45 行.

[ 2015-10-28T19:45:05+08:00 ] ::1 /thcmf/index.php?g=user&m=index&a=is_login
INFO: [ app_begin ] --START--
INFO: Run Behavior\ReadHtmlCacheBehavior [ RunTime:0.001247s ]
INFO: Run Behavior\CheckLangBehavior [ RunTime:0.002224s ]
INFO: [ app_begin ] --END-- [ RunTime:0.004567s ]
NOTIC: [8] Undefined index: url E:\wamp\www\thcmf\application\Common\Controller\AppframeController.class.php 第 45 行.

[ 2015-10-28T19:45:10+08:00 ] ::1 /thcmf/index.php?g=user&m=index&a=is_login
INFO: [ app_begin ] --START--
INFO: Run Behavior\ReadHtmlCacheBehavior [ RunTime:0.000961s ]
INFO: Run Behavior\CheckLangBehavior [ RunTime:0.001298s ]
INFO: [ app_begin ] --END-- [ RunTime:0.003260s ]
NOTIC: [8] Undefined index: url E:\wamp\www\thcmf\application\Common\Controller\AppframeController.class.php 第 45 行.

[ 2015-10-28T19:45:12+08:00 ] ::1 /thcmf/index.php?g=user&m=index&a=is_login
INFO: [ app_begin ] --START--
INFO: Run Behavior\ReadHtmlCacheBehavior [ RunTime:0.000788s ]
INFO: Run Behavior\CheckLangBehavior [ RunTime:0.001285s ]
INFO: [ app_begin ] --END-- [ RunTime:0.002774s ]
NOTIC: [8] Undefined index: url E:\wamp\www\thcmf\application\Common\Controller\AppframeController.class.php 第 45 行.

[ 2015-10-28T19:47:42+08:00 ] ::1 /thcmf/index.php?g=user&m=index&a=is_login
INFO: [ app_begin ] --START--
INFO: Run Behavior\ReadHtmlCacheBehavior [ RunTime:0.001431s ]
INFO: Run Behavior\CheckLangBehavior [ RunTime:0.001553s ]
INFO: [ app_begin ] --END-- [ RunTime:0.003985s ]
NOTIC: [8] Undefined index: url E:\wamp\www\thcmf\application\Common\Controller\AppframeController.class.php 第 45 行.

[ 2015-10-28T19:50:37+08:00 ] ::1 /thcmf/index.php?g=user&m=index&a=is_login
INFO: [ app_begin ] --START--
INFO: Run Behavior\ReadHtmlCacheBehavior [ RunTime:0.000998s ]
INFO: Run Behavior\CheckLangBehavior [ RunTime:0.001566s ]
INFO: [ app_begin ] --END-- [ RunTime:0.003384s ]
NOTIC: [8] Undefined index: url E:\wamp\www\thcmf\application\Common\Controller\AppframeController.class.php 第 45 行.

[ 2015-10-28T19:51:14+08:00 ] ::1 /thcmf/index.php?g=user&m=index&a=is_login
INFO: [ app_begin ] --START--
INFO: Run Behavior\ReadHtmlCacheBehavior [ RunTime:0.000982s ]
INFO: Run Behavior\CheckLangBehavior [ RunTime:0.001585s ]
INFO: [ app_begin ] --END-- [ RunTime:0.003355s ]
NOTIC: [8] Undefined index: url E:\wamp\www\thcmf\application\Common\Controller\AppframeController.class.php 第 45 行.

[ 2015-10-28T19:52:20+08:00 ] ::1 /thcmf/index.php?g=user&m=index&a=is_login
INFO: [ app_begin ] --START--
INFO: Run Behavior\ReadHtmlCacheBehavior [ RunTime:0.000982s ]
INFO: Run Behavior\CheckLangBehavior [ RunTime:0.001629s ]
INFO: [ app_begin ] --END-- [ RunTime:0.003649s ]
NOTIC: [8] Undefined index: url E:\wamp\www\thcmf\application\Common\Controller\AppframeController.class.php 第 45 行.

[ 2015-10-28T19:53:45+08:00 ] ::1 /thcmf/index.php?g=user&m=index&a=is_login
INFO: [ app_begin ] --START--
INFO: Run Behavior\ReadHtmlCacheBehavior [ RunTime:0.001352s ]
INFO: Run Behavior\CheckLangBehavior [ RunTime:0.002148s ]
INFO: [ app_begin ] --END-- [ RunTime:0.004819s ]
NOTIC: [8] Undefined index: url E:\wamp\www\thcmf\application\Common\Controller\AppframeController.class.php 第 45 行.

[ 2015-10-28T19:59:33+08:00 ] ::1 /thcmf/index.php?g=user&m=index&a=is_login
INFO: [ app_begin ] --START--
INFO: Run Behavior\ReadHtmlCacheBehavior [ RunTime:0.001005s ]
INFO: Run Behavior\CheckLangBehavior [ RunTime:0.002083s ]
INFO: [ app_begin ] --END-- [ RunTime:0.003962s ]
NOTIC: [8] Undefined index: url E:\wamp\www\thcmf\application\Common\Controller\AppframeController.class.php 第 45 行.

[ 2015-10-28T19:59:49+08:00 ] ::1 /thcmf/index.php?g=user&m=index&a=is_login
INFO: [ app_begin ] --START--
INFO: Run Behavior\ReadHtmlCacheBehavior [ RunTime:0.001130s ]
INFO: Run Behavior\CheckLangBehavior [ RunTime:0.001613s ]
INFO: [ app_begin ] --END-- [ RunTime:0.003724s ]
NOTIC: [8] Undefined index: url E:\wamp\www\thcmf\application\Common\Controller\AppframeController.class.php 第 45 行.

[ 2015-10-28T20:00:29+08:00 ] ::1 /thcmf/index.php?g=user&m=index&a=is_login
INFO: [ app_begin ] --START--
INFO: Run Behavior\ReadHtmlCacheBehavior [ RunTime:0.001699s ]
INFO: Run Behavior\CheckLangBehavior [ RunTime:0.002005s ]
INFO: [ app_begin ] --END-- [ RunTime:0.004863s ]
NOTIC: [8] Undefined index: url E:\wamp\www\thcmf\application\Common\Controller\AppframeController.class.php 第 45 行.

[ 2015-10-28T20:02:23+08:00 ] ::1 /thcmf/index.php?g=user&m=index&a=is_login
INFO: [ app_begin ] --START--
INFO: Run Behavior\ReadHtmlCacheBehavior [ RunTime:0.000958s ]
INFO: Run Behavior\CheckLangBehavior [ RunTime:0.001484s ]
INFO: [ app_begin ] --END-- [ RunTime:0.003193s ]
NOTIC: [8] Undefined index: url E:\wamp\www\thcmf\application\Common\Controller\AppframeController.class.php 第 45 行.

[ 2015-10-28T20:29:47+08:00 ] ::1 /thcmf/index.php?g=user&m=index&a=is_login
INFO: [ app_begin ] --START--
INFO: Run Behavior\ReadHtmlCacheBehavior [ RunTime:0.001439s ]
INFO: Run Behavior\CheckLangBehavior [ RunTime:0.002036s ]
INFO: [ app_begin ] --END-- [ RunTime:0.004416s ]
NOTIC: [8] Undefined index: url E:\wamp\www\thcmf\application\Common\Controller\AppframeController.class.php 第 45 行.

[ 2015-10-28T20:38:58+08:00 ] ::1 /thcmf/index.php?g=user&m=index&a=is_login
INFO: [ app_begin ] --START--
INFO: Run Behavior\ReadHtmlCacheBehavior [ RunTime:0.001003s ]
INFO: Run Behavior\CheckLangBehavior [ RunTime:0.001448s ]
INFO: [ app_begin ] --END-- [ RunTime:0.003195s ]
NOTIC: [8] Undefined index: url E:\wamp\www\thcmf\application\Common\Controller\AppframeController.class.php 第 45 行.

[ 2015-10-28T20:39:09+08:00 ] ::1 /thcmf/index.php?g=user&m=index&a=is_login
INFO: [ app_begin ] --START--
INFO: Run Behavior\ReadHtmlCacheBehavior [ RunTime:0.001543s ]
INFO: Run Behavior\CheckLangBehavior [ RunTime:0.003291s ]
INFO: [ app_begin ] --END-- [ RunTime:0.005998s ]
NOTIC: [8] Undefined index: url E:\wamp\www\thcmf\application\Common\Controller\AppframeController.class.php 第 45 行.

[ 2015-10-28T20:39:30+08:00 ] ::1 /thcmf/index.php?g=user&m=index&a=is_login
INFO: [ app_begin ] --START--
INFO: Run Behavior\ReadHtmlCacheBehavior [ RunTime:0.002063s ]
INFO: Run Behavior\CheckLangBehavior [ RunTime:0.001674s ]
INFO: [ app_begin ] --END-- [ RunTime:0.005365s ]
NOTIC: [8] Undefined index: url E:\wamp\www\thcmf\application\Common\Controller\AppframeController.class.php 第 45 行.

